[2024-07-03T14:28:07.478+0000] {processor.py:161} INFO - Started process (PID=65) to work on /home/airflow/.local/lib/python3.12/site-packages/airflow/example_dags/example_sensors.py
[2024-07-03T14:28:07.488+0000] {processor.py:830} INFO - Processing file /home/airflow/.local/lib/python3.12/site-packages/airflow/example_dags/example_sensors.py for tasks to queue
[2024-07-03T14:28:07.494+0000] {logging_mixin.py:188} INFO - [2024-07-03T14:28:07.494+0000] {dagbag.py:545} INFO - Filling up the DagBag from /home/airflow/.local/lib/python3.12/site-packages/airflow/example_dags/example_sensors.py
[2024-07-03T14:28:07.528+0000] {processor.py:840} INFO - DAG(s) 'example_sensors' retrieved from /home/airflow/.local/lib/python3.12/site-packages/airflow/example_dags/example_sensors.py
[2024-07-03T14:28:07.774+0000] {logging_mixin.py:188} INFO - [2024-07-03T14:28:07.773+0000] {dag.py:3096} INFO - Sync 1 DAGs
[2024-07-03T14:28:07.807+0000] {logging_mixin.py:188} INFO - [2024-07-03T14:28:07.807+0000] {dag.py:3954} INFO - Setting next_dagrun for example_sensors to None, run_after=None
[2024-07-03T14:28:07.851+0000] {processor.py:183} INFO - Processing /home/airflow/.local/lib/python3.12/site-packages/airflow/example_dags/example_sensors.py took 0.385 seconds
[2024-07-03T14:28:38.043+0000] {processor.py:161} INFO - Started process (PID=123) to work on /home/airflow/.local/lib/python3.12/site-packages/airflow/example_dags/example_sensors.py
[2024-07-03T14:28:38.045+0000] {processor.py:830} INFO - Processing file /home/airflow/.local/lib/python3.12/site-packages/airflow/example_dags/example_sensors.py for tasks to queue
[2024-07-03T14:28:38.047+0000] {logging_mixin.py:188} INFO - [2024-07-03T14:28:38.046+0000] {dagbag.py:545} INFO - Filling up the DagBag from /home/airflow/.local/lib/python3.12/site-packages/airflow/example_dags/example_sensors.py
[2024-07-03T14:28:38.055+0000] {processor.py:840} INFO - DAG(s) 'example_sensors' retrieved from /home/airflow/.local/lib/python3.12/site-packages/airflow/example_dags/example_sensors.py
[2024-07-03T14:28:38.080+0000] {logging_mixin.py:188} INFO - [2024-07-03T14:28:38.079+0000] {dag.py:3096} INFO - Sync 1 DAGs
[2024-07-03T14:28:38.096+0000] {logging_mixin.py:188} INFO - [2024-07-03T14:28:38.095+0000] {dag.py:3954} INFO - Setting next_dagrun for example_sensors to None, run_after=None
[2024-07-03T14:28:38.117+0000] {processor.py:183} INFO - Processing /home/airflow/.local/lib/python3.12/site-packages/airflow/example_dags/example_sensors.py took 0.078 seconds
[2024-07-03T14:29:09.437+0000] {processor.py:161} INFO - Started process (PID=181) to work on /home/airflow/.local/lib/python3.12/site-packages/airflow/example_dags/example_sensors.py
[2024-07-03T14:29:09.439+0000] {processor.py:830} INFO - Processing file /home/airflow/.local/lib/python3.12/site-packages/airflow/example_dags/example_sensors.py for tasks to queue
[2024-07-03T14:29:09.443+0000] {logging_mixin.py:188} INFO - [2024-07-03T14:29:09.442+0000] {dagbag.py:545} INFO - Filling up the DagBag from /home/airflow/.local/lib/python3.12/site-packages/airflow/example_dags/example_sensors.py
[2024-07-03T14:29:09.472+0000] {processor.py:840} INFO - DAG(s) 'example_sensors' retrieved from /home/airflow/.local/lib/python3.12/site-packages/airflow/example_dags/example_sensors.py
[2024-07-03T14:29:09.545+0000] {logging_mixin.py:188} INFO - [2024-07-03T14:29:09.544+0000] {dag.py:3096} INFO - Sync 1 DAGs
[2024-07-03T14:29:09.615+0000] {logging_mixin.py:188} INFO - [2024-07-03T14:29:09.615+0000] {dag.py:3954} INFO - Setting next_dagrun for example_sensors to None, run_after=None
[2024-07-03T14:29:09.679+0000] {processor.py:183} INFO - Processing /home/airflow/.local/lib/python3.12/site-packages/airflow/example_dags/example_sensors.py took 0.253 seconds
[2024-07-03T14:29:41.849+0000] {processor.py:161} INFO - Started process (PID=239) to work on /home/airflow/.local/lib/python3.12/site-packages/airflow/example_dags/example_sensors.py
[2024-07-03T14:29:41.863+0000] {processor.py:830} INFO - Processing file /home/airflow/.local/lib/python3.12/site-packages/airflow/example_dags/example_sensors.py for tasks to queue
[2024-07-03T14:29:41.874+0000] {logging_mixin.py:188} INFO - [2024-07-03T14:29:41.873+0000] {dagbag.py:545} INFO - Filling up the DagBag from /home/airflow/.local/lib/python3.12/site-packages/airflow/example_dags/example_sensors.py
[2024-07-03T14:29:41.903+0000] {processor.py:840} INFO - DAG(s) 'example_sensors' retrieved from /home/airflow/.local/lib/python3.12/site-packages/airflow/example_dags/example_sensors.py
[2024-07-03T14:29:42.094+0000] {logging_mixin.py:188} INFO - [2024-07-03T14:29:42.094+0000] {dag.py:3096} INFO - Sync 1 DAGs
[2024-07-03T14:29:42.182+0000] {logging_mixin.py:188} INFO - [2024-07-03T14:29:42.182+0000] {dag.py:3954} INFO - Setting next_dagrun for example_sensors to None, run_after=None
[2024-07-03T14:29:42.273+0000] {processor.py:183} INFO - Processing /home/airflow/.local/lib/python3.12/site-packages/airflow/example_dags/example_sensors.py took 0.446 seconds
[2024-07-03T14:30:12.916+0000] {processor.py:161} INFO - Started process (PID=297) to work on /home/airflow/.local/lib/python3.12/site-packages/airflow/example_dags/example_sensors.py
[2024-07-03T14:30:12.918+0000] {processor.py:830} INFO - Processing file /home/airflow/.local/lib/python3.12/site-packages/airflow/example_dags/example_sensors.py for tasks to queue
[2024-07-03T14:30:12.922+0000] {logging_mixin.py:188} INFO - [2024-07-03T14:30:12.921+0000] {dagbag.py:545} INFO - Filling up the DagBag from /home/airflow/.local/lib/python3.12/site-packages/airflow/example_dags/example_sensors.py
[2024-07-03T14:30:12.947+0000] {processor.py:840} INFO - DAG(s) 'example_sensors' retrieved from /home/airflow/.local/lib/python3.12/site-packages/airflow/example_dags/example_sensors.py
[2024-07-03T14:30:13.026+0000] {logging_mixin.py:188} INFO - [2024-07-03T14:30:13.025+0000] {dag.py:3096} INFO - Sync 1 DAGs
[2024-07-03T14:30:13.060+0000] {logging_mixin.py:188} INFO - [2024-07-03T14:30:13.060+0000] {dag.py:3954} INFO - Setting next_dagrun for example_sensors to None, run_after=None
[2024-07-03T14:30:13.154+0000] {processor.py:183} INFO - Processing /home/airflow/.local/lib/python3.12/site-packages/airflow/example_dags/example_sensors.py took 0.247 seconds
[2024-07-03T14:30:43.685+0000] {processor.py:161} INFO - Started process (PID=355) to work on /home/airflow/.local/lib/python3.12/site-packages/airflow/example_dags/example_sensors.py
[2024-07-03T14:30:43.687+0000] {processor.py:830} INFO - Processing file /home/airflow/.local/lib/python3.12/site-packages/airflow/example_dags/example_sensors.py for tasks to queue
[2024-07-03T14:30:43.689+0000] {logging_mixin.py:188} INFO - [2024-07-03T14:30:43.688+0000] {dagbag.py:545} INFO - Filling up the DagBag from /home/airflow/.local/lib/python3.12/site-packages/airflow/example_dags/example_sensors.py
[2024-07-03T14:30:43.697+0000] {processor.py:840} INFO - DAG(s) 'example_sensors' retrieved from /home/airflow/.local/lib/python3.12/site-packages/airflow/example_dags/example_sensors.py
[2024-07-03T14:30:43.719+0000] {logging_mixin.py:188} INFO - [2024-07-03T14:30:43.719+0000] {dag.py:3096} INFO - Sync 1 DAGs
[2024-07-03T14:30:43.732+0000] {logging_mixin.py:188} INFO - [2024-07-03T14:30:43.731+0000] {dag.py:3954} INFO - Setting next_dagrun for example_sensors to None, run_after=None
[2024-07-03T14:30:43.751+0000] {processor.py:183} INFO - Processing /home/airflow/.local/lib/python3.12/site-packages/airflow/example_dags/example_sensors.py took 0.070 seconds
[2024-07-03T14:31:13.833+0000] {processor.py:161} INFO - Started process (PID=413) to work on /home/airflow/.local/lib/python3.12/site-packages/airflow/example_dags/example_sensors.py
[2024-07-03T14:31:13.834+0000] {processor.py:830} INFO - Processing file /home/airflow/.local/lib/python3.12/site-packages/airflow/example_dags/example_sensors.py for tasks to queue
[2024-07-03T14:31:13.836+0000] {logging_mixin.py:188} INFO - [2024-07-03T14:31:13.835+0000] {dagbag.py:545} INFO - Filling up the DagBag from /home/airflow/.local/lib/python3.12/site-packages/airflow/example_dags/example_sensors.py
[2024-07-03T14:31:13.845+0000] {processor.py:840} INFO - DAG(s) 'example_sensors' retrieved from /home/airflow/.local/lib/python3.12/site-packages/airflow/example_dags/example_sensors.py
[2024-07-03T14:31:13.886+0000] {logging_mixin.py:188} INFO - [2024-07-03T14:31:13.886+0000] {dag.py:3096} INFO - Sync 1 DAGs
[2024-07-03T14:31:13.898+0000] {logging_mixin.py:188} INFO - [2024-07-03T14:31:13.898+0000] {dag.py:3954} INFO - Setting next_dagrun for example_sensors to None, run_after=None
[2024-07-03T14:31:13.922+0000] {processor.py:183} INFO - Processing /home/airflow/.local/lib/python3.12/site-packages/airflow/example_dags/example_sensors.py took 0.094 seconds
[2024-07-03T14:31:44.273+0000] {processor.py:161} INFO - Started process (PID=472) to work on /home/airflow/.local/lib/python3.12/site-packages/airflow/example_dags/example_sensors.py
[2024-07-03T14:31:44.275+0000] {processor.py:830} INFO - Processing file /home/airflow/.local/lib/python3.12/site-packages/airflow/example_dags/example_sensors.py for tasks to queue
[2024-07-03T14:31:44.277+0000] {logging_mixin.py:188} INFO - [2024-07-03T14:31:44.277+0000] {dagbag.py:545} INFO - Filling up the DagBag from /home/airflow/.local/lib/python3.12/site-packages/airflow/example_dags/example_sensors.py
[2024-07-03T14:31:44.294+0000] {processor.py:840} INFO - DAG(s) 'example_sensors' retrieved from /home/airflow/.local/lib/python3.12/site-packages/airflow/example_dags/example_sensors.py
[2024-07-03T14:31:44.352+0000] {logging_mixin.py:188} INFO - [2024-07-03T14:31:44.351+0000] {dag.py:3096} INFO - Sync 1 DAGs
[2024-07-03T14:31:44.384+0000] {logging_mixin.py:188} INFO - [2024-07-03T14:31:44.383+0000] {dag.py:3954} INFO - Setting next_dagrun for example_sensors to None, run_after=None
[2024-07-03T14:31:44.474+0000] {processor.py:183} INFO - Processing /home/airflow/.local/lib/python3.12/site-packages/airflow/example_dags/example_sensors.py took 0.212 seconds
[2024-07-03T14:32:14.928+0000] {processor.py:161} INFO - Started process (PID=530) to work on /home/airflow/.local/lib/python3.12/site-packages/airflow/example_dags/example_sensors.py
[2024-07-03T14:32:14.929+0000] {processor.py:830} INFO - Processing file /home/airflow/.local/lib/python3.12/site-packages/airflow/example_dags/example_sensors.py for tasks to queue
[2024-07-03T14:32:14.931+0000] {logging_mixin.py:188} INFO - [2024-07-03T14:32:14.931+0000] {dagbag.py:545} INFO - Filling up the DagBag from /home/airflow/.local/lib/python3.12/site-packages/airflow/example_dags/example_sensors.py
[2024-07-03T14:32:14.940+0000] {processor.py:840} INFO - DAG(s) 'example_sensors' retrieved from /home/airflow/.local/lib/python3.12/site-packages/airflow/example_dags/example_sensors.py
[2024-07-03T14:32:14.963+0000] {logging_mixin.py:188} INFO - [2024-07-03T14:32:14.963+0000] {dag.py:3096} INFO - Sync 1 DAGs
[2024-07-03T14:32:14.977+0000] {logging_mixin.py:188} INFO - [2024-07-03T14:32:14.977+0000] {dag.py:3954} INFO - Setting next_dagrun for example_sensors to None, run_after=None
[2024-07-03T14:32:15.000+0000] {processor.py:183} INFO - Processing /home/airflow/.local/lib/python3.12/site-packages/airflow/example_dags/example_sensors.py took 0.078 seconds
[2024-07-03T14:32:46.236+0000] {processor.py:161} INFO - Started process (PID=588) to work on /home/airflow/.local/lib/python3.12/site-packages/airflow/example_dags/example_sensors.py
[2024-07-03T14:32:46.278+0000] {processor.py:830} INFO - Processing file /home/airflow/.local/lib/python3.12/site-packages/airflow/example_dags/example_sensors.py for tasks to queue
[2024-07-03T14:32:46.281+0000] {logging_mixin.py:188} INFO - [2024-07-03T14:32:46.281+0000] {dagbag.py:545} INFO - Filling up the DagBag from /home/airflow/.local/lib/python3.12/site-packages/airflow/example_dags/example_sensors.py
[2024-07-03T14:32:46.343+0000] {processor.py:840} INFO - DAG(s) 'example_sensors' retrieved from /home/airflow/.local/lib/python3.12/site-packages/airflow/example_dags/example_sensors.py
[2024-07-03T14:32:46.628+0000] {logging_mixin.py:188} INFO - [2024-07-03T14:32:46.593+0000] {dag.py:3096} INFO - Sync 1 DAGs
[2024-07-03T14:32:46.739+0000] {logging_mixin.py:188} INFO - [2024-07-03T14:32:46.731+0000] {dag.py:3954} INFO - Setting next_dagrun for example_sensors to None, run_after=None
[2024-07-03T14:32:46.899+0000] {processor.py:183} INFO - Processing /home/airflow/.local/lib/python3.12/site-packages/airflow/example_dags/example_sensors.py took 0.672 seconds
[2024-07-03T14:33:17.812+0000] {processor.py:161} INFO - Started process (PID=646) to work on /home/airflow/.local/lib/python3.12/site-packages/airflow/example_dags/example_sensors.py
[2024-07-03T14:33:17.819+0000] {processor.py:830} INFO - Processing file /home/airflow/.local/lib/python3.12/site-packages/airflow/example_dags/example_sensors.py for tasks to queue
[2024-07-03T14:33:17.821+0000] {logging_mixin.py:188} INFO - [2024-07-03T14:33:17.821+0000] {dagbag.py:545} INFO - Filling up the DagBag from /home/airflow/.local/lib/python3.12/site-packages/airflow/example_dags/example_sensors.py
[2024-07-03T14:33:17.842+0000] {processor.py:840} INFO - DAG(s) 'example_sensors' retrieved from /home/airflow/.local/lib/python3.12/site-packages/airflow/example_dags/example_sensors.py
[2024-07-03T14:33:17.896+0000] {logging_mixin.py:188} INFO - [2024-07-03T14:33:17.896+0000] {dag.py:3096} INFO - Sync 1 DAGs
[2024-07-03T14:33:17.929+0000] {logging_mixin.py:188} INFO - [2024-07-03T14:33:17.928+0000] {dag.py:3954} INFO - Setting next_dagrun for example_sensors to None, run_after=None
[2024-07-03T14:33:17.966+0000] {processor.py:183} INFO - Processing /home/airflow/.local/lib/python3.12/site-packages/airflow/example_dags/example_sensors.py took 0.192 seconds
[2024-07-03T14:34:10.856+0000] {processor.py:161} INFO - Started process (PID=711) to work on /home/airflow/.local/lib/python3.12/site-packages/airflow/example_dags/example_sensors.py
[2024-07-03T14:34:10.858+0000] {processor.py:830} INFO - Processing file /home/airflow/.local/lib/python3.12/site-packages/airflow/example_dags/example_sensors.py for tasks to queue
[2024-07-03T14:34:10.859+0000] {logging_mixin.py:188} INFO - [2024-07-03T14:34:10.858+0000] {dagbag.py:545} INFO - Filling up the DagBag from /home/airflow/.local/lib/python3.12/site-packages/airflow/example_dags/example_sensors.py
[2024-07-03T14:34:10.872+0000] {processor.py:840} INFO - DAG(s) 'example_sensors' retrieved from /home/airflow/.local/lib/python3.12/site-packages/airflow/example_dags/example_sensors.py
[2024-07-03T14:34:10.899+0000] {logging_mixin.py:188} INFO - [2024-07-03T14:34:10.899+0000] {dag.py:3096} INFO - Sync 1 DAGs
[2024-07-03T14:34:10.925+0000] {logging_mixin.py:188} INFO - [2024-07-03T14:34:10.925+0000] {dag.py:3954} INFO - Setting next_dagrun for example_sensors to None, run_after=None
[2024-07-03T14:34:10.948+0000] {processor.py:183} INFO - Processing /home/airflow/.local/lib/python3.12/site-packages/airflow/example_dags/example_sensors.py took 0.099 seconds
[2024-07-03T14:34:41.391+0000] {processor.py:161} INFO - Started process (PID=769) to work on /home/airflow/.local/lib/python3.12/site-packages/airflow/example_dags/example_sensors.py
[2024-07-03T14:34:41.395+0000] {processor.py:830} INFO - Processing file /home/airflow/.local/lib/python3.12/site-packages/airflow/example_dags/example_sensors.py for tasks to queue
[2024-07-03T14:34:41.397+0000] {logging_mixin.py:188} INFO - [2024-07-03T14:34:41.396+0000] {dagbag.py:545} INFO - Filling up the DagBag from /home/airflow/.local/lib/python3.12/site-packages/airflow/example_dags/example_sensors.py
[2024-07-03T14:34:41.407+0000] {processor.py:840} INFO - DAG(s) 'example_sensors' retrieved from /home/airflow/.local/lib/python3.12/site-packages/airflow/example_dags/example_sensors.py
[2024-07-03T14:34:41.498+0000] {logging_mixin.py:188} INFO - [2024-07-03T14:34:41.498+0000] {dag.py:3096} INFO - Sync 1 DAGs
[2024-07-03T14:34:41.537+0000] {logging_mixin.py:188} INFO - [2024-07-03T14:34:41.537+0000] {dag.py:3954} INFO - Setting next_dagrun for example_sensors to None, run_after=None
[2024-07-03T14:34:41.596+0000] {processor.py:183} INFO - Processing /home/airflow/.local/lib/python3.12/site-packages/airflow/example_dags/example_sensors.py took 0.217 seconds
[2024-07-03T14:35:12.190+0000] {processor.py:161} INFO - Started process (PID=827) to work on /home/airflow/.local/lib/python3.12/site-packages/airflow/example_dags/example_sensors.py
[2024-07-03T14:35:12.196+0000] {processor.py:830} INFO - Processing file /home/airflow/.local/lib/python3.12/site-packages/airflow/example_dags/example_sensors.py for tasks to queue
[2024-07-03T14:35:12.198+0000] {logging_mixin.py:188} INFO - [2024-07-03T14:35:12.198+0000] {dagbag.py:545} INFO - Filling up the DagBag from /home/airflow/.local/lib/python3.12/site-packages/airflow/example_dags/example_sensors.py
[2024-07-03T14:35:12.218+0000] {processor.py:840} INFO - DAG(s) 'example_sensors' retrieved from /home/airflow/.local/lib/python3.12/site-packages/airflow/example_dags/example_sensors.py
[2024-07-03T14:35:12.261+0000] {logging_mixin.py:188} INFO - [2024-07-03T14:35:12.261+0000] {dag.py:3096} INFO - Sync 1 DAGs
[2024-07-03T14:35:12.300+0000] {logging_mixin.py:188} INFO - [2024-07-03T14:35:12.300+0000] {dag.py:3954} INFO - Setting next_dagrun for example_sensors to None, run_after=None
[2024-07-03T14:35:12.488+0000] {processor.py:183} INFO - Processing /home/airflow/.local/lib/python3.12/site-packages/airflow/example_dags/example_sensors.py took 0.304 seconds
