[2024-07-03T14:28:05.255+0000] {processor.py:161} INFO - Started process (PID=60) to work on /home/airflow/.local/lib/python3.12/site-packages/airflow/example_dags/example_datasets.py
[2024-07-03T14:28:05.276+0000] {processor.py:830} INFO - Processing file /home/airflow/.local/lib/python3.12/site-packages/airflow/example_dags/example_datasets.py for tasks to queue
[2024-07-03T14:28:05.282+0000] {logging_mixin.py:188} INFO - [2024-07-03T14:28:05.281+0000] {dagbag.py:545} INFO - Filling up the DagBag from /home/airflow/.local/lib/python3.12/site-packages/airflow/example_dags/example_datasets.py
[2024-07-03T14:28:05.576+0000] {processor.py:840} INFO - DAG(s) 'dataset_consumes_unknown_never_scheduled', 'consume_1_or_2_with_dataset_expressions', 'dataset_consumes_1', 'consume_1_or_both_2_and_3_with_dataset_expressions', 'dataset_produces_2', 'dataset_produces_1', 'conditional_dataset_and_time_based_timetable', 'dataset_consumes_1_and_2', 'dataset_consumes_1_never_scheduled', 'consume_1_and_2_with_dataset_expressions' retrieved from /home/airflow/.local/lib/python3.12/site-packages/airflow/example_dags/example_datasets.py
[2024-07-03T14:28:06.593+0000] {logging_mixin.py:188} INFO - [2024-07-03T14:28:06.592+0000] {dag.py:3096} INFO - Sync 10 DAGs
[2024-07-03T14:28:06.642+0000] {logging_mixin.py:188} INFO - [2024-07-03T14:28:06.642+0000] {dag.py:3954} INFO - Setting next_dagrun for conditional_dataset_and_time_based_timetable to 2024-07-03 01:00:00+00:00, run_after=2024-07-03 01:00:00+00:00
[2024-07-03T14:28:06.659+0000] {logging_mixin.py:188} INFO - [2024-07-03T14:28:06.658+0000] {dag.py:3954} INFO - Setting next_dagrun for consume_1_and_2_with_dataset_expressions to None, run_after=None
[2024-07-03T14:28:06.662+0000] {logging_mixin.py:188} INFO - [2024-07-03T14:28:06.662+0000] {dag.py:3954} INFO - Setting next_dagrun for consume_1_or_2_with_dataset_expressions to None, run_after=None
[2024-07-03T14:28:06.663+0000] {logging_mixin.py:188} INFO - [2024-07-03T14:28:06.663+0000] {dag.py:3954} INFO - Setting next_dagrun for consume_1_or_both_2_and_3_with_dataset_expressions to None, run_after=None
[2024-07-03T14:28:06.665+0000] {logging_mixin.py:188} INFO - [2024-07-03T14:28:06.665+0000] {dag.py:3954} INFO - Setting next_dagrun for dataset_consumes_1 to None, run_after=None
[2024-07-03T14:28:06.667+0000] {logging_mixin.py:188} INFO - [2024-07-03T14:28:06.667+0000] {dag.py:3954} INFO - Setting next_dagrun for dataset_consumes_1_and_2 to None, run_after=None
[2024-07-03T14:28:06.668+0000] {logging_mixin.py:188} INFO - [2024-07-03T14:28:06.668+0000] {dag.py:3954} INFO - Setting next_dagrun for dataset_consumes_1_never_scheduled to None, run_after=None
[2024-07-03T14:28:06.670+0000] {logging_mixin.py:188} INFO - [2024-07-03T14:28:06.670+0000] {dag.py:3954} INFO - Setting next_dagrun for dataset_consumes_unknown_never_scheduled to None, run_after=None
[2024-07-03T14:28:06.677+0000] {logging_mixin.py:188} INFO - [2024-07-03T14:28:06.677+0000] {dag.py:3954} INFO - Setting next_dagrun for dataset_produces_1 to 2024-07-02 00:00:00+00:00, run_after=2024-07-03 00:00:00+00:00
[2024-07-03T14:28:06.683+0000] {logging_mixin.py:188} INFO - [2024-07-03T14:28:06.682+0000] {dag.py:3954} INFO - Setting next_dagrun for dataset_produces_2 to None, run_after=None
[2024-07-03T14:28:06.786+0000] {processor.py:183} INFO - Processing /home/airflow/.local/lib/python3.12/site-packages/airflow/example_dags/example_datasets.py took 1.578 seconds
[2024-07-03T14:28:37.675+0000] {processor.py:161} INFO - Started process (PID=118) to work on /home/airflow/.local/lib/python3.12/site-packages/airflow/example_dags/example_datasets.py
[2024-07-03T14:28:37.676+0000] {processor.py:830} INFO - Processing file /home/airflow/.local/lib/python3.12/site-packages/airflow/example_dags/example_datasets.py for tasks to queue
[2024-07-03T14:28:37.678+0000] {logging_mixin.py:188} INFO - [2024-07-03T14:28:37.677+0000] {dagbag.py:545} INFO - Filling up the DagBag from /home/airflow/.local/lib/python3.12/site-packages/airflow/example_dags/example_datasets.py
[2024-07-03T14:28:37.694+0000] {processor.py:840} INFO - DAG(s) 'dataset_produces_1', 'conditional_dataset_and_time_based_timetable', 'dataset_consumes_1_never_scheduled', 'consume_1_or_both_2_and_3_with_dataset_expressions', 'consume_1_and_2_with_dataset_expressions', 'dataset_produces_2', 'consume_1_or_2_with_dataset_expressions', 'dataset_consumes_1', 'dataset_consumes_unknown_never_scheduled', 'dataset_consumes_1_and_2' retrieved from /home/airflow/.local/lib/python3.12/site-packages/airflow/example_dags/example_datasets.py
[2024-07-03T14:28:37.738+0000] {logging_mixin.py:188} INFO - [2024-07-03T14:28:37.737+0000] {dag.py:3096} INFO - Sync 10 DAGs
[2024-07-03T14:28:37.771+0000] {logging_mixin.py:188} INFO - [2024-07-03T14:28:37.771+0000] {dag.py:3954} INFO - Setting next_dagrun for conditional_dataset_and_time_based_timetable to 2024-07-03 01:00:00+00:00, run_after=2024-07-03 01:00:00+00:00
[2024-07-03T14:28:37.779+0000] {logging_mixin.py:188} INFO - [2024-07-03T14:28:37.779+0000] {dag.py:3954} INFO - Setting next_dagrun for consume_1_and_2_with_dataset_expressions to None, run_after=None
[2024-07-03T14:28:37.785+0000] {logging_mixin.py:188} INFO - [2024-07-03T14:28:37.785+0000] {dag.py:3954} INFO - Setting next_dagrun for consume_1_or_2_with_dataset_expressions to None, run_after=None
[2024-07-03T14:28:37.787+0000] {logging_mixin.py:188} INFO - [2024-07-03T14:28:37.787+0000] {dag.py:3954} INFO - Setting next_dagrun for consume_1_or_both_2_and_3_with_dataset_expressions to None, run_after=None
[2024-07-03T14:28:37.789+0000] {logging_mixin.py:188} INFO - [2024-07-03T14:28:37.789+0000] {dag.py:3954} INFO - Setting next_dagrun for dataset_consumes_1 to None, run_after=None
[2024-07-03T14:28:37.791+0000] {logging_mixin.py:188} INFO - [2024-07-03T14:28:37.791+0000] {dag.py:3954} INFO - Setting next_dagrun for dataset_consumes_1_and_2 to None, run_after=None
[2024-07-03T14:28:37.793+0000] {logging_mixin.py:188} INFO - [2024-07-03T14:28:37.793+0000] {dag.py:3954} INFO - Setting next_dagrun for dataset_consumes_1_never_scheduled to None, run_after=None
[2024-07-03T14:28:37.795+0000] {logging_mixin.py:188} INFO - [2024-07-03T14:28:37.794+0000] {dag.py:3954} INFO - Setting next_dagrun for dataset_consumes_unknown_never_scheduled to None, run_after=None
[2024-07-03T14:28:37.798+0000] {logging_mixin.py:188} INFO - [2024-07-03T14:28:37.798+0000] {dag.py:3954} INFO - Setting next_dagrun for dataset_produces_1 to 2024-07-02 00:00:00+00:00, run_after=2024-07-03 00:00:00+00:00
[2024-07-03T14:28:37.801+0000] {logging_mixin.py:188} INFO - [2024-07-03T14:28:37.801+0000] {dag.py:3954} INFO - Setting next_dagrun for dataset_produces_2 to None, run_after=None
[2024-07-03T14:28:37.845+0000] {processor.py:183} INFO - Processing /home/airflow/.local/lib/python3.12/site-packages/airflow/example_dags/example_datasets.py took 0.175 seconds
[2024-07-03T14:29:08.563+0000] {processor.py:161} INFO - Started process (PID=176) to work on /home/airflow/.local/lib/python3.12/site-packages/airflow/example_dags/example_datasets.py
[2024-07-03T14:29:08.569+0000] {processor.py:830} INFO - Processing file /home/airflow/.local/lib/python3.12/site-packages/airflow/example_dags/example_datasets.py for tasks to queue
[2024-07-03T14:29:08.578+0000] {logging_mixin.py:188} INFO - [2024-07-03T14:29:08.577+0000] {dagbag.py:545} INFO - Filling up the DagBag from /home/airflow/.local/lib/python3.12/site-packages/airflow/example_dags/example_datasets.py
[2024-07-03T14:29:08.653+0000] {processor.py:840} INFO - DAG(s) 'dataset_consumes_1_and_2', 'consume_1_or_2_with_dataset_expressions', 'conditional_dataset_and_time_based_timetable', 'dataset_consumes_unknown_never_scheduled', 'dataset_produces_2', 'consume_1_and_2_with_dataset_expressions', 'dataset_consumes_1_never_scheduled', 'dataset_consumes_1', 'consume_1_or_both_2_and_3_with_dataset_expressions', 'dataset_produces_1' retrieved from /home/airflow/.local/lib/python3.12/site-packages/airflow/example_dags/example_datasets.py
[2024-07-03T14:29:08.767+0000] {logging_mixin.py:188} INFO - [2024-07-03T14:29:08.767+0000] {dag.py:3096} INFO - Sync 10 DAGs
[2024-07-03T14:29:08.852+0000] {logging_mixin.py:188} INFO - [2024-07-03T14:29:08.852+0000] {dag.py:3954} INFO - Setting next_dagrun for conditional_dataset_and_time_based_timetable to 2024-07-03 01:00:00+00:00, run_after=2024-07-03 01:00:00+00:00
[2024-07-03T14:29:08.883+0000] {logging_mixin.py:188} INFO - [2024-07-03T14:29:08.883+0000] {dag.py:3954} INFO - Setting next_dagrun for consume_1_and_2_with_dataset_expressions to None, run_after=None
[2024-07-03T14:29:08.893+0000] {logging_mixin.py:188} INFO - [2024-07-03T14:29:08.893+0000] {dag.py:3954} INFO - Setting next_dagrun for consume_1_or_2_with_dataset_expressions to None, run_after=None
[2024-07-03T14:29:08.909+0000] {logging_mixin.py:188} INFO - [2024-07-03T14:29:08.909+0000] {dag.py:3954} INFO - Setting next_dagrun for consume_1_or_both_2_and_3_with_dataset_expressions to None, run_after=None
[2024-07-03T14:29:08.928+0000] {logging_mixin.py:188} INFO - [2024-07-03T14:29:08.927+0000] {dag.py:3954} INFO - Setting next_dagrun for dataset_consumes_1 to None, run_after=None
[2024-07-03T14:29:08.933+0000] {logging_mixin.py:188} INFO - [2024-07-03T14:29:08.932+0000] {dag.py:3954} INFO - Setting next_dagrun for dataset_consumes_1_and_2 to None, run_after=None
[2024-07-03T14:29:08.937+0000] {logging_mixin.py:188} INFO - [2024-07-03T14:29:08.936+0000] {dag.py:3954} INFO - Setting next_dagrun for dataset_consumes_1_never_scheduled to None, run_after=None
[2024-07-03T14:29:08.946+0000] {logging_mixin.py:188} INFO - [2024-07-03T14:29:08.944+0000] {dag.py:3954} INFO - Setting next_dagrun for dataset_consumes_unknown_never_scheduled to None, run_after=None
[2024-07-03T14:29:08.952+0000] {logging_mixin.py:188} INFO - [2024-07-03T14:29:08.952+0000] {dag.py:3954} INFO - Setting next_dagrun for dataset_produces_1 to 2024-07-02 00:00:00+00:00, run_after=2024-07-03 00:00:00+00:00
[2024-07-03T14:29:08.955+0000] {logging_mixin.py:188} INFO - [2024-07-03T14:29:08.955+0000] {dag.py:3954} INFO - Setting next_dagrun for dataset_produces_2 to None, run_after=None
[2024-07-03T14:29:09.105+0000] {processor.py:183} INFO - Processing /home/airflow/.local/lib/python3.12/site-packages/airflow/example_dags/example_datasets.py took 0.566 seconds
[2024-07-03T14:29:39.441+0000] {processor.py:161} INFO - Started process (PID=235) to work on /home/airflow/.local/lib/python3.12/site-packages/airflow/example_dags/example_datasets.py
[2024-07-03T14:29:39.454+0000] {processor.py:830} INFO - Processing file /home/airflow/.local/lib/python3.12/site-packages/airflow/example_dags/example_datasets.py for tasks to queue
[2024-07-03T14:29:39.464+0000] {logging_mixin.py:188} INFO - [2024-07-03T14:29:39.463+0000] {dagbag.py:545} INFO - Filling up the DagBag from /home/airflow/.local/lib/python3.12/site-packages/airflow/example_dags/example_datasets.py
[2024-07-03T14:29:39.526+0000] {processor.py:840} INFO - DAG(s) 'dataset_consumes_1_and_2', 'dataset_produces_1', 'consume_1_and_2_with_dataset_expressions', 'consume_1_or_2_with_dataset_expressions', 'consume_1_or_both_2_and_3_with_dataset_expressions', 'conditional_dataset_and_time_based_timetable', 'dataset_consumes_unknown_never_scheduled', 'dataset_consumes_1', 'dataset_produces_2', 'dataset_consumes_1_never_scheduled' retrieved from /home/airflow/.local/lib/python3.12/site-packages/airflow/example_dags/example_datasets.py
[2024-07-03T14:29:39.999+0000] {logging_mixin.py:188} INFO - [2024-07-03T14:29:39.998+0000] {dag.py:3096} INFO - Sync 10 DAGs
[2024-07-03T14:29:40.355+0000] {logging_mixin.py:188} INFO - [2024-07-03T14:29:40.355+0000] {dag.py:3954} INFO - Setting next_dagrun for conditional_dataset_and_time_based_timetable to 2024-07-03 01:00:00+00:00, run_after=2024-07-03 01:00:00+00:00
[2024-07-03T14:29:40.490+0000] {logging_mixin.py:188} INFO - [2024-07-03T14:29:40.490+0000] {dag.py:3954} INFO - Setting next_dagrun for consume_1_and_2_with_dataset_expressions to None, run_after=None
[2024-07-03T14:29:40.546+0000] {logging_mixin.py:188} INFO - [2024-07-03T14:29:40.545+0000] {dag.py:3954} INFO - Setting next_dagrun for consume_1_or_2_with_dataset_expressions to None, run_after=None
[2024-07-03T14:29:40.578+0000] {logging_mixin.py:188} INFO - [2024-07-03T14:29:40.577+0000] {dag.py:3954} INFO - Setting next_dagrun for consume_1_or_both_2_and_3_with_dataset_expressions to None, run_after=None
[2024-07-03T14:29:40.604+0000] {logging_mixin.py:188} INFO - [2024-07-03T14:29:40.604+0000] {dag.py:3954} INFO - Setting next_dagrun for dataset_consumes_1 to None, run_after=None
[2024-07-03T14:29:40.608+0000] {logging_mixin.py:188} INFO - [2024-07-03T14:29:40.607+0000] {dag.py:3954} INFO - Setting next_dagrun for dataset_consumes_1_and_2 to None, run_after=None
[2024-07-03T14:29:40.635+0000] {logging_mixin.py:188} INFO - [2024-07-03T14:29:40.635+0000] {dag.py:3954} INFO - Setting next_dagrun for dataset_consumes_1_never_scheduled to None, run_after=None
[2024-07-03T14:29:40.638+0000] {logging_mixin.py:188} INFO - [2024-07-03T14:29:40.637+0000] {dag.py:3954} INFO - Setting next_dagrun for dataset_consumes_unknown_never_scheduled to None, run_after=None
[2024-07-03T14:29:40.664+0000] {logging_mixin.py:188} INFO - [2024-07-03T14:29:40.664+0000] {dag.py:3954} INFO - Setting next_dagrun for dataset_produces_1 to 2024-07-02 00:00:00+00:00, run_after=2024-07-03 00:00:00+00:00
[2024-07-03T14:29:40.672+0000] {logging_mixin.py:188} INFO - [2024-07-03T14:29:40.672+0000] {dag.py:3954} INFO - Setting next_dagrun for dataset_produces_2 to None, run_after=None
[2024-07-03T14:29:41.478+0000] {processor.py:183} INFO - Processing /home/airflow/.local/lib/python3.12/site-packages/airflow/example_dags/example_datasets.py took 2.044 seconds
[2024-07-03T14:30:11.567+0000] {processor.py:161} INFO - Started process (PID=294) to work on /home/airflow/.local/lib/python3.12/site-packages/airflow/example_dags/example_datasets.py
[2024-07-03T14:30:11.571+0000] {processor.py:830} INFO - Processing file /home/airflow/.local/lib/python3.12/site-packages/airflow/example_dags/example_datasets.py for tasks to queue
[2024-07-03T14:30:11.575+0000] {logging_mixin.py:188} INFO - [2024-07-03T14:30:11.574+0000] {dagbag.py:545} INFO - Filling up the DagBag from /home/airflow/.local/lib/python3.12/site-packages/airflow/example_dags/example_datasets.py
[2024-07-03T14:30:11.615+0000] {processor.py:840} INFO - DAG(s) 'dataset_consumes_1_and_2', 'consume_1_or_2_with_dataset_expressions', 'dataset_consumes_unknown_never_scheduled', 'consume_1_and_2_with_dataset_expressions', 'dataset_consumes_1', 'dataset_produces_1', 'dataset_produces_2', 'dataset_consumes_1_never_scheduled', 'conditional_dataset_and_time_based_timetable', 'consume_1_or_both_2_and_3_with_dataset_expressions' retrieved from /home/airflow/.local/lib/python3.12/site-packages/airflow/example_dags/example_datasets.py
[2024-07-03T14:30:11.698+0000] {logging_mixin.py:188} INFO - [2024-07-03T14:30:11.697+0000] {dag.py:3096} INFO - Sync 10 DAGs
[2024-07-03T14:30:11.749+0000] {logging_mixin.py:188} INFO - [2024-07-03T14:30:11.749+0000] {dag.py:3954} INFO - Setting next_dagrun for conditional_dataset_and_time_based_timetable to 2024-07-03 01:00:00+00:00, run_after=2024-07-03 01:00:00+00:00
[2024-07-03T14:30:11.757+0000] {logging_mixin.py:188} INFO - [2024-07-03T14:30:11.756+0000] {dag.py:3954} INFO - Setting next_dagrun for consume_1_and_2_with_dataset_expressions to None, run_after=None
[2024-07-03T14:30:11.761+0000] {logging_mixin.py:188} INFO - [2024-07-03T14:30:11.760+0000] {dag.py:3954} INFO - Setting next_dagrun for consume_1_or_2_with_dataset_expressions to None, run_after=None
[2024-07-03T14:30:11.763+0000] {logging_mixin.py:188} INFO - [2024-07-03T14:30:11.763+0000] {dag.py:3954} INFO - Setting next_dagrun for consume_1_or_both_2_and_3_with_dataset_expressions to None, run_after=None
[2024-07-03T14:30:11.765+0000] {logging_mixin.py:188} INFO - [2024-07-03T14:30:11.764+0000] {dag.py:3954} INFO - Setting next_dagrun for dataset_consumes_1 to None, run_after=None
[2024-07-03T14:30:11.766+0000] {logging_mixin.py:188} INFO - [2024-07-03T14:30:11.766+0000] {dag.py:3954} INFO - Setting next_dagrun for dataset_consumes_1_and_2 to None, run_after=None
[2024-07-03T14:30:11.768+0000] {logging_mixin.py:188} INFO - [2024-07-03T14:30:11.768+0000] {dag.py:3954} INFO - Setting next_dagrun for dataset_consumes_1_never_scheduled to None, run_after=None
[2024-07-03T14:30:11.770+0000] {logging_mixin.py:188} INFO - [2024-07-03T14:30:11.770+0000] {dag.py:3954} INFO - Setting next_dagrun for dataset_consumes_unknown_never_scheduled to None, run_after=None
[2024-07-03T14:30:11.776+0000] {logging_mixin.py:188} INFO - [2024-07-03T14:30:11.775+0000] {dag.py:3954} INFO - Setting next_dagrun for dataset_produces_1 to 2024-07-02 00:00:00+00:00, run_after=2024-07-03 00:00:00+00:00
[2024-07-03T14:30:11.778+0000] {logging_mixin.py:188} INFO - [2024-07-03T14:30:11.778+0000] {dag.py:3954} INFO - Setting next_dagrun for dataset_produces_2 to None, run_after=None
[2024-07-03T14:30:11.837+0000] {processor.py:183} INFO - Processing /home/airflow/.local/lib/python3.12/site-packages/airflow/example_dags/example_datasets.py took 0.277 seconds
[2024-07-03T14:30:42.565+0000] {processor.py:161} INFO - Started process (PID=352) to work on /home/airflow/.local/lib/python3.12/site-packages/airflow/example_dags/example_datasets.py
[2024-07-03T14:30:42.566+0000] {processor.py:830} INFO - Processing file /home/airflow/.local/lib/python3.12/site-packages/airflow/example_dags/example_datasets.py for tasks to queue
[2024-07-03T14:30:42.568+0000] {logging_mixin.py:188} INFO - [2024-07-03T14:30:42.568+0000] {dagbag.py:545} INFO - Filling up the DagBag from /home/airflow/.local/lib/python3.12/site-packages/airflow/example_dags/example_datasets.py
[2024-07-03T14:30:42.590+0000] {processor.py:840} INFO - DAG(s) 'dataset_consumes_1', 'dataset_consumes_1_and_2', 'consume_1_and_2_with_dataset_expressions', 'conditional_dataset_and_time_based_timetable', 'dataset_consumes_1_never_scheduled', 'dataset_produces_2', 'consume_1_or_both_2_and_3_with_dataset_expressions', 'dataset_consumes_unknown_never_scheduled', 'consume_1_or_2_with_dataset_expressions', 'dataset_produces_1' retrieved from /home/airflow/.local/lib/python3.12/site-packages/airflow/example_dags/example_datasets.py
[2024-07-03T14:30:42.653+0000] {logging_mixin.py:188} INFO - [2024-07-03T14:30:42.653+0000] {dag.py:3096} INFO - Sync 10 DAGs
[2024-07-03T14:30:42.675+0000] {logging_mixin.py:188} INFO - [2024-07-03T14:30:42.675+0000] {dag.py:3954} INFO - Setting next_dagrun for conditional_dataset_and_time_based_timetable to 2024-07-03 01:00:00+00:00, run_after=2024-07-03 01:00:00+00:00
[2024-07-03T14:30:42.679+0000] {logging_mixin.py:188} INFO - [2024-07-03T14:30:42.679+0000] {dag.py:3954} INFO - Setting next_dagrun for consume_1_and_2_with_dataset_expressions to None, run_after=None
[2024-07-03T14:30:42.681+0000] {logging_mixin.py:188} INFO - [2024-07-03T14:30:42.680+0000] {dag.py:3954} INFO - Setting next_dagrun for consume_1_or_2_with_dataset_expressions to None, run_after=None
[2024-07-03T14:30:42.682+0000] {logging_mixin.py:188} INFO - [2024-07-03T14:30:42.682+0000] {dag.py:3954} INFO - Setting next_dagrun for consume_1_or_both_2_and_3_with_dataset_expressions to None, run_after=None
[2024-07-03T14:30:42.683+0000] {logging_mixin.py:188} INFO - [2024-07-03T14:30:42.683+0000] {dag.py:3954} INFO - Setting next_dagrun for dataset_consumes_1 to None, run_after=None
[2024-07-03T14:30:42.684+0000] {logging_mixin.py:188} INFO - [2024-07-03T14:30:42.684+0000] {dag.py:3954} INFO - Setting next_dagrun for dataset_consumes_1_and_2 to None, run_after=None
[2024-07-03T14:30:42.686+0000] {logging_mixin.py:188} INFO - [2024-07-03T14:30:42.685+0000] {dag.py:3954} INFO - Setting next_dagrun for dataset_consumes_1_never_scheduled to None, run_after=None
[2024-07-03T14:30:42.687+0000] {logging_mixin.py:188} INFO - [2024-07-03T14:30:42.686+0000] {dag.py:3954} INFO - Setting next_dagrun for dataset_consumes_unknown_never_scheduled to None, run_after=None
[2024-07-03T14:30:42.689+0000] {logging_mixin.py:188} INFO - [2024-07-03T14:30:42.689+0000] {dag.py:3954} INFO - Setting next_dagrun for dataset_produces_1 to 2024-07-02 00:00:00+00:00, run_after=2024-07-03 00:00:00+00:00
[2024-07-03T14:30:42.691+0000] {logging_mixin.py:188} INFO - [2024-07-03T14:30:42.690+0000] {dag.py:3954} INFO - Setting next_dagrun for dataset_produces_2 to None, run_after=None
[2024-07-03T14:30:42.720+0000] {processor.py:183} INFO - Processing /home/airflow/.local/lib/python3.12/site-packages/airflow/example_dags/example_datasets.py took 0.161 seconds
[2024-07-03T14:31:12.808+0000] {processor.py:161} INFO - Started process (PID=411) to work on /home/airflow/.local/lib/python3.12/site-packages/airflow/example_dags/example_datasets.py
[2024-07-03T14:31:12.809+0000] {processor.py:830} INFO - Processing file /home/airflow/.local/lib/python3.12/site-packages/airflow/example_dags/example_datasets.py for tasks to queue
[2024-07-03T14:31:12.811+0000] {logging_mixin.py:188} INFO - [2024-07-03T14:31:12.811+0000] {dagbag.py:545} INFO - Filling up the DagBag from /home/airflow/.local/lib/python3.12/site-packages/airflow/example_dags/example_datasets.py
[2024-07-03T14:31:12.825+0000] {processor.py:840} INFO - DAG(s) 'consume_1_or_both_2_and_3_with_dataset_expressions', 'dataset_consumes_1_never_scheduled', 'consume_1_and_2_with_dataset_expressions', 'dataset_consumes_unknown_never_scheduled', 'dataset_produces_2', 'dataset_consumes_1_and_2', 'conditional_dataset_and_time_based_timetable', 'dataset_produces_1', 'consume_1_or_2_with_dataset_expressions', 'dataset_consumes_1' retrieved from /home/airflow/.local/lib/python3.12/site-packages/airflow/example_dags/example_datasets.py
[2024-07-03T14:31:12.875+0000] {logging_mixin.py:188} INFO - [2024-07-03T14:31:12.874+0000] {dag.py:3096} INFO - Sync 10 DAGs
[2024-07-03T14:31:12.899+0000] {logging_mixin.py:188} INFO - [2024-07-03T14:31:12.898+0000] {dag.py:3954} INFO - Setting next_dagrun for conditional_dataset_and_time_based_timetable to 2024-07-03 01:00:00+00:00, run_after=2024-07-03 01:00:00+00:00
[2024-07-03T14:31:12.903+0000] {logging_mixin.py:188} INFO - [2024-07-03T14:31:12.903+0000] {dag.py:3954} INFO - Setting next_dagrun for consume_1_and_2_with_dataset_expressions to None, run_after=None
[2024-07-03T14:31:12.904+0000] {logging_mixin.py:188} INFO - [2024-07-03T14:31:12.904+0000] {dag.py:3954} INFO - Setting next_dagrun for consume_1_or_2_with_dataset_expressions to None, run_after=None
[2024-07-03T14:31:12.905+0000] {logging_mixin.py:188} INFO - [2024-07-03T14:31:12.905+0000] {dag.py:3954} INFO - Setting next_dagrun for consume_1_or_both_2_and_3_with_dataset_expressions to None, run_after=None
[2024-07-03T14:31:12.906+0000] {logging_mixin.py:188} INFO - [2024-07-03T14:31:12.906+0000] {dag.py:3954} INFO - Setting next_dagrun for dataset_consumes_1 to None, run_after=None
[2024-07-03T14:31:12.907+0000] {logging_mixin.py:188} INFO - [2024-07-03T14:31:12.907+0000] {dag.py:3954} INFO - Setting next_dagrun for dataset_consumes_1_and_2 to None, run_after=None
[2024-07-03T14:31:12.909+0000] {logging_mixin.py:188} INFO - [2024-07-03T14:31:12.908+0000] {dag.py:3954} INFO - Setting next_dagrun for dataset_consumes_1_never_scheduled to None, run_after=None
[2024-07-03T14:31:12.910+0000] {logging_mixin.py:188} INFO - [2024-07-03T14:31:12.910+0000] {dag.py:3954} INFO - Setting next_dagrun for dataset_consumes_unknown_never_scheduled to None, run_after=None
[2024-07-03T14:31:12.912+0000] {logging_mixin.py:188} INFO - [2024-07-03T14:31:12.912+0000] {dag.py:3954} INFO - Setting next_dagrun for dataset_produces_1 to 2024-07-02 00:00:00+00:00, run_after=2024-07-03 00:00:00+00:00
[2024-07-03T14:31:12.913+0000] {logging_mixin.py:188} INFO - [2024-07-03T14:31:12.913+0000] {dag.py:3954} INFO - Setting next_dagrun for dataset_produces_2 to None, run_after=None
[2024-07-03T14:31:12.947+0000] {processor.py:183} INFO - Processing /home/airflow/.local/lib/python3.12/site-packages/airflow/example_dags/example_datasets.py took 0.146 seconds
[2024-07-03T14:31:43.167+0000] {processor.py:161} INFO - Started process (PID=470) to work on /home/airflow/.local/lib/python3.12/site-packages/airflow/example_dags/example_datasets.py
[2024-07-03T14:31:43.181+0000] {processor.py:830} INFO - Processing file /home/airflow/.local/lib/python3.12/site-packages/airflow/example_dags/example_datasets.py for tasks to queue
[2024-07-03T14:31:43.184+0000] {logging_mixin.py:188} INFO - [2024-07-03T14:31:43.183+0000] {dagbag.py:545} INFO - Filling up the DagBag from /home/airflow/.local/lib/python3.12/site-packages/airflow/example_dags/example_datasets.py
[2024-07-03T14:31:43.213+0000] {processor.py:840} INFO - DAG(s) 'dataset_produces_1', 'dataset_consumes_unknown_never_scheduled', 'dataset_produces_2', 'conditional_dataset_and_time_based_timetable', 'consume_1_or_both_2_and_3_with_dataset_expressions', 'dataset_consumes_1_never_scheduled', 'dataset_consumes_1_and_2', 'consume_1_and_2_with_dataset_expressions', 'consume_1_or_2_with_dataset_expressions', 'dataset_consumes_1' retrieved from /home/airflow/.local/lib/python3.12/site-packages/airflow/example_dags/example_datasets.py
[2024-07-03T14:31:43.275+0000] {logging_mixin.py:188} INFO - [2024-07-03T14:31:43.275+0000] {dag.py:3096} INFO - Sync 10 DAGs
[2024-07-03T14:31:43.320+0000] {logging_mixin.py:188} INFO - [2024-07-03T14:31:43.320+0000] {dag.py:3954} INFO - Setting next_dagrun for conditional_dataset_and_time_based_timetable to 2024-07-03 01:00:00+00:00, run_after=2024-07-03 01:00:00+00:00
[2024-07-03T14:31:43.333+0000] {logging_mixin.py:188} INFO - [2024-07-03T14:31:43.333+0000] {dag.py:3954} INFO - Setting next_dagrun for consume_1_and_2_with_dataset_expressions to None, run_after=None
[2024-07-03T14:31:43.342+0000] {logging_mixin.py:188} INFO - [2024-07-03T14:31:43.342+0000] {dag.py:3954} INFO - Setting next_dagrun for consume_1_or_2_with_dataset_expressions to None, run_after=None
[2024-07-03T14:31:43.360+0000] {logging_mixin.py:188} INFO - [2024-07-03T14:31:43.360+0000] {dag.py:3954} INFO - Setting next_dagrun for consume_1_or_both_2_and_3_with_dataset_expressions to None, run_after=None
[2024-07-03T14:31:43.380+0000] {logging_mixin.py:188} INFO - [2024-07-03T14:31:43.380+0000] {dag.py:3954} INFO - Setting next_dagrun for dataset_consumes_1 to None, run_after=None
[2024-07-03T14:31:43.389+0000] {logging_mixin.py:188} INFO - [2024-07-03T14:31:43.389+0000] {dag.py:3954} INFO - Setting next_dagrun for dataset_consumes_1_and_2 to None, run_after=None
[2024-07-03T14:31:43.400+0000] {logging_mixin.py:188} INFO - [2024-07-03T14:31:43.400+0000] {dag.py:3954} INFO - Setting next_dagrun for dataset_consumes_1_never_scheduled to None, run_after=None
[2024-07-03T14:31:43.412+0000] {logging_mixin.py:188} INFO - [2024-07-03T14:31:43.412+0000] {dag.py:3954} INFO - Setting next_dagrun for dataset_consumes_unknown_never_scheduled to None, run_after=None
[2024-07-03T14:31:43.416+0000] {logging_mixin.py:188} INFO - [2024-07-03T14:31:43.416+0000] {dag.py:3954} INFO - Setting next_dagrun for dataset_produces_1 to 2024-07-02 00:00:00+00:00, run_after=2024-07-03 00:00:00+00:00
[2024-07-03T14:31:43.419+0000] {logging_mixin.py:188} INFO - [2024-07-03T14:31:43.419+0000] {dag.py:3954} INFO - Setting next_dagrun for dataset_produces_2 to None, run_after=None
[2024-07-03T14:31:43.511+0000] {processor.py:183} INFO - Processing /home/airflow/.local/lib/python3.12/site-packages/airflow/example_dags/example_datasets.py took 0.368 seconds
[2024-07-03T14:32:13.806+0000] {processor.py:161} INFO - Started process (PID=527) to work on /home/airflow/.local/lib/python3.12/site-packages/airflow/example_dags/example_datasets.py
[2024-07-03T14:32:13.807+0000] {processor.py:830} INFO - Processing file /home/airflow/.local/lib/python3.12/site-packages/airflow/example_dags/example_datasets.py for tasks to queue
[2024-07-03T14:32:13.809+0000] {logging_mixin.py:188} INFO - [2024-07-03T14:32:13.809+0000] {dagbag.py:545} INFO - Filling up the DagBag from /home/airflow/.local/lib/python3.12/site-packages/airflow/example_dags/example_datasets.py
[2024-07-03T14:32:13.824+0000] {processor.py:840} INFO - DAG(s) 'dataset_produces_1', 'dataset_consumes_unknown_never_scheduled', 'consume_1_or_2_with_dataset_expressions', 'dataset_consumes_1', 'conditional_dataset_and_time_based_timetable', 'consume_1_or_both_2_and_3_with_dataset_expressions', 'dataset_consumes_1_never_scheduled', 'dataset_produces_2', 'dataset_consumes_1_and_2', 'consume_1_and_2_with_dataset_expressions' retrieved from /home/airflow/.local/lib/python3.12/site-packages/airflow/example_dags/example_datasets.py
[2024-07-03T14:32:13.873+0000] {logging_mixin.py:188} INFO - [2024-07-03T14:32:13.873+0000] {dag.py:3096} INFO - Sync 10 DAGs
[2024-07-03T14:32:13.898+0000] {logging_mixin.py:188} INFO - [2024-07-03T14:32:13.898+0000] {dag.py:3954} INFO - Setting next_dagrun for conditional_dataset_and_time_based_timetable to 2024-07-03 01:00:00+00:00, run_after=2024-07-03 01:00:00+00:00
[2024-07-03T14:32:13.902+0000] {logging_mixin.py:188} INFO - [2024-07-03T14:32:13.902+0000] {dag.py:3954} INFO - Setting next_dagrun for consume_1_and_2_with_dataset_expressions to None, run_after=None
[2024-07-03T14:32:13.904+0000] {logging_mixin.py:188} INFO - [2024-07-03T14:32:13.904+0000] {dag.py:3954} INFO - Setting next_dagrun for consume_1_or_2_with_dataset_expressions to None, run_after=None
[2024-07-03T14:32:13.905+0000] {logging_mixin.py:188} INFO - [2024-07-03T14:32:13.905+0000] {dag.py:3954} INFO - Setting next_dagrun for consume_1_or_both_2_and_3_with_dataset_expressions to None, run_after=None
[2024-07-03T14:32:13.907+0000] {logging_mixin.py:188} INFO - [2024-07-03T14:32:13.907+0000] {dag.py:3954} INFO - Setting next_dagrun for dataset_consumes_1 to None, run_after=None
[2024-07-03T14:32:13.908+0000] {logging_mixin.py:188} INFO - [2024-07-03T14:32:13.908+0000] {dag.py:3954} INFO - Setting next_dagrun for dataset_consumes_1_and_2 to None, run_after=None
[2024-07-03T14:32:13.910+0000] {logging_mixin.py:188} INFO - [2024-07-03T14:32:13.910+0000] {dag.py:3954} INFO - Setting next_dagrun for dataset_consumes_1_never_scheduled to None, run_after=None
[2024-07-03T14:32:13.912+0000] {logging_mixin.py:188} INFO - [2024-07-03T14:32:13.912+0000] {dag.py:3954} INFO - Setting next_dagrun for dataset_consumes_unknown_never_scheduled to None, run_after=None
[2024-07-03T14:32:13.914+0000] {logging_mixin.py:188} INFO - [2024-07-03T14:32:13.914+0000] {dag.py:3954} INFO - Setting next_dagrun for dataset_produces_1 to 2024-07-02 00:00:00+00:00, run_after=2024-07-03 00:00:00+00:00
[2024-07-03T14:32:13.916+0000] {logging_mixin.py:188} INFO - [2024-07-03T14:32:13.916+0000] {dag.py:3954} INFO - Setting next_dagrun for dataset_produces_2 to None, run_after=None
[2024-07-03T14:32:13.953+0000] {processor.py:183} INFO - Processing /home/airflow/.local/lib/python3.12/site-packages/airflow/example_dags/example_datasets.py took 0.153 seconds
[2024-07-03T14:32:44.545+0000] {processor.py:161} INFO - Started process (PID=585) to work on /home/airflow/.local/lib/python3.12/site-packages/airflow/example_dags/example_datasets.py
[2024-07-03T14:32:44.565+0000] {processor.py:830} INFO - Processing file /home/airflow/.local/lib/python3.12/site-packages/airflow/example_dags/example_datasets.py for tasks to queue
[2024-07-03T14:32:44.593+0000] {logging_mixin.py:188} INFO - [2024-07-03T14:32:44.592+0000] {dagbag.py:545} INFO - Filling up the DagBag from /home/airflow/.local/lib/python3.12/site-packages/airflow/example_dags/example_datasets.py
[2024-07-03T14:32:44.798+0000] {processor.py:840} INFO - DAG(s) 'dataset_consumes_1', 'dataset_consumes_1_never_scheduled', 'dataset_consumes_unknown_never_scheduled', 'consume_1_and_2_with_dataset_expressions', 'conditional_dataset_and_time_based_timetable', 'consume_1_or_2_with_dataset_expressions', 'dataset_produces_1', 'consume_1_or_both_2_and_3_with_dataset_expressions', 'dataset_consumes_1_and_2', 'dataset_produces_2' retrieved from /home/airflow/.local/lib/python3.12/site-packages/airflow/example_dags/example_datasets.py
[2024-07-03T14:32:45.347+0000] {logging_mixin.py:188} INFO - [2024-07-03T14:32:45.345+0000] {dag.py:3096} INFO - Sync 10 DAGs
[2024-07-03T14:32:45.701+0000] {logging_mixin.py:188} INFO - [2024-07-03T14:32:45.700+0000] {dag.py:3954} INFO - Setting next_dagrun for conditional_dataset_and_time_based_timetable to 2024-07-03 01:00:00+00:00, run_after=2024-07-03 01:00:00+00:00
[2024-07-03T14:32:45.740+0000] {logging_mixin.py:188} INFO - [2024-07-03T14:32:45.739+0000] {dag.py:3954} INFO - Setting next_dagrun for consume_1_and_2_with_dataset_expressions to None, run_after=None
[2024-07-03T14:32:45.749+0000] {logging_mixin.py:188} INFO - [2024-07-03T14:32:45.748+0000] {dag.py:3954} INFO - Setting next_dagrun for consume_1_or_2_with_dataset_expressions to None, run_after=None
[2024-07-03T14:32:45.761+0000] {logging_mixin.py:188} INFO - [2024-07-03T14:32:45.761+0000] {dag.py:3954} INFO - Setting next_dagrun for consume_1_or_both_2_and_3_with_dataset_expressions to None, run_after=None
[2024-07-03T14:32:45.770+0000] {logging_mixin.py:188} INFO - [2024-07-03T14:32:45.770+0000] {dag.py:3954} INFO - Setting next_dagrun for dataset_consumes_1 to None, run_after=None
[2024-07-03T14:32:45.782+0000] {logging_mixin.py:188} INFO - [2024-07-03T14:32:45.781+0000] {dag.py:3954} INFO - Setting next_dagrun for dataset_consumes_1_and_2 to None, run_after=None
[2024-07-03T14:32:45.798+0000] {logging_mixin.py:188} INFO - [2024-07-03T14:32:45.798+0000] {dag.py:3954} INFO - Setting next_dagrun for dataset_consumes_1_never_scheduled to None, run_after=None
[2024-07-03T14:32:45.809+0000] {logging_mixin.py:188} INFO - [2024-07-03T14:32:45.808+0000] {dag.py:3954} INFO - Setting next_dagrun for dataset_consumes_unknown_never_scheduled to None, run_after=None
[2024-07-03T14:32:45.822+0000] {logging_mixin.py:188} INFO - [2024-07-03T14:32:45.821+0000] {dag.py:3954} INFO - Setting next_dagrun for dataset_produces_1 to 2024-07-02 00:00:00+00:00, run_after=2024-07-03 00:00:00+00:00
[2024-07-03T14:32:45.830+0000] {logging_mixin.py:188} INFO - [2024-07-03T14:32:45.830+0000] {dag.py:3954} INFO - Setting next_dagrun for dataset_produces_2 to None, run_after=None
[2024-07-03T14:32:46.096+0000] {processor.py:183} INFO - Processing /home/airflow/.local/lib/python3.12/site-packages/airflow/example_dags/example_datasets.py took 1.606 seconds
[2024-07-03T14:33:16.183+0000] {processor.py:161} INFO - Started process (PID=643) to work on /home/airflow/.local/lib/python3.12/site-packages/airflow/example_dags/example_datasets.py
[2024-07-03T14:33:16.184+0000] {processor.py:830} INFO - Processing file /home/airflow/.local/lib/python3.12/site-packages/airflow/example_dags/example_datasets.py for tasks to queue
[2024-07-03T14:33:16.186+0000] {logging_mixin.py:188} INFO - [2024-07-03T14:33:16.186+0000] {dagbag.py:545} INFO - Filling up the DagBag from /home/airflow/.local/lib/python3.12/site-packages/airflow/example_dags/example_datasets.py
[2024-07-03T14:33:16.215+0000] {processor.py:840} INFO - DAG(s) 'consume_1_or_both_2_and_3_with_dataset_expressions', 'consume_1_and_2_with_dataset_expressions', 'dataset_produces_1', 'dataset_consumes_1_never_scheduled', 'dataset_consumes_unknown_never_scheduled', 'dataset_produces_2', 'dataset_consumes_1', 'consume_1_or_2_with_dataset_expressions', 'conditional_dataset_and_time_based_timetable', 'dataset_consumes_1_and_2' retrieved from /home/airflow/.local/lib/python3.12/site-packages/airflow/example_dags/example_datasets.py
[2024-07-03T14:33:16.352+0000] {logging_mixin.py:188} INFO - [2024-07-03T14:33:16.352+0000] {dag.py:3096} INFO - Sync 10 DAGs
[2024-07-03T14:33:16.398+0000] {logging_mixin.py:188} INFO - [2024-07-03T14:33:16.398+0000] {dag.py:3954} INFO - Setting next_dagrun for conditional_dataset_and_time_based_timetable to 2024-07-03 01:00:00+00:00, run_after=2024-07-03 01:00:00+00:00
[2024-07-03T14:33:16.411+0000] {logging_mixin.py:188} INFO - [2024-07-03T14:33:16.408+0000] {dag.py:3954} INFO - Setting next_dagrun for consume_1_and_2_with_dataset_expressions to None, run_after=None
[2024-07-03T14:33:16.416+0000] {logging_mixin.py:188} INFO - [2024-07-03T14:33:16.416+0000] {dag.py:3954} INFO - Setting next_dagrun for consume_1_or_2_with_dataset_expressions to None, run_after=None
[2024-07-03T14:33:16.422+0000] {logging_mixin.py:188} INFO - [2024-07-03T14:33:16.421+0000] {dag.py:3954} INFO - Setting next_dagrun for consume_1_or_both_2_and_3_with_dataset_expressions to None, run_after=None
[2024-07-03T14:33:16.438+0000] {logging_mixin.py:188} INFO - [2024-07-03T14:33:16.438+0000] {dag.py:3954} INFO - Setting next_dagrun for dataset_consumes_1 to None, run_after=None
[2024-07-03T14:33:16.444+0000] {logging_mixin.py:188} INFO - [2024-07-03T14:33:16.444+0000] {dag.py:3954} INFO - Setting next_dagrun for dataset_consumes_1_and_2 to None, run_after=None
[2024-07-03T14:33:16.449+0000] {logging_mixin.py:188} INFO - [2024-07-03T14:33:16.447+0000] {dag.py:3954} INFO - Setting next_dagrun for dataset_consumes_1_never_scheduled to None, run_after=None
[2024-07-03T14:33:16.453+0000] {logging_mixin.py:188} INFO - [2024-07-03T14:33:16.453+0000] {dag.py:3954} INFO - Setting next_dagrun for dataset_consumes_unknown_never_scheduled to None, run_after=None
[2024-07-03T14:33:16.458+0000] {logging_mixin.py:188} INFO - [2024-07-03T14:33:16.458+0000] {dag.py:3954} INFO - Setting next_dagrun for dataset_produces_1 to 2024-07-02 00:00:00+00:00, run_after=2024-07-03 00:00:00+00:00
[2024-07-03T14:33:16.462+0000] {logging_mixin.py:188} INFO - [2024-07-03T14:33:16.462+0000] {dag.py:3954} INFO - Setting next_dagrun for dataset_produces_2 to None, run_after=None
[2024-07-03T14:33:16.524+0000] {processor.py:183} INFO - Processing /home/airflow/.local/lib/python3.12/site-packages/airflow/example_dags/example_datasets.py took 0.350 seconds
[2024-07-03T14:34:10.254+0000] {processor.py:161} INFO - Started process (PID=704) to work on /home/airflow/.local/lib/python3.12/site-packages/airflow/example_dags/example_datasets.py
[2024-07-03T14:34:10.256+0000] {processor.py:830} INFO - Processing file /home/airflow/.local/lib/python3.12/site-packages/airflow/example_dags/example_datasets.py for tasks to queue
[2024-07-03T14:34:10.257+0000] {logging_mixin.py:188} INFO - [2024-07-03T14:34:10.256+0000] {dagbag.py:545} INFO - Filling up the DagBag from /home/airflow/.local/lib/python3.12/site-packages/airflow/example_dags/example_datasets.py
[2024-07-03T14:34:10.290+0000] {processor.py:840} INFO - DAG(s) 'dataset_produces_2', 'conditional_dataset_and_time_based_timetable', 'consume_1_or_both_2_and_3_with_dataset_expressions', 'dataset_consumes_unknown_never_scheduled', 'dataset_produces_1', 'dataset_consumes_1_never_scheduled', 'dataset_consumes_1', 'dataset_consumes_1_and_2', 'consume_1_and_2_with_dataset_expressions', 'consume_1_or_2_with_dataset_expressions' retrieved from /home/airflow/.local/lib/python3.12/site-packages/airflow/example_dags/example_datasets.py
[2024-07-03T14:34:10.349+0000] {logging_mixin.py:188} INFO - [2024-07-03T14:34:10.348+0000] {dag.py:3096} INFO - Sync 10 DAGs
[2024-07-03T14:34:10.385+0000] {logging_mixin.py:188} INFO - [2024-07-03T14:34:10.384+0000] {dag.py:3954} INFO - Setting next_dagrun for conditional_dataset_and_time_based_timetable to 2024-07-03 01:00:00+00:00, run_after=2024-07-03 01:00:00+00:00
[2024-07-03T14:34:10.390+0000] {logging_mixin.py:188} INFO - [2024-07-03T14:34:10.389+0000] {dag.py:3954} INFO - Setting next_dagrun for consume_1_and_2_with_dataset_expressions to None, run_after=None
[2024-07-03T14:34:10.392+0000] {logging_mixin.py:188} INFO - [2024-07-03T14:34:10.392+0000] {dag.py:3954} INFO - Setting next_dagrun for consume_1_or_2_with_dataset_expressions to None, run_after=None
[2024-07-03T14:34:10.394+0000] {logging_mixin.py:188} INFO - [2024-07-03T14:34:10.394+0000] {dag.py:3954} INFO - Setting next_dagrun for consume_1_or_both_2_and_3_with_dataset_expressions to None, run_after=None
[2024-07-03T14:34:10.395+0000] {logging_mixin.py:188} INFO - [2024-07-03T14:34:10.395+0000] {dag.py:3954} INFO - Setting next_dagrun for dataset_consumes_1 to None, run_after=None
[2024-07-03T14:34:10.398+0000] {logging_mixin.py:188} INFO - [2024-07-03T14:34:10.397+0000] {dag.py:3954} INFO - Setting next_dagrun for dataset_consumes_1_and_2 to None, run_after=None
[2024-07-03T14:34:10.399+0000] {logging_mixin.py:188} INFO - [2024-07-03T14:34:10.399+0000] {dag.py:3954} INFO - Setting next_dagrun for dataset_consumes_1_never_scheduled to None, run_after=None
[2024-07-03T14:34:10.400+0000] {logging_mixin.py:188} INFO - [2024-07-03T14:34:10.400+0000] {dag.py:3954} INFO - Setting next_dagrun for dataset_consumes_unknown_never_scheduled to None, run_after=None
[2024-07-03T14:34:10.403+0000] {logging_mixin.py:188} INFO - [2024-07-03T14:34:10.403+0000] {dag.py:3954} INFO - Setting next_dagrun for dataset_produces_1 to 2024-07-02 00:00:00+00:00, run_after=2024-07-03 00:00:00+00:00
[2024-07-03T14:34:10.405+0000] {logging_mixin.py:188} INFO - [2024-07-03T14:34:10.405+0000] {dag.py:3954} INFO - Setting next_dagrun for dataset_produces_2 to None, run_after=None
[2024-07-03T14:34:10.450+0000] {processor.py:183} INFO - Processing /home/airflow/.local/lib/python3.12/site-packages/airflow/example_dags/example_datasets.py took 0.203 seconds
[2024-07-03T14:34:40.826+0000] {processor.py:161} INFO - Started process (PID=763) to work on /home/airflow/.local/lib/python3.12/site-packages/airflow/example_dags/example_datasets.py
[2024-07-03T14:34:40.839+0000] {processor.py:830} INFO - Processing file /home/airflow/.local/lib/python3.12/site-packages/airflow/example_dags/example_datasets.py for tasks to queue
[2024-07-03T14:34:40.846+0000] {logging_mixin.py:188} INFO - [2024-07-03T14:34:40.845+0000] {dagbag.py:545} INFO - Filling up the DagBag from /home/airflow/.local/lib/python3.12/site-packages/airflow/example_dags/example_datasets.py
[2024-07-03T14:34:40.872+0000] {processor.py:840} INFO - DAG(s) 'consume_1_and_2_with_dataset_expressions', 'dataset_consumes_unknown_never_scheduled', 'consume_1_or_both_2_and_3_with_dataset_expressions', 'dataset_produces_2', 'dataset_consumes_1', 'dataset_consumes_1_never_scheduled', 'conditional_dataset_and_time_based_timetable', 'consume_1_or_2_with_dataset_expressions', 'dataset_produces_1', 'dataset_consumes_1_and_2' retrieved from /home/airflow/.local/lib/python3.12/site-packages/airflow/example_dags/example_datasets.py
[2024-07-03T14:34:41.031+0000] {logging_mixin.py:188} INFO - [2024-07-03T14:34:41.031+0000] {dag.py:3096} INFO - Sync 10 DAGs
[2024-07-03T14:34:41.132+0000] {logging_mixin.py:188} INFO - [2024-07-03T14:34:41.132+0000] {dag.py:3954} INFO - Setting next_dagrun for conditional_dataset_and_time_based_timetable to 2024-07-03 01:00:00+00:00, run_after=2024-07-03 01:00:00+00:00
[2024-07-03T14:34:41.140+0000] {logging_mixin.py:188} INFO - [2024-07-03T14:34:41.140+0000] {dag.py:3954} INFO - Setting next_dagrun for consume_1_and_2_with_dataset_expressions to None, run_after=None
[2024-07-03T14:34:41.150+0000] {logging_mixin.py:188} INFO - [2024-07-03T14:34:41.150+0000] {dag.py:3954} INFO - Setting next_dagrun for consume_1_or_2_with_dataset_expressions to None, run_after=None
[2024-07-03T14:34:41.152+0000] {logging_mixin.py:188} INFO - [2024-07-03T14:34:41.152+0000] {dag.py:3954} INFO - Setting next_dagrun for consume_1_or_both_2_and_3_with_dataset_expressions to None, run_after=None
[2024-07-03T14:34:41.154+0000] {logging_mixin.py:188} INFO - [2024-07-03T14:34:41.153+0000] {dag.py:3954} INFO - Setting next_dagrun for dataset_consumes_1 to None, run_after=None
[2024-07-03T14:34:41.161+0000] {logging_mixin.py:188} INFO - [2024-07-03T14:34:41.161+0000] {dag.py:3954} INFO - Setting next_dagrun for dataset_consumes_1_and_2 to None, run_after=None
[2024-07-03T14:34:41.164+0000] {logging_mixin.py:188} INFO - [2024-07-03T14:34:41.164+0000] {dag.py:3954} INFO - Setting next_dagrun for dataset_consumes_1_never_scheduled to None, run_after=None
[2024-07-03T14:34:41.166+0000] {logging_mixin.py:188} INFO - [2024-07-03T14:34:41.166+0000] {dag.py:3954} INFO - Setting next_dagrun for dataset_consumes_unknown_never_scheduled to None, run_after=None
[2024-07-03T14:34:41.168+0000] {logging_mixin.py:188} INFO - [2024-07-03T14:34:41.168+0000] {dag.py:3954} INFO - Setting next_dagrun for dataset_produces_1 to 2024-07-02 00:00:00+00:00, run_after=2024-07-03 00:00:00+00:00
[2024-07-03T14:34:41.177+0000] {logging_mixin.py:188} INFO - [2024-07-03T14:34:41.176+0000] {dag.py:3954} INFO - Setting next_dagrun for dataset_produces_2 to None, run_after=None
[2024-07-03T14:34:41.236+0000] {processor.py:183} INFO - Processing /home/airflow/.local/lib/python3.12/site-packages/airflow/example_dags/example_datasets.py took 0.416 seconds
[2024-07-03T14:35:11.573+0000] {processor.py:161} INFO - Started process (PID=822) to work on /home/airflow/.local/lib/python3.12/site-packages/airflow/example_dags/example_datasets.py
[2024-07-03T14:35:11.574+0000] {processor.py:830} INFO - Processing file /home/airflow/.local/lib/python3.12/site-packages/airflow/example_dags/example_datasets.py for tasks to queue
[2024-07-03T14:35:11.584+0000] {logging_mixin.py:188} INFO - [2024-07-03T14:35:11.583+0000] {dagbag.py:545} INFO - Filling up the DagBag from /home/airflow/.local/lib/python3.12/site-packages/airflow/example_dags/example_datasets.py
[2024-07-03T14:35:11.615+0000] {processor.py:840} INFO - DAG(s) 'dataset_consumes_1_never_scheduled', 'dataset_consumes_unknown_never_scheduled', 'dataset_produces_1', 'dataset_consumes_1', 'dataset_consumes_1_and_2', 'consume_1_or_2_with_dataset_expressions', 'consume_1_and_2_with_dataset_expressions', 'consume_1_or_both_2_and_3_with_dataset_expressions', 'conditional_dataset_and_time_based_timetable', 'dataset_produces_2' retrieved from /home/airflow/.local/lib/python3.12/site-packages/airflow/example_dags/example_datasets.py
[2024-07-03T14:35:11.749+0000] {logging_mixin.py:188} INFO - [2024-07-03T14:35:11.749+0000] {dag.py:3096} INFO - Sync 10 DAGs
[2024-07-03T14:35:11.804+0000] {logging_mixin.py:188} INFO - [2024-07-03T14:35:11.804+0000] {dag.py:3954} INFO - Setting next_dagrun for conditional_dataset_and_time_based_timetable to 2024-07-03 01:00:00+00:00, run_after=2024-07-03 01:00:00+00:00
[2024-07-03T14:35:11.810+0000] {logging_mixin.py:188} INFO - [2024-07-03T14:35:11.809+0000] {dag.py:3954} INFO - Setting next_dagrun for consume_1_and_2_with_dataset_expressions to None, run_after=None
[2024-07-03T14:35:11.812+0000] {logging_mixin.py:188} INFO - [2024-07-03T14:35:11.812+0000] {dag.py:3954} INFO - Setting next_dagrun for consume_1_or_2_with_dataset_expressions to None, run_after=None
[2024-07-03T14:35:11.814+0000] {logging_mixin.py:188} INFO - [2024-07-03T14:35:11.814+0000] {dag.py:3954} INFO - Setting next_dagrun for consume_1_or_both_2_and_3_with_dataset_expressions to None, run_after=None
[2024-07-03T14:35:11.816+0000] {logging_mixin.py:188} INFO - [2024-07-03T14:35:11.816+0000] {dag.py:3954} INFO - Setting next_dagrun for dataset_consumes_1 to None, run_after=None
[2024-07-03T14:35:11.818+0000] {logging_mixin.py:188} INFO - [2024-07-03T14:35:11.818+0000] {dag.py:3954} INFO - Setting next_dagrun for dataset_consumes_1_and_2 to None, run_after=None
[2024-07-03T14:35:11.826+0000] {logging_mixin.py:188} INFO - [2024-07-03T14:35:11.820+0000] {dag.py:3954} INFO - Setting next_dagrun for dataset_consumes_1_never_scheduled to None, run_after=None
[2024-07-03T14:35:11.829+0000] {logging_mixin.py:188} INFO - [2024-07-03T14:35:11.828+0000] {dag.py:3954} INFO - Setting next_dagrun for dataset_consumes_unknown_never_scheduled to None, run_after=None
[2024-07-03T14:35:11.832+0000] {logging_mixin.py:188} INFO - [2024-07-03T14:35:11.832+0000] {dag.py:3954} INFO - Setting next_dagrun for dataset_produces_1 to 2024-07-02 00:00:00+00:00, run_after=2024-07-03 00:00:00+00:00
[2024-07-03T14:35:11.834+0000] {logging_mixin.py:188} INFO - [2024-07-03T14:35:11.834+0000] {dag.py:3954} INFO - Setting next_dagrun for dataset_produces_2 to None, run_after=None
[2024-07-03T14:35:11.899+0000] {processor.py:183} INFO - Processing /home/airflow/.local/lib/python3.12/site-packages/airflow/example_dags/example_datasets.py took 0.333 seconds
