[2024-07-03T14:28:09.017+0000] {processor.py:161} INFO - Started process (PID=70) to work on /home/airflow/.local/lib/python3.12/site-packages/airflow/example_dags/example_skip_dag.py
[2024-07-03T14:28:09.018+0000] {processor.py:830} INFO - Processing file /home/airflow/.local/lib/python3.12/site-packages/airflow/example_dags/example_skip_dag.py for tasks to queue
[2024-07-03T14:28:09.022+0000] {logging_mixin.py:188} INFO - [2024-07-03T14:28:09.021+0000] {dagbag.py:545} INFO - Filling up the DagBag from /home/airflow/.local/lib/python3.12/site-packages/airflow/example_dags/example_skip_dag.py
[2024-07-03T14:28:09.039+0000] {processor.py:840} INFO - DAG(s) 'example_skip_dag' retrieved from /home/airflow/.local/lib/python3.12/site-packages/airflow/example_dags/example_skip_dag.py
[2024-07-03T14:28:09.328+0000] {logging_mixin.py:188} INFO - [2024-07-03T14:28:09.328+0000] {dag.py:3096} INFO - Sync 1 DAGs
[2024-07-03T14:28:09.350+0000] {logging_mixin.py:188} INFO - [2024-07-03T14:28:09.350+0000] {dag.py:3954} INFO - Setting next_dagrun for example_skip_dag to 2024-07-02 00:00:00+00:00, run_after=2024-07-03 00:00:00+00:00
[2024-07-03T14:28:09.396+0000] {processor.py:183} INFO - Processing /home/airflow/.local/lib/python3.12/site-packages/airflow/example_dags/example_skip_dag.py took 0.388 seconds
[2024-07-03T14:28:39.435+0000] {processor.py:161} INFO - Started process (PID=128) to work on /home/airflow/.local/lib/python3.12/site-packages/airflow/example_dags/example_skip_dag.py
[2024-07-03T14:28:39.436+0000] {processor.py:830} INFO - Processing file /home/airflow/.local/lib/python3.12/site-packages/airflow/example_dags/example_skip_dag.py for tasks to queue
[2024-07-03T14:28:39.438+0000] {logging_mixin.py:188} INFO - [2024-07-03T14:28:39.438+0000] {dagbag.py:545} INFO - Filling up the DagBag from /home/airflow/.local/lib/python3.12/site-packages/airflow/example_dags/example_skip_dag.py
[2024-07-03T14:28:39.444+0000] {processor.py:840} INFO - DAG(s) 'example_skip_dag' retrieved from /home/airflow/.local/lib/python3.12/site-packages/airflow/example_dags/example_skip_dag.py
[2024-07-03T14:28:39.464+0000] {logging_mixin.py:188} INFO - [2024-07-03T14:28:39.464+0000] {dag.py:3096} INFO - Sync 1 DAGs
[2024-07-03T14:28:39.487+0000] {logging_mixin.py:188} INFO - [2024-07-03T14:28:39.486+0000] {dag.py:3954} INFO - Setting next_dagrun for example_skip_dag to 2024-07-02 00:00:00+00:00, run_after=2024-07-03 00:00:00+00:00
[2024-07-03T14:28:39.509+0000] {processor.py:183} INFO - Processing /home/airflow/.local/lib/python3.12/site-packages/airflow/example_dags/example_skip_dag.py took 0.079 seconds
[2024-07-03T14:29:11.082+0000] {processor.py:161} INFO - Started process (PID=186) to work on /home/airflow/.local/lib/python3.12/site-packages/airflow/example_dags/example_skip_dag.py
[2024-07-03T14:29:11.084+0000] {processor.py:830} INFO - Processing file /home/airflow/.local/lib/python3.12/site-packages/airflow/example_dags/example_skip_dag.py for tasks to queue
[2024-07-03T14:29:11.087+0000] {logging_mixin.py:188} INFO - [2024-07-03T14:29:11.086+0000] {dagbag.py:545} INFO - Filling up the DagBag from /home/airflow/.local/lib/python3.12/site-packages/airflow/example_dags/example_skip_dag.py
[2024-07-03T14:29:11.107+0000] {processor.py:840} INFO - DAG(s) 'example_skip_dag' retrieved from /home/airflow/.local/lib/python3.12/site-packages/airflow/example_dags/example_skip_dag.py
[2024-07-03T14:29:11.176+0000] {logging_mixin.py:188} INFO - [2024-07-03T14:29:11.176+0000] {dag.py:3096} INFO - Sync 1 DAGs
[2024-07-03T14:29:11.234+0000] {logging_mixin.py:188} INFO - [2024-07-03T14:29:11.233+0000] {dag.py:3954} INFO - Setting next_dagrun for example_skip_dag to 2024-07-02 00:00:00+00:00, run_after=2024-07-03 00:00:00+00:00
[2024-07-03T14:29:11.277+0000] {processor.py:183} INFO - Processing /home/airflow/.local/lib/python3.12/site-packages/airflow/example_dags/example_skip_dag.py took 0.204 seconds
[2024-07-03T14:29:44.767+0000] {processor.py:161} INFO - Started process (PID=244) to work on /home/airflow/.local/lib/python3.12/site-packages/airflow/example_dags/example_skip_dag.py
[2024-07-03T14:29:44.783+0000] {processor.py:830} INFO - Processing file /home/airflow/.local/lib/python3.12/site-packages/airflow/example_dags/example_skip_dag.py for tasks to queue
[2024-07-03T14:29:44.794+0000] {logging_mixin.py:188} INFO - [2024-07-03T14:29:44.793+0000] {dagbag.py:545} INFO - Filling up the DagBag from /home/airflow/.local/lib/python3.12/site-packages/airflow/example_dags/example_skip_dag.py
[2024-07-03T14:29:44.814+0000] {processor.py:840} INFO - DAG(s) 'example_skip_dag' retrieved from /home/airflow/.local/lib/python3.12/site-packages/airflow/example_dags/example_skip_dag.py
[2024-07-03T14:29:45.555+0000] {logging_mixin.py:188} INFO - [2024-07-03T14:29:45.554+0000] {dag.py:3096} INFO - Sync 1 DAGs
[2024-07-03T14:29:45.708+0000] {logging_mixin.py:188} INFO - [2024-07-03T14:29:45.708+0000] {dag.py:3954} INFO - Setting next_dagrun for example_skip_dag to 2024-07-02 00:00:00+00:00, run_after=2024-07-03 00:00:00+00:00
[2024-07-03T14:29:45.975+0000] {processor.py:183} INFO - Processing /home/airflow/.local/lib/python3.12/site-packages/airflow/example_dags/example_skip_dag.py took 1.228 seconds
[2024-07-03T14:30:16.424+0000] {processor.py:161} INFO - Started process (PID=308) to work on /home/airflow/.local/lib/python3.12/site-packages/airflow/example_dags/example_skip_dag.py
[2024-07-03T14:30:16.427+0000] {processor.py:830} INFO - Processing file /home/airflow/.local/lib/python3.12/site-packages/airflow/example_dags/example_skip_dag.py for tasks to queue
[2024-07-03T14:30:16.430+0000] {logging_mixin.py:188} INFO - [2024-07-03T14:30:16.430+0000] {dagbag.py:545} INFO - Filling up the DagBag from /home/airflow/.local/lib/python3.12/site-packages/airflow/example_dags/example_skip_dag.py
[2024-07-03T14:30:16.452+0000] {processor.py:840} INFO - DAG(s) 'example_skip_dag' retrieved from /home/airflow/.local/lib/python3.12/site-packages/airflow/example_dags/example_skip_dag.py
[2024-07-03T14:30:16.521+0000] {logging_mixin.py:188} INFO - [2024-07-03T14:30:16.520+0000] {dag.py:3096} INFO - Sync 1 DAGs
[2024-07-03T14:30:16.604+0000] {logging_mixin.py:188} INFO - [2024-07-03T14:30:16.604+0000] {dag.py:3954} INFO - Setting next_dagrun for example_skip_dag to 2024-07-02 00:00:00+00:00, run_after=2024-07-03 00:00:00+00:00
[2024-07-03T14:30:16.699+0000] {processor.py:183} INFO - Processing /home/airflow/.local/lib/python3.12/site-packages/airflow/example_dags/example_skip_dag.py took 0.304 seconds
[2024-07-03T14:30:46.916+0000] {processor.py:161} INFO - Started process (PID=366) to work on /home/airflow/.local/lib/python3.12/site-packages/airflow/example_dags/example_skip_dag.py
[2024-07-03T14:30:46.918+0000] {processor.py:830} INFO - Processing file /home/airflow/.local/lib/python3.12/site-packages/airflow/example_dags/example_skip_dag.py for tasks to queue
[2024-07-03T14:30:46.920+0000] {logging_mixin.py:188} INFO - [2024-07-03T14:30:46.919+0000] {dagbag.py:545} INFO - Filling up the DagBag from /home/airflow/.local/lib/python3.12/site-packages/airflow/example_dags/example_skip_dag.py
[2024-07-03T14:30:46.929+0000] {processor.py:840} INFO - DAG(s) 'example_skip_dag' retrieved from /home/airflow/.local/lib/python3.12/site-packages/airflow/example_dags/example_skip_dag.py
[2024-07-03T14:30:46.958+0000] {logging_mixin.py:188} INFO - [2024-07-03T14:30:46.958+0000] {dag.py:3096} INFO - Sync 1 DAGs
[2024-07-03T14:30:46.996+0000] {logging_mixin.py:188} INFO - [2024-07-03T14:30:46.996+0000] {dag.py:3954} INFO - Setting next_dagrun for example_skip_dag to 2024-07-02 00:00:00+00:00, run_after=2024-07-03 00:00:00+00:00
[2024-07-03T14:30:47.025+0000] {processor.py:183} INFO - Processing /home/airflow/.local/lib/python3.12/site-packages/airflow/example_dags/example_skip_dag.py took 0.114 seconds
[2024-07-03T14:31:17.123+0000] {processor.py:161} INFO - Started process (PID=424) to work on /home/airflow/.local/lib/python3.12/site-packages/airflow/example_dags/example_skip_dag.py
[2024-07-03T14:31:17.126+0000] {processor.py:830} INFO - Processing file /home/airflow/.local/lib/python3.12/site-packages/airflow/example_dags/example_skip_dag.py for tasks to queue
[2024-07-03T14:31:17.128+0000] {logging_mixin.py:188} INFO - [2024-07-03T14:31:17.127+0000] {dagbag.py:545} INFO - Filling up the DagBag from /home/airflow/.local/lib/python3.12/site-packages/airflow/example_dags/example_skip_dag.py
[2024-07-03T14:31:17.135+0000] {processor.py:840} INFO - DAG(s) 'example_skip_dag' retrieved from /home/airflow/.local/lib/python3.12/site-packages/airflow/example_dags/example_skip_dag.py
[2024-07-03T14:31:17.181+0000] {logging_mixin.py:188} INFO - [2024-07-03T14:31:17.180+0000] {dag.py:3096} INFO - Sync 1 DAGs
[2024-07-03T14:31:17.213+0000] {logging_mixin.py:188} INFO - [2024-07-03T14:31:17.212+0000] {dag.py:3954} INFO - Setting next_dagrun for example_skip_dag to 2024-07-02 00:00:00+00:00, run_after=2024-07-03 00:00:00+00:00
[2024-07-03T14:31:17.232+0000] {processor.py:183} INFO - Processing /home/airflow/.local/lib/python3.12/site-packages/airflow/example_dags/example_skip_dag.py took 0.123 seconds
[2024-07-03T14:31:47.464+0000] {processor.py:161} INFO - Started process (PID=483) to work on /home/airflow/.local/lib/python3.12/site-packages/airflow/example_dags/example_skip_dag.py
[2024-07-03T14:31:47.467+0000] {processor.py:830} INFO - Processing file /home/airflow/.local/lib/python3.12/site-packages/airflow/example_dags/example_skip_dag.py for tasks to queue
[2024-07-03T14:31:47.468+0000] {logging_mixin.py:188} INFO - [2024-07-03T14:31:47.468+0000] {dagbag.py:545} INFO - Filling up the DagBag from /home/airflow/.local/lib/python3.12/site-packages/airflow/example_dags/example_skip_dag.py
[2024-07-03T14:31:47.475+0000] {processor.py:840} INFO - DAG(s) 'example_skip_dag' retrieved from /home/airflow/.local/lib/python3.12/site-packages/airflow/example_dags/example_skip_dag.py
[2024-07-03T14:31:47.497+0000] {logging_mixin.py:188} INFO - [2024-07-03T14:31:47.496+0000] {dag.py:3096} INFO - Sync 1 DAGs
[2024-07-03T14:31:47.521+0000] {logging_mixin.py:188} INFO - [2024-07-03T14:31:47.520+0000] {dag.py:3954} INFO - Setting next_dagrun for example_skip_dag to 2024-07-02 00:00:00+00:00, run_after=2024-07-03 00:00:00+00:00
[2024-07-03T14:31:47.545+0000] {processor.py:183} INFO - Processing /home/airflow/.local/lib/python3.12/site-packages/airflow/example_dags/example_skip_dag.py took 0.087 seconds
[2024-07-03T14:32:18.150+0000] {processor.py:161} INFO - Started process (PID=541) to work on /home/airflow/.local/lib/python3.12/site-packages/airflow/example_dags/example_skip_dag.py
[2024-07-03T14:32:18.151+0000] {processor.py:830} INFO - Processing file /home/airflow/.local/lib/python3.12/site-packages/airflow/example_dags/example_skip_dag.py for tasks to queue
[2024-07-03T14:32:18.153+0000] {logging_mixin.py:188} INFO - [2024-07-03T14:32:18.153+0000] {dagbag.py:545} INFO - Filling up the DagBag from /home/airflow/.local/lib/python3.12/site-packages/airflow/example_dags/example_skip_dag.py
[2024-07-03T14:32:18.159+0000] {processor.py:840} INFO - DAG(s) 'example_skip_dag' retrieved from /home/airflow/.local/lib/python3.12/site-packages/airflow/example_dags/example_skip_dag.py
[2024-07-03T14:32:18.182+0000] {logging_mixin.py:188} INFO - [2024-07-03T14:32:18.181+0000] {dag.py:3096} INFO - Sync 1 DAGs
[2024-07-03T14:32:18.202+0000] {logging_mixin.py:188} INFO - [2024-07-03T14:32:18.201+0000] {dag.py:3954} INFO - Setting next_dagrun for example_skip_dag to 2024-07-02 00:00:00+00:00, run_after=2024-07-03 00:00:00+00:00
[2024-07-03T14:32:18.232+0000] {processor.py:183} INFO - Processing /home/airflow/.local/lib/python3.12/site-packages/airflow/example_dags/example_skip_dag.py took 0.087 seconds
[2024-07-03T14:32:49.723+0000] {processor.py:161} INFO - Started process (PID=599) to work on /home/airflow/.local/lib/python3.12/site-packages/airflow/example_dags/example_skip_dag.py
[2024-07-03T14:32:49.727+0000] {processor.py:830} INFO - Processing file /home/airflow/.local/lib/python3.12/site-packages/airflow/example_dags/example_skip_dag.py for tasks to queue
[2024-07-03T14:32:49.729+0000] {logging_mixin.py:188} INFO - [2024-07-03T14:32:49.728+0000] {dagbag.py:545} INFO - Filling up the DagBag from /home/airflow/.local/lib/python3.12/site-packages/airflow/example_dags/example_skip_dag.py
[2024-07-03T14:32:49.750+0000] {processor.py:840} INFO - DAG(s) 'example_skip_dag' retrieved from /home/airflow/.local/lib/python3.12/site-packages/airflow/example_dags/example_skip_dag.py
[2024-07-03T14:32:49.801+0000] {logging_mixin.py:188} INFO - [2024-07-03T14:32:49.801+0000] {dag.py:3096} INFO - Sync 1 DAGs
[2024-07-03T14:32:49.842+0000] {logging_mixin.py:188} INFO - [2024-07-03T14:32:49.834+0000] {dag.py:3954} INFO - Setting next_dagrun for example_skip_dag to 2024-07-02 00:00:00+00:00, run_after=2024-07-03 00:00:00+00:00
[2024-07-03T14:32:49.885+0000] {processor.py:183} INFO - Processing /home/airflow/.local/lib/python3.12/site-packages/airflow/example_dags/example_skip_dag.py took 0.178 seconds
[2024-07-03T14:33:20.173+0000] {processor.py:161} INFO - Started process (PID=658) to work on /home/airflow/.local/lib/python3.12/site-packages/airflow/example_dags/example_skip_dag.py
[2024-07-03T14:33:20.176+0000] {processor.py:830} INFO - Processing file /home/airflow/.local/lib/python3.12/site-packages/airflow/example_dags/example_skip_dag.py for tasks to queue
[2024-07-03T14:33:20.191+0000] {logging_mixin.py:188} INFO - [2024-07-03T14:33:20.190+0000] {dagbag.py:545} INFO - Filling up the DagBag from /home/airflow/.local/lib/python3.12/site-packages/airflow/example_dags/example_skip_dag.py
[2024-07-03T14:33:20.223+0000] {processor.py:840} INFO - DAG(s) 'example_skip_dag' retrieved from /home/airflow/.local/lib/python3.12/site-packages/airflow/example_dags/example_skip_dag.py
[2024-07-03T14:33:20.293+0000] {logging_mixin.py:188} INFO - [2024-07-03T14:33:20.292+0000] {dag.py:3096} INFO - Sync 1 DAGs
[2024-07-03T14:33:20.412+0000] {logging_mixin.py:188} INFO - [2024-07-03T14:33:20.412+0000] {dag.py:3954} INFO - Setting next_dagrun for example_skip_dag to 2024-07-02 00:00:00+00:00, run_after=2024-07-03 00:00:00+00:00
[2024-07-03T14:33:20.548+0000] {processor.py:183} INFO - Processing /home/airflow/.local/lib/python3.12/site-packages/airflow/example_dags/example_skip_dag.py took 0.398 seconds
[2024-07-03T14:34:11.473+0000] {processor.py:161} INFO - Started process (PID=717) to work on /home/airflow/.local/lib/python3.12/site-packages/airflow/example_dags/example_skip_dag.py
[2024-07-03T14:34:11.475+0000] {processor.py:830} INFO - Processing file /home/airflow/.local/lib/python3.12/site-packages/airflow/example_dags/example_skip_dag.py for tasks to queue
[2024-07-03T14:34:11.476+0000] {logging_mixin.py:188} INFO - [2024-07-03T14:34:11.476+0000] {dagbag.py:545} INFO - Filling up the DagBag from /home/airflow/.local/lib/python3.12/site-packages/airflow/example_dags/example_skip_dag.py
[2024-07-03T14:34:11.484+0000] {processor.py:840} INFO - DAG(s) 'example_skip_dag' retrieved from /home/airflow/.local/lib/python3.12/site-packages/airflow/example_dags/example_skip_dag.py
[2024-07-03T14:34:11.508+0000] {logging_mixin.py:188} INFO - [2024-07-03T14:34:11.508+0000] {dag.py:3096} INFO - Sync 1 DAGs
[2024-07-03T14:34:11.541+0000] {logging_mixin.py:188} INFO - [2024-07-03T14:34:11.540+0000] {dag.py:3954} INFO - Setting next_dagrun for example_skip_dag to 2024-07-02 00:00:00+00:00, run_after=2024-07-03 00:00:00+00:00
[2024-07-03T14:34:11.571+0000] {processor.py:183} INFO - Processing /home/airflow/.local/lib/python3.12/site-packages/airflow/example_dags/example_skip_dag.py took 0.105 seconds
[2024-07-03T14:34:41.970+0000] {processor.py:161} INFO - Started process (PID=774) to work on /home/airflow/.local/lib/python3.12/site-packages/airflow/example_dags/example_skip_dag.py
[2024-07-03T14:34:41.989+0000] {processor.py:830} INFO - Processing file /home/airflow/.local/lib/python3.12/site-packages/airflow/example_dags/example_skip_dag.py for tasks to queue
[2024-07-03T14:34:41.991+0000] {logging_mixin.py:188} INFO - [2024-07-03T14:34:41.990+0000] {dagbag.py:545} INFO - Filling up the DagBag from /home/airflow/.local/lib/python3.12/site-packages/airflow/example_dags/example_skip_dag.py
[2024-07-03T14:34:41.998+0000] {processor.py:840} INFO - DAG(s) 'example_skip_dag' retrieved from /home/airflow/.local/lib/python3.12/site-packages/airflow/example_dags/example_skip_dag.py
[2024-07-03T14:34:42.071+0000] {logging_mixin.py:188} INFO - [2024-07-03T14:34:42.071+0000] {dag.py:3096} INFO - Sync 1 DAGs
[2024-07-03T14:34:42.130+0000] {logging_mixin.py:188} INFO - [2024-07-03T14:34:42.130+0000] {dag.py:3954} INFO - Setting next_dagrun for example_skip_dag to 2024-07-02 00:00:00+00:00, run_after=2024-07-03 00:00:00+00:00
[2024-07-03T14:34:42.190+0000] {processor.py:183} INFO - Processing /home/airflow/.local/lib/python3.12/site-packages/airflow/example_dags/example_skip_dag.py took 0.236 seconds
[2024-07-03T14:35:13.022+0000] {processor.py:161} INFO - Started process (PID=832) to work on /home/airflow/.local/lib/python3.12/site-packages/airflow/example_dags/example_skip_dag.py
[2024-07-03T14:35:13.046+0000] {processor.py:830} INFO - Processing file /home/airflow/.local/lib/python3.12/site-packages/airflow/example_dags/example_skip_dag.py for tasks to queue
[2024-07-03T14:35:13.048+0000] {logging_mixin.py:188} INFO - [2024-07-03T14:35:13.047+0000] {dagbag.py:545} INFO - Filling up the DagBag from /home/airflow/.local/lib/python3.12/site-packages/airflow/example_dags/example_skip_dag.py
[2024-07-03T14:35:13.078+0000] {processor.py:840} INFO - DAG(s) 'example_skip_dag' retrieved from /home/airflow/.local/lib/python3.12/site-packages/airflow/example_dags/example_skip_dag.py
[2024-07-03T14:35:13.209+0000] {logging_mixin.py:188} INFO - [2024-07-03T14:35:13.209+0000] {dag.py:3096} INFO - Sync 1 DAGs
[2024-07-03T14:35:13.260+0000] {logging_mixin.py:188} INFO - [2024-07-03T14:35:13.260+0000] {dag.py:3954} INFO - Setting next_dagrun for example_skip_dag to 2024-07-02 00:00:00+00:00, run_after=2024-07-03 00:00:00+00:00
[2024-07-03T14:35:13.308+0000] {processor.py:183} INFO - Processing /home/airflow/.local/lib/python3.12/site-packages/airflow/example_dags/example_skip_dag.py took 0.294 seconds
