[2024-07-03T14:28:06.822+0000] {processor.py:161} INFO - Started process (PID=62) to work on /home/airflow/.local/lib/python3.12/site-packages/airflow/example_dags/example_latest_only.py
[2024-07-03T14:28:06.823+0000] {processor.py:830} INFO - Processing file /home/airflow/.local/lib/python3.12/site-packages/airflow/example_dags/example_latest_only.py for tasks to queue
[2024-07-03T14:28:06.826+0000] {logging_mixin.py:188} INFO - [2024-07-03T14:28:06.825+0000] {dagbag.py:545} INFO - Filling up the DagBag from /home/airflow/.local/lib/python3.12/site-packages/airflow/example_dags/example_latest_only.py
[2024-07-03T14:28:06.835+0000] {processor.py:840} INFO - DAG(s) 'latest_only' retrieved from /home/airflow/.local/lib/python3.12/site-packages/airflow/example_dags/example_latest_only.py
[2024-07-03T14:28:07.140+0000] {logging_mixin.py:188} INFO - [2024-07-03T14:28:07.139+0000] {dag.py:3096} INFO - Sync 1 DAGs
[2024-07-03T14:28:07.164+0000] {logging_mixin.py:188} INFO - [2024-07-03T14:28:07.164+0000] {dag.py:3954} INFO - Setting next_dagrun for latest_only to 2024-07-03 08:00:00+00:00, run_after=2024-07-03 12:00:00+00:00
[2024-07-03T14:28:07.216+0000] {processor.py:183} INFO - Processing /home/airflow/.local/lib/python3.12/site-packages/airflow/example_dags/example_latest_only.py took 0.404 seconds
[2024-07-03T14:28:37.785+0000] {processor.py:161} INFO - Started process (PID=120) to work on /home/airflow/.local/lib/python3.12/site-packages/airflow/example_dags/example_latest_only.py
[2024-07-03T14:28:37.786+0000] {processor.py:830} INFO - Processing file /home/airflow/.local/lib/python3.12/site-packages/airflow/example_dags/example_latest_only.py for tasks to queue
[2024-07-03T14:28:37.789+0000] {logging_mixin.py:188} INFO - [2024-07-03T14:28:37.788+0000] {dagbag.py:545} INFO - Filling up the DagBag from /home/airflow/.local/lib/python3.12/site-packages/airflow/example_dags/example_latest_only.py
[2024-07-03T14:28:37.795+0000] {processor.py:840} INFO - DAG(s) 'latest_only' retrieved from /home/airflow/.local/lib/python3.12/site-packages/airflow/example_dags/example_latest_only.py
[2024-07-03T14:28:37.817+0000] {logging_mixin.py:188} INFO - [2024-07-03T14:28:37.817+0000] {dag.py:3096} INFO - Sync 1 DAGs
[2024-07-03T14:28:37.847+0000] {logging_mixin.py:188} INFO - [2024-07-03T14:28:37.847+0000] {dag.py:3954} INFO - Setting next_dagrun for latest_only to 2024-07-03 08:00:00+00:00, run_after=2024-07-03 12:00:00+00:00
[2024-07-03T14:28:37.886+0000] {processor.py:183} INFO - Processing /home/airflow/.local/lib/python3.12/site-packages/airflow/example_dags/example_latest_only.py took 0.107 seconds
[2024-07-03T14:29:08.856+0000] {processor.py:161} INFO - Started process (PID=178) to work on /home/airflow/.local/lib/python3.12/site-packages/airflow/example_dags/example_latest_only.py
[2024-07-03T14:29:08.866+0000] {processor.py:830} INFO - Processing file /home/airflow/.local/lib/python3.12/site-packages/airflow/example_dags/example_latest_only.py for tasks to queue
[2024-07-03T14:29:08.869+0000] {logging_mixin.py:188} INFO - [2024-07-03T14:29:08.869+0000] {dagbag.py:545} INFO - Filling up the DagBag from /home/airflow/.local/lib/python3.12/site-packages/airflow/example_dags/example_latest_only.py
[2024-07-03T14:29:08.889+0000] {processor.py:840} INFO - DAG(s) 'latest_only' retrieved from /home/airflow/.local/lib/python3.12/site-packages/airflow/example_dags/example_latest_only.py
[2024-07-03T14:29:08.973+0000] {logging_mixin.py:188} INFO - [2024-07-03T14:29:08.973+0000] {dag.py:3096} INFO - Sync 1 DAGs
[2024-07-03T14:29:09.041+0000] {logging_mixin.py:188} INFO - [2024-07-03T14:29:09.040+0000] {dag.py:3954} INFO - Setting next_dagrun for latest_only to 2024-07-03 08:00:00+00:00, run_after=2024-07-03 12:00:00+00:00
[2024-07-03T14:29:09.147+0000] {processor.py:183} INFO - Processing /home/airflow/.local/lib/python3.12/site-packages/airflow/example_dags/example_latest_only.py took 0.305 seconds
[2024-07-03T14:29:39.876+0000] {processor.py:161} INFO - Started process (PID=236) to work on /home/airflow/.local/lib/python3.12/site-packages/airflow/example_dags/example_latest_only.py
[2024-07-03T14:29:39.887+0000] {processor.py:830} INFO - Processing file /home/airflow/.local/lib/python3.12/site-packages/airflow/example_dags/example_latest_only.py for tasks to queue
[2024-07-03T14:29:39.911+0000] {logging_mixin.py:188} INFO - [2024-07-03T14:29:39.910+0000] {dagbag.py:545} INFO - Filling up the DagBag from /home/airflow/.local/lib/python3.12/site-packages/airflow/example_dags/example_latest_only.py
[2024-07-03T14:29:39.942+0000] {processor.py:840} INFO - DAG(s) 'latest_only' retrieved from /home/airflow/.local/lib/python3.12/site-packages/airflow/example_dags/example_latest_only.py
[2024-07-03T14:29:40.156+0000] {logging_mixin.py:188} INFO - [2024-07-03T14:29:40.155+0000] {dag.py:3096} INFO - Sync 1 DAGs
[2024-07-03T14:29:40.500+0000] {logging_mixin.py:188} INFO - [2024-07-03T14:29:40.499+0000] {dag.py:3954} INFO - Setting next_dagrun for latest_only to 2024-07-03 08:00:00+00:00, run_after=2024-07-03 12:00:00+00:00
[2024-07-03T14:29:41.074+0000] {processor.py:183} INFO - Processing /home/airflow/.local/lib/python3.12/site-packages/airflow/example_dags/example_latest_only.py took 1.217 seconds
[2024-07-03T14:30:11.271+0000] {processor.py:161} INFO - Started process (PID=293) to work on /home/airflow/.local/lib/python3.12/site-packages/airflow/example_dags/example_latest_only.py
[2024-07-03T14:30:11.273+0000] {processor.py:830} INFO - Processing file /home/airflow/.local/lib/python3.12/site-packages/airflow/example_dags/example_latest_only.py for tasks to queue
[2024-07-03T14:30:11.276+0000] {logging_mixin.py:188} INFO - [2024-07-03T14:30:11.275+0000] {dagbag.py:545} INFO - Filling up the DagBag from /home/airflow/.local/lib/python3.12/site-packages/airflow/example_dags/example_latest_only.py
[2024-07-03T14:30:11.288+0000] {processor.py:840} INFO - DAG(s) 'latest_only' retrieved from /home/airflow/.local/lib/python3.12/site-packages/airflow/example_dags/example_latest_only.py
[2024-07-03T14:30:11.328+0000] {logging_mixin.py:188} INFO - [2024-07-03T14:30:11.328+0000] {dag.py:3096} INFO - Sync 1 DAGs
[2024-07-03T14:30:11.424+0000] {logging_mixin.py:188} INFO - [2024-07-03T14:30:11.423+0000] {dag.py:3954} INFO - Setting next_dagrun for latest_only to 2024-07-03 08:00:00+00:00, run_after=2024-07-03 12:00:00+00:00
[2024-07-03T14:30:11.483+0000] {processor.py:183} INFO - Processing /home/airflow/.local/lib/python3.12/site-packages/airflow/example_dags/example_latest_only.py took 0.219 seconds
[2024-07-03T14:30:41.546+0000] {processor.py:161} INFO - Started process (PID=351) to work on /home/airflow/.local/lib/python3.12/site-packages/airflow/example_dags/example_latest_only.py
[2024-07-03T14:30:41.548+0000] {processor.py:830} INFO - Processing file /home/airflow/.local/lib/python3.12/site-packages/airflow/example_dags/example_latest_only.py for tasks to queue
[2024-07-03T14:30:41.555+0000] {logging_mixin.py:188} INFO - [2024-07-03T14:30:41.554+0000] {dagbag.py:545} INFO - Filling up the DagBag from /home/airflow/.local/lib/python3.12/site-packages/airflow/example_dags/example_latest_only.py
[2024-07-03T14:30:41.560+0000] {processor.py:840} INFO - DAG(s) 'latest_only' retrieved from /home/airflow/.local/lib/python3.12/site-packages/airflow/example_dags/example_latest_only.py
[2024-07-03T14:30:41.585+0000] {logging_mixin.py:188} INFO - [2024-07-03T14:30:41.584+0000] {dag.py:3096} INFO - Sync 1 DAGs
[2024-07-03T14:30:41.606+0000] {logging_mixin.py:188} INFO - [2024-07-03T14:30:41.606+0000] {dag.py:3954} INFO - Setting next_dagrun for latest_only to 2024-07-03 08:00:00+00:00, run_after=2024-07-03 12:00:00+00:00
[2024-07-03T14:30:41.625+0000] {processor.py:183} INFO - Processing /home/airflow/.local/lib/python3.12/site-packages/airflow/example_dags/example_latest_only.py took 0.085 seconds
[2024-07-03T14:31:11.698+0000] {processor.py:161} INFO - Started process (PID=409) to work on /home/airflow/.local/lib/python3.12/site-packages/airflow/example_dags/example_latest_only.py
[2024-07-03T14:31:11.699+0000] {processor.py:830} INFO - Processing file /home/airflow/.local/lib/python3.12/site-packages/airflow/example_dags/example_latest_only.py for tasks to queue
[2024-07-03T14:31:11.701+0000] {logging_mixin.py:188} INFO - [2024-07-03T14:31:11.701+0000] {dagbag.py:545} INFO - Filling up the DagBag from /home/airflow/.local/lib/python3.12/site-packages/airflow/example_dags/example_latest_only.py
[2024-07-03T14:31:11.706+0000] {processor.py:840} INFO - DAG(s) 'latest_only' retrieved from /home/airflow/.local/lib/python3.12/site-packages/airflow/example_dags/example_latest_only.py
[2024-07-03T14:31:11.725+0000] {logging_mixin.py:188} INFO - [2024-07-03T14:31:11.725+0000] {dag.py:3096} INFO - Sync 1 DAGs
[2024-07-03T14:31:11.744+0000] {logging_mixin.py:188} INFO - [2024-07-03T14:31:11.744+0000] {dag.py:3954} INFO - Setting next_dagrun for latest_only to 2024-07-03 08:00:00+00:00, run_after=2024-07-03 12:00:00+00:00
[2024-07-03T14:31:11.765+0000] {processor.py:183} INFO - Processing /home/airflow/.local/lib/python3.12/site-packages/airflow/example_dags/example_latest_only.py took 0.071 seconds
[2024-07-03T14:31:41.966+0000] {processor.py:161} INFO - Started process (PID=468) to work on /home/airflow/.local/lib/python3.12/site-packages/airflow/example_dags/example_latest_only.py
[2024-07-03T14:31:41.967+0000] {processor.py:830} INFO - Processing file /home/airflow/.local/lib/python3.12/site-packages/airflow/example_dags/example_latest_only.py for tasks to queue
[2024-07-03T14:31:41.969+0000] {logging_mixin.py:188} INFO - [2024-07-03T14:31:41.968+0000] {dagbag.py:545} INFO - Filling up the DagBag from /home/airflow/.local/lib/python3.12/site-packages/airflow/example_dags/example_latest_only.py
[2024-07-03T14:31:41.974+0000] {processor.py:840} INFO - DAG(s) 'latest_only' retrieved from /home/airflow/.local/lib/python3.12/site-packages/airflow/example_dags/example_latest_only.py
[2024-07-03T14:31:42.001+0000] {logging_mixin.py:188} INFO - [2024-07-03T14:31:42.001+0000] {dag.py:3096} INFO - Sync 1 DAGs
[2024-07-03T14:31:42.029+0000] {logging_mixin.py:188} INFO - [2024-07-03T14:31:42.029+0000] {dag.py:3954} INFO - Setting next_dagrun for latest_only to 2024-07-03 08:00:00+00:00, run_after=2024-07-03 12:00:00+00:00
[2024-07-03T14:31:42.054+0000] {processor.py:183} INFO - Processing /home/airflow/.local/lib/python3.12/site-packages/airflow/example_dags/example_latest_only.py took 0.096 seconds
[2024-07-03T14:32:12.686+0000] {processor.py:161} INFO - Started process (PID=526) to work on /home/airflow/.local/lib/python3.12/site-packages/airflow/example_dags/example_latest_only.py
[2024-07-03T14:32:12.687+0000] {processor.py:830} INFO - Processing file /home/airflow/.local/lib/python3.12/site-packages/airflow/example_dags/example_latest_only.py for tasks to queue
[2024-07-03T14:32:12.689+0000] {logging_mixin.py:188} INFO - [2024-07-03T14:32:12.689+0000] {dagbag.py:545} INFO - Filling up the DagBag from /home/airflow/.local/lib/python3.12/site-packages/airflow/example_dags/example_latest_only.py
[2024-07-03T14:32:12.693+0000] {processor.py:840} INFO - DAG(s) 'latest_only' retrieved from /home/airflow/.local/lib/python3.12/site-packages/airflow/example_dags/example_latest_only.py
[2024-07-03T14:32:12.712+0000] {logging_mixin.py:188} INFO - [2024-07-03T14:32:12.712+0000] {dag.py:3096} INFO - Sync 1 DAGs
[2024-07-03T14:32:12.731+0000] {logging_mixin.py:188} INFO - [2024-07-03T14:32:12.731+0000] {dag.py:3954} INFO - Setting next_dagrun for latest_only to 2024-07-03 08:00:00+00:00, run_after=2024-07-03 12:00:00+00:00
[2024-07-03T14:32:12.750+0000] {processor.py:183} INFO - Processing /home/airflow/.local/lib/python3.12/site-packages/airflow/example_dags/example_latest_only.py took 0.070 seconds
[2024-07-03T14:32:43.466+0000] {processor.py:161} INFO - Started process (PID=584) to work on /home/airflow/.local/lib/python3.12/site-packages/airflow/example_dags/example_latest_only.py
[2024-07-03T14:32:43.478+0000] {processor.py:830} INFO - Processing file /home/airflow/.local/lib/python3.12/site-packages/airflow/example_dags/example_latest_only.py for tasks to queue
[2024-07-03T14:32:43.485+0000] {logging_mixin.py:188} INFO - [2024-07-03T14:32:43.485+0000] {dagbag.py:545} INFO - Filling up the DagBag from /home/airflow/.local/lib/python3.12/site-packages/airflow/example_dags/example_latest_only.py
[2024-07-03T14:32:43.549+0000] {processor.py:840} INFO - DAG(s) 'latest_only' retrieved from /home/airflow/.local/lib/python3.12/site-packages/airflow/example_dags/example_latest_only.py
[2024-07-03T14:32:43.881+0000] {logging_mixin.py:188} INFO - [2024-07-03T14:32:43.880+0000] {dag.py:3096} INFO - Sync 1 DAGs
[2024-07-03T14:32:44.140+0000] {logging_mixin.py:188} INFO - [2024-07-03T14:32:44.140+0000] {dag.py:3954} INFO - Setting next_dagrun for latest_only to 2024-07-03 08:00:00+00:00, run_after=2024-07-03 12:00:00+00:00
[2024-07-03T14:32:44.322+0000] {processor.py:183} INFO - Processing /home/airflow/.local/lib/python3.12/site-packages/airflow/example_dags/example_latest_only.py took 0.864 seconds
[2024-07-03T14:33:15.068+0000] {processor.py:161} INFO - Started process (PID=642) to work on /home/airflow/.local/lib/python3.12/site-packages/airflow/example_dags/example_latest_only.py
[2024-07-03T14:33:15.069+0000] {processor.py:830} INFO - Processing file /home/airflow/.local/lib/python3.12/site-packages/airflow/example_dags/example_latest_only.py for tasks to queue
[2024-07-03T14:33:15.070+0000] {logging_mixin.py:188} INFO - [2024-07-03T14:33:15.070+0000] {dagbag.py:545} INFO - Filling up the DagBag from /home/airflow/.local/lib/python3.12/site-packages/airflow/example_dags/example_latest_only.py
[2024-07-03T14:33:15.076+0000] {processor.py:840} INFO - DAG(s) 'latest_only' retrieved from /home/airflow/.local/lib/python3.12/site-packages/airflow/example_dags/example_latest_only.py
[2024-07-03T14:33:15.105+0000] {logging_mixin.py:188} INFO - [2024-07-03T14:33:15.105+0000] {dag.py:3096} INFO - Sync 1 DAGs
[2024-07-03T14:33:15.145+0000] {logging_mixin.py:188} INFO - [2024-07-03T14:33:15.144+0000] {dag.py:3954} INFO - Setting next_dagrun for latest_only to 2024-07-03 08:00:00+00:00, run_after=2024-07-03 12:00:00+00:00
[2024-07-03T14:33:15.195+0000] {processor.py:183} INFO - Processing /home/airflow/.local/lib/python3.12/site-packages/airflow/example_dags/example_latest_only.py took 0.133 seconds
[2024-07-03T14:34:10.494+0000] {processor.py:161} INFO - Started process (PID=706) to work on /home/airflow/.local/lib/python3.12/site-packages/airflow/example_dags/example_latest_only.py
[2024-07-03T14:34:10.496+0000] {processor.py:830} INFO - Processing file /home/airflow/.local/lib/python3.12/site-packages/airflow/example_dags/example_latest_only.py for tasks to queue
[2024-07-03T14:34:10.497+0000] {logging_mixin.py:188} INFO - [2024-07-03T14:34:10.497+0000] {dagbag.py:545} INFO - Filling up the DagBag from /home/airflow/.local/lib/python3.12/site-packages/airflow/example_dags/example_latest_only.py
[2024-07-03T14:34:10.504+0000] {processor.py:840} INFO - DAG(s) 'latest_only' retrieved from /home/airflow/.local/lib/python3.12/site-packages/airflow/example_dags/example_latest_only.py
[2024-07-03T14:34:10.526+0000] {logging_mixin.py:188} INFO - [2024-07-03T14:34:10.526+0000] {dag.py:3096} INFO - Sync 1 DAGs
[2024-07-03T14:34:10.553+0000] {logging_mixin.py:188} INFO - [2024-07-03T14:34:10.552+0000] {dag.py:3954} INFO - Setting next_dagrun for latest_only to 2024-07-03 08:00:00+00:00, run_after=2024-07-03 12:00:00+00:00
[2024-07-03T14:34:10.577+0000] {processor.py:183} INFO - Processing /home/airflow/.local/lib/python3.12/site-packages/airflow/example_dags/example_latest_only.py took 0.090 seconds
[2024-07-03T14:34:41.061+0000] {processor.py:161} INFO - Started process (PID=766) to work on /home/airflow/.local/lib/python3.12/site-packages/airflow/example_dags/example_latest_only.py
[2024-07-03T14:34:41.062+0000] {processor.py:830} INFO - Processing file /home/airflow/.local/lib/python3.12/site-packages/airflow/example_dags/example_latest_only.py for tasks to queue
[2024-07-03T14:34:41.063+0000] {logging_mixin.py:188} INFO - [2024-07-03T14:34:41.063+0000] {dagbag.py:545} INFO - Filling up the DagBag from /home/airflow/.local/lib/python3.12/site-packages/airflow/example_dags/example_latest_only.py
[2024-07-03T14:34:41.071+0000] {processor.py:840} INFO - DAG(s) 'latest_only' retrieved from /home/airflow/.local/lib/python3.12/site-packages/airflow/example_dags/example_latest_only.py
[2024-07-03T14:34:41.094+0000] {logging_mixin.py:188} INFO - [2024-07-03T14:34:41.094+0000] {dag.py:3096} INFO - Sync 1 DAGs
[2024-07-03T14:34:41.119+0000] {logging_mixin.py:188} INFO - [2024-07-03T14:34:41.118+0000] {dag.py:3954} INFO - Setting next_dagrun for latest_only to 2024-07-03 08:00:00+00:00, run_after=2024-07-03 12:00:00+00:00
[2024-07-03T14:34:41.139+0000] {processor.py:183} INFO - Processing /home/airflow/.local/lib/python3.12/site-packages/airflow/example_dags/example_latest_only.py took 0.087 seconds
[2024-07-03T14:35:11.829+0000] {processor.py:161} INFO - Started process (PID=824) to work on /home/airflow/.local/lib/python3.12/site-packages/airflow/example_dags/example_latest_only.py
[2024-07-03T14:35:11.834+0000] {processor.py:830} INFO - Processing file /home/airflow/.local/lib/python3.12/site-packages/airflow/example_dags/example_latest_only.py for tasks to queue
[2024-07-03T14:35:11.836+0000] {logging_mixin.py:188} INFO - [2024-07-03T14:35:11.835+0000] {dagbag.py:545} INFO - Filling up the DagBag from /home/airflow/.local/lib/python3.12/site-packages/airflow/example_dags/example_latest_only.py
[2024-07-03T14:35:11.844+0000] {processor.py:840} INFO - DAG(s) 'latest_only' retrieved from /home/airflow/.local/lib/python3.12/site-packages/airflow/example_dags/example_latest_only.py
[2024-07-03T14:35:11.887+0000] {logging_mixin.py:188} INFO - [2024-07-03T14:35:11.887+0000] {dag.py:3096} INFO - Sync 1 DAGs
[2024-07-03T14:35:11.936+0000] {logging_mixin.py:188} INFO - [2024-07-03T14:35:11.935+0000] {dag.py:3954} INFO - Setting next_dagrun for latest_only to 2024-07-03 08:00:00+00:00, run_after=2024-07-03 12:00:00+00:00
[2024-07-03T14:35:11.983+0000] {processor.py:183} INFO - Processing /home/airflow/.local/lib/python3.12/site-packages/airflow/example_dags/example_latest_only.py took 0.162 seconds
