[2024-07-03T14:28:09.491+0000] {processor.py:161} INFO - Started process (PID=73) to work on /home/airflow/.local/lib/python3.12/site-packages/airflow/example_dags/example_time_delta_sensor_async.py
[2024-07-03T14:28:09.492+0000] {processor.py:830} INFO - Processing file /home/airflow/.local/lib/python3.12/site-packages/airflow/example_dags/example_time_delta_sensor_async.py for tasks to queue
[2024-07-03T14:28:09.496+0000] {logging_mixin.py:188} INFO - [2024-07-03T14:28:09.495+0000] {dagbag.py:545} INFO - Filling up the DagBag from /home/airflow/.local/lib/python3.12/site-packages/airflow/example_dags/example_time_delta_sensor_async.py
[2024-07-03T14:28:09.507+0000] {processor.py:840} INFO - DAG(s) 'example_time_delta_sensor_async' retrieved from /home/airflow/.local/lib/python3.12/site-packages/airflow/example_dags/example_time_delta_sensor_async.py
[2024-07-03T14:28:09.690+0000] {logging_mixin.py:188} INFO - [2024-07-03T14:28:09.690+0000] {dag.py:3096} INFO - Sync 1 DAGs
[2024-07-03T14:28:09.719+0000] {logging_mixin.py:188} INFO - [2024-07-03T14:28:09.718+0000] {dag.py:3954} INFO - Setting next_dagrun for example_time_delta_sensor_async to None, run_after=None
[2024-07-03T14:28:09.766+0000] {processor.py:183} INFO - Processing /home/airflow/.local/lib/python3.12/site-packages/airflow/example_dags/example_time_delta_sensor_async.py took 0.297 seconds
[2024-07-03T14:28:40.562+0000] {processor.py:161} INFO - Started process (PID=131) to work on /home/airflow/.local/lib/python3.12/site-packages/airflow/example_dags/example_time_delta_sensor_async.py
[2024-07-03T14:28:40.564+0000] {processor.py:830} INFO - Processing file /home/airflow/.local/lib/python3.12/site-packages/airflow/example_dags/example_time_delta_sensor_async.py for tasks to queue
[2024-07-03T14:28:40.566+0000] {logging_mixin.py:188} INFO - [2024-07-03T14:28:40.566+0000] {dagbag.py:545} INFO - Filling up the DagBag from /home/airflow/.local/lib/python3.12/site-packages/airflow/example_dags/example_time_delta_sensor_async.py
[2024-07-03T14:28:40.570+0000] {processor.py:840} INFO - DAG(s) 'example_time_delta_sensor_async' retrieved from /home/airflow/.local/lib/python3.12/site-packages/airflow/example_dags/example_time_delta_sensor_async.py
[2024-07-03T14:28:40.598+0000] {logging_mixin.py:188} INFO - [2024-07-03T14:28:40.598+0000] {dag.py:3096} INFO - Sync 1 DAGs
[2024-07-03T14:28:40.611+0000] {logging_mixin.py:188} INFO - [2024-07-03T14:28:40.611+0000] {dag.py:3954} INFO - Setting next_dagrun for example_time_delta_sensor_async to None, run_after=None
[2024-07-03T14:28:40.631+0000] {processor.py:183} INFO - Processing /home/airflow/.local/lib/python3.12/site-packages/airflow/example_dags/example_time_delta_sensor_async.py took 0.074 seconds
[2024-07-03T14:29:11.563+0000] {processor.py:161} INFO - Started process (PID=189) to work on /home/airflow/.local/lib/python3.12/site-packages/airflow/example_dags/example_time_delta_sensor_async.py
[2024-07-03T14:29:11.566+0000] {processor.py:830} INFO - Processing file /home/airflow/.local/lib/python3.12/site-packages/airflow/example_dags/example_time_delta_sensor_async.py for tasks to queue
[2024-07-03T14:29:11.577+0000] {logging_mixin.py:188} INFO - [2024-07-03T14:29:11.576+0000] {dagbag.py:545} INFO - Filling up the DagBag from /home/airflow/.local/lib/python3.12/site-packages/airflow/example_dags/example_time_delta_sensor_async.py
[2024-07-03T14:29:11.589+0000] {processor.py:840} INFO - DAG(s) 'example_time_delta_sensor_async' retrieved from /home/airflow/.local/lib/python3.12/site-packages/airflow/example_dags/example_time_delta_sensor_async.py
[2024-07-03T14:29:11.690+0000] {logging_mixin.py:188} INFO - [2024-07-03T14:29:11.678+0000] {dag.py:3096} INFO - Sync 1 DAGs
[2024-07-03T14:29:11.737+0000] {logging_mixin.py:188} INFO - [2024-07-03T14:29:11.736+0000] {dag.py:3954} INFO - Setting next_dagrun for example_time_delta_sensor_async to None, run_after=None
[2024-07-03T14:29:11.836+0000] {processor.py:183} INFO - Processing /home/airflow/.local/lib/python3.12/site-packages/airflow/example_dags/example_time_delta_sensor_async.py took 0.295 seconds
[2024-07-03T14:29:46.679+0000] {processor.py:161} INFO - Started process (PID=253) to work on /home/airflow/.local/lib/python3.12/site-packages/airflow/example_dags/example_time_delta_sensor_async.py
[2024-07-03T14:29:46.693+0000] {processor.py:830} INFO - Processing file /home/airflow/.local/lib/python3.12/site-packages/airflow/example_dags/example_time_delta_sensor_async.py for tasks to queue
[2024-07-03T14:29:46.709+0000] {logging_mixin.py:188} INFO - [2024-07-03T14:29:46.708+0000] {dagbag.py:545} INFO - Filling up the DagBag from /home/airflow/.local/lib/python3.12/site-packages/airflow/example_dags/example_time_delta_sensor_async.py
[2024-07-03T14:29:46.716+0000] {processor.py:840} INFO - DAG(s) 'example_time_delta_sensor_async' retrieved from /home/airflow/.local/lib/python3.12/site-packages/airflow/example_dags/example_time_delta_sensor_async.py
[2024-07-03T14:29:46.824+0000] {logging_mixin.py:188} INFO - [2024-07-03T14:29:46.823+0000] {dag.py:3096} INFO - Sync 1 DAGs
[2024-07-03T14:29:46.871+0000] {logging_mixin.py:188} INFO - [2024-07-03T14:29:46.871+0000] {dag.py:3954} INFO - Setting next_dagrun for example_time_delta_sensor_async to None, run_after=None
[2024-07-03T14:29:47.014+0000] {processor.py:183} INFO - Processing /home/airflow/.local/lib/python3.12/site-packages/airflow/example_dags/example_time_delta_sensor_async.py took 0.344 seconds
[2024-07-03T14:30:17.616+0000] {processor.py:161} INFO - Started process (PID=311) to work on /home/airflow/.local/lib/python3.12/site-packages/airflow/example_dags/example_time_delta_sensor_async.py
[2024-07-03T14:30:17.632+0000] {processor.py:830} INFO - Processing file /home/airflow/.local/lib/python3.12/site-packages/airflow/example_dags/example_time_delta_sensor_async.py for tasks to queue
[2024-07-03T14:30:17.635+0000] {logging_mixin.py:188} INFO - [2024-07-03T14:30:17.635+0000] {dagbag.py:545} INFO - Filling up the DagBag from /home/airflow/.local/lib/python3.12/site-packages/airflow/example_dags/example_time_delta_sensor_async.py
[2024-07-03T14:30:17.641+0000] {processor.py:840} INFO - DAG(s) 'example_time_delta_sensor_async' retrieved from /home/airflow/.local/lib/python3.12/site-packages/airflow/example_dags/example_time_delta_sensor_async.py
[2024-07-03T14:30:17.733+0000] {logging_mixin.py:188} INFO - [2024-07-03T14:30:17.732+0000] {dag.py:3096} INFO - Sync 1 DAGs
[2024-07-03T14:30:17.776+0000] {logging_mixin.py:188} INFO - [2024-07-03T14:30:17.776+0000] {dag.py:3954} INFO - Setting next_dagrun for example_time_delta_sensor_async to None, run_after=None
[2024-07-03T14:30:18.079+0000] {processor.py:183} INFO - Processing /home/airflow/.local/lib/python3.12/site-packages/airflow/example_dags/example_time_delta_sensor_async.py took 0.480 seconds
[2024-07-03T14:30:48.257+0000] {processor.py:161} INFO - Started process (PID=370) to work on /home/airflow/.local/lib/python3.12/site-packages/airflow/example_dags/example_time_delta_sensor_async.py
[2024-07-03T14:30:48.258+0000] {processor.py:830} INFO - Processing file /home/airflow/.local/lib/python3.12/site-packages/airflow/example_dags/example_time_delta_sensor_async.py for tasks to queue
[2024-07-03T14:30:48.260+0000] {logging_mixin.py:188} INFO - [2024-07-03T14:30:48.260+0000] {dagbag.py:545} INFO - Filling up the DagBag from /home/airflow/.local/lib/python3.12/site-packages/airflow/example_dags/example_time_delta_sensor_async.py
[2024-07-03T14:30:48.264+0000] {processor.py:840} INFO - DAG(s) 'example_time_delta_sensor_async' retrieved from /home/airflow/.local/lib/python3.12/site-packages/airflow/example_dags/example_time_delta_sensor_async.py
[2024-07-03T14:30:48.284+0000] {logging_mixin.py:188} INFO - [2024-07-03T14:30:48.284+0000] {dag.py:3096} INFO - Sync 1 DAGs
[2024-07-03T14:30:48.296+0000] {logging_mixin.py:188} INFO - [2024-07-03T14:30:48.296+0000] {dag.py:3954} INFO - Setting next_dagrun for example_time_delta_sensor_async to None, run_after=None
[2024-07-03T14:30:48.318+0000] {processor.py:183} INFO - Processing /home/airflow/.local/lib/python3.12/site-packages/airflow/example_dags/example_time_delta_sensor_async.py took 0.071 seconds
[2024-07-03T14:31:18.462+0000] {processor.py:161} INFO - Started process (PID=429) to work on /home/airflow/.local/lib/python3.12/site-packages/airflow/example_dags/example_time_delta_sensor_async.py
[2024-07-03T14:31:18.463+0000] {processor.py:830} INFO - Processing file /home/airflow/.local/lib/python3.12/site-packages/airflow/example_dags/example_time_delta_sensor_async.py for tasks to queue
[2024-07-03T14:31:18.465+0000] {logging_mixin.py:188} INFO - [2024-07-03T14:31:18.465+0000] {dagbag.py:545} INFO - Filling up the DagBag from /home/airflow/.local/lib/python3.12/site-packages/airflow/example_dags/example_time_delta_sensor_async.py
[2024-07-03T14:31:18.472+0000] {processor.py:840} INFO - DAG(s) 'example_time_delta_sensor_async' retrieved from /home/airflow/.local/lib/python3.12/site-packages/airflow/example_dags/example_time_delta_sensor_async.py
[2024-07-03T14:31:18.497+0000] {logging_mixin.py:188} INFO - [2024-07-03T14:31:18.496+0000] {dag.py:3096} INFO - Sync 1 DAGs
[2024-07-03T14:31:18.509+0000] {logging_mixin.py:188} INFO - [2024-07-03T14:31:18.509+0000] {dag.py:3954} INFO - Setting next_dagrun for example_time_delta_sensor_async to None, run_after=None
[2024-07-03T14:31:18.528+0000] {processor.py:183} INFO - Processing /home/airflow/.local/lib/python3.12/site-packages/airflow/example_dags/example_time_delta_sensor_async.py took 0.072 seconds
[2024-07-03T14:31:48.611+0000] {processor.py:161} INFO - Started process (PID=486) to work on /home/airflow/.local/lib/python3.12/site-packages/airflow/example_dags/example_time_delta_sensor_async.py
[2024-07-03T14:31:48.612+0000] {processor.py:830} INFO - Processing file /home/airflow/.local/lib/python3.12/site-packages/airflow/example_dags/example_time_delta_sensor_async.py for tasks to queue
[2024-07-03T14:31:48.614+0000] {logging_mixin.py:188} INFO - [2024-07-03T14:31:48.613+0000] {dagbag.py:545} INFO - Filling up the DagBag from /home/airflow/.local/lib/python3.12/site-packages/airflow/example_dags/example_time_delta_sensor_async.py
[2024-07-03T14:31:48.618+0000] {processor.py:840} INFO - DAG(s) 'example_time_delta_sensor_async' retrieved from /home/airflow/.local/lib/python3.12/site-packages/airflow/example_dags/example_time_delta_sensor_async.py
[2024-07-03T14:31:48.638+0000] {logging_mixin.py:188} INFO - [2024-07-03T14:31:48.638+0000] {dag.py:3096} INFO - Sync 1 DAGs
[2024-07-03T14:31:48.651+0000] {logging_mixin.py:188} INFO - [2024-07-03T14:31:48.650+0000] {dag.py:3954} INFO - Setting next_dagrun for example_time_delta_sensor_async to None, run_after=None
[2024-07-03T14:31:48.672+0000] {processor.py:183} INFO - Processing /home/airflow/.local/lib/python3.12/site-packages/airflow/example_dags/example_time_delta_sensor_async.py took 0.067 seconds
[2024-07-03T14:32:19.306+0000] {processor.py:161} INFO - Started process (PID=544) to work on /home/airflow/.local/lib/python3.12/site-packages/airflow/example_dags/example_time_delta_sensor_async.py
[2024-07-03T14:32:19.307+0000] {processor.py:830} INFO - Processing file /home/airflow/.local/lib/python3.12/site-packages/airflow/example_dags/example_time_delta_sensor_async.py for tasks to queue
[2024-07-03T14:32:19.309+0000] {logging_mixin.py:188} INFO - [2024-07-03T14:32:19.309+0000] {dagbag.py:545} INFO - Filling up the DagBag from /home/airflow/.local/lib/python3.12/site-packages/airflow/example_dags/example_time_delta_sensor_async.py
[2024-07-03T14:32:19.313+0000] {processor.py:840} INFO - DAG(s) 'example_time_delta_sensor_async' retrieved from /home/airflow/.local/lib/python3.12/site-packages/airflow/example_dags/example_time_delta_sensor_async.py
[2024-07-03T14:32:19.348+0000] {logging_mixin.py:188} INFO - [2024-07-03T14:32:19.347+0000] {dag.py:3096} INFO - Sync 1 DAGs
[2024-07-03T14:32:19.362+0000] {logging_mixin.py:188} INFO - [2024-07-03T14:32:19.362+0000] {dag.py:3954} INFO - Setting next_dagrun for example_time_delta_sensor_async to None, run_after=None
[2024-07-03T14:32:19.385+0000] {processor.py:183} INFO - Processing /home/airflow/.local/lib/python3.12/site-packages/airflow/example_dags/example_time_delta_sensor_async.py took 0.085 seconds
[2024-07-03T14:32:50.044+0000] {processor.py:161} INFO - Started process (PID=602) to work on /home/airflow/.local/lib/python3.12/site-packages/airflow/example_dags/example_time_delta_sensor_async.py
[2024-07-03T14:32:50.046+0000] {processor.py:830} INFO - Processing file /home/airflow/.local/lib/python3.12/site-packages/airflow/example_dags/example_time_delta_sensor_async.py for tasks to queue
[2024-07-03T14:32:50.047+0000] {logging_mixin.py:188} INFO - [2024-07-03T14:32:50.046+0000] {dagbag.py:545} INFO - Filling up the DagBag from /home/airflow/.local/lib/python3.12/site-packages/airflow/example_dags/example_time_delta_sensor_async.py
[2024-07-03T14:32:50.062+0000] {processor.py:840} INFO - DAG(s) 'example_time_delta_sensor_async' retrieved from /home/airflow/.local/lib/python3.12/site-packages/airflow/example_dags/example_time_delta_sensor_async.py
[2024-07-03T14:32:50.103+0000] {logging_mixin.py:188} INFO - [2024-07-03T14:32:50.103+0000] {dag.py:3096} INFO - Sync 1 DAGs
[2024-07-03T14:32:50.133+0000] {logging_mixin.py:188} INFO - [2024-07-03T14:32:50.133+0000] {dag.py:3954} INFO - Setting next_dagrun for example_time_delta_sensor_async to None, run_after=None
[2024-07-03T14:32:50.184+0000] {processor.py:183} INFO - Processing /home/airflow/.local/lib/python3.12/site-packages/airflow/example_dags/example_time_delta_sensor_async.py took 0.156 seconds
[2024-07-03T14:33:20.843+0000] {processor.py:161} INFO - Started process (PID=661) to work on /home/airflow/.local/lib/python3.12/site-packages/airflow/example_dags/example_time_delta_sensor_async.py
[2024-07-03T14:33:20.856+0000] {processor.py:830} INFO - Processing file /home/airflow/.local/lib/python3.12/site-packages/airflow/example_dags/example_time_delta_sensor_async.py for tasks to queue
[2024-07-03T14:33:20.858+0000] {logging_mixin.py:188} INFO - [2024-07-03T14:33:20.857+0000] {dagbag.py:545} INFO - Filling up the DagBag from /home/airflow/.local/lib/python3.12/site-packages/airflow/example_dags/example_time_delta_sensor_async.py
[2024-07-03T14:33:20.863+0000] {processor.py:840} INFO - DAG(s) 'example_time_delta_sensor_async' retrieved from /home/airflow/.local/lib/python3.12/site-packages/airflow/example_dags/example_time_delta_sensor_async.py
[2024-07-03T14:33:20.985+0000] {logging_mixin.py:188} INFO - [2024-07-03T14:33:20.984+0000] {dag.py:3096} INFO - Sync 1 DAGs
[2024-07-03T14:33:21.047+0000] {logging_mixin.py:188} INFO - [2024-07-03T14:33:21.047+0000] {dag.py:3954} INFO - Setting next_dagrun for example_time_delta_sensor_async to None, run_after=None
[2024-07-03T14:33:21.189+0000] {processor.py:183} INFO - Processing /home/airflow/.local/lib/python3.12/site-packages/airflow/example_dags/example_time_delta_sensor_async.py took 0.363 seconds
[2024-07-03T14:34:11.893+0000] {processor.py:161} INFO - Started process (PID=720) to work on /home/airflow/.local/lib/python3.12/site-packages/airflow/example_dags/example_time_delta_sensor_async.py
[2024-07-03T14:34:11.894+0000] {processor.py:830} INFO - Processing file /home/airflow/.local/lib/python3.12/site-packages/airflow/example_dags/example_time_delta_sensor_async.py for tasks to queue
[2024-07-03T14:34:11.895+0000] {logging_mixin.py:188} INFO - [2024-07-03T14:34:11.895+0000] {dagbag.py:545} INFO - Filling up the DagBag from /home/airflow/.local/lib/python3.12/site-packages/airflow/example_dags/example_time_delta_sensor_async.py
[2024-07-03T14:34:11.900+0000] {processor.py:840} INFO - DAG(s) 'example_time_delta_sensor_async' retrieved from /home/airflow/.local/lib/python3.12/site-packages/airflow/example_dags/example_time_delta_sensor_async.py
[2024-07-03T14:34:11.920+0000] {logging_mixin.py:188} INFO - [2024-07-03T14:34:11.919+0000] {dag.py:3096} INFO - Sync 1 DAGs
[2024-07-03T14:34:11.933+0000] {logging_mixin.py:188} INFO - [2024-07-03T14:34:11.932+0000] {dag.py:3954} INFO - Setting next_dagrun for example_time_delta_sensor_async to None, run_after=None
[2024-07-03T14:34:11.951+0000] {processor.py:183} INFO - Processing /home/airflow/.local/lib/python3.12/site-packages/airflow/example_dags/example_time_delta_sensor_async.py took 0.064 seconds
[2024-07-03T14:34:42.243+0000] {processor.py:161} INFO - Started process (PID=777) to work on /home/airflow/.local/lib/python3.12/site-packages/airflow/example_dags/example_time_delta_sensor_async.py
[2024-07-03T14:34:42.247+0000] {processor.py:830} INFO - Processing file /home/airflow/.local/lib/python3.12/site-packages/airflow/example_dags/example_time_delta_sensor_async.py for tasks to queue
[2024-07-03T14:34:42.252+0000] {logging_mixin.py:188} INFO - [2024-07-03T14:34:42.252+0000] {dagbag.py:545} INFO - Filling up the DagBag from /home/airflow/.local/lib/python3.12/site-packages/airflow/example_dags/example_time_delta_sensor_async.py
[2024-07-03T14:34:42.257+0000] {processor.py:840} INFO - DAG(s) 'example_time_delta_sensor_async' retrieved from /home/airflow/.local/lib/python3.12/site-packages/airflow/example_dags/example_time_delta_sensor_async.py
[2024-07-03T14:34:42.317+0000] {logging_mixin.py:188} INFO - [2024-07-03T14:34:42.317+0000] {dag.py:3096} INFO - Sync 1 DAGs
[2024-07-03T14:34:42.459+0000] {logging_mixin.py:188} INFO - [2024-07-03T14:34:42.414+0000] {dag.py:3954} INFO - Setting next_dagrun for example_time_delta_sensor_async to None, run_after=None
[2024-07-03T14:34:42.560+0000] {processor.py:183} INFO - Processing /home/airflow/.local/lib/python3.12/site-packages/airflow/example_dags/example_time_delta_sensor_async.py took 0.323 seconds
[2024-07-03T14:35:13.448+0000] {processor.py:161} INFO - Started process (PID=835) to work on /home/airflow/.local/lib/python3.12/site-packages/airflow/example_dags/example_time_delta_sensor_async.py
[2024-07-03T14:35:13.450+0000] {processor.py:830} INFO - Processing file /home/airflow/.local/lib/python3.12/site-packages/airflow/example_dags/example_time_delta_sensor_async.py for tasks to queue
[2024-07-03T14:35:13.451+0000] {logging_mixin.py:188} INFO - [2024-07-03T14:35:13.451+0000] {dagbag.py:545} INFO - Filling up the DagBag from /home/airflow/.local/lib/python3.12/site-packages/airflow/example_dags/example_time_delta_sensor_async.py
[2024-07-03T14:35:13.458+0000] {processor.py:840} INFO - DAG(s) 'example_time_delta_sensor_async' retrieved from /home/airflow/.local/lib/python3.12/site-packages/airflow/example_dags/example_time_delta_sensor_async.py
[2024-07-03T14:35:13.517+0000] {logging_mixin.py:188} INFO - [2024-07-03T14:35:13.517+0000] {dag.py:3096} INFO - Sync 1 DAGs
[2024-07-03T14:35:13.568+0000] {logging_mixin.py:188} INFO - [2024-07-03T14:35:13.567+0000] {dag.py:3954} INFO - Setting next_dagrun for example_time_delta_sensor_async to None, run_after=None
[2024-07-03T14:35:13.644+0000] {processor.py:183} INFO - Processing /home/airflow/.local/lib/python3.12/site-packages/airflow/example_dags/example_time_delta_sensor_async.py took 0.213 seconds
