[2024-07-03T14:27:57.263+0000] {processor.py:161} INFO - Started process (PID=45) to work on /home/airflow/.local/lib/python3.12/site-packages/airflow/example_dags/example_task_group.py
[2024-07-03T14:27:57.286+0000] {processor.py:830} INFO - Processing file /home/airflow/.local/lib/python3.12/site-packages/airflow/example_dags/example_task_group.py for tasks to queue
[2024-07-03T14:27:57.305+0000] {logging_mixin.py:188} INFO - [2024-07-03T14:27:57.297+0000] {dagbag.py:545} INFO - Filling up the DagBag from /home/airflow/.local/lib/python3.12/site-packages/airflow/example_dags/example_task_group.py
[2024-07-03T14:27:57.407+0000] {processor.py:840} INFO - DAG(s) 'example_task_group' retrieved from /home/airflow/.local/lib/python3.12/site-packages/airflow/example_dags/example_task_group.py
[2024-07-03T14:27:57.970+0000] {logging_mixin.py:188} INFO - [2024-07-03T14:27:57.960+0000] {dag.py:3096} INFO - Sync 1 DAGs
[2024-07-03T14:27:58.087+0000] {logging_mixin.py:188} INFO - [2024-07-03T14:27:58.087+0000] {dag.py:3954} INFO - Setting next_dagrun for example_task_group to 2024-07-02 00:00:00+00:00, run_after=2024-07-03 00:00:00+00:00
[2024-07-03T14:27:58.242+0000] {processor.py:183} INFO - Processing /home/airflow/.local/lib/python3.12/site-packages/airflow/example_dags/example_task_group.py took 1.072 seconds
[2024-07-03T14:28:31.828+0000] {processor.py:161} INFO - Started process (PID=103) to work on /home/airflow/.local/lib/python3.12/site-packages/airflow/example_dags/example_task_group.py
[2024-07-03T14:28:31.830+0000] {processor.py:830} INFO - Processing file /home/airflow/.local/lib/python3.12/site-packages/airflow/example_dags/example_task_group.py for tasks to queue
[2024-07-03T14:28:31.845+0000] {logging_mixin.py:188} INFO - [2024-07-03T14:28:31.845+0000] {dagbag.py:545} INFO - Filling up the DagBag from /home/airflow/.local/lib/python3.12/site-packages/airflow/example_dags/example_task_group.py
[2024-07-03T14:28:31.860+0000] {processor.py:840} INFO - DAG(s) 'example_task_group' retrieved from /home/airflow/.local/lib/python3.12/site-packages/airflow/example_dags/example_task_group.py
[2024-07-03T14:28:31.930+0000] {logging_mixin.py:188} INFO - [2024-07-03T14:28:31.929+0000] {dag.py:3096} INFO - Sync 1 DAGs
[2024-07-03T14:28:32.041+0000] {logging_mixin.py:188} INFO - [2024-07-03T14:28:32.040+0000] {dag.py:3954} INFO - Setting next_dagrun for example_task_group to 2024-07-02 00:00:00+00:00, run_after=2024-07-03 00:00:00+00:00
[2024-07-03T14:28:32.093+0000] {processor.py:183} INFO - Processing /home/airflow/.local/lib/python3.12/site-packages/airflow/example_dags/example_task_group.py took 0.298 seconds
[2024-07-03T14:29:02.391+0000] {processor.py:161} INFO - Started process (PID=161) to work on /home/airflow/.local/lib/python3.12/site-packages/airflow/example_dags/example_task_group.py
[2024-07-03T14:29:02.393+0000] {processor.py:830} INFO - Processing file /home/airflow/.local/lib/python3.12/site-packages/airflow/example_dags/example_task_group.py for tasks to queue
[2024-07-03T14:29:02.406+0000] {logging_mixin.py:188} INFO - [2024-07-03T14:29:02.406+0000] {dagbag.py:545} INFO - Filling up the DagBag from /home/airflow/.local/lib/python3.12/site-packages/airflow/example_dags/example_task_group.py
[2024-07-03T14:29:02.416+0000] {processor.py:840} INFO - DAG(s) 'example_task_group' retrieved from /home/airflow/.local/lib/python3.12/site-packages/airflow/example_dags/example_task_group.py
[2024-07-03T14:29:02.445+0000] {logging_mixin.py:188} INFO - [2024-07-03T14:29:02.445+0000] {dag.py:3096} INFO - Sync 1 DAGs
[2024-07-03T14:29:02.470+0000] {logging_mixin.py:188} INFO - [2024-07-03T14:29:02.470+0000] {dag.py:3954} INFO - Setting next_dagrun for example_task_group to 2024-07-02 00:00:00+00:00, run_after=2024-07-03 00:00:00+00:00
[2024-07-03T14:29:02.509+0000] {processor.py:183} INFO - Processing /home/airflow/.local/lib/python3.12/site-packages/airflow/example_dags/example_task_group.py took 0.124 seconds
[2024-07-03T14:29:32.723+0000] {processor.py:161} INFO - Started process (PID=219) to work on /home/airflow/.local/lib/python3.12/site-packages/airflow/example_dags/example_task_group.py
[2024-07-03T14:29:32.724+0000] {processor.py:830} INFO - Processing file /home/airflow/.local/lib/python3.12/site-packages/airflow/example_dags/example_task_group.py for tasks to queue
[2024-07-03T14:29:32.726+0000] {logging_mixin.py:188} INFO - [2024-07-03T14:29:32.726+0000] {dagbag.py:545} INFO - Filling up the DagBag from /home/airflow/.local/lib/python3.12/site-packages/airflow/example_dags/example_task_group.py
[2024-07-03T14:29:32.735+0000] {processor.py:840} INFO - DAG(s) 'example_task_group' retrieved from /home/airflow/.local/lib/python3.12/site-packages/airflow/example_dags/example_task_group.py
[2024-07-03T14:29:32.755+0000] {logging_mixin.py:188} INFO - [2024-07-03T14:29:32.755+0000] {dag.py:3096} INFO - Sync 1 DAGs
[2024-07-03T14:29:32.774+0000] {logging_mixin.py:188} INFO - [2024-07-03T14:29:32.774+0000] {dag.py:3954} INFO - Setting next_dagrun for example_task_group to 2024-07-02 00:00:00+00:00, run_after=2024-07-03 00:00:00+00:00
[2024-07-03T14:29:32.794+0000] {processor.py:183} INFO - Processing /home/airflow/.local/lib/python3.12/site-packages/airflow/example_dags/example_task_group.py took 0.082 seconds
[2024-07-03T14:30:03.915+0000] {processor.py:161} INFO - Started process (PID=277) to work on /home/airflow/.local/lib/python3.12/site-packages/airflow/example_dags/example_task_group.py
[2024-07-03T14:30:03.917+0000] {processor.py:830} INFO - Processing file /home/airflow/.local/lib/python3.12/site-packages/airflow/example_dags/example_task_group.py for tasks to queue
[2024-07-03T14:30:03.924+0000] {logging_mixin.py:188} INFO - [2024-07-03T14:30:03.919+0000] {dagbag.py:545} INFO - Filling up the DagBag from /home/airflow/.local/lib/python3.12/site-packages/airflow/example_dags/example_task_group.py
[2024-07-03T14:30:03.942+0000] {processor.py:840} INFO - DAG(s) 'example_task_group' retrieved from /home/airflow/.local/lib/python3.12/site-packages/airflow/example_dags/example_task_group.py
[2024-07-03T14:30:03.985+0000] {logging_mixin.py:188} INFO - [2024-07-03T14:30:03.985+0000] {dag.py:3096} INFO - Sync 1 DAGs
[2024-07-03T14:30:04.041+0000] {logging_mixin.py:188} INFO - [2024-07-03T14:30:04.041+0000] {dag.py:3954} INFO - Setting next_dagrun for example_task_group to 2024-07-02 00:00:00+00:00, run_after=2024-07-03 00:00:00+00:00
[2024-07-03T14:30:04.062+0000] {processor.py:183} INFO - Processing /home/airflow/.local/lib/python3.12/site-packages/airflow/example_dags/example_task_group.py took 0.160 seconds
[2024-07-03T14:30:34.454+0000] {processor.py:161} INFO - Started process (PID=335) to work on /home/airflow/.local/lib/python3.12/site-packages/airflow/example_dags/example_task_group.py
[2024-07-03T14:30:34.458+0000] {processor.py:830} INFO - Processing file /home/airflow/.local/lib/python3.12/site-packages/airflow/example_dags/example_task_group.py for tasks to queue
[2024-07-03T14:30:34.462+0000] {logging_mixin.py:188} INFO - [2024-07-03T14:30:34.461+0000] {dagbag.py:545} INFO - Filling up the DagBag from /home/airflow/.local/lib/python3.12/site-packages/airflow/example_dags/example_task_group.py
[2024-07-03T14:30:34.482+0000] {processor.py:840} INFO - DAG(s) 'example_task_group' retrieved from /home/airflow/.local/lib/python3.12/site-packages/airflow/example_dags/example_task_group.py
[2024-07-03T14:30:34.587+0000] {logging_mixin.py:188} INFO - [2024-07-03T14:30:34.587+0000] {dag.py:3096} INFO - Sync 1 DAGs
[2024-07-03T14:30:34.653+0000] {logging_mixin.py:188} INFO - [2024-07-03T14:30:34.652+0000] {dag.py:3954} INFO - Setting next_dagrun for example_task_group to 2024-07-02 00:00:00+00:00, run_after=2024-07-03 00:00:00+00:00
[2024-07-03T14:30:34.710+0000] {processor.py:183} INFO - Processing /home/airflow/.local/lib/python3.12/site-packages/airflow/example_dags/example_task_group.py took 0.275 seconds
[2024-07-03T14:31:05.612+0000] {processor.py:161} INFO - Started process (PID=393) to work on /home/airflow/.local/lib/python3.12/site-packages/airflow/example_dags/example_task_group.py
[2024-07-03T14:31:05.613+0000] {processor.py:830} INFO - Processing file /home/airflow/.local/lib/python3.12/site-packages/airflow/example_dags/example_task_group.py for tasks to queue
[2024-07-03T14:31:05.615+0000] {logging_mixin.py:188} INFO - [2024-07-03T14:31:05.615+0000] {dagbag.py:545} INFO - Filling up the DagBag from /home/airflow/.local/lib/python3.12/site-packages/airflow/example_dags/example_task_group.py
[2024-07-03T14:31:05.621+0000] {processor.py:840} INFO - DAG(s) 'example_task_group' retrieved from /home/airflow/.local/lib/python3.12/site-packages/airflow/example_dags/example_task_group.py
[2024-07-03T14:31:05.642+0000] {logging_mixin.py:188} INFO - [2024-07-03T14:31:05.642+0000] {dag.py:3096} INFO - Sync 1 DAGs
[2024-07-03T14:31:05.667+0000] {logging_mixin.py:188} INFO - [2024-07-03T14:31:05.667+0000] {dag.py:3954} INFO - Setting next_dagrun for example_task_group to 2024-07-02 00:00:00+00:00, run_after=2024-07-03 00:00:00+00:00
[2024-07-03T14:31:05.687+0000] {processor.py:183} INFO - Processing /home/airflow/.local/lib/python3.12/site-packages/airflow/example_dags/example_task_group.py took 0.080 seconds
[2024-07-03T14:31:36.024+0000] {processor.py:161} INFO - Started process (PID=452) to work on /home/airflow/.local/lib/python3.12/site-packages/airflow/example_dags/example_task_group.py
[2024-07-03T14:31:36.028+0000] {processor.py:830} INFO - Processing file /home/airflow/.local/lib/python3.12/site-packages/airflow/example_dags/example_task_group.py for tasks to queue
[2024-07-03T14:31:36.031+0000] {logging_mixin.py:188} INFO - [2024-07-03T14:31:36.030+0000] {dagbag.py:545} INFO - Filling up the DagBag from /home/airflow/.local/lib/python3.12/site-packages/airflow/example_dags/example_task_group.py
[2024-07-03T14:31:36.039+0000] {processor.py:840} INFO - DAG(s) 'example_task_group' retrieved from /home/airflow/.local/lib/python3.12/site-packages/airflow/example_dags/example_task_group.py
[2024-07-03T14:31:36.061+0000] {logging_mixin.py:188} INFO - [2024-07-03T14:31:36.061+0000] {dag.py:3096} INFO - Sync 1 DAGs
[2024-07-03T14:31:36.085+0000] {logging_mixin.py:188} INFO - [2024-07-03T14:31:36.085+0000] {dag.py:3954} INFO - Setting next_dagrun for example_task_group to 2024-07-02 00:00:00+00:00, run_after=2024-07-03 00:00:00+00:00
[2024-07-03T14:31:36.105+0000] {processor.py:183} INFO - Processing /home/airflow/.local/lib/python3.12/site-packages/airflow/example_dags/example_task_group.py took 0.089 seconds
[2024-07-03T14:32:06.903+0000] {processor.py:161} INFO - Started process (PID=510) to work on /home/airflow/.local/lib/python3.12/site-packages/airflow/example_dags/example_task_group.py
[2024-07-03T14:32:06.904+0000] {processor.py:830} INFO - Processing file /home/airflow/.local/lib/python3.12/site-packages/airflow/example_dags/example_task_group.py for tasks to queue
[2024-07-03T14:32:06.906+0000] {logging_mixin.py:188} INFO - [2024-07-03T14:32:06.905+0000] {dagbag.py:545} INFO - Filling up the DagBag from /home/airflow/.local/lib/python3.12/site-packages/airflow/example_dags/example_task_group.py
[2024-07-03T14:32:06.912+0000] {processor.py:840} INFO - DAG(s) 'example_task_group' retrieved from /home/airflow/.local/lib/python3.12/site-packages/airflow/example_dags/example_task_group.py
[2024-07-03T14:32:06.950+0000] {logging_mixin.py:188} INFO - [2024-07-03T14:32:06.950+0000] {dag.py:3096} INFO - Sync 1 DAGs
[2024-07-03T14:32:07.020+0000] {logging_mixin.py:188} INFO - [2024-07-03T14:32:07.020+0000] {dag.py:3954} INFO - Setting next_dagrun for example_task_group to 2024-07-02 00:00:00+00:00, run_after=2024-07-03 00:00:00+00:00
[2024-07-03T14:32:07.124+0000] {processor.py:183} INFO - Processing /home/airflow/.local/lib/python3.12/site-packages/airflow/example_dags/example_task_group.py took 0.248 seconds
[2024-07-03T14:32:37.504+0000] {processor.py:161} INFO - Started process (PID=566) to work on /home/airflow/.local/lib/python3.12/site-packages/airflow/example_dags/example_task_group.py
[2024-07-03T14:32:37.505+0000] {processor.py:830} INFO - Processing file /home/airflow/.local/lib/python3.12/site-packages/airflow/example_dags/example_task_group.py for tasks to queue
[2024-07-03T14:32:37.508+0000] {logging_mixin.py:188} INFO - [2024-07-03T14:32:37.507+0000] {dagbag.py:545} INFO - Filling up the DagBag from /home/airflow/.local/lib/python3.12/site-packages/airflow/example_dags/example_task_group.py
[2024-07-03T14:32:37.514+0000] {processor.py:840} INFO - DAG(s) 'example_task_group' retrieved from /home/airflow/.local/lib/python3.12/site-packages/airflow/example_dags/example_task_group.py
[2024-07-03T14:32:37.547+0000] {logging_mixin.py:188} INFO - [2024-07-03T14:32:37.546+0000] {dag.py:3096} INFO - Sync 1 DAGs
[2024-07-03T14:32:37.566+0000] {logging_mixin.py:188} INFO - [2024-07-03T14:32:37.566+0000] {dag.py:3954} INFO - Setting next_dagrun for example_task_group to 2024-07-02 00:00:00+00:00, run_after=2024-07-03 00:00:00+00:00
[2024-07-03T14:32:37.584+0000] {processor.py:183} INFO - Processing /home/airflow/.local/lib/python3.12/site-packages/airflow/example_dags/example_task_group.py took 0.085 seconds
[2024-07-03T14:33:07.625+0000] {processor.py:161} INFO - Started process (PID=623) to work on /home/airflow/.local/lib/python3.12/site-packages/airflow/example_dags/example_task_group.py
[2024-07-03T14:33:07.626+0000] {processor.py:830} INFO - Processing file /home/airflow/.local/lib/python3.12/site-packages/airflow/example_dags/example_task_group.py for tasks to queue
[2024-07-03T14:33:07.628+0000] {logging_mixin.py:188} INFO - [2024-07-03T14:33:07.627+0000] {dagbag.py:545} INFO - Filling up the DagBag from /home/airflow/.local/lib/python3.12/site-packages/airflow/example_dags/example_task_group.py
[2024-07-03T14:33:07.638+0000] {processor.py:840} INFO - DAG(s) 'example_task_group' retrieved from /home/airflow/.local/lib/python3.12/site-packages/airflow/example_dags/example_task_group.py
[2024-07-03T14:33:07.660+0000] {logging_mixin.py:188} INFO - [2024-07-03T14:33:07.660+0000] {dag.py:3096} INFO - Sync 1 DAGs
[2024-07-03T14:33:07.682+0000] {logging_mixin.py:188} INFO - [2024-07-03T14:33:07.682+0000] {dag.py:3954} INFO - Setting next_dagrun for example_task_group to 2024-07-02 00:00:00+00:00, run_after=2024-07-03 00:00:00+00:00
[2024-07-03T14:33:07.702+0000] {processor.py:183} INFO - Processing /home/airflow/.local/lib/python3.12/site-packages/airflow/example_dags/example_task_group.py took 0.084 seconds
[2024-07-03T14:34:06.326+0000] {processor.py:161} INFO - Started process (PID=689) to work on /home/airflow/.local/lib/python3.12/site-packages/airflow/example_dags/example_task_group.py
[2024-07-03T14:34:06.342+0000] {processor.py:830} INFO - Processing file /home/airflow/.local/lib/python3.12/site-packages/airflow/example_dags/example_task_group.py for tasks to queue
[2024-07-03T14:34:06.344+0000] {logging_mixin.py:188} INFO - [2024-07-03T14:34:06.344+0000] {dagbag.py:545} INFO - Filling up the DagBag from /home/airflow/.local/lib/python3.12/site-packages/airflow/example_dags/example_task_group.py
[2024-07-03T14:34:06.369+0000] {processor.py:840} INFO - DAG(s) 'example_task_group' retrieved from /home/airflow/.local/lib/python3.12/site-packages/airflow/example_dags/example_task_group.py
[2024-07-03T14:34:06.468+0000] {logging_mixin.py:188} INFO - [2024-07-03T14:34:06.468+0000] {dag.py:3096} INFO - Sync 1 DAGs
[2024-07-03T14:34:06.584+0000] {logging_mixin.py:188} INFO - [2024-07-03T14:34:06.583+0000] {dag.py:3954} INFO - Setting next_dagrun for example_task_group to 2024-07-02 00:00:00+00:00, run_after=2024-07-03 00:00:00+00:00
[2024-07-03T14:34:06.714+0000] {processor.py:183} INFO - Processing /home/airflow/.local/lib/python3.12/site-packages/airflow/example_dags/example_task_group.py took 0.394 seconds
[2024-07-03T14:34:37.098+0000] {processor.py:161} INFO - Started process (PID=748) to work on /home/airflow/.local/lib/python3.12/site-packages/airflow/example_dags/example_task_group.py
[2024-07-03T14:34:37.100+0000] {processor.py:830} INFO - Processing file /home/airflow/.local/lib/python3.12/site-packages/airflow/example_dags/example_task_group.py for tasks to queue
[2024-07-03T14:34:37.101+0000] {logging_mixin.py:188} INFO - [2024-07-03T14:34:37.101+0000] {dagbag.py:545} INFO - Filling up the DagBag from /home/airflow/.local/lib/python3.12/site-packages/airflow/example_dags/example_task_group.py
[2024-07-03T14:34:37.108+0000] {processor.py:840} INFO - DAG(s) 'example_task_group' retrieved from /home/airflow/.local/lib/python3.12/site-packages/airflow/example_dags/example_task_group.py
[2024-07-03T14:34:37.166+0000] {logging_mixin.py:188} INFO - [2024-07-03T14:34:37.164+0000] {dag.py:3096} INFO - Sync 1 DAGs
[2024-07-03T14:34:37.215+0000] {logging_mixin.py:188} INFO - [2024-07-03T14:34:37.215+0000] {dag.py:3954} INFO - Setting next_dagrun for example_task_group to 2024-07-02 00:00:00+00:00, run_after=2024-07-03 00:00:00+00:00
[2024-07-03T14:34:37.235+0000] {processor.py:183} INFO - Processing /home/airflow/.local/lib/python3.12/site-packages/airflow/example_dags/example_task_group.py took 0.143 seconds
[2024-07-03T14:35:07.725+0000] {processor.py:161} INFO - Started process (PID=806) to work on /home/airflow/.local/lib/python3.12/site-packages/airflow/example_dags/example_task_group.py
[2024-07-03T14:35:07.726+0000] {processor.py:830} INFO - Processing file /home/airflow/.local/lib/python3.12/site-packages/airflow/example_dags/example_task_group.py for tasks to queue
[2024-07-03T14:35:07.727+0000] {logging_mixin.py:188} INFO - [2024-07-03T14:35:07.727+0000] {dagbag.py:545} INFO - Filling up the DagBag from /home/airflow/.local/lib/python3.12/site-packages/airflow/example_dags/example_task_group.py
[2024-07-03T14:35:07.737+0000] {processor.py:840} INFO - DAG(s) 'example_task_group' retrieved from /home/airflow/.local/lib/python3.12/site-packages/airflow/example_dags/example_task_group.py
[2024-07-03T14:35:07.769+0000] {logging_mixin.py:188} INFO - [2024-07-03T14:35:07.769+0000] {dag.py:3096} INFO - Sync 1 DAGs
[2024-07-03T14:35:07.851+0000] {logging_mixin.py:188} INFO - [2024-07-03T14:35:07.850+0000] {dag.py:3954} INFO - Setting next_dagrun for example_task_group to 2024-07-02 00:00:00+00:00, run_after=2024-07-03 00:00:00+00:00
[2024-07-03T14:35:07.922+0000] {processor.py:183} INFO - Processing /home/airflow/.local/lib/python3.12/site-packages/airflow/example_dags/example_task_group.py took 0.203 seconds
