[2024-07-03T14:28:07.282+0000] {processor.py:161} INFO - Started process (PID=64) to work on /home/airflow/.local/lib/python3.12/site-packages/airflow/example_dags/example_display_name.py
[2024-07-03T14:28:07.285+0000] {processor.py:830} INFO - Processing file /home/airflow/.local/lib/python3.12/site-packages/airflow/example_dags/example_display_name.py for tasks to queue
[2024-07-03T14:28:07.288+0000] {logging_mixin.py:188} INFO - [2024-07-03T14:28:07.288+0000] {dagbag.py:545} INFO - Filling up the DagBag from /home/airflow/.local/lib/python3.12/site-packages/airflow/example_dags/example_display_name.py
[2024-07-03T14:28:07.298+0000] {processor.py:840} INFO - DAG(s) 'example_display_name' retrieved from /home/airflow/.local/lib/python3.12/site-packages/airflow/example_dags/example_display_name.py
[2024-07-03T14:28:07.492+0000] {logging_mixin.py:188} INFO - [2024-07-03T14:28:07.492+0000] {dag.py:3096} INFO - Sync 1 DAGs
[2024-07-03T14:28:07.518+0000] {logging_mixin.py:188} INFO - [2024-07-03T14:28:07.518+0000] {dag.py:3954} INFO - Setting next_dagrun for example_display_name to None, run_after=None
[2024-07-03T14:28:07.560+0000] {processor.py:183} INFO - Processing /home/airflow/.local/lib/python3.12/site-packages/airflow/example_dags/example_display_name.py took 0.285 seconds
[2024-07-03T14:28:37.923+0000] {processor.py:161} INFO - Started process (PID=122) to work on /home/airflow/.local/lib/python3.12/site-packages/airflow/example_dags/example_display_name.py
[2024-07-03T14:28:37.925+0000] {processor.py:830} INFO - Processing file /home/airflow/.local/lib/python3.12/site-packages/airflow/example_dags/example_display_name.py for tasks to queue
[2024-07-03T14:28:37.927+0000] {logging_mixin.py:188} INFO - [2024-07-03T14:28:37.927+0000] {dagbag.py:545} INFO - Filling up the DagBag from /home/airflow/.local/lib/python3.12/site-packages/airflow/example_dags/example_display_name.py
[2024-07-03T14:28:37.935+0000] {processor.py:840} INFO - DAG(s) 'example_display_name' retrieved from /home/airflow/.local/lib/python3.12/site-packages/airflow/example_dags/example_display_name.py
[2024-07-03T14:28:37.953+0000] {logging_mixin.py:188} INFO - [2024-07-03T14:28:37.953+0000] {dag.py:3096} INFO - Sync 1 DAGs
[2024-07-03T14:28:37.965+0000] {logging_mixin.py:188} INFO - [2024-07-03T14:28:37.965+0000] {dag.py:3954} INFO - Setting next_dagrun for example_display_name to None, run_after=None
[2024-07-03T14:28:37.993+0000] {processor.py:183} INFO - Processing /home/airflow/.local/lib/python3.12/site-packages/airflow/example_dags/example_display_name.py took 0.075 seconds
[2024-07-03T14:29:09.223+0000] {processor.py:161} INFO - Started process (PID=180) to work on /home/airflow/.local/lib/python3.12/site-packages/airflow/example_dags/example_display_name.py
[2024-07-03T14:29:09.225+0000] {processor.py:830} INFO - Processing file /home/airflow/.local/lib/python3.12/site-packages/airflow/example_dags/example_display_name.py for tasks to queue
[2024-07-03T14:29:09.228+0000] {logging_mixin.py:188} INFO - [2024-07-03T14:29:09.228+0000] {dagbag.py:545} INFO - Filling up the DagBag from /home/airflow/.local/lib/python3.12/site-packages/airflow/example_dags/example_display_name.py
[2024-07-03T14:29:09.238+0000] {processor.py:840} INFO - DAG(s) 'example_display_name' retrieved from /home/airflow/.local/lib/python3.12/site-packages/airflow/example_dags/example_display_name.py
[2024-07-03T14:29:09.284+0000] {logging_mixin.py:188} INFO - [2024-07-03T14:29:09.284+0000] {dag.py:3096} INFO - Sync 1 DAGs
[2024-07-03T14:29:09.341+0000] {logging_mixin.py:188} INFO - [2024-07-03T14:29:09.341+0000] {dag.py:3954} INFO - Setting next_dagrun for example_display_name to None, run_after=None
[2024-07-03T14:29:09.381+0000] {processor.py:183} INFO - Processing /home/airflow/.local/lib/python3.12/site-packages/airflow/example_dags/example_display_name.py took 0.171 seconds
[2024-07-03T14:29:41.726+0000] {processor.py:161} INFO - Started process (PID=238) to work on /home/airflow/.local/lib/python3.12/site-packages/airflow/example_dags/example_display_name.py
[2024-07-03T14:29:41.728+0000] {processor.py:830} INFO - Processing file /home/airflow/.local/lib/python3.12/site-packages/airflow/example_dags/example_display_name.py for tasks to queue
[2024-07-03T14:29:41.734+0000] {logging_mixin.py:188} INFO - [2024-07-03T14:29:41.732+0000] {dagbag.py:545} INFO - Filling up the DagBag from /home/airflow/.local/lib/python3.12/site-packages/airflow/example_dags/example_display_name.py
[2024-07-03T14:29:41.774+0000] {processor.py:840} INFO - DAG(s) 'example_display_name' retrieved from /home/airflow/.local/lib/python3.12/site-packages/airflow/example_dags/example_display_name.py
[2024-07-03T14:29:41.884+0000] {logging_mixin.py:188} INFO - [2024-07-03T14:29:41.884+0000] {dag.py:3096} INFO - Sync 1 DAGs
[2024-07-03T14:29:41.943+0000] {logging_mixin.py:188} INFO - [2024-07-03T14:29:41.932+0000] {dag.py:3954} INFO - Setting next_dagrun for example_display_name to None, run_after=None
[2024-07-03T14:29:42.071+0000] {processor.py:183} INFO - Processing /home/airflow/.local/lib/python3.12/site-packages/airflow/example_dags/example_display_name.py took 0.455 seconds
[2024-07-03T14:30:12.916+0000] {processor.py:161} INFO - Started process (PID=296) to work on /home/airflow/.local/lib/python3.12/site-packages/airflow/example_dags/example_display_name.py
[2024-07-03T14:30:12.918+0000] {processor.py:830} INFO - Processing file /home/airflow/.local/lib/python3.12/site-packages/airflow/example_dags/example_display_name.py for tasks to queue
[2024-07-03T14:30:12.921+0000] {logging_mixin.py:188} INFO - [2024-07-03T14:30:12.920+0000] {dagbag.py:545} INFO - Filling up the DagBag from /home/airflow/.local/lib/python3.12/site-packages/airflow/example_dags/example_display_name.py
[2024-07-03T14:30:12.936+0000] {processor.py:840} INFO - DAG(s) 'example_display_name' retrieved from /home/airflow/.local/lib/python3.12/site-packages/airflow/example_dags/example_display_name.py
[2024-07-03T14:30:12.983+0000] {logging_mixin.py:188} INFO - [2024-07-03T14:30:12.983+0000] {dag.py:3096} INFO - Sync 1 DAGs
[2024-07-03T14:30:13.019+0000] {logging_mixin.py:188} INFO - [2024-07-03T14:30:13.019+0000] {dag.py:3954} INFO - Setting next_dagrun for example_display_name to None, run_after=None
[2024-07-03T14:30:13.065+0000] {processor.py:183} INFO - Processing /home/airflow/.local/lib/python3.12/site-packages/airflow/example_dags/example_display_name.py took 0.160 seconds
[2024-07-03T14:30:43.685+0000] {processor.py:161} INFO - Started process (PID=354) to work on /home/airflow/.local/lib/python3.12/site-packages/airflow/example_dags/example_display_name.py
[2024-07-03T14:30:43.687+0000] {processor.py:830} INFO - Processing file /home/airflow/.local/lib/python3.12/site-packages/airflow/example_dags/example_display_name.py for tasks to queue
[2024-07-03T14:30:43.689+0000] {logging_mixin.py:188} INFO - [2024-07-03T14:30:43.688+0000] {dagbag.py:545} INFO - Filling up the DagBag from /home/airflow/.local/lib/python3.12/site-packages/airflow/example_dags/example_display_name.py
[2024-07-03T14:30:43.694+0000] {processor.py:840} INFO - DAG(s) 'example_display_name' retrieved from /home/airflow/.local/lib/python3.12/site-packages/airflow/example_dags/example_display_name.py
[2024-07-03T14:30:43.711+0000] {logging_mixin.py:188} INFO - [2024-07-03T14:30:43.711+0000] {dag.py:3096} INFO - Sync 1 DAGs
[2024-07-03T14:30:43.723+0000] {logging_mixin.py:188} INFO - [2024-07-03T14:30:43.723+0000] {dag.py:3954} INFO - Setting next_dagrun for example_display_name to None, run_after=None
[2024-07-03T14:30:43.743+0000] {processor.py:183} INFO - Processing /home/airflow/.local/lib/python3.12/site-packages/airflow/example_dags/example_display_name.py took 0.062 seconds
[2024-07-03T14:31:13.830+0000] {processor.py:161} INFO - Started process (PID=412) to work on /home/airflow/.local/lib/python3.12/site-packages/airflow/example_dags/example_display_name.py
[2024-07-03T14:31:13.831+0000] {processor.py:830} INFO - Processing file /home/airflow/.local/lib/python3.12/site-packages/airflow/example_dags/example_display_name.py for tasks to queue
[2024-07-03T14:31:13.833+0000] {logging_mixin.py:188} INFO - [2024-07-03T14:31:13.833+0000] {dagbag.py:545} INFO - Filling up the DagBag from /home/airflow/.local/lib/python3.12/site-packages/airflow/example_dags/example_display_name.py
[2024-07-03T14:31:13.839+0000] {processor.py:840} INFO - DAG(s) 'example_display_name' retrieved from /home/airflow/.local/lib/python3.12/site-packages/airflow/example_dags/example_display_name.py
[2024-07-03T14:31:13.861+0000] {logging_mixin.py:188} INFO - [2024-07-03T14:31:13.861+0000] {dag.py:3096} INFO - Sync 1 DAGs
[2024-07-03T14:31:13.874+0000] {logging_mixin.py:188} INFO - [2024-07-03T14:31:13.873+0000] {dag.py:3954} INFO - Setting next_dagrun for example_display_name to None, run_after=None
[2024-07-03T14:31:13.905+0000] {processor.py:183} INFO - Processing /home/airflow/.local/lib/python3.12/site-packages/airflow/example_dags/example_display_name.py took 0.080 seconds
[2024-07-03T14:31:44.268+0000] {processor.py:161} INFO - Started process (PID=471) to work on /home/airflow/.local/lib/python3.12/site-packages/airflow/example_dags/example_display_name.py
[2024-07-03T14:31:44.272+0000] {processor.py:830} INFO - Processing file /home/airflow/.local/lib/python3.12/site-packages/airflow/example_dags/example_display_name.py for tasks to queue
[2024-07-03T14:31:44.277+0000] {logging_mixin.py:188} INFO - [2024-07-03T14:31:44.276+0000] {dagbag.py:545} INFO - Filling up the DagBag from /home/airflow/.local/lib/python3.12/site-packages/airflow/example_dags/example_display_name.py
[2024-07-03T14:31:44.285+0000] {processor.py:840} INFO - DAG(s) 'example_display_name' retrieved from /home/airflow/.local/lib/python3.12/site-packages/airflow/example_dags/example_display_name.py
[2024-07-03T14:31:44.338+0000] {logging_mixin.py:188} INFO - [2024-07-03T14:31:44.337+0000] {dag.py:3096} INFO - Sync 1 DAGs
[2024-07-03T14:31:44.441+0000] {logging_mixin.py:188} INFO - [2024-07-03T14:31:44.441+0000] {dag.py:3954} INFO - Setting next_dagrun for example_display_name to None, run_after=None
[2024-07-03T14:31:44.562+0000] {processor.py:183} INFO - Processing /home/airflow/.local/lib/python3.12/site-packages/airflow/example_dags/example_display_name.py took 0.303 seconds
[2024-07-03T14:32:14.928+0000] {processor.py:161} INFO - Started process (PID=529) to work on /home/airflow/.local/lib/python3.12/site-packages/airflow/example_dags/example_display_name.py
[2024-07-03T14:32:14.929+0000] {processor.py:830} INFO - Processing file /home/airflow/.local/lib/python3.12/site-packages/airflow/example_dags/example_display_name.py for tasks to queue
[2024-07-03T14:32:14.931+0000] {logging_mixin.py:188} INFO - [2024-07-03T14:32:14.931+0000] {dagbag.py:545} INFO - Filling up the DagBag from /home/airflow/.local/lib/python3.12/site-packages/airflow/example_dags/example_display_name.py
[2024-07-03T14:32:14.937+0000] {processor.py:840} INFO - DAG(s) 'example_display_name' retrieved from /home/airflow/.local/lib/python3.12/site-packages/airflow/example_dags/example_display_name.py
[2024-07-03T14:32:14.955+0000] {logging_mixin.py:188} INFO - [2024-07-03T14:32:14.954+0000] {dag.py:3096} INFO - Sync 1 DAGs
[2024-07-03T14:32:14.966+0000] {logging_mixin.py:188} INFO - [2024-07-03T14:32:14.966+0000] {dag.py:3954} INFO - Setting next_dagrun for example_display_name to None, run_after=None
[2024-07-03T14:32:14.984+0000] {processor.py:183} INFO - Processing /home/airflow/.local/lib/python3.12/site-packages/airflow/example_dags/example_display_name.py took 0.062 seconds
[2024-07-03T14:32:45.781+0000] {processor.py:161} INFO - Started process (PID=587) to work on /home/airflow/.local/lib/python3.12/site-packages/airflow/example_dags/example_display_name.py
[2024-07-03T14:32:45.783+0000] {processor.py:830} INFO - Processing file /home/airflow/.local/lib/python3.12/site-packages/airflow/example_dags/example_display_name.py for tasks to queue
[2024-07-03T14:32:45.797+0000] {logging_mixin.py:188} INFO - [2024-07-03T14:32:45.796+0000] {dagbag.py:545} INFO - Filling up the DagBag from /home/airflow/.local/lib/python3.12/site-packages/airflow/example_dags/example_display_name.py
[2024-07-03T14:32:45.860+0000] {processor.py:840} INFO - DAG(s) 'example_display_name' retrieved from /home/airflow/.local/lib/python3.12/site-packages/airflow/example_dags/example_display_name.py
[2024-07-03T14:32:45.989+0000] {logging_mixin.py:188} INFO - [2024-07-03T14:32:45.989+0000] {dag.py:3096} INFO - Sync 1 DAGs
[2024-07-03T14:32:46.069+0000] {logging_mixin.py:188} INFO - [2024-07-03T14:32:46.068+0000] {dag.py:3954} INFO - Setting next_dagrun for example_display_name to None, run_after=None
[2024-07-03T14:32:46.260+0000] {processor.py:183} INFO - Processing /home/airflow/.local/lib/python3.12/site-packages/airflow/example_dags/example_display_name.py took 0.516 seconds
[2024-07-03T14:33:16.475+0000] {processor.py:161} INFO - Started process (PID=645) to work on /home/airflow/.local/lib/python3.12/site-packages/airflow/example_dags/example_display_name.py
[2024-07-03T14:33:16.477+0000] {processor.py:830} INFO - Processing file /home/airflow/.local/lib/python3.12/site-packages/airflow/example_dags/example_display_name.py for tasks to queue
[2024-07-03T14:33:16.479+0000] {logging_mixin.py:188} INFO - [2024-07-03T14:33:16.478+0000] {dagbag.py:545} INFO - Filling up the DagBag from /home/airflow/.local/lib/python3.12/site-packages/airflow/example_dags/example_display_name.py
[2024-07-03T14:33:16.488+0000] {processor.py:840} INFO - DAG(s) 'example_display_name' retrieved from /home/airflow/.local/lib/python3.12/site-packages/airflow/example_dags/example_display_name.py
[2024-07-03T14:33:16.524+0000] {logging_mixin.py:188} INFO - [2024-07-03T14:33:16.523+0000] {dag.py:3096} INFO - Sync 1 DAGs
[2024-07-03T14:33:16.553+0000] {logging_mixin.py:188} INFO - [2024-07-03T14:33:16.553+0000] {dag.py:3954} INFO - Setting next_dagrun for example_display_name to None, run_after=None
[2024-07-03T14:33:16.581+0000] {processor.py:183} INFO - Processing /home/airflow/.local/lib/python3.12/site-packages/airflow/example_dags/example_display_name.py took 0.116 seconds
[2024-07-03T14:34:10.632+0000] {processor.py:161} INFO - Started process (PID=708) to work on /home/airflow/.local/lib/python3.12/site-packages/airflow/example_dags/example_display_name.py
[2024-07-03T14:34:10.634+0000] {processor.py:830} INFO - Processing file /home/airflow/.local/lib/python3.12/site-packages/airflow/example_dags/example_display_name.py for tasks to queue
[2024-07-03T14:34:10.635+0000] {logging_mixin.py:188} INFO - [2024-07-03T14:34:10.635+0000] {dagbag.py:545} INFO - Filling up the DagBag from /home/airflow/.local/lib/python3.12/site-packages/airflow/example_dags/example_display_name.py
[2024-07-03T14:34:10.643+0000] {processor.py:840} INFO - DAG(s) 'example_display_name' retrieved from /home/airflow/.local/lib/python3.12/site-packages/airflow/example_dags/example_display_name.py
[2024-07-03T14:34:10.670+0000] {logging_mixin.py:188} INFO - [2024-07-03T14:34:10.670+0000] {dag.py:3096} INFO - Sync 1 DAGs
[2024-07-03T14:34:10.689+0000] {logging_mixin.py:188} INFO - [2024-07-03T14:34:10.689+0000] {dag.py:3954} INFO - Setting next_dagrun for example_display_name to None, run_after=None
[2024-07-03T14:34:10.708+0000] {processor.py:183} INFO - Processing /home/airflow/.local/lib/python3.12/site-packages/airflow/example_dags/example_display_name.py took 0.084 seconds
[2024-07-03T14:34:41.294+0000] {processor.py:161} INFO - Started process (PID=768) to work on /home/airflow/.local/lib/python3.12/site-packages/airflow/example_dags/example_display_name.py
[2024-07-03T14:34:41.304+0000] {processor.py:830} INFO - Processing file /home/airflow/.local/lib/python3.12/site-packages/airflow/example_dags/example_display_name.py for tasks to queue
[2024-07-03T14:34:41.306+0000] {logging_mixin.py:188} INFO - [2024-07-03T14:34:41.306+0000] {dagbag.py:545} INFO - Filling up the DagBag from /home/airflow/.local/lib/python3.12/site-packages/airflow/example_dags/example_display_name.py
[2024-07-03T14:34:41.314+0000] {processor.py:840} INFO - DAG(s) 'example_display_name' retrieved from /home/airflow/.local/lib/python3.12/site-packages/airflow/example_dags/example_display_name.py
[2024-07-03T14:34:41.358+0000] {logging_mixin.py:188} INFO - [2024-07-03T14:34:41.358+0000] {dag.py:3096} INFO - Sync 1 DAGs
[2024-07-03T14:34:41.384+0000] {logging_mixin.py:188} INFO - [2024-07-03T14:34:41.384+0000] {dag.py:3954} INFO - Setting next_dagrun for example_display_name to None, run_after=None
[2024-07-03T14:34:41.419+0000] {processor.py:183} INFO - Processing /home/airflow/.local/lib/python3.12/site-packages/airflow/example_dags/example_display_name.py took 0.132 seconds
[2024-07-03T14:35:12.044+0000] {processor.py:161} INFO - Started process (PID=826) to work on /home/airflow/.local/lib/python3.12/site-packages/airflow/example_dags/example_display_name.py
[2024-07-03T14:35:12.046+0000] {processor.py:830} INFO - Processing file /home/airflow/.local/lib/python3.12/site-packages/airflow/example_dags/example_display_name.py for tasks to queue
[2024-07-03T14:35:12.048+0000] {logging_mixin.py:188} INFO - [2024-07-03T14:35:12.047+0000] {dagbag.py:545} INFO - Filling up the DagBag from /home/airflow/.local/lib/python3.12/site-packages/airflow/example_dags/example_display_name.py
[2024-07-03T14:35:12.055+0000] {processor.py:840} INFO - DAG(s) 'example_display_name' retrieved from /home/airflow/.local/lib/python3.12/site-packages/airflow/example_dags/example_display_name.py
[2024-07-03T14:35:12.104+0000] {logging_mixin.py:188} INFO - [2024-07-03T14:35:12.103+0000] {dag.py:3096} INFO - Sync 1 DAGs
[2024-07-03T14:35:12.136+0000] {logging_mixin.py:188} INFO - [2024-07-03T14:35:12.135+0000] {dag.py:3954} INFO - Setting next_dagrun for example_display_name to None, run_after=None
[2024-07-03T14:35:12.167+0000] {processor.py:183} INFO - Processing /home/airflow/.local/lib/python3.12/site-packages/airflow/example_dags/example_display_name.py took 0.138 seconds
