[2024-07-03T14:27:49.325+0000] {processor.py:161} INFO - Started process (PID=30) to work on /home/airflow/.local/lib/python3.12/site-packages/airflow/example_dags/example_python_operator.py
[2024-07-03T14:27:49.347+0000] {processor.py:830} INFO - Processing file /home/airflow/.local/lib/python3.12/site-packages/airflow/example_dags/example_python_operator.py for tasks to queue
[2024-07-03T14:27:49.357+0000] {logging_mixin.py:188} INFO - [2024-07-03T14:27:49.357+0000] {dagbag.py:545} INFO - Filling up the DagBag from /home/airflow/.local/lib/python3.12/site-packages/airflow/example_dags/example_python_operator.py
[2024-07-03T14:27:49.517+0000] {processor.py:840} INFO - DAG(s) 'example_python_operator' retrieved from /home/airflow/.local/lib/python3.12/site-packages/airflow/example_dags/example_python_operator.py
[2024-07-03T14:27:51.297+0000] {logging_mixin.py:188} INFO - [2024-07-03T14:27:51.297+0000] {dag.py:3096} INFO - Sync 1 DAGs
[2024-07-03T14:27:51.329+0000] {logging_mixin.py:188} INFO - [2024-07-03T14:27:51.329+0000] {dag.py:3954} INFO - Setting next_dagrun for example_python_operator to None, run_after=None
[2024-07-03T14:27:51.433+0000] {processor.py:183} INFO - Processing /home/airflow/.local/lib/python3.12/site-packages/airflow/example_dags/example_python_operator.py took 2.117 seconds
[2024-07-03T14:28:21.767+0000] {processor.py:161} INFO - Started process (PID=88) to work on /home/airflow/.local/lib/python3.12/site-packages/airflow/example_dags/example_python_operator.py
[2024-07-03T14:28:21.768+0000] {processor.py:830} INFO - Processing file /home/airflow/.local/lib/python3.12/site-packages/airflow/example_dags/example_python_operator.py for tasks to queue
[2024-07-03T14:28:21.770+0000] {logging_mixin.py:188} INFO - [2024-07-03T14:28:21.770+0000] {dagbag.py:545} INFO - Filling up the DagBag from /home/airflow/.local/lib/python3.12/site-packages/airflow/example_dags/example_python_operator.py
[2024-07-03T14:28:21.786+0000] {processor.py:840} INFO - DAG(s) 'example_python_operator' retrieved from /home/airflow/.local/lib/python3.12/site-packages/airflow/example_dags/example_python_operator.py
[2024-07-03T14:28:21.841+0000] {logging_mixin.py:188} INFO - [2024-07-03T14:28:21.841+0000] {dag.py:3096} INFO - Sync 1 DAGs
[2024-07-03T14:28:21.870+0000] {logging_mixin.py:188} INFO - [2024-07-03T14:28:21.870+0000] {dag.py:3954} INFO - Setting next_dagrun for example_python_operator to None, run_after=None
[2024-07-03T14:28:21.947+0000] {processor.py:183} INFO - Processing /home/airflow/.local/lib/python3.12/site-packages/airflow/example_dags/example_python_operator.py took 0.192 seconds
[2024-07-03T14:28:52.141+0000] {processor.py:161} INFO - Started process (PID=147) to work on /home/airflow/.local/lib/python3.12/site-packages/airflow/example_dags/example_python_operator.py
[2024-07-03T14:28:52.142+0000] {processor.py:830} INFO - Processing file /home/airflow/.local/lib/python3.12/site-packages/airflow/example_dags/example_python_operator.py for tasks to queue
[2024-07-03T14:28:52.144+0000] {logging_mixin.py:188} INFO - [2024-07-03T14:28:52.144+0000] {dagbag.py:545} INFO - Filling up the DagBag from /home/airflow/.local/lib/python3.12/site-packages/airflow/example_dags/example_python_operator.py
[2024-07-03T14:28:52.157+0000] {processor.py:840} INFO - DAG(s) 'example_python_operator' retrieved from /home/airflow/.local/lib/python3.12/site-packages/airflow/example_dags/example_python_operator.py
[2024-07-03T14:28:52.180+0000] {logging_mixin.py:188} INFO - [2024-07-03T14:28:52.179+0000] {dag.py:3096} INFO - Sync 1 DAGs
[2024-07-03T14:28:52.194+0000] {logging_mixin.py:188} INFO - [2024-07-03T14:28:52.194+0000] {dag.py:3954} INFO - Setting next_dagrun for example_python_operator to None, run_after=None
[2024-07-03T14:28:52.218+0000] {processor.py:183} INFO - Processing /home/airflow/.local/lib/python3.12/site-packages/airflow/example_dags/example_python_operator.py took 0.085 seconds
[2024-07-03T14:29:22.498+0000] {processor.py:161} INFO - Started process (PID=204) to work on /home/airflow/.local/lib/python3.12/site-packages/airflow/example_dags/example_python_operator.py
[2024-07-03T14:29:22.500+0000] {processor.py:830} INFO - Processing file /home/airflow/.local/lib/python3.12/site-packages/airflow/example_dags/example_python_operator.py for tasks to queue
[2024-07-03T14:29:22.502+0000] {logging_mixin.py:188} INFO - [2024-07-03T14:29:22.502+0000] {dagbag.py:545} INFO - Filling up the DagBag from /home/airflow/.local/lib/python3.12/site-packages/airflow/example_dags/example_python_operator.py
[2024-07-03T14:29:22.515+0000] {processor.py:840} INFO - DAG(s) 'example_python_operator' retrieved from /home/airflow/.local/lib/python3.12/site-packages/airflow/example_dags/example_python_operator.py
[2024-07-03T14:29:22.537+0000] {logging_mixin.py:188} INFO - [2024-07-03T14:29:22.536+0000] {dag.py:3096} INFO - Sync 1 DAGs
[2024-07-03T14:29:22.551+0000] {logging_mixin.py:188} INFO - [2024-07-03T14:29:22.551+0000] {dag.py:3954} INFO - Setting next_dagrun for example_python_operator to None, run_after=None
[2024-07-03T14:29:22.572+0000] {processor.py:183} INFO - Processing /home/airflow/.local/lib/python3.12/site-packages/airflow/example_dags/example_python_operator.py took 0.080 seconds
[2024-07-03T14:29:52.738+0000] {processor.py:161} INFO - Started process (PID=262) to work on /home/airflow/.local/lib/python3.12/site-packages/airflow/example_dags/example_python_operator.py
[2024-07-03T14:29:52.739+0000] {processor.py:830} INFO - Processing file /home/airflow/.local/lib/python3.12/site-packages/airflow/example_dags/example_python_operator.py for tasks to queue
[2024-07-03T14:29:52.741+0000] {logging_mixin.py:188} INFO - [2024-07-03T14:29:52.741+0000] {dagbag.py:545} INFO - Filling up the DagBag from /home/airflow/.local/lib/python3.12/site-packages/airflow/example_dags/example_python_operator.py
[2024-07-03T14:29:52.751+0000] {processor.py:840} INFO - DAG(s) 'example_python_operator' retrieved from /home/airflow/.local/lib/python3.12/site-packages/airflow/example_dags/example_python_operator.py
[2024-07-03T14:29:52.779+0000] {logging_mixin.py:188} INFO - [2024-07-03T14:29:52.779+0000] {dag.py:3096} INFO - Sync 1 DAGs
[2024-07-03T14:29:52.797+0000] {logging_mixin.py:188} INFO - [2024-07-03T14:29:52.797+0000] {dag.py:3954} INFO - Setting next_dagrun for example_python_operator to None, run_after=None
[2024-07-03T14:29:52.828+0000] {processor.py:183} INFO - Processing /home/airflow/.local/lib/python3.12/site-packages/airflow/example_dags/example_python_operator.py took 0.095 seconds
[2024-07-03T14:30:23.946+0000] {processor.py:161} INFO - Started process (PID=318) to work on /home/airflow/.local/lib/python3.12/site-packages/airflow/example_dags/example_python_operator.py
[2024-07-03T14:30:23.982+0000] {processor.py:830} INFO - Processing file /home/airflow/.local/lib/python3.12/site-packages/airflow/example_dags/example_python_operator.py for tasks to queue
[2024-07-03T14:30:24.121+0000] {logging_mixin.py:188} INFO - [2024-07-03T14:30:24.118+0000] {dagbag.py:545} INFO - Filling up the DagBag from /home/airflow/.local/lib/python3.12/site-packages/airflow/example_dags/example_python_operator.py
[2024-07-03T14:30:24.843+0000] {processor.py:840} INFO - DAG(s) 'example_python_operator' retrieved from /home/airflow/.local/lib/python3.12/site-packages/airflow/example_dags/example_python_operator.py
[2024-07-03T14:30:25.475+0000] {logging_mixin.py:188} INFO - [2024-07-03T14:30:25.472+0000] {dag.py:3096} INFO - Sync 1 DAGs
[2024-07-03T14:30:25.792+0000] {logging_mixin.py:188} INFO - [2024-07-03T14:30:25.772+0000] {dag.py:3954} INFO - Setting next_dagrun for example_python_operator to None, run_after=None
[2024-07-03T14:30:25.991+0000] {processor.py:183} INFO - Processing /home/airflow/.local/lib/python3.12/site-packages/airflow/example_dags/example_python_operator.py took 2.438 seconds
[2024-07-03T14:30:56.535+0000] {processor.py:161} INFO - Started process (PID=376) to work on /home/airflow/.local/lib/python3.12/site-packages/airflow/example_dags/example_python_operator.py
[2024-07-03T14:30:56.537+0000] {processor.py:830} INFO - Processing file /home/airflow/.local/lib/python3.12/site-packages/airflow/example_dags/example_python_operator.py for tasks to queue
[2024-07-03T14:30:56.540+0000] {logging_mixin.py:188} INFO - [2024-07-03T14:30:56.539+0000] {dagbag.py:545} INFO - Filling up the DagBag from /home/airflow/.local/lib/python3.12/site-packages/airflow/example_dags/example_python_operator.py
[2024-07-03T14:30:56.576+0000] {processor.py:840} INFO - DAG(s) 'example_python_operator' retrieved from /home/airflow/.local/lib/python3.12/site-packages/airflow/example_dags/example_python_operator.py
[2024-07-03T14:30:56.631+0000] {logging_mixin.py:188} INFO - [2024-07-03T14:30:56.631+0000] {dag.py:3096} INFO - Sync 1 DAGs
[2024-07-03T14:30:56.653+0000] {logging_mixin.py:188} INFO - [2024-07-03T14:30:56.653+0000] {dag.py:3954} INFO - Setting next_dagrun for example_python_operator to None, run_after=None
[2024-07-03T14:30:56.707+0000] {processor.py:183} INFO - Processing /home/airflow/.local/lib/python3.12/site-packages/airflow/example_dags/example_python_operator.py took 0.178 seconds
[2024-07-03T14:31:26.767+0000] {processor.py:161} INFO - Started process (PID=435) to work on /home/airflow/.local/lib/python3.12/site-packages/airflow/example_dags/example_python_operator.py
[2024-07-03T14:31:26.768+0000] {processor.py:830} INFO - Processing file /home/airflow/.local/lib/python3.12/site-packages/airflow/example_dags/example_python_operator.py for tasks to queue
[2024-07-03T14:31:26.769+0000] {logging_mixin.py:188} INFO - [2024-07-03T14:31:26.769+0000] {dagbag.py:545} INFO - Filling up the DagBag from /home/airflow/.local/lib/python3.12/site-packages/airflow/example_dags/example_python_operator.py
[2024-07-03T14:31:26.779+0000] {processor.py:840} INFO - DAG(s) 'example_python_operator' retrieved from /home/airflow/.local/lib/python3.12/site-packages/airflow/example_dags/example_python_operator.py
[2024-07-03T14:31:26.797+0000] {logging_mixin.py:188} INFO - [2024-07-03T14:31:26.797+0000] {dag.py:3096} INFO - Sync 1 DAGs
[2024-07-03T14:31:26.810+0000] {logging_mixin.py:188} INFO - [2024-07-03T14:31:26.810+0000] {dag.py:3954} INFO - Setting next_dagrun for example_python_operator to None, run_after=None
[2024-07-03T14:31:26.833+0000] {processor.py:183} INFO - Processing /home/airflow/.local/lib/python3.12/site-packages/airflow/example_dags/example_python_operator.py took 0.071 seconds
[2024-07-03T14:31:57.030+0000] {processor.py:161} INFO - Started process (PID=493) to work on /home/airflow/.local/lib/python3.12/site-packages/airflow/example_dags/example_python_operator.py
[2024-07-03T14:31:57.032+0000] {processor.py:830} INFO - Processing file /home/airflow/.local/lib/python3.12/site-packages/airflow/example_dags/example_python_operator.py for tasks to queue
[2024-07-03T14:31:57.034+0000] {logging_mixin.py:188} INFO - [2024-07-03T14:31:57.034+0000] {dagbag.py:545} INFO - Filling up the DagBag from /home/airflow/.local/lib/python3.12/site-packages/airflow/example_dags/example_python_operator.py
[2024-07-03T14:31:57.050+0000] {processor.py:840} INFO - DAG(s) 'example_python_operator' retrieved from /home/airflow/.local/lib/python3.12/site-packages/airflow/example_dags/example_python_operator.py
[2024-07-03T14:31:57.113+0000] {logging_mixin.py:188} INFO - [2024-07-03T14:31:57.113+0000] {dag.py:3096} INFO - Sync 1 DAGs
[2024-07-03T14:31:57.139+0000] {logging_mixin.py:188} INFO - [2024-07-03T14:31:57.139+0000] {dag.py:3954} INFO - Setting next_dagrun for example_python_operator to None, run_after=None
[2024-07-03T14:31:57.162+0000] {processor.py:183} INFO - Processing /home/airflow/.local/lib/python3.12/site-packages/airflow/example_dags/example_python_operator.py took 0.138 seconds
[2024-07-03T14:32:27.695+0000] {processor.py:161} INFO - Started process (PID=551) to work on /home/airflow/.local/lib/python3.12/site-packages/airflow/example_dags/example_python_operator.py
[2024-07-03T14:32:27.696+0000] {processor.py:830} INFO - Processing file /home/airflow/.local/lib/python3.12/site-packages/airflow/example_dags/example_python_operator.py for tasks to queue
[2024-07-03T14:32:27.698+0000] {logging_mixin.py:188} INFO - [2024-07-03T14:32:27.698+0000] {dagbag.py:545} INFO - Filling up the DagBag from /home/airflow/.local/lib/python3.12/site-packages/airflow/example_dags/example_python_operator.py
[2024-07-03T14:32:27.708+0000] {processor.py:840} INFO - DAG(s) 'example_python_operator' retrieved from /home/airflow/.local/lib/python3.12/site-packages/airflow/example_dags/example_python_operator.py
[2024-07-03T14:32:27.729+0000] {logging_mixin.py:188} INFO - [2024-07-03T14:32:27.728+0000] {dag.py:3096} INFO - Sync 1 DAGs
[2024-07-03T14:32:27.741+0000] {logging_mixin.py:188} INFO - [2024-07-03T14:32:27.741+0000] {dag.py:3954} INFO - Setting next_dagrun for example_python_operator to None, run_after=None
[2024-07-03T14:32:27.765+0000] {processor.py:183} INFO - Processing /home/airflow/.local/lib/python3.12/site-packages/airflow/example_dags/example_python_operator.py took 0.076 seconds
[2024-07-03T14:32:58.512+0000] {processor.py:161} INFO - Started process (PID=609) to work on /home/airflow/.local/lib/python3.12/site-packages/airflow/example_dags/example_python_operator.py
[2024-07-03T14:32:58.514+0000] {processor.py:830} INFO - Processing file /home/airflow/.local/lib/python3.12/site-packages/airflow/example_dags/example_python_operator.py for tasks to queue
[2024-07-03T14:32:58.515+0000] {logging_mixin.py:188} INFO - [2024-07-03T14:32:58.515+0000] {dagbag.py:545} INFO - Filling up the DagBag from /home/airflow/.local/lib/python3.12/site-packages/airflow/example_dags/example_python_operator.py
[2024-07-03T14:32:58.529+0000] {processor.py:840} INFO - DAG(s) 'example_python_operator' retrieved from /home/airflow/.local/lib/python3.12/site-packages/airflow/example_dags/example_python_operator.py
[2024-07-03T14:32:58.562+0000] {logging_mixin.py:188} INFO - [2024-07-03T14:32:58.562+0000] {dag.py:3096} INFO - Sync 1 DAGs
[2024-07-03T14:32:58.583+0000] {logging_mixin.py:188} INFO - [2024-07-03T14:32:58.582+0000] {dag.py:3954} INFO - Setting next_dagrun for example_python_operator to None, run_after=None
[2024-07-03T14:32:58.608+0000] {processor.py:183} INFO - Processing /home/airflow/.local/lib/python3.12/site-packages/airflow/example_dags/example_python_operator.py took 0.104 seconds
[2024-07-03T14:33:29.143+0000] {processor.py:161} INFO - Started process (PID=668) to work on /home/airflow/.local/lib/python3.12/site-packages/airflow/example_dags/example_python_operator.py
[2024-07-03T14:33:29.158+0000] {processor.py:830} INFO - Processing file /home/airflow/.local/lib/python3.12/site-packages/airflow/example_dags/example_python_operator.py for tasks to queue
[2024-07-03T14:33:29.175+0000] {logging_mixin.py:188} INFO - [2024-07-03T14:33:29.169+0000] {dagbag.py:545} INFO - Filling up the DagBag from /home/airflow/.local/lib/python3.12/site-packages/airflow/example_dags/example_python_operator.py
[2024-07-03T14:33:29.387+0000] {processor.py:840} INFO - DAG(s) 'example_python_operator' retrieved from /home/airflow/.local/lib/python3.12/site-packages/airflow/example_dags/example_python_operator.py
[2024-07-03T14:33:29.904+0000] {logging_mixin.py:188} INFO - [2024-07-03T14:33:29.903+0000] {dag.py:3096} INFO - Sync 1 DAGs
[2024-07-03T14:33:30.581+0000] {logging_mixin.py:188} INFO - [2024-07-03T14:33:30.581+0000] {dag.py:3954} INFO - Setting next_dagrun for example_python_operator to None, run_after=None
[2024-07-03T14:33:31.718+0000] {processor.py:183} INFO - Processing /home/airflow/.local/lib/python3.12/site-packages/airflow/example_dags/example_python_operator.py took 2.598 seconds
[2024-07-03T14:34:14.167+0000] {processor.py:161} INFO - Started process (PID=727) to work on /home/airflow/.local/lib/python3.12/site-packages/airflow/example_dags/example_python_operator.py
[2024-07-03T14:34:14.178+0000] {processor.py:830} INFO - Processing file /home/airflow/.local/lib/python3.12/site-packages/airflow/example_dags/example_python_operator.py for tasks to queue
[2024-07-03T14:34:14.180+0000] {logging_mixin.py:188} INFO - [2024-07-03T14:34:14.179+0000] {dagbag.py:545} INFO - Filling up the DagBag from /home/airflow/.local/lib/python3.12/site-packages/airflow/example_dags/example_python_operator.py
[2024-07-03T14:34:14.212+0000] {processor.py:840} INFO - DAG(s) 'example_python_operator' retrieved from /home/airflow/.local/lib/python3.12/site-packages/airflow/example_dags/example_python_operator.py
[2024-07-03T14:34:14.309+0000] {logging_mixin.py:188} INFO - [2024-07-03T14:34:14.309+0000] {dag.py:3096} INFO - Sync 1 DAGs
[2024-07-03T14:34:14.345+0000] {logging_mixin.py:188} INFO - [2024-07-03T14:34:14.344+0000] {dag.py:3954} INFO - Setting next_dagrun for example_python_operator to None, run_after=None
[2024-07-03T14:34:14.380+0000] {processor.py:183} INFO - Processing /home/airflow/.local/lib/python3.12/site-packages/airflow/example_dags/example_python_operator.py took 0.224 seconds
[2024-07-03T14:34:45.060+0000] {processor.py:161} INFO - Started process (PID=784) to work on /home/airflow/.local/lib/python3.12/site-packages/airflow/example_dags/example_python_operator.py
[2024-07-03T14:34:45.061+0000] {processor.py:830} INFO - Processing file /home/airflow/.local/lib/python3.12/site-packages/airflow/example_dags/example_python_operator.py for tasks to queue
[2024-07-03T14:34:45.062+0000] {logging_mixin.py:188} INFO - [2024-07-03T14:34:45.062+0000] {dagbag.py:545} INFO - Filling up the DagBag from /home/airflow/.local/lib/python3.12/site-packages/airflow/example_dags/example_python_operator.py
[2024-07-03T14:34:45.075+0000] {processor.py:840} INFO - DAG(s) 'example_python_operator' retrieved from /home/airflow/.local/lib/python3.12/site-packages/airflow/example_dags/example_python_operator.py
[2024-07-03T14:34:45.119+0000] {logging_mixin.py:188} INFO - [2024-07-03T14:34:45.118+0000] {dag.py:3096} INFO - Sync 1 DAGs
[2024-07-03T14:34:45.137+0000] {logging_mixin.py:188} INFO - [2024-07-03T14:34:45.136+0000] {dag.py:3954} INFO - Setting next_dagrun for example_python_operator to None, run_after=None
[2024-07-03T14:34:45.163+0000] {processor.py:183} INFO - Processing /home/airflow/.local/lib/python3.12/site-packages/airflow/example_dags/example_python_operator.py took 0.109 seconds
[2024-07-03T14:35:15.388+0000] {processor.py:161} INFO - Started process (PID=842) to work on /home/airflow/.local/lib/python3.12/site-packages/airflow/example_dags/example_python_operator.py
[2024-07-03T14:35:15.408+0000] {processor.py:830} INFO - Processing file /home/airflow/.local/lib/python3.12/site-packages/airflow/example_dags/example_python_operator.py for tasks to queue
[2024-07-03T14:35:15.411+0000] {logging_mixin.py:188} INFO - [2024-07-03T14:35:15.410+0000] {dagbag.py:545} INFO - Filling up the DagBag from /home/airflow/.local/lib/python3.12/site-packages/airflow/example_dags/example_python_operator.py
[2024-07-03T14:35:15.554+0000] {processor.py:840} INFO - DAG(s) 'example_python_operator' retrieved from /home/airflow/.local/lib/python3.12/site-packages/airflow/example_dags/example_python_operator.py
[2024-07-03T14:35:15.681+0000] {logging_mixin.py:188} INFO - [2024-07-03T14:35:15.681+0000] {dag.py:3096} INFO - Sync 1 DAGs
[2024-07-03T14:35:15.743+0000] {logging_mixin.py:188} INFO - [2024-07-03T14:35:15.742+0000] {dag.py:3954} INFO - Setting next_dagrun for example_python_operator to None, run_after=None
[2024-07-03T14:35:15.848+0000] {processor.py:183} INFO - Processing /home/airflow/.local/lib/python3.12/site-packages/airflow/example_dags/example_python_operator.py took 0.540 seconds
