[2024-07-03T14:28:09.033+0000] {processor.py:161} INFO - Started process (PID=71) to work on /home/airflow/.local/lib/python3.12/site-packages/airflow/example_dags/example_branch_labels.py
[2024-07-03T14:28:09.040+0000] {processor.py:830} INFO - Processing file /home/airflow/.local/lib/python3.12/site-packages/airflow/example_dags/example_branch_labels.py for tasks to queue
[2024-07-03T14:28:09.042+0000] {logging_mixin.py:188} INFO - [2024-07-03T14:28:09.042+0000] {dagbag.py:545} INFO - Filling up the DagBag from /home/airflow/.local/lib/python3.12/site-packages/airflow/example_dags/example_branch_labels.py
[2024-07-03T14:28:09.106+0000] {processor.py:840} INFO - DAG(s) 'example_branch_labels' retrieved from /home/airflow/.local/lib/python3.12/site-packages/airflow/example_dags/example_branch_labels.py
[2024-07-03T14:28:09.352+0000] {logging_mixin.py:188} INFO - [2024-07-03T14:28:09.352+0000] {dag.py:3096} INFO - Sync 1 DAGs
[2024-07-03T14:28:09.376+0000] {logging_mixin.py:188} INFO - [2024-07-03T14:28:09.376+0000] {dag.py:3954} INFO - Setting next_dagrun for example_branch_labels to 2024-07-02 00:00:00+00:00, run_after=2024-07-03 00:00:00+00:00
[2024-07-03T14:28:09.411+0000] {processor.py:183} INFO - Processing /home/airflow/.local/lib/python3.12/site-packages/airflow/example_dags/example_branch_labels.py took 0.385 seconds
[2024-07-03T14:28:39.555+0000] {processor.py:161} INFO - Started process (PID=129) to work on /home/airflow/.local/lib/python3.12/site-packages/airflow/example_dags/example_branch_labels.py
[2024-07-03T14:28:39.556+0000] {processor.py:830} INFO - Processing file /home/airflow/.local/lib/python3.12/site-packages/airflow/example_dags/example_branch_labels.py for tasks to queue
[2024-07-03T14:28:39.559+0000] {logging_mixin.py:188} INFO - [2024-07-03T14:28:39.558+0000] {dagbag.py:545} INFO - Filling up the DagBag from /home/airflow/.local/lib/python3.12/site-packages/airflow/example_dags/example_branch_labels.py
[2024-07-03T14:28:39.568+0000] {processor.py:840} INFO - DAG(s) 'example_branch_labels' retrieved from /home/airflow/.local/lib/python3.12/site-packages/airflow/example_dags/example_branch_labels.py
[2024-07-03T14:28:39.597+0000] {logging_mixin.py:188} INFO - [2024-07-03T14:28:39.597+0000] {dag.py:3096} INFO - Sync 1 DAGs
[2024-07-03T14:28:39.627+0000] {logging_mixin.py:188} INFO - [2024-07-03T14:28:39.627+0000] {dag.py:3954} INFO - Setting next_dagrun for example_branch_labels to 2024-07-02 00:00:00+00:00, run_after=2024-07-03 00:00:00+00:00
[2024-07-03T14:28:39.684+0000] {processor.py:183} INFO - Processing /home/airflow/.local/lib/python3.12/site-packages/airflow/example_dags/example_branch_labels.py took 0.135 seconds
[2024-07-03T14:29:11.227+0000] {processor.py:161} INFO - Started process (PID=187) to work on /home/airflow/.local/lib/python3.12/site-packages/airflow/example_dags/example_branch_labels.py
[2024-07-03T14:29:11.229+0000] {processor.py:830} INFO - Processing file /home/airflow/.local/lib/python3.12/site-packages/airflow/example_dags/example_branch_labels.py for tasks to queue
[2024-07-03T14:29:11.234+0000] {logging_mixin.py:188} INFO - [2024-07-03T14:29:11.233+0000] {dagbag.py:545} INFO - Filling up the DagBag from /home/airflow/.local/lib/python3.12/site-packages/airflow/example_dags/example_branch_labels.py
[2024-07-03T14:29:11.249+0000] {processor.py:840} INFO - DAG(s) 'example_branch_labels' retrieved from /home/airflow/.local/lib/python3.12/site-packages/airflow/example_dags/example_branch_labels.py
[2024-07-03T14:29:11.298+0000] {logging_mixin.py:188} INFO - [2024-07-03T14:29:11.296+0000] {dag.py:3096} INFO - Sync 1 DAGs
[2024-07-03T14:29:11.366+0000] {logging_mixin.py:188} INFO - [2024-07-03T14:29:11.366+0000] {dag.py:3954} INFO - Setting next_dagrun for example_branch_labels to 2024-07-02 00:00:00+00:00, run_after=2024-07-03 00:00:00+00:00
[2024-07-03T14:29:11.430+0000] {processor.py:183} INFO - Processing /home/airflow/.local/lib/python3.12/site-packages/airflow/example_dags/example_branch_labels.py took 0.213 seconds
[2024-07-03T14:29:46.046+0000] {processor.py:161} INFO - Started process (PID=251) to work on /home/airflow/.local/lib/python3.12/site-packages/airflow/example_dags/example_branch_labels.py
[2024-07-03T14:29:46.048+0000] {processor.py:830} INFO - Processing file /home/airflow/.local/lib/python3.12/site-packages/airflow/example_dags/example_branch_labels.py for tasks to queue
[2024-07-03T14:29:46.051+0000] {logging_mixin.py:188} INFO - [2024-07-03T14:29:46.051+0000] {dagbag.py:545} INFO - Filling up the DagBag from /home/airflow/.local/lib/python3.12/site-packages/airflow/example_dags/example_branch_labels.py
[2024-07-03T14:29:46.114+0000] {processor.py:840} INFO - DAG(s) 'example_branch_labels' retrieved from /home/airflow/.local/lib/python3.12/site-packages/airflow/example_dags/example_branch_labels.py
[2024-07-03T14:29:46.237+0000] {logging_mixin.py:188} INFO - [2024-07-03T14:29:46.236+0000] {dag.py:3096} INFO - Sync 1 DAGs
[2024-07-03T14:29:46.447+0000] {logging_mixin.py:188} INFO - [2024-07-03T14:29:46.446+0000] {dag.py:3954} INFO - Setting next_dagrun for example_branch_labels to 2024-07-02 00:00:00+00:00, run_after=2024-07-03 00:00:00+00:00
[2024-07-03T14:29:46.531+0000] {processor.py:183} INFO - Processing /home/airflow/.local/lib/python3.12/site-packages/airflow/example_dags/example_branch_labels.py took 0.533 seconds
[2024-07-03T14:30:16.790+0000] {processor.py:161} INFO - Started process (PID=309) to work on /home/airflow/.local/lib/python3.12/site-packages/airflow/example_dags/example_branch_labels.py
[2024-07-03T14:30:16.792+0000] {processor.py:830} INFO - Processing file /home/airflow/.local/lib/python3.12/site-packages/airflow/example_dags/example_branch_labels.py for tasks to queue
[2024-07-03T14:30:16.795+0000] {logging_mixin.py:188} INFO - [2024-07-03T14:30:16.794+0000] {dagbag.py:545} INFO - Filling up the DagBag from /home/airflow/.local/lib/python3.12/site-packages/airflow/example_dags/example_branch_labels.py
[2024-07-03T14:30:16.810+0000] {processor.py:840} INFO - DAG(s) 'example_branch_labels' retrieved from /home/airflow/.local/lib/python3.12/site-packages/airflow/example_dags/example_branch_labels.py
[2024-07-03T14:30:16.883+0000] {logging_mixin.py:188} INFO - [2024-07-03T14:30:16.883+0000] {dag.py:3096} INFO - Sync 1 DAGs
[2024-07-03T14:30:16.933+0000] {logging_mixin.py:188} INFO - [2024-07-03T14:30:16.932+0000] {dag.py:3954} INFO - Setting next_dagrun for example_branch_labels to 2024-07-02 00:00:00+00:00, run_after=2024-07-03 00:00:00+00:00
[2024-07-03T14:30:16.966+0000] {processor.py:183} INFO - Processing /home/airflow/.local/lib/python3.12/site-packages/airflow/example_dags/example_branch_labels.py took 0.188 seconds
[2024-07-03T14:30:47.106+0000] {processor.py:161} INFO - Started process (PID=367) to work on /home/airflow/.local/lib/python3.12/site-packages/airflow/example_dags/example_branch_labels.py
[2024-07-03T14:30:47.107+0000] {processor.py:830} INFO - Processing file /home/airflow/.local/lib/python3.12/site-packages/airflow/example_dags/example_branch_labels.py for tasks to queue
[2024-07-03T14:30:47.109+0000] {logging_mixin.py:188} INFO - [2024-07-03T14:30:47.109+0000] {dagbag.py:545} INFO - Filling up the DagBag from /home/airflow/.local/lib/python3.12/site-packages/airflow/example_dags/example_branch_labels.py
[2024-07-03T14:30:47.119+0000] {processor.py:840} INFO - DAG(s) 'example_branch_labels' retrieved from /home/airflow/.local/lib/python3.12/site-packages/airflow/example_dags/example_branch_labels.py
[2024-07-03T14:30:47.140+0000] {logging_mixin.py:188} INFO - [2024-07-03T14:30:47.140+0000] {dag.py:3096} INFO - Sync 1 DAGs
[2024-07-03T14:30:47.166+0000] {logging_mixin.py:188} INFO - [2024-07-03T14:30:47.165+0000] {dag.py:3954} INFO - Setting next_dagrun for example_branch_labels to 2024-07-02 00:00:00+00:00, run_after=2024-07-03 00:00:00+00:00
[2024-07-03T14:30:47.187+0000] {processor.py:183} INFO - Processing /home/airflow/.local/lib/python3.12/site-packages/airflow/example_dags/example_branch_labels.py took 0.086 seconds
[2024-07-03T14:31:17.271+0000] {processor.py:161} INFO - Started process (PID=426) to work on /home/airflow/.local/lib/python3.12/site-packages/airflow/example_dags/example_branch_labels.py
[2024-07-03T14:31:17.272+0000] {processor.py:830} INFO - Processing file /home/airflow/.local/lib/python3.12/site-packages/airflow/example_dags/example_branch_labels.py for tasks to queue
[2024-07-03T14:31:17.274+0000] {logging_mixin.py:188} INFO - [2024-07-03T14:31:17.274+0000] {dagbag.py:545} INFO - Filling up the DagBag from /home/airflow/.local/lib/python3.12/site-packages/airflow/example_dags/example_branch_labels.py
[2024-07-03T14:31:17.284+0000] {processor.py:840} INFO - DAG(s) 'example_branch_labels' retrieved from /home/airflow/.local/lib/python3.12/site-packages/airflow/example_dags/example_branch_labels.py
[2024-07-03T14:31:17.311+0000] {logging_mixin.py:188} INFO - [2024-07-03T14:31:17.311+0000] {dag.py:3096} INFO - Sync 1 DAGs
[2024-07-03T14:31:17.331+0000] {logging_mixin.py:188} INFO - [2024-07-03T14:31:17.331+0000] {dag.py:3954} INFO - Setting next_dagrun for example_branch_labels to 2024-07-02 00:00:00+00:00, run_after=2024-07-03 00:00:00+00:00
[2024-07-03T14:31:17.351+0000] {processor.py:183} INFO - Processing /home/airflow/.local/lib/python3.12/site-packages/airflow/example_dags/example_branch_labels.py took 0.088 seconds
[2024-07-03T14:31:47.595+0000] {processor.py:161} INFO - Started process (PID=484) to work on /home/airflow/.local/lib/python3.12/site-packages/airflow/example_dags/example_branch_labels.py
[2024-07-03T14:31:47.596+0000] {processor.py:830} INFO - Processing file /home/airflow/.local/lib/python3.12/site-packages/airflow/example_dags/example_branch_labels.py for tasks to queue
[2024-07-03T14:31:47.599+0000] {logging_mixin.py:188} INFO - [2024-07-03T14:31:47.599+0000] {dagbag.py:545} INFO - Filling up the DagBag from /home/airflow/.local/lib/python3.12/site-packages/airflow/example_dags/example_branch_labels.py
[2024-07-03T14:31:47.615+0000] {processor.py:840} INFO - DAG(s) 'example_branch_labels' retrieved from /home/airflow/.local/lib/python3.12/site-packages/airflow/example_dags/example_branch_labels.py
[2024-07-03T14:31:47.637+0000] {logging_mixin.py:188} INFO - [2024-07-03T14:31:47.637+0000] {dag.py:3096} INFO - Sync 1 DAGs
[2024-07-03T14:31:47.663+0000] {logging_mixin.py:188} INFO - [2024-07-03T14:31:47.663+0000] {dag.py:3954} INFO - Setting next_dagrun for example_branch_labels to 2024-07-02 00:00:00+00:00, run_after=2024-07-03 00:00:00+00:00
[2024-07-03T14:31:47.689+0000] {processor.py:183} INFO - Processing /home/airflow/.local/lib/python3.12/site-packages/airflow/example_dags/example_branch_labels.py took 0.103 seconds
[2024-07-03T14:32:18.268+0000] {processor.py:161} INFO - Started process (PID=542) to work on /home/airflow/.local/lib/python3.12/site-packages/airflow/example_dags/example_branch_labels.py
[2024-07-03T14:32:18.270+0000] {processor.py:830} INFO - Processing file /home/airflow/.local/lib/python3.12/site-packages/airflow/example_dags/example_branch_labels.py for tasks to queue
[2024-07-03T14:32:18.272+0000] {logging_mixin.py:188} INFO - [2024-07-03T14:32:18.272+0000] {dagbag.py:545} INFO - Filling up the DagBag from /home/airflow/.local/lib/python3.12/site-packages/airflow/example_dags/example_branch_labels.py
[2024-07-03T14:32:18.279+0000] {processor.py:840} INFO - DAG(s) 'example_branch_labels' retrieved from /home/airflow/.local/lib/python3.12/site-packages/airflow/example_dags/example_branch_labels.py
[2024-07-03T14:32:18.300+0000] {logging_mixin.py:188} INFO - [2024-07-03T14:32:18.300+0000] {dag.py:3096} INFO - Sync 1 DAGs
[2024-07-03T14:32:18.324+0000] {logging_mixin.py:188} INFO - [2024-07-03T14:32:18.323+0000] {dag.py:3954} INFO - Setting next_dagrun for example_branch_labels to 2024-07-02 00:00:00+00:00, run_after=2024-07-03 00:00:00+00:00
[2024-07-03T14:32:18.341+0000] {processor.py:183} INFO - Processing /home/airflow/.local/lib/python3.12/site-packages/airflow/example_dags/example_branch_labels.py took 0.078 seconds
[2024-07-03T14:32:49.841+0000] {processor.py:161} INFO - Started process (PID=600) to work on /home/airflow/.local/lib/python3.12/site-packages/airflow/example_dags/example_branch_labels.py
[2024-07-03T14:32:49.843+0000] {processor.py:830} INFO - Processing file /home/airflow/.local/lib/python3.12/site-packages/airflow/example_dags/example_branch_labels.py for tasks to queue
[2024-07-03T14:32:49.848+0000] {logging_mixin.py:188} INFO - [2024-07-03T14:32:49.847+0000] {dagbag.py:545} INFO - Filling up the DagBag from /home/airflow/.local/lib/python3.12/site-packages/airflow/example_dags/example_branch_labels.py
[2024-07-03T14:32:49.865+0000] {processor.py:840} INFO - DAG(s) 'example_branch_labels' retrieved from /home/airflow/.local/lib/python3.12/site-packages/airflow/example_dags/example_branch_labels.py
[2024-07-03T14:32:49.905+0000] {logging_mixin.py:188} INFO - [2024-07-03T14:32:49.904+0000] {dag.py:3096} INFO - Sync 1 DAGs
[2024-07-03T14:32:49.950+0000] {logging_mixin.py:188} INFO - [2024-07-03T14:32:49.949+0000] {dag.py:3954} INFO - Setting next_dagrun for example_branch_labels to 2024-07-02 00:00:00+00:00, run_after=2024-07-03 00:00:00+00:00
[2024-07-03T14:32:49.972+0000] {processor.py:183} INFO - Processing /home/airflow/.local/lib/python3.12/site-packages/airflow/example_dags/example_branch_labels.py took 0.138 seconds
[2024-07-03T14:33:20.377+0000] {processor.py:161} INFO - Started process (PID=659) to work on /home/airflow/.local/lib/python3.12/site-packages/airflow/example_dags/example_branch_labels.py
[2024-07-03T14:33:20.385+0000] {processor.py:830} INFO - Processing file /home/airflow/.local/lib/python3.12/site-packages/airflow/example_dags/example_branch_labels.py for tasks to queue
[2024-07-03T14:33:20.399+0000] {logging_mixin.py:188} INFO - [2024-07-03T14:33:20.398+0000] {dagbag.py:545} INFO - Filling up the DagBag from /home/airflow/.local/lib/python3.12/site-packages/airflow/example_dags/example_branch_labels.py
[2024-07-03T14:33:20.443+0000] {processor.py:840} INFO - DAG(s) 'example_branch_labels' retrieved from /home/airflow/.local/lib/python3.12/site-packages/airflow/example_dags/example_branch_labels.py
[2024-07-03T14:33:20.556+0000] {logging_mixin.py:188} INFO - [2024-07-03T14:33:20.547+0000] {dag.py:3096} INFO - Sync 1 DAGs
[2024-07-03T14:33:20.656+0000] {logging_mixin.py:188} INFO - [2024-07-03T14:33:20.650+0000] {dag.py:3954} INFO - Setting next_dagrun for example_branch_labels to 2024-07-02 00:00:00+00:00, run_after=2024-07-03 00:00:00+00:00
[2024-07-03T14:33:20.739+0000] {processor.py:183} INFO - Processing /home/airflow/.local/lib/python3.12/site-packages/airflow/example_dags/example_branch_labels.py took 0.382 seconds
[2024-07-03T14:34:11.618+0000] {processor.py:161} INFO - Started process (PID=718) to work on /home/airflow/.local/lib/python3.12/site-packages/airflow/example_dags/example_branch_labels.py
[2024-07-03T14:34:11.619+0000] {processor.py:830} INFO - Processing file /home/airflow/.local/lib/python3.12/site-packages/airflow/example_dags/example_branch_labels.py for tasks to queue
[2024-07-03T14:34:11.620+0000] {logging_mixin.py:188} INFO - [2024-07-03T14:34:11.620+0000] {dagbag.py:545} INFO - Filling up the DagBag from /home/airflow/.local/lib/python3.12/site-packages/airflow/example_dags/example_branch_labels.py
[2024-07-03T14:34:11.638+0000] {processor.py:840} INFO - DAG(s) 'example_branch_labels' retrieved from /home/airflow/.local/lib/python3.12/site-packages/airflow/example_dags/example_branch_labels.py
[2024-07-03T14:34:11.677+0000] {logging_mixin.py:188} INFO - [2024-07-03T14:34:11.676+0000] {dag.py:3096} INFO - Sync 1 DAGs
[2024-07-03T14:34:11.704+0000] {logging_mixin.py:188} INFO - [2024-07-03T14:34:11.704+0000] {dag.py:3954} INFO - Setting next_dagrun for example_branch_labels to 2024-07-02 00:00:00+00:00, run_after=2024-07-03 00:00:00+00:00
[2024-07-03T14:34:11.723+0000] {processor.py:183} INFO - Processing /home/airflow/.local/lib/python3.12/site-packages/airflow/example_dags/example_branch_labels.py took 0.115 seconds
[2024-07-03T14:34:42.007+0000] {processor.py:161} INFO - Started process (PID=775) to work on /home/airflow/.local/lib/python3.12/site-packages/airflow/example_dags/example_branch_labels.py
[2024-07-03T14:34:42.008+0000] {processor.py:830} INFO - Processing file /home/airflow/.local/lib/python3.12/site-packages/airflow/example_dags/example_branch_labels.py for tasks to queue
[2024-07-03T14:34:42.009+0000] {logging_mixin.py:188} INFO - [2024-07-03T14:34:42.009+0000] {dagbag.py:545} INFO - Filling up the DagBag from /home/airflow/.local/lib/python3.12/site-packages/airflow/example_dags/example_branch_labels.py
[2024-07-03T14:34:42.019+0000] {processor.py:840} INFO - DAG(s) 'example_branch_labels' retrieved from /home/airflow/.local/lib/python3.12/site-packages/airflow/example_dags/example_branch_labels.py
[2024-07-03T14:34:42.045+0000] {logging_mixin.py:188} INFO - [2024-07-03T14:34:42.044+0000] {dag.py:3096} INFO - Sync 1 DAGs
[2024-07-03T14:34:42.067+0000] {logging_mixin.py:188} INFO - [2024-07-03T14:34:42.067+0000] {dag.py:3954} INFO - Setting next_dagrun for example_branch_labels to 2024-07-02 00:00:00+00:00, run_after=2024-07-03 00:00:00+00:00
[2024-07-03T14:34:42.099+0000] {processor.py:183} INFO - Processing /home/airflow/.local/lib/python3.12/site-packages/airflow/example_dags/example_branch_labels.py took 0.097 seconds
[2024-07-03T14:35:13.232+0000] {processor.py:161} INFO - Started process (PID=833) to work on /home/airflow/.local/lib/python3.12/site-packages/airflow/example_dags/example_branch_labels.py
[2024-07-03T14:35:13.236+0000] {processor.py:830} INFO - Processing file /home/airflow/.local/lib/python3.12/site-packages/airflow/example_dags/example_branch_labels.py for tasks to queue
[2024-07-03T14:35:13.238+0000] {logging_mixin.py:188} INFO - [2024-07-03T14:35:13.238+0000] {dagbag.py:545} INFO - Filling up the DagBag from /home/airflow/.local/lib/python3.12/site-packages/airflow/example_dags/example_branch_labels.py
[2024-07-03T14:35:13.253+0000] {processor.py:840} INFO - DAG(s) 'example_branch_labels' retrieved from /home/airflow/.local/lib/python3.12/site-packages/airflow/example_dags/example_branch_labels.py
[2024-07-03T14:35:13.307+0000] {logging_mixin.py:188} INFO - [2024-07-03T14:35:13.307+0000] {dag.py:3096} INFO - Sync 1 DAGs
[2024-07-03T14:35:13.368+0000] {logging_mixin.py:188} INFO - [2024-07-03T14:35:13.367+0000] {dag.py:3954} INFO - Setting next_dagrun for example_branch_labels to 2024-07-02 00:00:00+00:00, run_after=2024-07-03 00:00:00+00:00
[2024-07-03T14:35:13.392+0000] {processor.py:183} INFO - Processing /home/airflow/.local/lib/python3.12/site-packages/airflow/example_dags/example_branch_labels.py took 0.172 seconds
