[2024-07-03T14:27:55.256+0000] {processor.py:161} INFO - Started process (PID=41) to work on /home/airflow/.local/lib/python3.12/site-packages/airflow/example_dags/example_nested_branch_dag.py
[2024-07-03T14:27:55.298+0000] {processor.py:830} INFO - Processing file /home/airflow/.local/lib/python3.12/site-packages/airflow/example_dags/example_nested_branch_dag.py for tasks to queue
[2024-07-03T14:27:55.300+0000] {logging_mixin.py:188} INFO - [2024-07-03T14:27:55.300+0000] {dagbag.py:545} INFO - Filling up the DagBag from /home/airflow/.local/lib/python3.12/site-packages/airflow/example_dags/example_nested_branch_dag.py
[2024-07-03T14:27:55.352+0000] {processor.py:840} INFO - DAG(s) 'example_nested_branch_dag' retrieved from /home/airflow/.local/lib/python3.12/site-packages/airflow/example_dags/example_nested_branch_dag.py
[2024-07-03T14:27:55.781+0000] {logging_mixin.py:188} INFO - [2024-07-03T14:27:55.781+0000] {dag.py:3096} INFO - Sync 1 DAGs
[2024-07-03T14:27:55.823+0000] {logging_mixin.py:188} INFO - [2024-07-03T14:27:55.822+0000] {dag.py:3954} INFO - Setting next_dagrun for example_nested_branch_dag to 2024-07-02 00:00:00+00:00, run_after=2024-07-03 00:00:00+00:00
[2024-07-03T14:27:55.868+0000] {processor.py:183} INFO - Processing /home/airflow/.local/lib/python3.12/site-packages/airflow/example_dags/example_nested_branch_dag.py took 0.617 seconds
[2024-07-03T14:28:31.058+0000] {processor.py:161} INFO - Started process (PID=99) to work on /home/airflow/.local/lib/python3.12/site-packages/airflow/example_dags/example_nested_branch_dag.py
[2024-07-03T14:28:31.065+0000] {processor.py:830} INFO - Processing file /home/airflow/.local/lib/python3.12/site-packages/airflow/example_dags/example_nested_branch_dag.py for tasks to queue
[2024-07-03T14:28:31.067+0000] {logging_mixin.py:188} INFO - [2024-07-03T14:28:31.067+0000] {dagbag.py:545} INFO - Filling up the DagBag from /home/airflow/.local/lib/python3.12/site-packages/airflow/example_dags/example_nested_branch_dag.py
[2024-07-03T14:28:31.084+0000] {processor.py:840} INFO - DAG(s) 'example_nested_branch_dag' retrieved from /home/airflow/.local/lib/python3.12/site-packages/airflow/example_dags/example_nested_branch_dag.py
[2024-07-03T14:28:31.165+0000] {logging_mixin.py:188} INFO - [2024-07-03T14:28:31.165+0000] {dag.py:3096} INFO - Sync 1 DAGs
[2024-07-03T14:28:31.333+0000] {logging_mixin.py:188} INFO - [2024-07-03T14:28:31.333+0000] {dag.py:3954} INFO - Setting next_dagrun for example_nested_branch_dag to 2024-07-02 00:00:00+00:00, run_after=2024-07-03 00:00:00+00:00
[2024-07-03T14:28:31.424+0000] {processor.py:183} INFO - Processing /home/airflow/.local/lib/python3.12/site-packages/airflow/example_dags/example_nested_branch_dag.py took 0.383 seconds
[2024-07-03T14:29:01.834+0000] {processor.py:161} INFO - Started process (PID=157) to work on /home/airflow/.local/lib/python3.12/site-packages/airflow/example_dags/example_nested_branch_dag.py
[2024-07-03T14:29:01.836+0000] {processor.py:830} INFO - Processing file /home/airflow/.local/lib/python3.12/site-packages/airflow/example_dags/example_nested_branch_dag.py for tasks to queue
[2024-07-03T14:29:01.838+0000] {logging_mixin.py:188} INFO - [2024-07-03T14:29:01.838+0000] {dagbag.py:545} INFO - Filling up the DagBag from /home/airflow/.local/lib/python3.12/site-packages/airflow/example_dags/example_nested_branch_dag.py
[2024-07-03T14:29:01.852+0000] {processor.py:840} INFO - DAG(s) 'example_nested_branch_dag' retrieved from /home/airflow/.local/lib/python3.12/site-packages/airflow/example_dags/example_nested_branch_dag.py
[2024-07-03T14:29:01.888+0000] {logging_mixin.py:188} INFO - [2024-07-03T14:29:01.888+0000] {dag.py:3096} INFO - Sync 1 DAGs
[2024-07-03T14:29:01.909+0000] {logging_mixin.py:188} INFO - [2024-07-03T14:29:01.908+0000] {dag.py:3954} INFO - Setting next_dagrun for example_nested_branch_dag to 2024-07-02 00:00:00+00:00, run_after=2024-07-03 00:00:00+00:00
[2024-07-03T14:29:01.985+0000] {processor.py:183} INFO - Processing /home/airflow/.local/lib/python3.12/site-packages/airflow/example_dags/example_nested_branch_dag.py took 0.156 seconds
[2024-07-03T14:29:32.048+0000] {processor.py:161} INFO - Started process (PID=214) to work on /home/airflow/.local/lib/python3.12/site-packages/airflow/example_dags/example_nested_branch_dag.py
[2024-07-03T14:29:32.049+0000] {processor.py:830} INFO - Processing file /home/airflow/.local/lib/python3.12/site-packages/airflow/example_dags/example_nested_branch_dag.py for tasks to queue
[2024-07-03T14:29:32.051+0000] {logging_mixin.py:188} INFO - [2024-07-03T14:29:32.051+0000] {dagbag.py:545} INFO - Filling up the DagBag from /home/airflow/.local/lib/python3.12/site-packages/airflow/example_dags/example_nested_branch_dag.py
[2024-07-03T14:29:32.061+0000] {processor.py:840} INFO - DAG(s) 'example_nested_branch_dag' retrieved from /home/airflow/.local/lib/python3.12/site-packages/airflow/example_dags/example_nested_branch_dag.py
[2024-07-03T14:29:32.083+0000] {logging_mixin.py:188} INFO - [2024-07-03T14:29:32.082+0000] {dag.py:3096} INFO - Sync 1 DAGs
[2024-07-03T14:29:32.102+0000] {logging_mixin.py:188} INFO - [2024-07-03T14:29:32.101+0000] {dag.py:3954} INFO - Setting next_dagrun for example_nested_branch_dag to 2024-07-02 00:00:00+00:00, run_after=2024-07-03 00:00:00+00:00
[2024-07-03T14:29:32.123+0000] {processor.py:183} INFO - Processing /home/airflow/.local/lib/python3.12/site-packages/airflow/example_dags/example_nested_branch_dag.py took 0.083 seconds
[2024-07-03T14:30:02.329+0000] {processor.py:161} INFO - Started process (PID=272) to work on /home/airflow/.local/lib/python3.12/site-packages/airflow/example_dags/example_nested_branch_dag.py
[2024-07-03T14:30:02.330+0000] {processor.py:830} INFO - Processing file /home/airflow/.local/lib/python3.12/site-packages/airflow/example_dags/example_nested_branch_dag.py for tasks to queue
[2024-07-03T14:30:02.332+0000] {logging_mixin.py:188} INFO - [2024-07-03T14:30:02.332+0000] {dagbag.py:545} INFO - Filling up the DagBag from /home/airflow/.local/lib/python3.12/site-packages/airflow/example_dags/example_nested_branch_dag.py
[2024-07-03T14:30:02.342+0000] {processor.py:840} INFO - DAG(s) 'example_nested_branch_dag' retrieved from /home/airflow/.local/lib/python3.12/site-packages/airflow/example_dags/example_nested_branch_dag.py
[2024-07-03T14:30:02.367+0000] {logging_mixin.py:188} INFO - [2024-07-03T14:30:02.367+0000] {dag.py:3096} INFO - Sync 1 DAGs
[2024-07-03T14:30:02.390+0000] {logging_mixin.py:188} INFO - [2024-07-03T14:30:02.390+0000] {dag.py:3954} INFO - Setting next_dagrun for example_nested_branch_dag to 2024-07-02 00:00:00+00:00, run_after=2024-07-03 00:00:00+00:00
[2024-07-03T14:30:02.407+0000] {processor.py:183} INFO - Processing /home/airflow/.local/lib/python3.12/site-packages/airflow/example_dags/example_nested_branch_dag.py took 0.084 seconds
[2024-07-03T14:30:32.790+0000] {processor.py:161} INFO - Started process (PID=330) to work on /home/airflow/.local/lib/python3.12/site-packages/airflow/example_dags/example_nested_branch_dag.py
[2024-07-03T14:30:32.792+0000] {processor.py:830} INFO - Processing file /home/airflow/.local/lib/python3.12/site-packages/airflow/example_dags/example_nested_branch_dag.py for tasks to queue
[2024-07-03T14:30:32.795+0000] {logging_mixin.py:188} INFO - [2024-07-03T14:30:32.795+0000] {dagbag.py:545} INFO - Filling up the DagBag from /home/airflow/.local/lib/python3.12/site-packages/airflow/example_dags/example_nested_branch_dag.py
[2024-07-03T14:30:32.810+0000] {processor.py:840} INFO - DAG(s) 'example_nested_branch_dag' retrieved from /home/airflow/.local/lib/python3.12/site-packages/airflow/example_dags/example_nested_branch_dag.py
[2024-07-03T14:30:32.837+0000] {logging_mixin.py:188} INFO - [2024-07-03T14:30:32.837+0000] {dag.py:3096} INFO - Sync 1 DAGs
[2024-07-03T14:30:32.859+0000] {logging_mixin.py:188} INFO - [2024-07-03T14:30:32.859+0000] {dag.py:3954} INFO - Setting next_dagrun for example_nested_branch_dag to 2024-07-02 00:00:00+00:00, run_after=2024-07-03 00:00:00+00:00
[2024-07-03T14:30:32.879+0000] {processor.py:183} INFO - Processing /home/airflow/.local/lib/python3.12/site-packages/airflow/example_dags/example_nested_branch_dag.py took 0.099 seconds
[2024-07-03T14:31:03.327+0000] {processor.py:161} INFO - Started process (PID=388) to work on /home/airflow/.local/lib/python3.12/site-packages/airflow/example_dags/example_nested_branch_dag.py
[2024-07-03T14:31:03.329+0000] {processor.py:830} INFO - Processing file /home/airflow/.local/lib/python3.12/site-packages/airflow/example_dags/example_nested_branch_dag.py for tasks to queue
[2024-07-03T14:31:03.331+0000] {logging_mixin.py:188} INFO - [2024-07-03T14:31:03.331+0000] {dagbag.py:545} INFO - Filling up the DagBag from /home/airflow/.local/lib/python3.12/site-packages/airflow/example_dags/example_nested_branch_dag.py
[2024-07-03T14:31:03.345+0000] {processor.py:840} INFO - DAG(s) 'example_nested_branch_dag' retrieved from /home/airflow/.local/lib/python3.12/site-packages/airflow/example_dags/example_nested_branch_dag.py
[2024-07-03T14:31:03.373+0000] {logging_mixin.py:188} INFO - [2024-07-03T14:31:03.373+0000] {dag.py:3096} INFO - Sync 1 DAGs
[2024-07-03T14:31:03.400+0000] {logging_mixin.py:188} INFO - [2024-07-03T14:31:03.400+0000] {dag.py:3954} INFO - Setting next_dagrun for example_nested_branch_dag to 2024-07-02 00:00:00+00:00, run_after=2024-07-03 00:00:00+00:00
[2024-07-03T14:31:03.418+0000] {processor.py:183} INFO - Processing /home/airflow/.local/lib/python3.12/site-packages/airflow/example_dags/example_nested_branch_dag.py took 0.098 seconds
[2024-07-03T14:31:33.969+0000] {processor.py:161} INFO - Started process (PID=445) to work on /home/airflow/.local/lib/python3.12/site-packages/airflow/example_dags/example_nested_branch_dag.py
[2024-07-03T14:31:33.973+0000] {processor.py:830} INFO - Processing file /home/airflow/.local/lib/python3.12/site-packages/airflow/example_dags/example_nested_branch_dag.py for tasks to queue
[2024-07-03T14:31:33.977+0000] {logging_mixin.py:188} INFO - [2024-07-03T14:31:33.977+0000] {dagbag.py:545} INFO - Filling up the DagBag from /home/airflow/.local/lib/python3.12/site-packages/airflow/example_dags/example_nested_branch_dag.py
[2024-07-03T14:31:33.999+0000] {processor.py:840} INFO - DAG(s) 'example_nested_branch_dag' retrieved from /home/airflow/.local/lib/python3.12/site-packages/airflow/example_dags/example_nested_branch_dag.py
[2024-07-03T14:31:34.038+0000] {logging_mixin.py:188} INFO - [2024-07-03T14:31:34.038+0000] {dag.py:3096} INFO - Sync 1 DAGs
[2024-07-03T14:31:34.095+0000] {logging_mixin.py:188} INFO - [2024-07-03T14:31:34.094+0000] {dag.py:3954} INFO - Setting next_dagrun for example_nested_branch_dag to 2024-07-02 00:00:00+00:00, run_after=2024-07-03 00:00:00+00:00
[2024-07-03T14:31:34.150+0000] {processor.py:183} INFO - Processing /home/airflow/.local/lib/python3.12/site-packages/airflow/example_dags/example_nested_branch_dag.py took 0.187 seconds
[2024-07-03T14:32:04.809+0000] {processor.py:161} INFO - Started process (PID=503) to work on /home/airflow/.local/lib/python3.12/site-packages/airflow/example_dags/example_nested_branch_dag.py
[2024-07-03T14:32:04.818+0000] {processor.py:830} INFO - Processing file /home/airflow/.local/lib/python3.12/site-packages/airflow/example_dags/example_nested_branch_dag.py for tasks to queue
[2024-07-03T14:32:04.820+0000] {logging_mixin.py:188} INFO - [2024-07-03T14:32:04.820+0000] {dagbag.py:545} INFO - Filling up the DagBag from /home/airflow/.local/lib/python3.12/site-packages/airflow/example_dags/example_nested_branch_dag.py
[2024-07-03T14:32:04.839+0000] {processor.py:840} INFO - DAG(s) 'example_nested_branch_dag' retrieved from /home/airflow/.local/lib/python3.12/site-packages/airflow/example_dags/example_nested_branch_dag.py
[2024-07-03T14:32:04.869+0000] {logging_mixin.py:188} INFO - [2024-07-03T14:32:04.869+0000] {dag.py:3096} INFO - Sync 1 DAGs
[2024-07-03T14:32:04.894+0000] {logging_mixin.py:188} INFO - [2024-07-03T14:32:04.894+0000] {dag.py:3954} INFO - Setting next_dagrun for example_nested_branch_dag to 2024-07-02 00:00:00+00:00, run_after=2024-07-03 00:00:00+00:00
[2024-07-03T14:32:04.935+0000] {processor.py:183} INFO - Processing /home/airflow/.local/lib/python3.12/site-packages/airflow/example_dags/example_nested_branch_dag.py took 0.134 seconds
[2024-07-03T14:32:35.191+0000] {processor.py:161} INFO - Started process (PID=560) to work on /home/airflow/.local/lib/python3.12/site-packages/airflow/example_dags/example_nested_branch_dag.py
[2024-07-03T14:32:35.198+0000] {processor.py:830} INFO - Processing file /home/airflow/.local/lib/python3.12/site-packages/airflow/example_dags/example_nested_branch_dag.py for tasks to queue
[2024-07-03T14:32:35.200+0000] {logging_mixin.py:188} INFO - [2024-07-03T14:32:35.200+0000] {dagbag.py:545} INFO - Filling up the DagBag from /home/airflow/.local/lib/python3.12/site-packages/airflow/example_dags/example_nested_branch_dag.py
[2024-07-03T14:32:35.215+0000] {processor.py:840} INFO - DAG(s) 'example_nested_branch_dag' retrieved from /home/airflow/.local/lib/python3.12/site-packages/airflow/example_dags/example_nested_branch_dag.py
[2024-07-03T14:32:35.235+0000] {logging_mixin.py:188} INFO - [2024-07-03T14:32:35.235+0000] {dag.py:3096} INFO - Sync 1 DAGs
[2024-07-03T14:32:35.256+0000] {logging_mixin.py:188} INFO - [2024-07-03T14:32:35.256+0000] {dag.py:3954} INFO - Setting next_dagrun for example_nested_branch_dag to 2024-07-02 00:00:00+00:00, run_after=2024-07-03 00:00:00+00:00
[2024-07-03T14:32:35.274+0000] {processor.py:183} INFO - Processing /home/airflow/.local/lib/python3.12/site-packages/airflow/example_dags/example_nested_branch_dag.py took 0.088 seconds
[2024-07-03T14:33:06.145+0000] {processor.py:161} INFO - Started process (PID=619) to work on /home/airflow/.local/lib/python3.12/site-packages/airflow/example_dags/example_nested_branch_dag.py
[2024-07-03T14:33:06.146+0000] {processor.py:830} INFO - Processing file /home/airflow/.local/lib/python3.12/site-packages/airflow/example_dags/example_nested_branch_dag.py for tasks to queue
[2024-07-03T14:33:06.147+0000] {logging_mixin.py:188} INFO - [2024-07-03T14:33:06.147+0000] {dagbag.py:545} INFO - Filling up the DagBag from /home/airflow/.local/lib/python3.12/site-packages/airflow/example_dags/example_nested_branch_dag.py
[2024-07-03T14:33:06.157+0000] {processor.py:840} INFO - DAG(s) 'example_nested_branch_dag' retrieved from /home/airflow/.local/lib/python3.12/site-packages/airflow/example_dags/example_nested_branch_dag.py
[2024-07-03T14:33:06.178+0000] {logging_mixin.py:188} INFO - [2024-07-03T14:33:06.178+0000] {dag.py:3096} INFO - Sync 1 DAGs
[2024-07-03T14:33:06.203+0000] {logging_mixin.py:188} INFO - [2024-07-03T14:33:06.203+0000] {dag.py:3954} INFO - Setting next_dagrun for example_nested_branch_dag to 2024-07-02 00:00:00+00:00, run_after=2024-07-03 00:00:00+00:00
[2024-07-03T14:33:06.219+0000] {processor.py:183} INFO - Processing /home/airflow/.local/lib/python3.12/site-packages/airflow/example_dags/example_nested_branch_dag.py took 0.079 seconds
[2024-07-03T14:34:04.658+0000] {processor.py:161} INFO - Started process (PID=685) to work on /home/airflow/.local/lib/python3.12/site-packages/airflow/example_dags/example_nested_branch_dag.py
[2024-07-03T14:34:04.670+0000] {processor.py:830} INFO - Processing file /home/airflow/.local/lib/python3.12/site-packages/airflow/example_dags/example_nested_branch_dag.py for tasks to queue
[2024-07-03T14:34:04.683+0000] {logging_mixin.py:188} INFO - [2024-07-03T14:34:04.683+0000] {dagbag.py:545} INFO - Filling up the DagBag from /home/airflow/.local/lib/python3.12/site-packages/airflow/example_dags/example_nested_branch_dag.py
[2024-07-03T14:34:04.723+0000] {processor.py:840} INFO - DAG(s) 'example_nested_branch_dag' retrieved from /home/airflow/.local/lib/python3.12/site-packages/airflow/example_dags/example_nested_branch_dag.py
[2024-07-03T14:34:04.811+0000] {logging_mixin.py:188} INFO - [2024-07-03T14:34:04.811+0000] {dag.py:3096} INFO - Sync 1 DAGs
[2024-07-03T14:34:04.910+0000] {logging_mixin.py:188} INFO - [2024-07-03T14:34:04.910+0000] {dag.py:3954} INFO - Setting next_dagrun for example_nested_branch_dag to 2024-07-02 00:00:00+00:00, run_after=2024-07-03 00:00:00+00:00
[2024-07-03T14:34:05.001+0000] {processor.py:183} INFO - Processing /home/airflow/.local/lib/python3.12/site-packages/airflow/example_dags/example_nested_branch_dag.py took 0.350 seconds
[2024-07-03T14:34:35.749+0000] {processor.py:161} INFO - Started process (PID=744) to work on /home/airflow/.local/lib/python3.12/site-packages/airflow/example_dags/example_nested_branch_dag.py
[2024-07-03T14:34:35.750+0000] {processor.py:830} INFO - Processing file /home/airflow/.local/lib/python3.12/site-packages/airflow/example_dags/example_nested_branch_dag.py for tasks to queue
[2024-07-03T14:34:35.751+0000] {logging_mixin.py:188} INFO - [2024-07-03T14:34:35.751+0000] {dagbag.py:545} INFO - Filling up the DagBag from /home/airflow/.local/lib/python3.12/site-packages/airflow/example_dags/example_nested_branch_dag.py
[2024-07-03T14:34:35.761+0000] {processor.py:840} INFO - DAG(s) 'example_nested_branch_dag' retrieved from /home/airflow/.local/lib/python3.12/site-packages/airflow/example_dags/example_nested_branch_dag.py
[2024-07-03T14:34:35.789+0000] {logging_mixin.py:188} INFO - [2024-07-03T14:34:35.789+0000] {dag.py:3096} INFO - Sync 1 DAGs
[2024-07-03T14:34:35.809+0000] {logging_mixin.py:188} INFO - [2024-07-03T14:34:35.809+0000] {dag.py:3954} INFO - Setting next_dagrun for example_nested_branch_dag to 2024-07-02 00:00:00+00:00, run_after=2024-07-03 00:00:00+00:00
[2024-07-03T14:34:35.826+0000] {processor.py:183} INFO - Processing /home/airflow/.local/lib/python3.12/site-packages/airflow/example_dags/example_nested_branch_dag.py took 0.082 seconds
[2024-07-03T14:35:06.282+0000] {processor.py:161} INFO - Started process (PID=801) to work on /home/airflow/.local/lib/python3.12/site-packages/airflow/example_dags/example_nested_branch_dag.py
[2024-07-03T14:35:06.292+0000] {processor.py:830} INFO - Processing file /home/airflow/.local/lib/python3.12/site-packages/airflow/example_dags/example_nested_branch_dag.py for tasks to queue
[2024-07-03T14:35:06.295+0000] {logging_mixin.py:188} INFO - [2024-07-03T14:35:06.294+0000] {dagbag.py:545} INFO - Filling up the DagBag from /home/airflow/.local/lib/python3.12/site-packages/airflow/example_dags/example_nested_branch_dag.py
[2024-07-03T14:35:06.395+0000] {processor.py:840} INFO - DAG(s) 'example_nested_branch_dag' retrieved from /home/airflow/.local/lib/python3.12/site-packages/airflow/example_dags/example_nested_branch_dag.py
[2024-07-03T14:35:06.519+0000] {logging_mixin.py:188} INFO - [2024-07-03T14:35:06.518+0000] {dag.py:3096} INFO - Sync 1 DAGs
[2024-07-03T14:35:06.667+0000] {logging_mixin.py:188} INFO - [2024-07-03T14:35:06.667+0000] {dag.py:3954} INFO - Setting next_dagrun for example_nested_branch_dag to 2024-07-02 00:00:00+00:00, run_after=2024-07-03 00:00:00+00:00
[2024-07-03T14:35:06.755+0000] {processor.py:183} INFO - Processing /home/airflow/.local/lib/python3.12/site-packages/airflow/example_dags/example_nested_branch_dag.py took 0.494 seconds
