[2024-07-03T14:27:58.415+0000] {processor.py:161} INFO - Started process (PID=47) to work on /home/airflow/.local/lib/python3.12/site-packages/airflow/example_dags/example_task_group_decorator.py
[2024-07-03T14:27:58.445+0000] {processor.py:830} INFO - Processing file /home/airflow/.local/lib/python3.12/site-packages/airflow/example_dags/example_task_group_decorator.py for tasks to queue
[2024-07-03T14:27:58.464+0000] {logging_mixin.py:188} INFO - [2024-07-03T14:27:58.460+0000] {dagbag.py:545} INFO - Filling up the DagBag from /home/airflow/.local/lib/python3.12/site-packages/airflow/example_dags/example_task_group_decorator.py
[2024-07-03T14:27:58.591+0000] {processor.py:840} INFO - DAG(s) 'example_task_group_decorator' retrieved from /home/airflow/.local/lib/python3.12/site-packages/airflow/example_dags/example_task_group_decorator.py
[2024-07-03T14:27:59.295+0000] {logging_mixin.py:188} INFO - [2024-07-03T14:27:59.295+0000] {dag.py:3096} INFO - Sync 1 DAGs
[2024-07-03T14:27:59.417+0000] {logging_mixin.py:188} INFO - [2024-07-03T14:27:59.417+0000] {dag.py:3954} INFO - Setting next_dagrun for example_task_group_decorator to 2024-07-02 00:00:00+00:00, run_after=2024-07-03 00:00:00+00:00
[2024-07-03T14:27:59.472+0000] {processor.py:183} INFO - Processing /home/airflow/.local/lib/python3.12/site-packages/airflow/example_dags/example_task_group_decorator.py took 1.083 seconds
[2024-07-03T14:28:32.137+0000] {processor.py:161} INFO - Started process (PID=105) to work on /home/airflow/.local/lib/python3.12/site-packages/airflow/example_dags/example_task_group_decorator.py
[2024-07-03T14:28:32.140+0000] {processor.py:830} INFO - Processing file /home/airflow/.local/lib/python3.12/site-packages/airflow/example_dags/example_task_group_decorator.py for tasks to queue
[2024-07-03T14:28:32.142+0000] {logging_mixin.py:188} INFO - [2024-07-03T14:28:32.142+0000] {dagbag.py:545} INFO - Filling up the DagBag from /home/airflow/.local/lib/python3.12/site-packages/airflow/example_dags/example_task_group_decorator.py
[2024-07-03T14:28:32.162+0000] {processor.py:840} INFO - DAG(s) 'example_task_group_decorator' retrieved from /home/airflow/.local/lib/python3.12/site-packages/airflow/example_dags/example_task_group_decorator.py
[2024-07-03T14:28:32.202+0000] {logging_mixin.py:188} INFO - [2024-07-03T14:28:32.202+0000] {dag.py:3096} INFO - Sync 1 DAGs
[2024-07-03T14:28:32.238+0000] {logging_mixin.py:188} INFO - [2024-07-03T14:28:32.238+0000] {dag.py:3954} INFO - Setting next_dagrun for example_task_group_decorator to 2024-07-02 00:00:00+00:00, run_after=2024-07-03 00:00:00+00:00
[2024-07-03T14:28:32.286+0000] {processor.py:183} INFO - Processing /home/airflow/.local/lib/python3.12/site-packages/airflow/example_dags/example_task_group_decorator.py took 0.156 seconds
[2024-07-03T14:29:02.551+0000] {processor.py:161} INFO - Started process (PID=163) to work on /home/airflow/.local/lib/python3.12/site-packages/airflow/example_dags/example_task_group_decorator.py
[2024-07-03T14:29:02.554+0000] {processor.py:830} INFO - Processing file /home/airflow/.local/lib/python3.12/site-packages/airflow/example_dags/example_task_group_decorator.py for tasks to queue
[2024-07-03T14:29:02.556+0000] {logging_mixin.py:188} INFO - [2024-07-03T14:29:02.556+0000] {dagbag.py:545} INFO - Filling up the DagBag from /home/airflow/.local/lib/python3.12/site-packages/airflow/example_dags/example_task_group_decorator.py
[2024-07-03T14:29:02.576+0000] {processor.py:840} INFO - DAG(s) 'example_task_group_decorator' retrieved from /home/airflow/.local/lib/python3.12/site-packages/airflow/example_dags/example_task_group_decorator.py
[2024-07-03T14:29:02.608+0000] {logging_mixin.py:188} INFO - [2024-07-03T14:29:02.608+0000] {dag.py:3096} INFO - Sync 1 DAGs
[2024-07-03T14:29:02.649+0000] {logging_mixin.py:188} INFO - [2024-07-03T14:29:02.649+0000] {dag.py:3954} INFO - Setting next_dagrun for example_task_group_decorator to 2024-07-02 00:00:00+00:00, run_after=2024-07-03 00:00:00+00:00
[2024-07-03T14:29:02.684+0000] {processor.py:183} INFO - Processing /home/airflow/.local/lib/python3.12/site-packages/airflow/example_dags/example_task_group_decorator.py took 0.138 seconds
[2024-07-03T14:29:32.840+0000] {processor.py:161} INFO - Started process (PID=221) to work on /home/airflow/.local/lib/python3.12/site-packages/airflow/example_dags/example_task_group_decorator.py
[2024-07-03T14:29:32.841+0000] {processor.py:830} INFO - Processing file /home/airflow/.local/lib/python3.12/site-packages/airflow/example_dags/example_task_group_decorator.py for tasks to queue
[2024-07-03T14:29:32.843+0000] {logging_mixin.py:188} INFO - [2024-07-03T14:29:32.843+0000] {dagbag.py:545} INFO - Filling up the DagBag from /home/airflow/.local/lib/python3.12/site-packages/airflow/example_dags/example_task_group_decorator.py
[2024-07-03T14:29:32.857+0000] {processor.py:840} INFO - DAG(s) 'example_task_group_decorator' retrieved from /home/airflow/.local/lib/python3.12/site-packages/airflow/example_dags/example_task_group_decorator.py
[2024-07-03T14:29:32.881+0000] {logging_mixin.py:188} INFO - [2024-07-03T14:29:32.881+0000] {dag.py:3096} INFO - Sync 1 DAGs
[2024-07-03T14:29:32.899+0000] {logging_mixin.py:188} INFO - [2024-07-03T14:29:32.899+0000] {dag.py:3954} INFO - Setting next_dagrun for example_task_group_decorator to 2024-07-02 00:00:00+00:00, run_after=2024-07-03 00:00:00+00:00
[2024-07-03T14:29:32.918+0000] {processor.py:183} INFO - Processing /home/airflow/.local/lib/python3.12/site-packages/airflow/example_dags/example_task_group_decorator.py took 0.083 seconds
[2024-07-03T14:30:04.090+0000] {processor.py:161} INFO - Started process (PID=279) to work on /home/airflow/.local/lib/python3.12/site-packages/airflow/example_dags/example_task_group_decorator.py
[2024-07-03T14:30:04.092+0000] {processor.py:830} INFO - Processing file /home/airflow/.local/lib/python3.12/site-packages/airflow/example_dags/example_task_group_decorator.py for tasks to queue
[2024-07-03T14:30:04.094+0000] {logging_mixin.py:188} INFO - [2024-07-03T14:30:04.093+0000] {dagbag.py:545} INFO - Filling up the DagBag from /home/airflow/.local/lib/python3.12/site-packages/airflow/example_dags/example_task_group_decorator.py
[2024-07-03T14:30:04.108+0000] {processor.py:840} INFO - DAG(s) 'example_task_group_decorator' retrieved from /home/airflow/.local/lib/python3.12/site-packages/airflow/example_dags/example_task_group_decorator.py
[2024-07-03T14:30:04.134+0000] {logging_mixin.py:188} INFO - [2024-07-03T14:30:04.133+0000] {dag.py:3096} INFO - Sync 1 DAGs
[2024-07-03T14:30:04.155+0000] {logging_mixin.py:188} INFO - [2024-07-03T14:30:04.155+0000] {dag.py:3954} INFO - Setting next_dagrun for example_task_group_decorator to 2024-07-02 00:00:00+00:00, run_after=2024-07-03 00:00:00+00:00
[2024-07-03T14:30:04.171+0000] {processor.py:183} INFO - Processing /home/airflow/.local/lib/python3.12/site-packages/airflow/example_dags/example_task_group_decorator.py took 0.086 seconds
[2024-07-03T14:30:35.032+0000] {processor.py:161} INFO - Started process (PID=337) to work on /home/airflow/.local/lib/python3.12/site-packages/airflow/example_dags/example_task_group_decorator.py
[2024-07-03T14:30:35.034+0000] {processor.py:830} INFO - Processing file /home/airflow/.local/lib/python3.12/site-packages/airflow/example_dags/example_task_group_decorator.py for tasks to queue
[2024-07-03T14:30:35.038+0000] {logging_mixin.py:188} INFO - [2024-07-03T14:30:35.038+0000] {dagbag.py:545} INFO - Filling up the DagBag from /home/airflow/.local/lib/python3.12/site-packages/airflow/example_dags/example_task_group_decorator.py
[2024-07-03T14:30:35.077+0000] {processor.py:840} INFO - DAG(s) 'example_task_group_decorator' retrieved from /home/airflow/.local/lib/python3.12/site-packages/airflow/example_dags/example_task_group_decorator.py
[2024-07-03T14:30:35.135+0000] {logging_mixin.py:188} INFO - [2024-07-03T14:30:35.135+0000] {dag.py:3096} INFO - Sync 1 DAGs
[2024-07-03T14:30:35.179+0000] {logging_mixin.py:188} INFO - [2024-07-03T14:30:35.178+0000] {dag.py:3954} INFO - Setting next_dagrun for example_task_group_decorator to 2024-07-02 00:00:00+00:00, run_after=2024-07-03 00:00:00+00:00
[2024-07-03T14:30:35.236+0000] {processor.py:183} INFO - Processing /home/airflow/.local/lib/python3.12/site-packages/airflow/example_dags/example_task_group_decorator.py took 0.216 seconds
[2024-07-03T14:31:05.825+0000] {processor.py:161} INFO - Started process (PID=395) to work on /home/airflow/.local/lib/python3.12/site-packages/airflow/example_dags/example_task_group_decorator.py
[2024-07-03T14:31:05.826+0000] {processor.py:830} INFO - Processing file /home/airflow/.local/lib/python3.12/site-packages/airflow/example_dags/example_task_group_decorator.py for tasks to queue
[2024-07-03T14:31:05.828+0000] {logging_mixin.py:188} INFO - [2024-07-03T14:31:05.828+0000] {dagbag.py:545} INFO - Filling up the DagBag from /home/airflow/.local/lib/python3.12/site-packages/airflow/example_dags/example_task_group_decorator.py
[2024-07-03T14:31:05.842+0000] {processor.py:840} INFO - DAG(s) 'example_task_group_decorator' retrieved from /home/airflow/.local/lib/python3.12/site-packages/airflow/example_dags/example_task_group_decorator.py
[2024-07-03T14:31:05.865+0000] {logging_mixin.py:188} INFO - [2024-07-03T14:31:05.864+0000] {dag.py:3096} INFO - Sync 1 DAGs
[2024-07-03T14:31:05.887+0000] {logging_mixin.py:188} INFO - [2024-07-03T14:31:05.887+0000] {dag.py:3954} INFO - Setting next_dagrun for example_task_group_decorator to 2024-07-02 00:00:00+00:00, run_after=2024-07-03 00:00:00+00:00
[2024-07-03T14:31:05.907+0000] {processor.py:183} INFO - Processing /home/airflow/.local/lib/python3.12/site-packages/airflow/example_dags/example_task_group_decorator.py took 0.087 seconds
[2024-07-03T14:31:36.267+0000] {processor.py:161} INFO - Started process (PID=454) to work on /home/airflow/.local/lib/python3.12/site-packages/airflow/example_dags/example_task_group_decorator.py
[2024-07-03T14:31:36.268+0000] {processor.py:830} INFO - Processing file /home/airflow/.local/lib/python3.12/site-packages/airflow/example_dags/example_task_group_decorator.py for tasks to queue
[2024-07-03T14:31:36.270+0000] {logging_mixin.py:188} INFO - [2024-07-03T14:31:36.270+0000] {dagbag.py:545} INFO - Filling up the DagBag from /home/airflow/.local/lib/python3.12/site-packages/airflow/example_dags/example_task_group_decorator.py
[2024-07-03T14:31:36.284+0000] {processor.py:840} INFO - DAG(s) 'example_task_group_decorator' retrieved from /home/airflow/.local/lib/python3.12/site-packages/airflow/example_dags/example_task_group_decorator.py
[2024-07-03T14:31:36.309+0000] {logging_mixin.py:188} INFO - [2024-07-03T14:31:36.309+0000] {dag.py:3096} INFO - Sync 1 DAGs
[2024-07-03T14:31:36.331+0000] {logging_mixin.py:188} INFO - [2024-07-03T14:31:36.330+0000] {dag.py:3954} INFO - Setting next_dagrun for example_task_group_decorator to 2024-07-02 00:00:00+00:00, run_after=2024-07-03 00:00:00+00:00
[2024-07-03T14:31:36.347+0000] {processor.py:183} INFO - Processing /home/airflow/.local/lib/python3.12/site-packages/airflow/example_dags/example_task_group_decorator.py took 0.086 seconds
[2024-07-03T14:32:07.511+0000] {processor.py:161} INFO - Started process (PID=512) to work on /home/airflow/.local/lib/python3.12/site-packages/airflow/example_dags/example_task_group_decorator.py
[2024-07-03T14:32:07.519+0000] {processor.py:830} INFO - Processing file /home/airflow/.local/lib/python3.12/site-packages/airflow/example_dags/example_task_group_decorator.py for tasks to queue
[2024-07-03T14:32:07.539+0000] {logging_mixin.py:188} INFO - [2024-07-03T14:32:07.538+0000] {dagbag.py:545} INFO - Filling up the DagBag from /home/airflow/.local/lib/python3.12/site-packages/airflow/example_dags/example_task_group_decorator.py
[2024-07-03T14:32:07.594+0000] {processor.py:840} INFO - DAG(s) 'example_task_group_decorator' retrieved from /home/airflow/.local/lib/python3.12/site-packages/airflow/example_dags/example_task_group_decorator.py
[2024-07-03T14:32:07.633+0000] {logging_mixin.py:188} INFO - [2024-07-03T14:32:07.633+0000] {dag.py:3096} INFO - Sync 1 DAGs
[2024-07-03T14:32:07.682+0000] {logging_mixin.py:188} INFO - [2024-07-03T14:32:07.682+0000] {dag.py:3954} INFO - Setting next_dagrun for example_task_group_decorator to 2024-07-02 00:00:00+00:00, run_after=2024-07-03 00:00:00+00:00
[2024-07-03T14:32:07.714+0000] {processor.py:183} INFO - Processing /home/airflow/.local/lib/python3.12/site-packages/airflow/example_dags/example_task_group_decorator.py took 0.218 seconds
[2024-07-03T14:32:37.799+0000] {processor.py:161} INFO - Started process (PID=569) to work on /home/airflow/.local/lib/python3.12/site-packages/airflow/example_dags/example_task_group_decorator.py
[2024-07-03T14:32:37.800+0000] {processor.py:830} INFO - Processing file /home/airflow/.local/lib/python3.12/site-packages/airflow/example_dags/example_task_group_decorator.py for tasks to queue
[2024-07-03T14:32:37.803+0000] {logging_mixin.py:188} INFO - [2024-07-03T14:32:37.802+0000] {dagbag.py:545} INFO - Filling up the DagBag from /home/airflow/.local/lib/python3.12/site-packages/airflow/example_dags/example_task_group_decorator.py
[2024-07-03T14:32:37.819+0000] {processor.py:840} INFO - DAG(s) 'example_task_group_decorator' retrieved from /home/airflow/.local/lib/python3.12/site-packages/airflow/example_dags/example_task_group_decorator.py
[2024-07-03T14:32:37.845+0000] {logging_mixin.py:188} INFO - [2024-07-03T14:32:37.844+0000] {dag.py:3096} INFO - Sync 1 DAGs
[2024-07-03T14:32:37.865+0000] {logging_mixin.py:188} INFO - [2024-07-03T14:32:37.865+0000] {dag.py:3954} INFO - Setting next_dagrun for example_task_group_decorator to 2024-07-02 00:00:00+00:00, run_after=2024-07-03 00:00:00+00:00
[2024-07-03T14:32:37.888+0000] {processor.py:183} INFO - Processing /home/airflow/.local/lib/python3.12/site-packages/airflow/example_dags/example_task_group_decorator.py took 0.094 seconds
[2024-07-03T14:33:08.746+0000] {processor.py:161} INFO - Started process (PID=626) to work on /home/airflow/.local/lib/python3.12/site-packages/airflow/example_dags/example_task_group_decorator.py
[2024-07-03T14:33:08.747+0000] {processor.py:830} INFO - Processing file /home/airflow/.local/lib/python3.12/site-packages/airflow/example_dags/example_task_group_decorator.py for tasks to queue
[2024-07-03T14:33:08.748+0000] {logging_mixin.py:188} INFO - [2024-07-03T14:33:08.748+0000] {dagbag.py:545} INFO - Filling up the DagBag from /home/airflow/.local/lib/python3.12/site-packages/airflow/example_dags/example_task_group_decorator.py
[2024-07-03T14:33:08.767+0000] {processor.py:840} INFO - DAG(s) 'example_task_group_decorator' retrieved from /home/airflow/.local/lib/python3.12/site-packages/airflow/example_dags/example_task_group_decorator.py
[2024-07-03T14:33:08.793+0000] {logging_mixin.py:188} INFO - [2024-07-03T14:33:08.793+0000] {dag.py:3096} INFO - Sync 1 DAGs
[2024-07-03T14:33:08.815+0000] {logging_mixin.py:188} INFO - [2024-07-03T14:33:08.814+0000] {dag.py:3954} INFO - Setting next_dagrun for example_task_group_decorator to 2024-07-02 00:00:00+00:00, run_after=2024-07-03 00:00:00+00:00
[2024-07-03T14:33:08.838+0000] {processor.py:183} INFO - Processing /home/airflow/.local/lib/python3.12/site-packages/airflow/example_dags/example_task_group_decorator.py took 0.098 seconds
[2024-07-03T14:34:07.022+0000] {processor.py:161} INFO - Started process (PID=691) to work on /home/airflow/.local/lib/python3.12/site-packages/airflow/example_dags/example_task_group_decorator.py
[2024-07-03T14:34:07.026+0000] {processor.py:830} INFO - Processing file /home/airflow/.local/lib/python3.12/site-packages/airflow/example_dags/example_task_group_decorator.py for tasks to queue
[2024-07-03T14:34:07.028+0000] {logging_mixin.py:188} INFO - [2024-07-03T14:34:07.027+0000] {dagbag.py:545} INFO - Filling up the DagBag from /home/airflow/.local/lib/python3.12/site-packages/airflow/example_dags/example_task_group_decorator.py
[2024-07-03T14:34:07.224+0000] {processor.py:840} INFO - DAG(s) 'example_task_group_decorator' retrieved from /home/airflow/.local/lib/python3.12/site-packages/airflow/example_dags/example_task_group_decorator.py
[2024-07-03T14:34:07.466+0000] {logging_mixin.py:188} INFO - [2024-07-03T14:34:07.465+0000] {dag.py:3096} INFO - Sync 1 DAGs
[2024-07-03T14:34:07.528+0000] {logging_mixin.py:188} INFO - [2024-07-03T14:34:07.527+0000] {dag.py:3954} INFO - Setting next_dagrun for example_task_group_decorator to 2024-07-02 00:00:00+00:00, run_after=2024-07-03 00:00:00+00:00
[2024-07-03T14:34:07.642+0000] {processor.py:183} INFO - Processing /home/airflow/.local/lib/python3.12/site-packages/airflow/example_dags/example_task_group_decorator.py took 0.731 seconds
[2024-07-03T14:34:38.286+0000] {processor.py:161} INFO - Started process (PID=750) to work on /home/airflow/.local/lib/python3.12/site-packages/airflow/example_dags/example_task_group_decorator.py
[2024-07-03T14:34:38.288+0000] {processor.py:830} INFO - Processing file /home/airflow/.local/lib/python3.12/site-packages/airflow/example_dags/example_task_group_decorator.py for tasks to queue
[2024-07-03T14:34:38.289+0000] {logging_mixin.py:188} INFO - [2024-07-03T14:34:38.289+0000] {dagbag.py:545} INFO - Filling up the DagBag from /home/airflow/.local/lib/python3.12/site-packages/airflow/example_dags/example_task_group_decorator.py
[2024-07-03T14:34:38.319+0000] {processor.py:840} INFO - DAG(s) 'example_task_group_decorator' retrieved from /home/airflow/.local/lib/python3.12/site-packages/airflow/example_dags/example_task_group_decorator.py
[2024-07-03T14:34:38.370+0000] {logging_mixin.py:188} INFO - [2024-07-03T14:34:38.370+0000] {dag.py:3096} INFO - Sync 1 DAGs
[2024-07-03T14:34:38.421+0000] {logging_mixin.py:188} INFO - [2024-07-03T14:34:38.421+0000] {dag.py:3954} INFO - Setting next_dagrun for example_task_group_decorator to 2024-07-02 00:00:00+00:00, run_after=2024-07-03 00:00:00+00:00
[2024-07-03T14:34:38.456+0000] {processor.py:183} INFO - Processing /home/airflow/.local/lib/python3.12/site-packages/airflow/example_dags/example_task_group_decorator.py took 0.176 seconds
[2024-07-03T14:35:08.943+0000] {processor.py:161} INFO - Started process (PID=809) to work on /home/airflow/.local/lib/python3.12/site-packages/airflow/example_dags/example_task_group_decorator.py
[2024-07-03T14:35:08.945+0000] {processor.py:830} INFO - Processing file /home/airflow/.local/lib/python3.12/site-packages/airflow/example_dags/example_task_group_decorator.py for tasks to queue
[2024-07-03T14:35:08.947+0000] {logging_mixin.py:188} INFO - [2024-07-03T14:35:08.946+0000] {dagbag.py:545} INFO - Filling up the DagBag from /home/airflow/.local/lib/python3.12/site-packages/airflow/example_dags/example_task_group_decorator.py
[2024-07-03T14:35:08.981+0000] {processor.py:840} INFO - DAG(s) 'example_task_group_decorator' retrieved from /home/airflow/.local/lib/python3.12/site-packages/airflow/example_dags/example_task_group_decorator.py
[2024-07-03T14:35:09.026+0000] {logging_mixin.py:188} INFO - [2024-07-03T14:35:09.026+0000] {dag.py:3096} INFO - Sync 1 DAGs
[2024-07-03T14:35:09.064+0000] {logging_mixin.py:188} INFO - [2024-07-03T14:35:09.064+0000] {dag.py:3954} INFO - Setting next_dagrun for example_task_group_decorator to 2024-07-02 00:00:00+00:00, run_after=2024-07-03 00:00:00+00:00
[2024-07-03T14:35:09.100+0000] {processor.py:183} INFO - Processing /home/airflow/.local/lib/python3.12/site-packages/airflow/example_dags/example_task_group_decorator.py took 0.172 seconds
