[2024-07-03T14:28:08.591+0000] {processor.py:161} INFO - Started process (PID=68) to work on /home/airflow/.local/lib/python3.12/site-packages/airflow/example_dags/example_latest_only_with_trigger.py
[2024-07-03T14:28:08.597+0000] {processor.py:830} INFO - Processing file /home/airflow/.local/lib/python3.12/site-packages/airflow/example_dags/example_latest_only_with_trigger.py for tasks to queue
[2024-07-03T14:28:08.599+0000] {logging_mixin.py:188} INFO - [2024-07-03T14:28:08.599+0000] {dagbag.py:545} INFO - Filling up the DagBag from /home/airflow/.local/lib/python3.12/site-packages/airflow/example_dags/example_latest_only_with_trigger.py
[2024-07-03T14:28:08.630+0000] {processor.py:840} INFO - DAG(s) 'latest_only_with_trigger' retrieved from /home/airflow/.local/lib/python3.12/site-packages/airflow/example_dags/example_latest_only_with_trigger.py
[2024-07-03T14:28:08.892+0000] {logging_mixin.py:188} INFO - [2024-07-03T14:28:08.892+0000] {dag.py:3096} INFO - Sync 1 DAGs
[2024-07-03T14:28:08.923+0000] {logging_mixin.py:188} INFO - [2024-07-03T14:28:08.922+0000] {dag.py:3954} INFO - Setting next_dagrun for latest_only_with_trigger to 2024-07-03 08:00:00+00:00, run_after=2024-07-03 12:00:00+00:00
[2024-07-03T14:28:08.975+0000] {processor.py:183} INFO - Processing /home/airflow/.local/lib/python3.12/site-packages/airflow/example_dags/example_latest_only_with_trigger.py took 0.391 seconds
[2024-07-03T14:28:39.189+0000] {processor.py:161} INFO - Started process (PID=126) to work on /home/airflow/.local/lib/python3.12/site-packages/airflow/example_dags/example_latest_only_with_trigger.py
[2024-07-03T14:28:39.191+0000] {processor.py:830} INFO - Processing file /home/airflow/.local/lib/python3.12/site-packages/airflow/example_dags/example_latest_only_with_trigger.py for tasks to queue
[2024-07-03T14:28:39.194+0000] {logging_mixin.py:188} INFO - [2024-07-03T14:28:39.194+0000] {dagbag.py:545} INFO - Filling up the DagBag from /home/airflow/.local/lib/python3.12/site-packages/airflow/example_dags/example_latest_only_with_trigger.py
[2024-07-03T14:28:39.206+0000] {processor.py:840} INFO - DAG(s) 'latest_only_with_trigger' retrieved from /home/airflow/.local/lib/python3.12/site-packages/airflow/example_dags/example_latest_only_with_trigger.py
[2024-07-03T14:28:39.226+0000] {logging_mixin.py:188} INFO - [2024-07-03T14:28:39.226+0000] {dag.py:3096} INFO - Sync 1 DAGs
[2024-07-03T14:28:39.246+0000] {logging_mixin.py:188} INFO - [2024-07-03T14:28:39.246+0000] {dag.py:3954} INFO - Setting next_dagrun for latest_only_with_trigger to 2024-07-03 08:00:00+00:00, run_after=2024-07-03 12:00:00+00:00
[2024-07-03T14:28:39.267+0000] {processor.py:183} INFO - Processing /home/airflow/.local/lib/python3.12/site-packages/airflow/example_dags/example_latest_only_with_trigger.py took 0.085 seconds
[2024-07-03T14:29:10.360+0000] {processor.py:161} INFO - Started process (PID=184) to work on /home/airflow/.local/lib/python3.12/site-packages/airflow/example_dags/example_latest_only_with_trigger.py
[2024-07-03T14:29:10.363+0000] {processor.py:830} INFO - Processing file /home/airflow/.local/lib/python3.12/site-packages/airflow/example_dags/example_latest_only_with_trigger.py for tasks to queue
[2024-07-03T14:29:10.368+0000] {logging_mixin.py:188} INFO - [2024-07-03T14:29:10.367+0000] {dagbag.py:545} INFO - Filling up the DagBag from /home/airflow/.local/lib/python3.12/site-packages/airflow/example_dags/example_latest_only_with_trigger.py
[2024-07-03T14:29:10.386+0000] {processor.py:840} INFO - DAG(s) 'latest_only_with_trigger' retrieved from /home/airflow/.local/lib/python3.12/site-packages/airflow/example_dags/example_latest_only_with_trigger.py
[2024-07-03T14:29:10.473+0000] {logging_mixin.py:188} INFO - [2024-07-03T14:29:10.472+0000] {dag.py:3096} INFO - Sync 1 DAGs
[2024-07-03T14:29:10.628+0000] {logging_mixin.py:188} INFO - [2024-07-03T14:29:10.618+0000] {dag.py:3954} INFO - Setting next_dagrun for latest_only_with_trigger to 2024-07-03 08:00:00+00:00, run_after=2024-07-03 12:00:00+00:00
[2024-07-03T14:29:10.818+0000] {processor.py:183} INFO - Processing /home/airflow/.local/lib/python3.12/site-packages/airflow/example_dags/example_latest_only_with_trigger.py took 0.472 seconds
[2024-07-03T14:29:44.201+0000] {processor.py:161} INFO - Started process (PID=242) to work on /home/airflow/.local/lib/python3.12/site-packages/airflow/example_dags/example_latest_only_with_trigger.py
[2024-07-03T14:29:44.213+0000] {processor.py:830} INFO - Processing file /home/airflow/.local/lib/python3.12/site-packages/airflow/example_dags/example_latest_only_with_trigger.py for tasks to queue
[2024-07-03T14:29:44.217+0000] {logging_mixin.py:188} INFO - [2024-07-03T14:29:44.217+0000] {dagbag.py:545} INFO - Filling up the DagBag from /home/airflow/.local/lib/python3.12/site-packages/airflow/example_dags/example_latest_only_with_trigger.py
[2024-07-03T14:29:44.253+0000] {processor.py:840} INFO - DAG(s) 'latest_only_with_trigger' retrieved from /home/airflow/.local/lib/python3.12/site-packages/airflow/example_dags/example_latest_only_with_trigger.py
[2024-07-03T14:29:44.445+0000] {logging_mixin.py:188} INFO - [2024-07-03T14:29:44.445+0000] {dag.py:3096} INFO - Sync 1 DAGs
[2024-07-03T14:29:44.512+0000] {logging_mixin.py:188} INFO - [2024-07-03T14:29:44.512+0000] {dag.py:3954} INFO - Setting next_dagrun for latest_only_with_trigger to 2024-07-03 08:00:00+00:00, run_after=2024-07-03 12:00:00+00:00
[2024-07-03T14:29:44.579+0000] {processor.py:183} INFO - Processing /home/airflow/.local/lib/python3.12/site-packages/airflow/example_dags/example_latest_only_with_trigger.py took 0.600 seconds
[2024-07-03T14:30:15.288+0000] {processor.py:161} INFO - Started process (PID=300) to work on /home/airflow/.local/lib/python3.12/site-packages/airflow/example_dags/example_latest_only_with_trigger.py
[2024-07-03T14:30:15.289+0000] {processor.py:830} INFO - Processing file /home/airflow/.local/lib/python3.12/site-packages/airflow/example_dags/example_latest_only_with_trigger.py for tasks to queue
[2024-07-03T14:30:15.291+0000] {logging_mixin.py:188} INFO - [2024-07-03T14:30:15.291+0000] {dagbag.py:545} INFO - Filling up the DagBag from /home/airflow/.local/lib/python3.12/site-packages/airflow/example_dags/example_latest_only_with_trigger.py
[2024-07-03T14:30:15.297+0000] {processor.py:840} INFO - DAG(s) 'latest_only_with_trigger' retrieved from /home/airflow/.local/lib/python3.12/site-packages/airflow/example_dags/example_latest_only_with_trigger.py
[2024-07-03T14:30:15.322+0000] {logging_mixin.py:188} INFO - [2024-07-03T14:30:15.321+0000] {dag.py:3096} INFO - Sync 1 DAGs
[2024-07-03T14:30:15.345+0000] {logging_mixin.py:188} INFO - [2024-07-03T14:30:15.345+0000] {dag.py:3954} INFO - Setting next_dagrun for latest_only_with_trigger to 2024-07-03 08:00:00+00:00, run_after=2024-07-03 12:00:00+00:00
[2024-07-03T14:30:15.372+0000] {processor.py:183} INFO - Processing /home/airflow/.local/lib/python3.12/site-packages/airflow/example_dags/example_latest_only_with_trigger.py took 0.089 seconds
[2024-07-03T14:30:45.899+0000] {processor.py:161} INFO - Started process (PID=358) to work on /home/airflow/.local/lib/python3.12/site-packages/airflow/example_dags/example_latest_only_with_trigger.py
[2024-07-03T14:30:45.901+0000] {processor.py:830} INFO - Processing file /home/airflow/.local/lib/python3.12/site-packages/airflow/example_dags/example_latest_only_with_trigger.py for tasks to queue
[2024-07-03T14:30:45.902+0000] {logging_mixin.py:188} INFO - [2024-07-03T14:30:45.902+0000] {dagbag.py:545} INFO - Filling up the DagBag from /home/airflow/.local/lib/python3.12/site-packages/airflow/example_dags/example_latest_only_with_trigger.py
[2024-07-03T14:30:45.907+0000] {processor.py:840} INFO - DAG(s) 'latest_only_with_trigger' retrieved from /home/airflow/.local/lib/python3.12/site-packages/airflow/example_dags/example_latest_only_with_trigger.py
[2024-07-03T14:30:45.926+0000] {logging_mixin.py:188} INFO - [2024-07-03T14:30:45.926+0000] {dag.py:3096} INFO - Sync 1 DAGs
[2024-07-03T14:30:45.945+0000] {logging_mixin.py:188} INFO - [2024-07-03T14:30:45.945+0000] {dag.py:3954} INFO - Setting next_dagrun for latest_only_with_trigger to 2024-07-03 08:00:00+00:00, run_after=2024-07-03 12:00:00+00:00
[2024-07-03T14:30:45.964+0000] {processor.py:183} INFO - Processing /home/airflow/.local/lib/python3.12/site-packages/airflow/example_dags/example_latest_only_with_trigger.py took 0.069 seconds
[2024-07-03T14:31:16.053+0000] {processor.py:161} INFO - Started process (PID=416) to work on /home/airflow/.local/lib/python3.12/site-packages/airflow/example_dags/example_latest_only_with_trigger.py
[2024-07-03T14:31:16.054+0000] {processor.py:830} INFO - Processing file /home/airflow/.local/lib/python3.12/site-packages/airflow/example_dags/example_latest_only_with_trigger.py for tasks to queue
[2024-07-03T14:31:16.056+0000] {logging_mixin.py:188} INFO - [2024-07-03T14:31:16.055+0000] {dagbag.py:545} INFO - Filling up the DagBag from /home/airflow/.local/lib/python3.12/site-packages/airflow/example_dags/example_latest_only_with_trigger.py
[2024-07-03T14:31:16.060+0000] {processor.py:840} INFO - DAG(s) 'latest_only_with_trigger' retrieved from /home/airflow/.local/lib/python3.12/site-packages/airflow/example_dags/example_latest_only_with_trigger.py
[2024-07-03T14:31:16.081+0000] {logging_mixin.py:188} INFO - [2024-07-03T14:31:16.081+0000] {dag.py:3096} INFO - Sync 1 DAGs
[2024-07-03T14:31:16.101+0000] {logging_mixin.py:188} INFO - [2024-07-03T14:31:16.101+0000] {dag.py:3954} INFO - Setting next_dagrun for latest_only_with_trigger to 2024-07-03 08:00:00+00:00, run_after=2024-07-03 12:00:00+00:00
[2024-07-03T14:31:16.119+0000] {processor.py:183} INFO - Processing /home/airflow/.local/lib/python3.12/site-packages/airflow/example_dags/example_latest_only_with_trigger.py took 0.071 seconds
[2024-07-03T14:31:46.233+0000] {processor.py:161} INFO - Started process (PID=475) to work on /home/airflow/.local/lib/python3.12/site-packages/airflow/example_dags/example_latest_only_with_trigger.py
[2024-07-03T14:31:46.235+0000] {processor.py:830} INFO - Processing file /home/airflow/.local/lib/python3.12/site-packages/airflow/example_dags/example_latest_only_with_trigger.py for tasks to queue
[2024-07-03T14:31:46.238+0000] {logging_mixin.py:188} INFO - [2024-07-03T14:31:46.238+0000] {dagbag.py:545} INFO - Filling up the DagBag from /home/airflow/.local/lib/python3.12/site-packages/airflow/example_dags/example_latest_only_with_trigger.py
[2024-07-03T14:31:46.253+0000] {processor.py:840} INFO - DAG(s) 'latest_only_with_trigger' retrieved from /home/airflow/.local/lib/python3.12/site-packages/airflow/example_dags/example_latest_only_with_trigger.py
[2024-07-03T14:31:46.302+0000] {logging_mixin.py:188} INFO - [2024-07-03T14:31:46.302+0000] {dag.py:3096} INFO - Sync 1 DAGs
[2024-07-03T14:31:46.369+0000] {logging_mixin.py:188} INFO - [2024-07-03T14:31:46.368+0000] {dag.py:3954} INFO - Setting next_dagrun for latest_only_with_trigger to 2024-07-03 08:00:00+00:00, run_after=2024-07-03 12:00:00+00:00
[2024-07-03T14:31:46.411+0000] {processor.py:183} INFO - Processing /home/airflow/.local/lib/python3.12/site-packages/airflow/example_dags/example_latest_only_with_trigger.py took 0.186 seconds
[2024-07-03T14:32:17.137+0000] {processor.py:161} INFO - Started process (PID=539) to work on /home/airflow/.local/lib/python3.12/site-packages/airflow/example_dags/example_latest_only_with_trigger.py
[2024-07-03T14:32:17.138+0000] {processor.py:830} INFO - Processing file /home/airflow/.local/lib/python3.12/site-packages/airflow/example_dags/example_latest_only_with_trigger.py for tasks to queue
[2024-07-03T14:32:17.140+0000] {logging_mixin.py:188} INFO - [2024-07-03T14:32:17.139+0000] {dagbag.py:545} INFO - Filling up the DagBag from /home/airflow/.local/lib/python3.12/site-packages/airflow/example_dags/example_latest_only_with_trigger.py
[2024-07-03T14:32:17.145+0000] {processor.py:840} INFO - DAG(s) 'latest_only_with_trigger' retrieved from /home/airflow/.local/lib/python3.12/site-packages/airflow/example_dags/example_latest_only_with_trigger.py
[2024-07-03T14:32:17.173+0000] {logging_mixin.py:188} INFO - [2024-07-03T14:32:17.173+0000] {dag.py:3096} INFO - Sync 1 DAGs
[2024-07-03T14:32:17.199+0000] {logging_mixin.py:188} INFO - [2024-07-03T14:32:17.199+0000] {dag.py:3954} INFO - Setting next_dagrun for latest_only_with_trigger to 2024-07-03 08:00:00+00:00, run_after=2024-07-03 12:00:00+00:00
[2024-07-03T14:32:17.216+0000] {processor.py:183} INFO - Processing /home/airflow/.local/lib/python3.12/site-packages/airflow/example_dags/example_latest_only_with_trigger.py took 0.085 seconds
[2024-07-03T14:32:47.676+0000] {processor.py:161} INFO - Started process (PID=596) to work on /home/airflow/.local/lib/python3.12/site-packages/airflow/example_dags/example_latest_only_with_trigger.py
[2024-07-03T14:32:47.691+0000] {processor.py:830} INFO - Processing file /home/airflow/.local/lib/python3.12/site-packages/airflow/example_dags/example_latest_only_with_trigger.py for tasks to queue
[2024-07-03T14:32:47.695+0000] {logging_mixin.py:188} INFO - [2024-07-03T14:32:47.694+0000] {dagbag.py:545} INFO - Filling up the DagBag from /home/airflow/.local/lib/python3.12/site-packages/airflow/example_dags/example_latest_only_with_trigger.py
[2024-07-03T14:32:47.707+0000] {processor.py:840} INFO - DAG(s) 'latest_only_with_trigger' retrieved from /home/airflow/.local/lib/python3.12/site-packages/airflow/example_dags/example_latest_only_with_trigger.py
[2024-07-03T14:32:47.867+0000] {logging_mixin.py:188} INFO - [2024-07-03T14:32:47.867+0000] {dag.py:3096} INFO - Sync 1 DAGs
[2024-07-03T14:32:48.300+0000] {logging_mixin.py:188} INFO - [2024-07-03T14:32:48.300+0000] {dag.py:3954} INFO - Setting next_dagrun for latest_only_with_trigger to 2024-07-03 08:00:00+00:00, run_after=2024-07-03 12:00:00+00:00
[2024-07-03T14:32:48.524+0000] {processor.py:183} INFO - Processing /home/airflow/.local/lib/python3.12/site-packages/airflow/example_dags/example_latest_only_with_trigger.py took 0.887 seconds
[2024-07-03T14:33:18.814+0000] {processor.py:161} INFO - Started process (PID=655) to work on /home/airflow/.local/lib/python3.12/site-packages/airflow/example_dags/example_latest_only_with_trigger.py
[2024-07-03T14:33:18.826+0000] {processor.py:830} INFO - Processing file /home/airflow/.local/lib/python3.12/site-packages/airflow/example_dags/example_latest_only_with_trigger.py for tasks to queue
[2024-07-03T14:33:18.827+0000] {logging_mixin.py:188} INFO - [2024-07-03T14:33:18.827+0000] {dagbag.py:545} INFO - Filling up the DagBag from /home/airflow/.local/lib/python3.12/site-packages/airflow/example_dags/example_latest_only_with_trigger.py
[2024-07-03T14:33:18.848+0000] {processor.py:840} INFO - DAG(s) 'latest_only_with_trigger' retrieved from /home/airflow/.local/lib/python3.12/site-packages/airflow/example_dags/example_latest_only_with_trigger.py
[2024-07-03T14:33:18.917+0000] {logging_mixin.py:188} INFO - [2024-07-03T14:33:18.916+0000] {dag.py:3096} INFO - Sync 1 DAGs
[2024-07-03T14:33:18.942+0000] {logging_mixin.py:188} INFO - [2024-07-03T14:33:18.942+0000] {dag.py:3954} INFO - Setting next_dagrun for latest_only_with_trigger to 2024-07-03 08:00:00+00:00, run_after=2024-07-03 12:00:00+00:00
[2024-07-03T14:33:18.963+0000] {processor.py:183} INFO - Processing /home/airflow/.local/lib/python3.12/site-packages/airflow/example_dags/example_latest_only_with_trigger.py took 0.157 seconds
[2024-07-03T14:34:11.210+0000] {processor.py:161} INFO - Started process (PID=715) to work on /home/airflow/.local/lib/python3.12/site-packages/airflow/example_dags/example_latest_only_with_trigger.py
[2024-07-03T14:34:11.212+0000] {processor.py:830} INFO - Processing file /home/airflow/.local/lib/python3.12/site-packages/airflow/example_dags/example_latest_only_with_trigger.py for tasks to queue
[2024-07-03T14:34:11.213+0000] {logging_mixin.py:188} INFO - [2024-07-03T14:34:11.213+0000] {dagbag.py:545} INFO - Filling up the DagBag from /home/airflow/.local/lib/python3.12/site-packages/airflow/example_dags/example_latest_only_with_trigger.py
[2024-07-03T14:34:11.221+0000] {processor.py:840} INFO - DAG(s) 'latest_only_with_trigger' retrieved from /home/airflow/.local/lib/python3.12/site-packages/airflow/example_dags/example_latest_only_with_trigger.py
[2024-07-03T14:34:11.241+0000] {logging_mixin.py:188} INFO - [2024-07-03T14:34:11.241+0000] {dag.py:3096} INFO - Sync 1 DAGs
[2024-07-03T14:34:11.264+0000] {logging_mixin.py:188} INFO - [2024-07-03T14:34:11.264+0000] {dag.py:3954} INFO - Setting next_dagrun for latest_only_with_trigger to 2024-07-03 08:00:00+00:00, run_after=2024-07-03 12:00:00+00:00
[2024-07-03T14:34:11.283+0000] {processor.py:183} INFO - Processing /home/airflow/.local/lib/python3.12/site-packages/airflow/example_dags/example_latest_only_with_trigger.py took 0.080 seconds
[2024-07-03T14:34:41.721+0000] {processor.py:161} INFO - Started process (PID=772) to work on /home/airflow/.local/lib/python3.12/site-packages/airflow/example_dags/example_latest_only_with_trigger.py
[2024-07-03T14:34:41.729+0000] {processor.py:830} INFO - Processing file /home/airflow/.local/lib/python3.12/site-packages/airflow/example_dags/example_latest_only_with_trigger.py for tasks to queue
[2024-07-03T14:34:41.731+0000] {logging_mixin.py:188} INFO - [2024-07-03T14:34:41.730+0000] {dagbag.py:545} INFO - Filling up the DagBag from /home/airflow/.local/lib/python3.12/site-packages/airflow/example_dags/example_latest_only_with_trigger.py
[2024-07-03T14:34:41.752+0000] {processor.py:840} INFO - DAG(s) 'latest_only_with_trigger' retrieved from /home/airflow/.local/lib/python3.12/site-packages/airflow/example_dags/example_latest_only_with_trigger.py
[2024-07-03T14:34:41.810+0000] {logging_mixin.py:188} INFO - [2024-07-03T14:34:41.810+0000] {dag.py:3096} INFO - Sync 1 DAGs
[2024-07-03T14:34:41.869+0000] {logging_mixin.py:188} INFO - [2024-07-03T14:34:41.868+0000] {dag.py:3954} INFO - Setting next_dagrun for latest_only_with_trigger to 2024-07-03 08:00:00+00:00, run_after=2024-07-03 12:00:00+00:00
[2024-07-03T14:34:41.908+0000] {processor.py:183} INFO - Processing /home/airflow/.local/lib/python3.12/site-packages/airflow/example_dags/example_latest_only_with_trigger.py took 0.202 seconds
[2024-07-03T14:35:12.726+0000] {processor.py:161} INFO - Started process (PID=830) to work on /home/airflow/.local/lib/python3.12/site-packages/airflow/example_dags/example_latest_only_with_trigger.py
[2024-07-03T14:35:12.740+0000] {processor.py:830} INFO - Processing file /home/airflow/.local/lib/python3.12/site-packages/airflow/example_dags/example_latest_only_with_trigger.py for tasks to queue
[2024-07-03T14:35:12.745+0000] {logging_mixin.py:188} INFO - [2024-07-03T14:35:12.745+0000] {dagbag.py:545} INFO - Filling up the DagBag from /home/airflow/.local/lib/python3.12/site-packages/airflow/example_dags/example_latest_only_with_trigger.py
[2024-07-03T14:35:12.766+0000] {processor.py:840} INFO - DAG(s) 'latest_only_with_trigger' retrieved from /home/airflow/.local/lib/python3.12/site-packages/airflow/example_dags/example_latest_only_with_trigger.py
[2024-07-03T14:35:12.828+0000] {logging_mixin.py:188} INFO - [2024-07-03T14:35:12.827+0000] {dag.py:3096} INFO - Sync 1 DAGs
[2024-07-03T14:35:12.879+0000] {logging_mixin.py:188} INFO - [2024-07-03T14:35:12.878+0000] {dag.py:3954} INFO - Setting next_dagrun for latest_only_with_trigger to 2024-07-03 08:00:00+00:00, run_after=2024-07-03 12:00:00+00:00
[2024-07-03T14:35:12.946+0000] {processor.py:183} INFO - Processing /home/airflow/.local/lib/python3.12/site-packages/airflow/example_dags/example_latest_only_with_trigger.py took 0.231 seconds
