[2024-07-03T14:27:51.542+0000] {processor.py:161} INFO - Started process (PID=32) to work on /home/airflow/.local/lib/python3.12/site-packages/airflow/example_dags/example_sensor_decorator.py
[2024-07-03T14:27:51.551+0000] {processor.py:830} INFO - Processing file /home/airflow/.local/lib/python3.12/site-packages/airflow/example_dags/example_sensor_decorator.py for tasks to queue
[2024-07-03T14:27:51.563+0000] {logging_mixin.py:188} INFO - [2024-07-03T14:27:51.563+0000] {dagbag.py:545} INFO - Filling up the DagBag from /home/airflow/.local/lib/python3.12/site-packages/airflow/example_dags/example_sensor_decorator.py
[2024-07-03T14:27:51.603+0000] {processor.py:840} INFO - DAG(s) 'example_sensor_decorator' retrieved from /home/airflow/.local/lib/python3.12/site-packages/airflow/example_dags/example_sensor_decorator.py
[2024-07-03T14:27:51.902+0000] {logging_mixin.py:188} INFO - [2024-07-03T14:27:51.902+0000] {dag.py:3096} INFO - Sync 1 DAGs
[2024-07-03T14:27:51.918+0000] {logging_mixin.py:188} INFO - [2024-07-03T14:27:51.918+0000] {dag.py:3954} INFO - Setting next_dagrun for example_sensor_decorator to None, run_after=None
[2024-07-03T14:27:51.947+0000] {processor.py:183} INFO - Processing /home/airflow/.local/lib/python3.12/site-packages/airflow/example_dags/example_sensor_decorator.py took 0.411 seconds
[2024-07-03T14:28:21.996+0000] {processor.py:161} INFO - Started process (PID=90) to work on /home/airflow/.local/lib/python3.12/site-packages/airflow/example_dags/example_sensor_decorator.py
[2024-07-03T14:28:21.998+0000] {processor.py:830} INFO - Processing file /home/airflow/.local/lib/python3.12/site-packages/airflow/example_dags/example_sensor_decorator.py for tasks to queue
[2024-07-03T14:28:22.000+0000] {logging_mixin.py:188} INFO - [2024-07-03T14:28:21.999+0000] {dagbag.py:545} INFO - Filling up the DagBag from /home/airflow/.local/lib/python3.12/site-packages/airflow/example_dags/example_sensor_decorator.py
[2024-07-03T14:28:22.008+0000] {processor.py:840} INFO - DAG(s) 'example_sensor_decorator' retrieved from /home/airflow/.local/lib/python3.12/site-packages/airflow/example_dags/example_sensor_decorator.py
[2024-07-03T14:28:22.029+0000] {logging_mixin.py:188} INFO - [2024-07-03T14:28:22.029+0000] {dag.py:3096} INFO - Sync 1 DAGs
[2024-07-03T14:28:22.042+0000] {logging_mixin.py:188} INFO - [2024-07-03T14:28:22.041+0000] {dag.py:3954} INFO - Setting next_dagrun for example_sensor_decorator to None, run_after=None
[2024-07-03T14:28:22.065+0000] {processor.py:183} INFO - Processing /home/airflow/.local/lib/python3.12/site-packages/airflow/example_dags/example_sensor_decorator.py took 0.075 seconds
[2024-07-03T14:28:52.145+0000] {processor.py:161} INFO - Started process (PID=148) to work on /home/airflow/.local/lib/python3.12/site-packages/airflow/example_dags/example_sensor_decorator.py
[2024-07-03T14:28:52.146+0000] {processor.py:830} INFO - Processing file /home/airflow/.local/lib/python3.12/site-packages/airflow/example_dags/example_sensor_decorator.py for tasks to queue
[2024-07-03T14:28:52.148+0000] {logging_mixin.py:188} INFO - [2024-07-03T14:28:52.148+0000] {dagbag.py:545} INFO - Filling up the DagBag from /home/airflow/.local/lib/python3.12/site-packages/airflow/example_dags/example_sensor_decorator.py
[2024-07-03T14:28:52.155+0000] {processor.py:840} INFO - DAG(s) 'example_sensor_decorator' retrieved from /home/airflow/.local/lib/python3.12/site-packages/airflow/example_dags/example_sensor_decorator.py
[2024-07-03T14:28:52.177+0000] {logging_mixin.py:188} INFO - [2024-07-03T14:28:52.177+0000] {dag.py:3096} INFO - Sync 1 DAGs
[2024-07-03T14:28:52.192+0000] {logging_mixin.py:188} INFO - [2024-07-03T14:28:52.192+0000] {dag.py:3954} INFO - Setting next_dagrun for example_sensor_decorator to None, run_after=None
[2024-07-03T14:28:52.214+0000] {processor.py:183} INFO - Processing /home/airflow/.local/lib/python3.12/site-packages/airflow/example_dags/example_sensor_decorator.py took 0.076 seconds
[2024-07-03T14:29:22.607+0000] {processor.py:161} INFO - Started process (PID=206) to work on /home/airflow/.local/lib/python3.12/site-packages/airflow/example_dags/example_sensor_decorator.py
[2024-07-03T14:29:22.609+0000] {processor.py:830} INFO - Processing file /home/airflow/.local/lib/python3.12/site-packages/airflow/example_dags/example_sensor_decorator.py for tasks to queue
[2024-07-03T14:29:22.611+0000] {logging_mixin.py:188} INFO - [2024-07-03T14:29:22.611+0000] {dagbag.py:545} INFO - Filling up the DagBag from /home/airflow/.local/lib/python3.12/site-packages/airflow/example_dags/example_sensor_decorator.py
[2024-07-03T14:29:22.621+0000] {processor.py:840} INFO - DAG(s) 'example_sensor_decorator' retrieved from /home/airflow/.local/lib/python3.12/site-packages/airflow/example_dags/example_sensor_decorator.py
[2024-07-03T14:29:22.645+0000] {logging_mixin.py:188} INFO - [2024-07-03T14:29:22.644+0000] {dag.py:3096} INFO - Sync 1 DAGs
[2024-07-03T14:29:22.670+0000] {logging_mixin.py:188} INFO - [2024-07-03T14:29:22.670+0000] {dag.py:3954} INFO - Setting next_dagrun for example_sensor_decorator to None, run_after=None
[2024-07-03T14:29:22.712+0000] {processor.py:183} INFO - Processing /home/airflow/.local/lib/python3.12/site-packages/airflow/example_dags/example_sensor_decorator.py took 0.111 seconds
[2024-07-03T14:29:52.922+0000] {processor.py:161} INFO - Started process (PID=264) to work on /home/airflow/.local/lib/python3.12/site-packages/airflow/example_dags/example_sensor_decorator.py
[2024-07-03T14:29:52.924+0000] {processor.py:830} INFO - Processing file /home/airflow/.local/lib/python3.12/site-packages/airflow/example_dags/example_sensor_decorator.py for tasks to queue
[2024-07-03T14:29:52.927+0000] {logging_mixin.py:188} INFO - [2024-07-03T14:29:52.926+0000] {dagbag.py:545} INFO - Filling up the DagBag from /home/airflow/.local/lib/python3.12/site-packages/airflow/example_dags/example_sensor_decorator.py
[2024-07-03T14:29:52.936+0000] {processor.py:840} INFO - DAG(s) 'example_sensor_decorator' retrieved from /home/airflow/.local/lib/python3.12/site-packages/airflow/example_dags/example_sensor_decorator.py
[2024-07-03T14:29:52.956+0000] {logging_mixin.py:188} INFO - [2024-07-03T14:29:52.956+0000] {dag.py:3096} INFO - Sync 1 DAGs
[2024-07-03T14:29:52.970+0000] {logging_mixin.py:188} INFO - [2024-07-03T14:29:52.970+0000] {dag.py:3954} INFO - Setting next_dagrun for example_sensor_decorator to None, run_after=None
[2024-07-03T14:29:52.992+0000] {processor.py:183} INFO - Processing /home/airflow/.local/lib/python3.12/site-packages/airflow/example_dags/example_sensor_decorator.py took 0.077 seconds
[2024-07-03T14:30:26.078+0000] {processor.py:161} INFO - Started process (PID=320) to work on /home/airflow/.local/lib/python3.12/site-packages/airflow/example_dags/example_sensor_decorator.py
[2024-07-03T14:30:26.082+0000] {processor.py:830} INFO - Processing file /home/airflow/.local/lib/python3.12/site-packages/airflow/example_dags/example_sensor_decorator.py for tasks to queue
[2024-07-03T14:30:26.093+0000] {logging_mixin.py:188} INFO - [2024-07-03T14:30:26.092+0000] {dagbag.py:545} INFO - Filling up the DagBag from /home/airflow/.local/lib/python3.12/site-packages/airflow/example_dags/example_sensor_decorator.py
[2024-07-03T14:30:26.127+0000] {processor.py:840} INFO - DAG(s) 'example_sensor_decorator' retrieved from /home/airflow/.local/lib/python3.12/site-packages/airflow/example_dags/example_sensor_decorator.py
[2024-07-03T14:30:26.207+0000] {logging_mixin.py:188} INFO - [2024-07-03T14:30:26.206+0000] {dag.py:3096} INFO - Sync 1 DAGs
[2024-07-03T14:30:26.244+0000] {logging_mixin.py:188} INFO - [2024-07-03T14:30:26.244+0000] {dag.py:3954} INFO - Setting next_dagrun for example_sensor_decorator to None, run_after=None
[2024-07-03T14:30:26.286+0000] {processor.py:183} INFO - Processing /home/airflow/.local/lib/python3.12/site-packages/airflow/example_dags/example_sensor_decorator.py took 0.214 seconds
[2024-07-03T14:30:56.727+0000] {processor.py:161} INFO - Started process (PID=378) to work on /home/airflow/.local/lib/python3.12/site-packages/airflow/example_dags/example_sensor_decorator.py
[2024-07-03T14:30:56.729+0000] {processor.py:830} INFO - Processing file /home/airflow/.local/lib/python3.12/site-packages/airflow/example_dags/example_sensor_decorator.py for tasks to queue
[2024-07-03T14:30:56.731+0000] {logging_mixin.py:188} INFO - [2024-07-03T14:30:56.730+0000] {dagbag.py:545} INFO - Filling up the DagBag from /home/airflow/.local/lib/python3.12/site-packages/airflow/example_dags/example_sensor_decorator.py
[2024-07-03T14:30:56.738+0000] {processor.py:840} INFO - DAG(s) 'example_sensor_decorator' retrieved from /home/airflow/.local/lib/python3.12/site-packages/airflow/example_dags/example_sensor_decorator.py
[2024-07-03T14:30:56.755+0000] {logging_mixin.py:188} INFO - [2024-07-03T14:30:56.754+0000] {dag.py:3096} INFO - Sync 1 DAGs
[2024-07-03T14:30:56.769+0000] {logging_mixin.py:188} INFO - [2024-07-03T14:30:56.768+0000] {dag.py:3954} INFO - Setting next_dagrun for example_sensor_decorator to None, run_after=None
[2024-07-03T14:30:56.787+0000] {processor.py:183} INFO - Processing /home/airflow/.local/lib/python3.12/site-packages/airflow/example_dags/example_sensor_decorator.py took 0.065 seconds
[2024-07-03T14:31:26.862+0000] {processor.py:161} INFO - Started process (PID=437) to work on /home/airflow/.local/lib/python3.12/site-packages/airflow/example_dags/example_sensor_decorator.py
[2024-07-03T14:31:26.863+0000] {processor.py:830} INFO - Processing file /home/airflow/.local/lib/python3.12/site-packages/airflow/example_dags/example_sensor_decorator.py for tasks to queue
[2024-07-03T14:31:26.864+0000] {logging_mixin.py:188} INFO - [2024-07-03T14:31:26.864+0000] {dagbag.py:545} INFO - Filling up the DagBag from /home/airflow/.local/lib/python3.12/site-packages/airflow/example_dags/example_sensor_decorator.py
[2024-07-03T14:31:26.870+0000] {processor.py:840} INFO - DAG(s) 'example_sensor_decorator' retrieved from /home/airflow/.local/lib/python3.12/site-packages/airflow/example_dags/example_sensor_decorator.py
[2024-07-03T14:31:26.890+0000] {logging_mixin.py:188} INFO - [2024-07-03T14:31:26.890+0000] {dag.py:3096} INFO - Sync 1 DAGs
[2024-07-03T14:31:26.902+0000] {logging_mixin.py:188} INFO - [2024-07-03T14:31:26.902+0000] {dag.py:3954} INFO - Setting next_dagrun for example_sensor_decorator to None, run_after=None
[2024-07-03T14:31:26.919+0000] {processor.py:183} INFO - Processing /home/airflow/.local/lib/python3.12/site-packages/airflow/example_dags/example_sensor_decorator.py took 0.063 seconds
[2024-07-03T14:31:57.187+0000] {processor.py:161} INFO - Started process (PID=495) to work on /home/airflow/.local/lib/python3.12/site-packages/airflow/example_dags/example_sensor_decorator.py
[2024-07-03T14:31:57.189+0000] {processor.py:830} INFO - Processing file /home/airflow/.local/lib/python3.12/site-packages/airflow/example_dags/example_sensor_decorator.py for tasks to queue
[2024-07-03T14:31:57.192+0000] {logging_mixin.py:188} INFO - [2024-07-03T14:31:57.192+0000] {dagbag.py:545} INFO - Filling up the DagBag from /home/airflow/.local/lib/python3.12/site-packages/airflow/example_dags/example_sensor_decorator.py
[2024-07-03T14:31:57.201+0000] {processor.py:840} INFO - DAG(s) 'example_sensor_decorator' retrieved from /home/airflow/.local/lib/python3.12/site-packages/airflow/example_dags/example_sensor_decorator.py
[2024-07-03T14:31:57.221+0000] {logging_mixin.py:188} INFO - [2024-07-03T14:31:57.221+0000] {dag.py:3096} INFO - Sync 1 DAGs
[2024-07-03T14:31:57.234+0000] {logging_mixin.py:188} INFO - [2024-07-03T14:31:57.234+0000] {dag.py:3954} INFO - Setting next_dagrun for example_sensor_decorator to None, run_after=None
[2024-07-03T14:31:57.254+0000] {processor.py:183} INFO - Processing /home/airflow/.local/lib/python3.12/site-packages/airflow/example_dags/example_sensor_decorator.py took 0.074 seconds
[2024-07-03T14:32:27.800+0000] {processor.py:161} INFO - Started process (PID=553) to work on /home/airflow/.local/lib/python3.12/site-packages/airflow/example_dags/example_sensor_decorator.py
[2024-07-03T14:32:27.801+0000] {processor.py:830} INFO - Processing file /home/airflow/.local/lib/python3.12/site-packages/airflow/example_dags/example_sensor_decorator.py for tasks to queue
[2024-07-03T14:32:27.803+0000] {logging_mixin.py:188} INFO - [2024-07-03T14:32:27.803+0000] {dagbag.py:545} INFO - Filling up the DagBag from /home/airflow/.local/lib/python3.12/site-packages/airflow/example_dags/example_sensor_decorator.py
[2024-07-03T14:32:27.810+0000] {processor.py:840} INFO - DAG(s) 'example_sensor_decorator' retrieved from /home/airflow/.local/lib/python3.12/site-packages/airflow/example_dags/example_sensor_decorator.py
[2024-07-03T14:32:27.830+0000] {logging_mixin.py:188} INFO - [2024-07-03T14:32:27.830+0000] {dag.py:3096} INFO - Sync 1 DAGs
[2024-07-03T14:32:27.843+0000] {logging_mixin.py:188} INFO - [2024-07-03T14:32:27.842+0000] {dag.py:3954} INFO - Setting next_dagrun for example_sensor_decorator to None, run_after=None
[2024-07-03T14:32:27.866+0000] {processor.py:183} INFO - Processing /home/airflow/.local/lib/python3.12/site-packages/airflow/example_dags/example_sensor_decorator.py took 0.071 seconds
[2024-07-03T14:32:58.645+0000] {processor.py:161} INFO - Started process (PID=611) to work on /home/airflow/.local/lib/python3.12/site-packages/airflow/example_dags/example_sensor_decorator.py
[2024-07-03T14:32:58.647+0000] {processor.py:830} INFO - Processing file /home/airflow/.local/lib/python3.12/site-packages/airflow/example_dags/example_sensor_decorator.py for tasks to queue
[2024-07-03T14:32:58.648+0000] {logging_mixin.py:188} INFO - [2024-07-03T14:32:58.648+0000] {dagbag.py:545} INFO - Filling up the DagBag from /home/airflow/.local/lib/python3.12/site-packages/airflow/example_dags/example_sensor_decorator.py
[2024-07-03T14:32:58.655+0000] {processor.py:840} INFO - DAG(s) 'example_sensor_decorator' retrieved from /home/airflow/.local/lib/python3.12/site-packages/airflow/example_dags/example_sensor_decorator.py
[2024-07-03T14:32:58.677+0000] {logging_mixin.py:188} INFO - [2024-07-03T14:32:58.676+0000] {dag.py:3096} INFO - Sync 1 DAGs
[2024-07-03T14:32:58.689+0000] {logging_mixin.py:188} INFO - [2024-07-03T14:32:58.689+0000] {dag.py:3954} INFO - Setting next_dagrun for example_sensor_decorator to None, run_after=None
[2024-07-03T14:32:58.710+0000] {processor.py:183} INFO - Processing /home/airflow/.local/lib/python3.12/site-packages/airflow/example_dags/example_sensor_decorator.py took 0.070 seconds
[2024-07-03T14:33:48.236+0000] {processor.py:161} INFO - Started process (PID=670) to work on /home/airflow/.local/lib/python3.12/site-packages/airflow/example_dags/example_sensor_decorator.py
[2024-07-03T14:33:48.259+0000] {processor.py:830} INFO - Processing file /home/airflow/.local/lib/python3.12/site-packages/airflow/example_dags/example_sensor_decorator.py for tasks to queue
[2024-07-03T14:33:48.295+0000] {logging_mixin.py:188} INFO - [2024-07-03T14:33:48.288+0000] {dagbag.py:545} INFO - Filling up the DagBag from /home/airflow/.local/lib/python3.12/site-packages/airflow/example_dags/example_sensor_decorator.py
[2024-07-03T14:33:49.367+0000] {processor.py:840} INFO - DAG(s) 'example_sensor_decorator' retrieved from /home/airflow/.local/lib/python3.12/site-packages/airflow/example_dags/example_sensor_decorator.py
[2024-07-03T14:33:53.707+0000] {logging_mixin.py:188} INFO - [2024-07-03T14:33:53.706+0000] {dag.py:3096} INFO - Sync 1 DAGs
[2024-07-03T14:33:54.533+0000] {logging_mixin.py:188} INFO - [2024-07-03T14:33:54.532+0000] {dag.py:3954} INFO - Setting next_dagrun for example_sensor_decorator to None, run_after=None
[2024-07-03T14:33:56.067+0000] {processor.py:183} INFO - Processing /home/airflow/.local/lib/python3.12/site-packages/airflow/example_dags/example_sensor_decorator.py took 8.424 seconds
[2024-07-03T14:34:27.167+0000] {processor.py:161} INFO - Started process (PID=729) to work on /home/airflow/.local/lib/python3.12/site-packages/airflow/example_dags/example_sensor_decorator.py
[2024-07-03T14:34:27.169+0000] {processor.py:830} INFO - Processing file /home/airflow/.local/lib/python3.12/site-packages/airflow/example_dags/example_sensor_decorator.py for tasks to queue
[2024-07-03T14:34:27.171+0000] {logging_mixin.py:188} INFO - [2024-07-03T14:34:27.170+0000] {dagbag.py:545} INFO - Filling up the DagBag from /home/airflow/.local/lib/python3.12/site-packages/airflow/example_dags/example_sensor_decorator.py
[2024-07-03T14:34:27.178+0000] {processor.py:840} INFO - DAG(s) 'example_sensor_decorator' retrieved from /home/airflow/.local/lib/python3.12/site-packages/airflow/example_dags/example_sensor_decorator.py
[2024-07-03T14:34:27.203+0000] {logging_mixin.py:188} INFO - [2024-07-03T14:34:27.202+0000] {dag.py:3096} INFO - Sync 1 DAGs
[2024-07-03T14:34:27.217+0000] {logging_mixin.py:188} INFO - [2024-07-03T14:34:27.217+0000] {dag.py:3954} INFO - Setting next_dagrun for example_sensor_decorator to None, run_after=None
[2024-07-03T14:34:27.241+0000] {processor.py:183} INFO - Processing /home/airflow/.local/lib/python3.12/site-packages/airflow/example_dags/example_sensor_decorator.py took 0.080 seconds
[2024-07-03T14:34:57.430+0000] {processor.py:161} INFO - Started process (PID=788) to work on /home/airflow/.local/lib/python3.12/site-packages/airflow/example_dags/example_sensor_decorator.py
[2024-07-03T14:34:57.440+0000] {processor.py:830} INFO - Processing file /home/airflow/.local/lib/python3.12/site-packages/airflow/example_dags/example_sensor_decorator.py for tasks to queue
[2024-07-03T14:34:57.451+0000] {logging_mixin.py:188} INFO - [2024-07-03T14:34:57.451+0000] {dagbag.py:545} INFO - Filling up the DagBag from /home/airflow/.local/lib/python3.12/site-packages/airflow/example_dags/example_sensor_decorator.py
[2024-07-03T14:34:57.468+0000] {processor.py:840} INFO - DAG(s) 'example_sensor_decorator' retrieved from /home/airflow/.local/lib/python3.12/site-packages/airflow/example_dags/example_sensor_decorator.py
[2024-07-03T14:34:57.508+0000] {logging_mixin.py:188} INFO - [2024-07-03T14:34:57.508+0000] {dag.py:3096} INFO - Sync 1 DAGs
[2024-07-03T14:34:57.583+0000] {logging_mixin.py:188} INFO - [2024-07-03T14:34:57.582+0000] {dag.py:3954} INFO - Setting next_dagrun for example_sensor_decorator to None, run_after=None
[2024-07-03T14:34:57.725+0000] {processor.py:183} INFO - Processing /home/airflow/.local/lib/python3.12/site-packages/airflow/example_dags/example_sensor_decorator.py took 0.306 seconds
