[2024-07-03T14:27:59.864+0000] {processor.py:161} INFO - Started process (PID=50) to work on /home/airflow/.local/lib/python3.12/site-packages/airflow/example_dags/example_xcomargs.py
[2024-07-03T14:27:59.876+0000] {processor.py:830} INFO - Processing file /home/airflow/.local/lib/python3.12/site-packages/airflow/example_dags/example_xcomargs.py for tasks to queue
[2024-07-03T14:27:59.886+0000] {logging_mixin.py:188} INFO - [2024-07-03T14:27:59.885+0000] {dagbag.py:545} INFO - Filling up the DagBag from /home/airflow/.local/lib/python3.12/site-packages/airflow/example_dags/example_xcomargs.py
[2024-07-03T14:27:59.951+0000] {processor.py:840} INFO - DAG(s) 'example_xcom_args', 'example_xcom_args_with_operators' retrieved from /home/airflow/.local/lib/python3.12/site-packages/airflow/example_dags/example_xcomargs.py
[2024-07-03T14:28:00.927+0000] {logging_mixin.py:188} INFO - [2024-07-03T14:28:00.927+0000] {dag.py:3096} INFO - Sync 2 DAGs
[2024-07-03T14:28:01.011+0000] {logging_mixin.py:188} INFO - [2024-07-03T14:28:01.010+0000] {dag.py:3954} INFO - Setting next_dagrun for example_xcom_args to None, run_after=None
[2024-07-03T14:28:01.025+0000] {logging_mixin.py:188} INFO - [2024-07-03T14:28:01.024+0000] {dag.py:3954} INFO - Setting next_dagrun for example_xcom_args_with_operators to None, run_after=None
[2024-07-03T14:28:01.349+0000] {processor.py:183} INFO - Processing /home/airflow/.local/lib/python3.12/site-packages/airflow/example_dags/example_xcomargs.py took 1.499 seconds
[2024-07-03T14:28:32.519+0000] {processor.py:161} INFO - Started process (PID=108) to work on /home/airflow/.local/lib/python3.12/site-packages/airflow/example_dags/example_xcomargs.py
[2024-07-03T14:28:32.523+0000] {processor.py:830} INFO - Processing file /home/airflow/.local/lib/python3.12/site-packages/airflow/example_dags/example_xcomargs.py for tasks to queue
[2024-07-03T14:28:32.527+0000] {logging_mixin.py:188} INFO - [2024-07-03T14:28:32.527+0000] {dagbag.py:545} INFO - Filling up the DagBag from /home/airflow/.local/lib/python3.12/site-packages/airflow/example_dags/example_xcomargs.py
[2024-07-03T14:28:32.541+0000] {processor.py:840} INFO - DAG(s) 'example_xcom_args', 'example_xcom_args_with_operators' retrieved from /home/airflow/.local/lib/python3.12/site-packages/airflow/example_dags/example_xcomargs.py
[2024-07-03T14:28:32.586+0000] {logging_mixin.py:188} INFO - [2024-07-03T14:28:32.585+0000] {dag.py:3096} INFO - Sync 2 DAGs
[2024-07-03T14:28:32.616+0000] {logging_mixin.py:188} INFO - [2024-07-03T14:28:32.616+0000] {dag.py:3954} INFO - Setting next_dagrun for example_xcom_args to None, run_after=None
[2024-07-03T14:28:32.636+0000] {logging_mixin.py:188} INFO - [2024-07-03T14:28:32.635+0000] {dag.py:3954} INFO - Setting next_dagrun for example_xcom_args_with_operators to None, run_after=None
[2024-07-03T14:28:32.681+0000] {processor.py:183} INFO - Processing /home/airflow/.local/lib/python3.12/site-packages/airflow/example_dags/example_xcomargs.py took 0.170 seconds
[2024-07-03T14:29:02.783+0000] {processor.py:161} INFO - Started process (PID=166) to work on /home/airflow/.local/lib/python3.12/site-packages/airflow/example_dags/example_xcomargs.py
[2024-07-03T14:29:02.786+0000] {processor.py:830} INFO - Processing file /home/airflow/.local/lib/python3.12/site-packages/airflow/example_dags/example_xcomargs.py for tasks to queue
[2024-07-03T14:29:02.795+0000] {logging_mixin.py:188} INFO - [2024-07-03T14:29:02.794+0000] {dagbag.py:545} INFO - Filling up the DagBag from /home/airflow/.local/lib/python3.12/site-packages/airflow/example_dags/example_xcomargs.py
[2024-07-03T14:29:02.803+0000] {processor.py:840} INFO - DAG(s) 'example_xcom_args', 'example_xcom_args_with_operators' retrieved from /home/airflow/.local/lib/python3.12/site-packages/airflow/example_dags/example_xcomargs.py
[2024-07-03T14:29:02.854+0000] {logging_mixin.py:188} INFO - [2024-07-03T14:29:02.854+0000] {dag.py:3096} INFO - Sync 2 DAGs
[2024-07-03T14:29:02.893+0000] {logging_mixin.py:188} INFO - [2024-07-03T14:29:02.892+0000] {dag.py:3954} INFO - Setting next_dagrun for example_xcom_args to None, run_after=None
[2024-07-03T14:29:02.900+0000] {logging_mixin.py:188} INFO - [2024-07-03T14:29:02.900+0000] {dag.py:3954} INFO - Setting next_dagrun for example_xcom_args_with_operators to None, run_after=None
[2024-07-03T14:29:02.915+0000] {processor.py:183} INFO - Processing /home/airflow/.local/lib/python3.12/site-packages/airflow/example_dags/example_xcomargs.py took 0.138 seconds
[2024-07-03T14:29:33.056+0000] {processor.py:161} INFO - Started process (PID=224) to work on /home/airflow/.local/lib/python3.12/site-packages/airflow/example_dags/example_xcomargs.py
[2024-07-03T14:29:33.056+0000] {processor.py:830} INFO - Processing file /home/airflow/.local/lib/python3.12/site-packages/airflow/example_dags/example_xcomargs.py for tasks to queue
[2024-07-03T14:29:33.058+0000] {logging_mixin.py:188} INFO - [2024-07-03T14:29:33.058+0000] {dagbag.py:545} INFO - Filling up the DagBag from /home/airflow/.local/lib/python3.12/site-packages/airflow/example_dags/example_xcomargs.py
[2024-07-03T14:29:33.066+0000] {processor.py:840} INFO - DAG(s) 'example_xcom_args_with_operators', 'example_xcom_args' retrieved from /home/airflow/.local/lib/python3.12/site-packages/airflow/example_dags/example_xcomargs.py
[2024-07-03T14:29:33.095+0000] {logging_mixin.py:188} INFO - [2024-07-03T14:29:33.095+0000] {dag.py:3096} INFO - Sync 2 DAGs
[2024-07-03T14:29:33.114+0000] {logging_mixin.py:188} INFO - [2024-07-03T14:29:33.113+0000] {dag.py:3954} INFO - Setting next_dagrun for example_xcom_args to None, run_after=None
[2024-07-03T14:29:33.118+0000] {logging_mixin.py:188} INFO - [2024-07-03T14:29:33.118+0000] {dag.py:3954} INFO - Setting next_dagrun for example_xcom_args_with_operators to None, run_after=None
[2024-07-03T14:29:33.135+0000] {processor.py:183} INFO - Processing /home/airflow/.local/lib/python3.12/site-packages/airflow/example_dags/example_xcomargs.py took 0.084 seconds
[2024-07-03T14:30:04.226+0000] {processor.py:161} INFO - Started process (PID=282) to work on /home/airflow/.local/lib/python3.12/site-packages/airflow/example_dags/example_xcomargs.py
[2024-07-03T14:30:04.227+0000] {processor.py:830} INFO - Processing file /home/airflow/.local/lib/python3.12/site-packages/airflow/example_dags/example_xcomargs.py for tasks to queue
[2024-07-03T14:30:04.230+0000] {logging_mixin.py:188} INFO - [2024-07-03T14:30:04.229+0000] {dagbag.py:545} INFO - Filling up the DagBag from /home/airflow/.local/lib/python3.12/site-packages/airflow/example_dags/example_xcomargs.py
[2024-07-03T14:30:04.238+0000] {processor.py:840} INFO - DAG(s) 'example_xcom_args', 'example_xcom_args_with_operators' retrieved from /home/airflow/.local/lib/python3.12/site-packages/airflow/example_dags/example_xcomargs.py
[2024-07-03T14:30:04.270+0000] {logging_mixin.py:188} INFO - [2024-07-03T14:30:04.270+0000] {dag.py:3096} INFO - Sync 2 DAGs
[2024-07-03T14:30:04.285+0000] {logging_mixin.py:188} INFO - [2024-07-03T14:30:04.285+0000] {dag.py:3954} INFO - Setting next_dagrun for example_xcom_args to None, run_after=None
[2024-07-03T14:30:04.290+0000] {logging_mixin.py:188} INFO - [2024-07-03T14:30:04.290+0000] {dag.py:3954} INFO - Setting next_dagrun for example_xcom_args_with_operators to None, run_after=None
[2024-07-03T14:30:04.312+0000] {processor.py:183} INFO - Processing /home/airflow/.local/lib/python3.12/site-packages/airflow/example_dags/example_xcomargs.py took 0.091 seconds
[2024-07-03T14:30:35.606+0000] {processor.py:161} INFO - Started process (PID=340) to work on /home/airflow/.local/lib/python3.12/site-packages/airflow/example_dags/example_xcomargs.py
[2024-07-03T14:30:35.607+0000] {processor.py:830} INFO - Processing file /home/airflow/.local/lib/python3.12/site-packages/airflow/example_dags/example_xcomargs.py for tasks to queue
[2024-07-03T14:30:35.610+0000] {logging_mixin.py:188} INFO - [2024-07-03T14:30:35.609+0000] {dagbag.py:545} INFO - Filling up the DagBag from /home/airflow/.local/lib/python3.12/site-packages/airflow/example_dags/example_xcomargs.py
[2024-07-03T14:30:35.624+0000] {processor.py:840} INFO - DAG(s) 'example_xcom_args_with_operators', 'example_xcom_args' retrieved from /home/airflow/.local/lib/python3.12/site-packages/airflow/example_dags/example_xcomargs.py
[2024-07-03T14:30:35.667+0000] {logging_mixin.py:188} INFO - [2024-07-03T14:30:35.667+0000] {dag.py:3096} INFO - Sync 2 DAGs
[2024-07-03T14:30:35.699+0000] {logging_mixin.py:188} INFO - [2024-07-03T14:30:35.698+0000] {dag.py:3954} INFO - Setting next_dagrun for example_xcom_args to None, run_after=None
[2024-07-03T14:30:35.714+0000] {logging_mixin.py:188} INFO - [2024-07-03T14:30:35.714+0000] {dag.py:3954} INFO - Setting next_dagrun for example_xcom_args_with_operators to None, run_after=None
[2024-07-03T14:30:35.774+0000] {processor.py:183} INFO - Processing /home/airflow/.local/lib/python3.12/site-packages/airflow/example_dags/example_xcomargs.py took 0.178 seconds
[2024-07-03T14:31:06.018+0000] {processor.py:161} INFO - Started process (PID=398) to work on /home/airflow/.local/lib/python3.12/site-packages/airflow/example_dags/example_xcomargs.py
[2024-07-03T14:31:06.019+0000] {processor.py:830} INFO - Processing file /home/airflow/.local/lib/python3.12/site-packages/airflow/example_dags/example_xcomargs.py for tasks to queue
[2024-07-03T14:31:06.021+0000] {logging_mixin.py:188} INFO - [2024-07-03T14:31:06.020+0000] {dagbag.py:545} INFO - Filling up the DagBag from /home/airflow/.local/lib/python3.12/site-packages/airflow/example_dags/example_xcomargs.py
[2024-07-03T14:31:06.029+0000] {processor.py:840} INFO - DAG(s) 'example_xcom_args_with_operators', 'example_xcom_args' retrieved from /home/airflow/.local/lib/python3.12/site-packages/airflow/example_dags/example_xcomargs.py
[2024-07-03T14:31:06.056+0000] {logging_mixin.py:188} INFO - [2024-07-03T14:31:06.055+0000] {dag.py:3096} INFO - Sync 2 DAGs
[2024-07-03T14:31:06.069+0000] {logging_mixin.py:188} INFO - [2024-07-03T14:31:06.068+0000] {dag.py:3954} INFO - Setting next_dagrun for example_xcom_args to None, run_after=None
[2024-07-03T14:31:06.072+0000] {logging_mixin.py:188} INFO - [2024-07-03T14:31:06.072+0000] {dag.py:3954} INFO - Setting next_dagrun for example_xcom_args_with_operators to None, run_after=None
[2024-07-03T14:31:06.087+0000] {processor.py:183} INFO - Processing /home/airflow/.local/lib/python3.12/site-packages/airflow/example_dags/example_xcomargs.py took 0.075 seconds
[2024-07-03T14:31:36.443+0000] {processor.py:161} INFO - Started process (PID=457) to work on /home/airflow/.local/lib/python3.12/site-packages/airflow/example_dags/example_xcomargs.py
[2024-07-03T14:31:36.444+0000] {processor.py:830} INFO - Processing file /home/airflow/.local/lib/python3.12/site-packages/airflow/example_dags/example_xcomargs.py for tasks to queue
[2024-07-03T14:31:36.446+0000] {logging_mixin.py:188} INFO - [2024-07-03T14:31:36.445+0000] {dagbag.py:545} INFO - Filling up the DagBag from /home/airflow/.local/lib/python3.12/site-packages/airflow/example_dags/example_xcomargs.py
[2024-07-03T14:31:36.454+0000] {processor.py:840} INFO - DAG(s) 'example_xcom_args', 'example_xcom_args_with_operators' retrieved from /home/airflow/.local/lib/python3.12/site-packages/airflow/example_dags/example_xcomargs.py
[2024-07-03T14:31:36.477+0000] {logging_mixin.py:188} INFO - [2024-07-03T14:31:36.477+0000] {dag.py:3096} INFO - Sync 2 DAGs
[2024-07-03T14:31:36.493+0000] {logging_mixin.py:188} INFO - [2024-07-03T14:31:36.493+0000] {dag.py:3954} INFO - Setting next_dagrun for example_xcom_args to None, run_after=None
[2024-07-03T14:31:36.497+0000] {logging_mixin.py:188} INFO - [2024-07-03T14:31:36.497+0000] {dag.py:3954} INFO - Setting next_dagrun for example_xcom_args_with_operators to None, run_after=None
[2024-07-03T14:31:36.516+0000] {processor.py:183} INFO - Processing /home/airflow/.local/lib/python3.12/site-packages/airflow/example_dags/example_xcomargs.py took 0.081 seconds
[2024-07-03T14:32:08.001+0000] {processor.py:161} INFO - Started process (PID=515) to work on /home/airflow/.local/lib/python3.12/site-packages/airflow/example_dags/example_xcomargs.py
[2024-07-03T14:32:08.008+0000] {processor.py:830} INFO - Processing file /home/airflow/.local/lib/python3.12/site-packages/airflow/example_dags/example_xcomargs.py for tasks to queue
[2024-07-03T14:32:08.023+0000] {logging_mixin.py:188} INFO - [2024-07-03T14:32:08.023+0000] {dagbag.py:545} INFO - Filling up the DagBag from /home/airflow/.local/lib/python3.12/site-packages/airflow/example_dags/example_xcomargs.py
[2024-07-03T14:32:08.073+0000] {processor.py:840} INFO - DAG(s) 'example_xcom_args', 'example_xcom_args_with_operators' retrieved from /home/airflow/.local/lib/python3.12/site-packages/airflow/example_dags/example_xcomargs.py
[2024-07-03T14:32:08.148+0000] {logging_mixin.py:188} INFO - [2024-07-03T14:32:08.148+0000] {dag.py:3096} INFO - Sync 2 DAGs
[2024-07-03T14:32:08.184+0000] {logging_mixin.py:188} INFO - [2024-07-03T14:32:08.184+0000] {dag.py:3954} INFO - Setting next_dagrun for example_xcom_args to None, run_after=None
[2024-07-03T14:32:08.209+0000] {logging_mixin.py:188} INFO - [2024-07-03T14:32:08.208+0000] {dag.py:3954} INFO - Setting next_dagrun for example_xcom_args_with_operators to None, run_after=None
[2024-07-03T14:32:08.251+0000] {processor.py:183} INFO - Processing /home/airflow/.local/lib/python3.12/site-packages/airflow/example_dags/example_xcomargs.py took 0.255 seconds
[2024-07-03T14:32:38.548+0000] {processor.py:161} INFO - Started process (PID=573) to work on /home/airflow/.local/lib/python3.12/site-packages/airflow/example_dags/example_xcomargs.py
[2024-07-03T14:32:38.549+0000] {processor.py:830} INFO - Processing file /home/airflow/.local/lib/python3.12/site-packages/airflow/example_dags/example_xcomargs.py for tasks to queue
[2024-07-03T14:32:38.551+0000] {logging_mixin.py:188} INFO - [2024-07-03T14:32:38.550+0000] {dagbag.py:545} INFO - Filling up the DagBag from /home/airflow/.local/lib/python3.12/site-packages/airflow/example_dags/example_xcomargs.py
[2024-07-03T14:32:38.558+0000] {processor.py:840} INFO - DAG(s) 'example_xcom_args_with_operators', 'example_xcom_args' retrieved from /home/airflow/.local/lib/python3.12/site-packages/airflow/example_dags/example_xcomargs.py
[2024-07-03T14:32:38.579+0000] {logging_mixin.py:188} INFO - [2024-07-03T14:32:38.579+0000] {dag.py:3096} INFO - Sync 2 DAGs
[2024-07-03T14:32:38.591+0000] {logging_mixin.py:188} INFO - [2024-07-03T14:32:38.591+0000] {dag.py:3954} INFO - Setting next_dagrun for example_xcom_args to None, run_after=None
[2024-07-03T14:32:38.596+0000] {logging_mixin.py:188} INFO - [2024-07-03T14:32:38.596+0000] {dag.py:3954} INFO - Setting next_dagrun for example_xcom_args_with_operators to None, run_after=None
[2024-07-03T14:32:38.615+0000] {processor.py:183} INFO - Processing /home/airflow/.local/lib/python3.12/site-packages/airflow/example_dags/example_xcomargs.py took 0.072 seconds
[2024-07-03T14:33:09.119+0000] {processor.py:161} INFO - Started process (PID=629) to work on /home/airflow/.local/lib/python3.12/site-packages/airflow/example_dags/example_xcomargs.py
[2024-07-03T14:33:09.121+0000] {processor.py:830} INFO - Processing file /home/airflow/.local/lib/python3.12/site-packages/airflow/example_dags/example_xcomargs.py for tasks to queue
[2024-07-03T14:33:09.122+0000] {logging_mixin.py:188} INFO - [2024-07-03T14:33:09.122+0000] {dagbag.py:545} INFO - Filling up the DagBag from /home/airflow/.local/lib/python3.12/site-packages/airflow/example_dags/example_xcomargs.py
[2024-07-03T14:33:09.131+0000] {processor.py:840} INFO - DAG(s) 'example_xcom_args_with_operators', 'example_xcom_args' retrieved from /home/airflow/.local/lib/python3.12/site-packages/airflow/example_dags/example_xcomargs.py
[2024-07-03T14:33:09.159+0000] {logging_mixin.py:188} INFO - [2024-07-03T14:33:09.159+0000] {dag.py:3096} INFO - Sync 2 DAGs
[2024-07-03T14:33:09.174+0000] {logging_mixin.py:188} INFO - [2024-07-03T14:33:09.173+0000] {dag.py:3954} INFO - Setting next_dagrun for example_xcom_args to None, run_after=None
[2024-07-03T14:33:09.179+0000] {logging_mixin.py:188} INFO - [2024-07-03T14:33:09.179+0000] {dag.py:3954} INFO - Setting next_dagrun for example_xcom_args_with_operators to None, run_after=None
[2024-07-03T14:33:09.225+0000] {processor.py:183} INFO - Processing /home/airflow/.local/lib/python3.12/site-packages/airflow/example_dags/example_xcomargs.py took 0.112 seconds
[2024-07-03T14:34:07.803+0000] {processor.py:161} INFO - Started process (PID=694) to work on /home/airflow/.local/lib/python3.12/site-packages/airflow/example_dags/example_xcomargs.py
[2024-07-03T14:34:07.821+0000] {processor.py:830} INFO - Processing file /home/airflow/.local/lib/python3.12/site-packages/airflow/example_dags/example_xcomargs.py for tasks to queue
[2024-07-03T14:34:07.823+0000] {logging_mixin.py:188} INFO - [2024-07-03T14:34:07.822+0000] {dagbag.py:545} INFO - Filling up the DagBag from /home/airflow/.local/lib/python3.12/site-packages/airflow/example_dags/example_xcomargs.py
[2024-07-03T14:34:07.915+0000] {processor.py:840} INFO - DAG(s) 'example_xcom_args_with_operators', 'example_xcom_args' retrieved from /home/airflow/.local/lib/python3.12/site-packages/airflow/example_dags/example_xcomargs.py
[2024-07-03T14:34:08.124+0000] {logging_mixin.py:188} INFO - [2024-07-03T14:34:08.123+0000] {dag.py:3096} INFO - Sync 2 DAGs
[2024-07-03T14:34:08.243+0000] {logging_mixin.py:188} INFO - [2024-07-03T14:34:08.243+0000] {dag.py:3954} INFO - Setting next_dagrun for example_xcom_args to None, run_after=None
[2024-07-03T14:34:08.274+0000] {logging_mixin.py:188} INFO - [2024-07-03T14:34:08.273+0000] {dag.py:3954} INFO - Setting next_dagrun for example_xcom_args_with_operators to None, run_after=None
[2024-07-03T14:34:08.416+0000] {processor.py:183} INFO - Processing /home/airflow/.local/lib/python3.12/site-packages/airflow/example_dags/example_xcomargs.py took 0.631 seconds
[2024-07-03T14:34:38.507+0000] {processor.py:161} INFO - Started process (PID=753) to work on /home/airflow/.local/lib/python3.12/site-packages/airflow/example_dags/example_xcomargs.py
[2024-07-03T14:34:38.509+0000] {processor.py:830} INFO - Processing file /home/airflow/.local/lib/python3.12/site-packages/airflow/example_dags/example_xcomargs.py for tasks to queue
[2024-07-03T14:34:38.511+0000] {logging_mixin.py:188} INFO - [2024-07-03T14:34:38.510+0000] {dagbag.py:545} INFO - Filling up the DagBag from /home/airflow/.local/lib/python3.12/site-packages/airflow/example_dags/example_xcomargs.py
[2024-07-03T14:34:38.527+0000] {processor.py:840} INFO - DAG(s) 'example_xcom_args', 'example_xcom_args_with_operators' retrieved from /home/airflow/.local/lib/python3.12/site-packages/airflow/example_dags/example_xcomargs.py
[2024-07-03T14:34:38.575+0000] {logging_mixin.py:188} INFO - [2024-07-03T14:34:38.574+0000] {dag.py:3096} INFO - Sync 2 DAGs
[2024-07-03T14:34:38.597+0000] {logging_mixin.py:188} INFO - [2024-07-03T14:34:38.597+0000] {dag.py:3954} INFO - Setting next_dagrun for example_xcom_args to None, run_after=None
[2024-07-03T14:34:38.604+0000] {logging_mixin.py:188} INFO - [2024-07-03T14:34:38.604+0000] {dag.py:3954} INFO - Setting next_dagrun for example_xcom_args_with_operators to None, run_after=None
[2024-07-03T14:34:38.631+0000] {processor.py:183} INFO - Processing /home/airflow/.local/lib/python3.12/site-packages/airflow/example_dags/example_xcomargs.py took 0.129 seconds
[2024-07-03T14:35:09.399+0000] {processor.py:161} INFO - Started process (PID=811) to work on /home/airflow/.local/lib/python3.12/site-packages/airflow/example_dags/example_xcomargs.py
[2024-07-03T14:35:09.401+0000] {processor.py:830} INFO - Processing file /home/airflow/.local/lib/python3.12/site-packages/airflow/example_dags/example_xcomargs.py for tasks to queue
[2024-07-03T14:35:09.402+0000] {logging_mixin.py:188} INFO - [2024-07-03T14:35:09.402+0000] {dagbag.py:545} INFO - Filling up the DagBag from /home/airflow/.local/lib/python3.12/site-packages/airflow/example_dags/example_xcomargs.py
[2024-07-03T14:35:09.417+0000] {processor.py:840} INFO - DAG(s) 'example_xcom_args_with_operators', 'example_xcom_args' retrieved from /home/airflow/.local/lib/python3.12/site-packages/airflow/example_dags/example_xcomargs.py
[2024-07-03T14:35:09.446+0000] {logging_mixin.py:188} INFO - [2024-07-03T14:35:09.446+0000] {dag.py:3096} INFO - Sync 2 DAGs
[2024-07-03T14:35:09.464+0000] {logging_mixin.py:188} INFO - [2024-07-03T14:35:09.464+0000] {dag.py:3954} INFO - Setting next_dagrun for example_xcom_args to None, run_after=None
[2024-07-03T14:35:09.469+0000] {logging_mixin.py:188} INFO - [2024-07-03T14:35:09.469+0000] {dag.py:3954} INFO - Setting next_dagrun for example_xcom_args_with_operators to None, run_after=None
[2024-07-03T14:35:09.487+0000] {processor.py:183} INFO - Processing /home/airflow/.local/lib/python3.12/site-packages/airflow/example_dags/example_xcomargs.py took 0.096 seconds
