[2024-07-03T14:27:52.703+0000] {processor.py:161} INFO - Started process (PID=35) to work on /home/airflow/.local/lib/python3.12/site-packages/airflow/example_dags/example_branch_python_dop_operator_3.py
[2024-07-03T14:27:52.714+0000] {processor.py:830} INFO - Processing file /home/airflow/.local/lib/python3.12/site-packages/airflow/example_dags/example_branch_python_dop_operator_3.py for tasks to queue
[2024-07-03T14:27:52.717+0000] {logging_mixin.py:188} INFO - [2024-07-03T14:27:52.717+0000] {dagbag.py:545} INFO - Filling up the DagBag from /home/airflow/.local/lib/python3.12/site-packages/airflow/example_dags/example_branch_python_dop_operator_3.py
[2024-07-03T14:27:52.743+0000] {processor.py:840} INFO - DAG(s) 'example_branch_dop_operator_v3' retrieved from /home/airflow/.local/lib/python3.12/site-packages/airflow/example_dags/example_branch_python_dop_operator_3.py
[2024-07-03T14:27:52.856+0000] {logging_mixin.py:188} INFO - [2024-07-03T14:27:52.855+0000] {dag.py:3096} INFO - Sync 1 DAGs
[2024-07-03T14:27:52.880+0000] {logging_mixin.py:188} INFO - [2024-07-03T14:27:52.880+0000] {dag.py:3954} INFO - Setting next_dagrun for example_branch_dop_operator_v3 to 2024-07-03 14:26:00+00:00, run_after=2024-07-03 14:27:00+00:00
[2024-07-03T14:27:52.913+0000] {processor.py:183} INFO - Processing /home/airflow/.local/lib/python3.12/site-packages/airflow/example_dags/example_branch_python_dop_operator_3.py took 0.216 seconds
[2024-07-03T14:28:23.258+0000] {processor.py:161} INFO - Started process (PID=93) to work on /home/airflow/.local/lib/python3.12/site-packages/airflow/example_dags/example_branch_python_dop_operator_3.py
[2024-07-03T14:28:23.260+0000] {processor.py:830} INFO - Processing file /home/airflow/.local/lib/python3.12/site-packages/airflow/example_dags/example_branch_python_dop_operator_3.py for tasks to queue
[2024-07-03T14:28:23.262+0000] {logging_mixin.py:188} INFO - [2024-07-03T14:28:23.262+0000] {dagbag.py:545} INFO - Filling up the DagBag from /home/airflow/.local/lib/python3.12/site-packages/airflow/example_dags/example_branch_python_dop_operator_3.py
[2024-07-03T14:28:23.271+0000] {processor.py:840} INFO - DAG(s) 'example_branch_dop_operator_v3' retrieved from /home/airflow/.local/lib/python3.12/site-packages/airflow/example_dags/example_branch_python_dop_operator_3.py
[2024-07-03T14:28:23.290+0000] {logging_mixin.py:188} INFO - [2024-07-03T14:28:23.289+0000] {dag.py:3096} INFO - Sync 1 DAGs
[2024-07-03T14:28:23.317+0000] {logging_mixin.py:188} INFO - [2024-07-03T14:28:23.317+0000] {dag.py:3954} INFO - Setting next_dagrun for example_branch_dop_operator_v3 to 2024-07-03 14:27:00+00:00, run_after=2024-07-03 14:28:00+00:00
[2024-07-03T14:28:23.335+0000] {processor.py:183} INFO - Processing /home/airflow/.local/lib/python3.12/site-packages/airflow/example_dags/example_branch_python_dop_operator_3.py took 0.082 seconds
[2024-07-03T14:28:53.507+0000] {processor.py:161} INFO - Started process (PID=151) to work on /home/airflow/.local/lib/python3.12/site-packages/airflow/example_dags/example_branch_python_dop_operator_3.py
[2024-07-03T14:28:53.509+0000] {processor.py:830} INFO - Processing file /home/airflow/.local/lib/python3.12/site-packages/airflow/example_dags/example_branch_python_dop_operator_3.py for tasks to queue
[2024-07-03T14:28:53.511+0000] {logging_mixin.py:188} INFO - [2024-07-03T14:28:53.511+0000] {dagbag.py:545} INFO - Filling up the DagBag from /home/airflow/.local/lib/python3.12/site-packages/airflow/example_dags/example_branch_python_dop_operator_3.py
[2024-07-03T14:28:53.520+0000] {processor.py:840} INFO - DAG(s) 'example_branch_dop_operator_v3' retrieved from /home/airflow/.local/lib/python3.12/site-packages/airflow/example_dags/example_branch_python_dop_operator_3.py
[2024-07-03T14:28:53.543+0000] {logging_mixin.py:188} INFO - [2024-07-03T14:28:53.543+0000] {dag.py:3096} INFO - Sync 1 DAGs
[2024-07-03T14:28:53.574+0000] {logging_mixin.py:188} INFO - [2024-07-03T14:28:53.573+0000] {dag.py:3954} INFO - Setting next_dagrun for example_branch_dop_operator_v3 to 2024-07-03 14:27:00+00:00, run_after=2024-07-03 14:28:00+00:00
[2024-07-03T14:28:53.602+0000] {processor.py:183} INFO - Processing /home/airflow/.local/lib/python3.12/site-packages/airflow/example_dags/example_branch_python_dop_operator_3.py took 0.103 seconds
[2024-07-03T14:29:23.729+0000] {processor.py:161} INFO - Started process (PID=209) to work on /home/airflow/.local/lib/python3.12/site-packages/airflow/example_dags/example_branch_python_dop_operator_3.py
[2024-07-03T14:29:23.731+0000] {processor.py:830} INFO - Processing file /home/airflow/.local/lib/python3.12/site-packages/airflow/example_dags/example_branch_python_dop_operator_3.py for tasks to queue
[2024-07-03T14:29:23.734+0000] {logging_mixin.py:188} INFO - [2024-07-03T14:29:23.733+0000] {dagbag.py:545} INFO - Filling up the DagBag from /home/airflow/.local/lib/python3.12/site-packages/airflow/example_dags/example_branch_python_dop_operator_3.py
[2024-07-03T14:29:23.748+0000] {processor.py:840} INFO - DAG(s) 'example_branch_dop_operator_v3' retrieved from /home/airflow/.local/lib/python3.12/site-packages/airflow/example_dags/example_branch_python_dop_operator_3.py
[2024-07-03T14:29:23.774+0000] {logging_mixin.py:188} INFO - [2024-07-03T14:29:23.774+0000] {dag.py:3096} INFO - Sync 1 DAGs
[2024-07-03T14:29:23.799+0000] {logging_mixin.py:188} INFO - [2024-07-03T14:29:23.799+0000] {dag.py:3954} INFO - Setting next_dagrun for example_branch_dop_operator_v3 to 2024-07-03 14:28:00+00:00, run_after=2024-07-03 14:29:00+00:00
[2024-07-03T14:29:23.823+0000] {processor.py:183} INFO - Processing /home/airflow/.local/lib/python3.12/site-packages/airflow/example_dags/example_branch_python_dop_operator_3.py took 0.099 seconds
[2024-07-03T14:29:54.155+0000] {processor.py:161} INFO - Started process (PID=267) to work on /home/airflow/.local/lib/python3.12/site-packages/airflow/example_dags/example_branch_python_dop_operator_3.py
[2024-07-03T14:29:54.157+0000] {processor.py:830} INFO - Processing file /home/airflow/.local/lib/python3.12/site-packages/airflow/example_dags/example_branch_python_dop_operator_3.py for tasks to queue
[2024-07-03T14:29:54.159+0000] {logging_mixin.py:188} INFO - [2024-07-03T14:29:54.159+0000] {dagbag.py:545} INFO - Filling up the DagBag from /home/airflow/.local/lib/python3.12/site-packages/airflow/example_dags/example_branch_python_dop_operator_3.py
[2024-07-03T14:29:54.166+0000] {processor.py:840} INFO - DAG(s) 'example_branch_dop_operator_v3' retrieved from /home/airflow/.local/lib/python3.12/site-packages/airflow/example_dags/example_branch_python_dop_operator_3.py
[2024-07-03T14:29:54.184+0000] {logging_mixin.py:188} INFO - [2024-07-03T14:29:54.184+0000] {dag.py:3096} INFO - Sync 1 DAGs
[2024-07-03T14:29:54.204+0000] {logging_mixin.py:188} INFO - [2024-07-03T14:29:54.204+0000] {dag.py:3954} INFO - Setting next_dagrun for example_branch_dop_operator_v3 to 2024-07-03 14:28:00+00:00, run_after=2024-07-03 14:29:00+00:00
[2024-07-03T14:29:54.224+0000] {processor.py:183} INFO - Processing /home/airflow/.local/lib/python3.12/site-packages/airflow/example_dags/example_branch_python_dop_operator_3.py took 0.073 seconds
[2024-07-03T14:30:30.388+0000] {processor.py:161} INFO - Started process (PID=325) to work on /home/airflow/.local/lib/python3.12/site-packages/airflow/example_dags/example_branch_python_dop_operator_3.py
[2024-07-03T14:30:30.403+0000] {processor.py:830} INFO - Processing file /home/airflow/.local/lib/python3.12/site-packages/airflow/example_dags/example_branch_python_dop_operator_3.py for tasks to queue
[2024-07-03T14:30:30.407+0000] {logging_mixin.py:188} INFO - [2024-07-03T14:30:30.406+0000] {dagbag.py:545} INFO - Filling up the DagBag from /home/airflow/.local/lib/python3.12/site-packages/airflow/example_dags/example_branch_python_dop_operator_3.py
[2024-07-03T14:30:30.472+0000] {processor.py:840} INFO - DAG(s) 'example_branch_dop_operator_v3' retrieved from /home/airflow/.local/lib/python3.12/site-packages/airflow/example_dags/example_branch_python_dop_operator_3.py
[2024-07-03T14:30:30.621+0000] {logging_mixin.py:188} INFO - [2024-07-03T14:30:30.621+0000] {dag.py:3096} INFO - Sync 1 DAGs
[2024-07-03T14:30:30.727+0000] {logging_mixin.py:188} INFO - [2024-07-03T14:30:30.727+0000] {dag.py:3954} INFO - Setting next_dagrun for example_branch_dop_operator_v3 to 2024-07-03 14:29:00+00:00, run_after=2024-07-03 14:30:00+00:00
[2024-07-03T14:30:30.822+0000] {processor.py:183} INFO - Processing /home/airflow/.local/lib/python3.12/site-packages/airflow/example_dags/example_branch_python_dop_operator_3.py took 0.443 seconds
[2024-07-03T14:31:01.054+0000] {processor.py:161} INFO - Started process (PID=381) to work on /home/airflow/.local/lib/python3.12/site-packages/airflow/example_dags/example_branch_python_dop_operator_3.py
[2024-07-03T14:31:01.060+0000] {processor.py:830} INFO - Processing file /home/airflow/.local/lib/python3.12/site-packages/airflow/example_dags/example_branch_python_dop_operator_3.py for tasks to queue
[2024-07-03T14:31:01.062+0000] {logging_mixin.py:188} INFO - [2024-07-03T14:31:01.061+0000] {dagbag.py:545} INFO - Filling up the DagBag from /home/airflow/.local/lib/python3.12/site-packages/airflow/example_dags/example_branch_python_dop_operator_3.py
[2024-07-03T14:31:01.072+0000] {processor.py:840} INFO - DAG(s) 'example_branch_dop_operator_v3' retrieved from /home/airflow/.local/lib/python3.12/site-packages/airflow/example_dags/example_branch_python_dop_operator_3.py
[2024-07-03T14:31:01.095+0000] {logging_mixin.py:188} INFO - [2024-07-03T14:31:01.094+0000] {dag.py:3096} INFO - Sync 1 DAGs
[2024-07-03T14:31:01.120+0000] {logging_mixin.py:188} INFO - [2024-07-03T14:31:01.120+0000] {dag.py:3954} INFO - Setting next_dagrun for example_branch_dop_operator_v3 to 2024-07-03 14:30:00+00:00, run_after=2024-07-03 14:31:00+00:00
[2024-07-03T14:31:01.138+0000] {processor.py:183} INFO - Processing /home/airflow/.local/lib/python3.12/site-packages/airflow/example_dags/example_branch_python_dop_operator_3.py took 0.092 seconds
[2024-07-03T14:31:32.483+0000] {processor.py:161} INFO - Started process (PID=440) to work on /home/airflow/.local/lib/python3.12/site-packages/airflow/example_dags/example_branch_python_dop_operator_3.py
[2024-07-03T14:31:32.489+0000] {processor.py:830} INFO - Processing file /home/airflow/.local/lib/python3.12/site-packages/airflow/example_dags/example_branch_python_dop_operator_3.py for tasks to queue
[2024-07-03T14:31:32.500+0000] {logging_mixin.py:188} INFO - [2024-07-03T14:31:32.499+0000] {dagbag.py:545} INFO - Filling up the DagBag from /home/airflow/.local/lib/python3.12/site-packages/airflow/example_dags/example_branch_python_dop_operator_3.py
[2024-07-03T14:31:32.527+0000] {processor.py:840} INFO - DAG(s) 'example_branch_dop_operator_v3' retrieved from /home/airflow/.local/lib/python3.12/site-packages/airflow/example_dags/example_branch_python_dop_operator_3.py
[2024-07-03T14:31:32.602+0000] {logging_mixin.py:188} INFO - [2024-07-03T14:31:32.602+0000] {dag.py:3096} INFO - Sync 1 DAGs
[2024-07-03T14:31:32.872+0000] {logging_mixin.py:188} INFO - [2024-07-03T14:31:32.872+0000] {dag.py:3954} INFO - Setting next_dagrun for example_branch_dop_operator_v3 to 2024-07-03 14:30:00+00:00, run_after=2024-07-03 14:31:00+00:00
[2024-07-03T14:31:33.023+0000] {processor.py:183} INFO - Processing /home/airflow/.local/lib/python3.12/site-packages/airflow/example_dags/example_branch_python_dop_operator_3.py took 0.545 seconds
[2024-07-03T14:32:03.364+0000] {processor.py:161} INFO - Started process (PID=498) to work on /home/airflow/.local/lib/python3.12/site-packages/airflow/example_dags/example_branch_python_dop_operator_3.py
[2024-07-03T14:32:03.366+0000] {processor.py:830} INFO - Processing file /home/airflow/.local/lib/python3.12/site-packages/airflow/example_dags/example_branch_python_dop_operator_3.py for tasks to queue
[2024-07-03T14:32:03.369+0000] {logging_mixin.py:188} INFO - [2024-07-03T14:32:03.368+0000] {dagbag.py:545} INFO - Filling up the DagBag from /home/airflow/.local/lib/python3.12/site-packages/airflow/example_dags/example_branch_python_dop_operator_3.py
[2024-07-03T14:32:03.377+0000] {processor.py:840} INFO - DAG(s) 'example_branch_dop_operator_v3' retrieved from /home/airflow/.local/lib/python3.12/site-packages/airflow/example_dags/example_branch_python_dop_operator_3.py
[2024-07-03T14:32:03.395+0000] {logging_mixin.py:188} INFO - [2024-07-03T14:32:03.395+0000] {dag.py:3096} INFO - Sync 1 DAGs
[2024-07-03T14:32:03.419+0000] {logging_mixin.py:188} INFO - [2024-07-03T14:32:03.419+0000] {dag.py:3954} INFO - Setting next_dagrun for example_branch_dop_operator_v3 to 2024-07-03 14:31:00+00:00, run_after=2024-07-03 14:32:00+00:00
[2024-07-03T14:32:03.438+0000] {processor.py:183} INFO - Processing /home/airflow/.local/lib/python3.12/site-packages/airflow/example_dags/example_branch_python_dop_operator_3.py took 0.079 seconds
[2024-07-03T14:32:33.960+0000] {processor.py:161} INFO - Started process (PID=556) to work on /home/airflow/.local/lib/python3.12/site-packages/airflow/example_dags/example_branch_python_dop_operator_3.py
[2024-07-03T14:32:33.962+0000] {processor.py:830} INFO - Processing file /home/airflow/.local/lib/python3.12/site-packages/airflow/example_dags/example_branch_python_dop_operator_3.py for tasks to queue
[2024-07-03T14:32:33.964+0000] {logging_mixin.py:188} INFO - [2024-07-03T14:32:33.963+0000] {dagbag.py:545} INFO - Filling up the DagBag from /home/airflow/.local/lib/python3.12/site-packages/airflow/example_dags/example_branch_python_dop_operator_3.py
[2024-07-03T14:32:33.975+0000] {processor.py:840} INFO - DAG(s) 'example_branch_dop_operator_v3' retrieved from /home/airflow/.local/lib/python3.12/site-packages/airflow/example_dags/example_branch_python_dop_operator_3.py
[2024-07-03T14:32:33.996+0000] {logging_mixin.py:188} INFO - [2024-07-03T14:32:33.996+0000] {dag.py:3096} INFO - Sync 1 DAGs
[2024-07-03T14:32:34.024+0000] {logging_mixin.py:188} INFO - [2024-07-03T14:32:34.023+0000] {dag.py:3954} INFO - Setting next_dagrun for example_branch_dop_operator_v3 to 2024-07-03 14:31:00+00:00, run_after=2024-07-03 14:32:00+00:00
[2024-07-03T14:32:34.047+0000] {processor.py:183} INFO - Processing /home/airflow/.local/lib/python3.12/site-packages/airflow/example_dags/example_branch_python_dop_operator_3.py took 0.093 seconds
[2024-07-03T14:33:04.838+0000] {processor.py:161} INFO - Started process (PID=614) to work on /home/airflow/.local/lib/python3.12/site-packages/airflow/example_dags/example_branch_python_dop_operator_3.py
[2024-07-03T14:33:04.840+0000] {processor.py:830} INFO - Processing file /home/airflow/.local/lib/python3.12/site-packages/airflow/example_dags/example_branch_python_dop_operator_3.py for tasks to queue
[2024-07-03T14:33:04.841+0000] {logging_mixin.py:188} INFO - [2024-07-03T14:33:04.841+0000] {dagbag.py:545} INFO - Filling up the DagBag from /home/airflow/.local/lib/python3.12/site-packages/airflow/example_dags/example_branch_python_dop_operator_3.py
[2024-07-03T14:33:04.855+0000] {processor.py:840} INFO - DAG(s) 'example_branch_dop_operator_v3' retrieved from /home/airflow/.local/lib/python3.12/site-packages/airflow/example_dags/example_branch_python_dop_operator_3.py
[2024-07-03T14:33:04.878+0000] {logging_mixin.py:188} INFO - [2024-07-03T14:33:04.878+0000] {dag.py:3096} INFO - Sync 1 DAGs
[2024-07-03T14:33:04.901+0000] {logging_mixin.py:188} INFO - [2024-07-03T14:33:04.901+0000] {dag.py:3954} INFO - Setting next_dagrun for example_branch_dop_operator_v3 to 2024-07-03 14:32:00+00:00, run_after=2024-07-03 14:33:00+00:00
[2024-07-03T14:33:04.920+0000] {processor.py:183} INFO - Processing /home/airflow/.local/lib/python3.12/site-packages/airflow/example_dags/example_branch_python_dop_operator_3.py took 0.090 seconds
[2024-07-03T14:33:57.430+0000] {processor.py:161} INFO - Started process (PID=679) to work on /home/airflow/.local/lib/python3.12/site-packages/airflow/example_dags/example_branch_python_dop_operator_3.py
[2024-07-03T14:33:57.456+0000] {processor.py:830} INFO - Processing file /home/airflow/.local/lib/python3.12/site-packages/airflow/example_dags/example_branch_python_dop_operator_3.py for tasks to queue
[2024-07-03T14:33:57.458+0000] {logging_mixin.py:188} INFO - [2024-07-03T14:33:57.457+0000] {dagbag.py:545} INFO - Filling up the DagBag from /home/airflow/.local/lib/python3.12/site-packages/airflow/example_dags/example_branch_python_dop_operator_3.py
[2024-07-03T14:33:57.665+0000] {processor.py:840} INFO - DAG(s) 'example_branch_dop_operator_v3' retrieved from /home/airflow/.local/lib/python3.12/site-packages/airflow/example_dags/example_branch_python_dop_operator_3.py
[2024-07-03T14:33:57.914+0000] {logging_mixin.py:188} INFO - [2024-07-03T14:33:57.913+0000] {dag.py:3096} INFO - Sync 1 DAGs
[2024-07-03T14:33:58.886+0000] {logging_mixin.py:188} INFO - [2024-07-03T14:33:58.885+0000] {dag.py:3954} INFO - Setting next_dagrun for example_branch_dop_operator_v3 to 2024-07-03 14:32:00+00:00, run_after=2024-07-03 14:33:00+00:00
[2024-07-03T14:33:59.660+0000] {processor.py:183} INFO - Processing /home/airflow/.local/lib/python3.12/site-packages/airflow/example_dags/example_branch_python_dop_operator_3.py took 2.241 seconds
[2024-07-03T14:34:30.295+0000] {processor.py:161} INFO - Started process (PID=738) to work on /home/airflow/.local/lib/python3.12/site-packages/airflow/example_dags/example_branch_python_dop_operator_3.py
[2024-07-03T14:34:30.296+0000] {processor.py:830} INFO - Processing file /home/airflow/.local/lib/python3.12/site-packages/airflow/example_dags/example_branch_python_dop_operator_3.py for tasks to queue
[2024-07-03T14:34:30.297+0000] {logging_mixin.py:188} INFO - [2024-07-03T14:34:30.297+0000] {dagbag.py:545} INFO - Filling up the DagBag from /home/airflow/.local/lib/python3.12/site-packages/airflow/example_dags/example_branch_python_dop_operator_3.py
[2024-07-03T14:34:30.311+0000] {processor.py:840} INFO - DAG(s) 'example_branch_dop_operator_v3' retrieved from /home/airflow/.local/lib/python3.12/site-packages/airflow/example_dags/example_branch_python_dop_operator_3.py
[2024-07-03T14:34:30.330+0000] {logging_mixin.py:188} INFO - [2024-07-03T14:34:30.330+0000] {dag.py:3096} INFO - Sync 1 DAGs
[2024-07-03T14:34:30.354+0000] {logging_mixin.py:188} INFO - [2024-07-03T14:34:30.354+0000] {dag.py:3954} INFO - Setting next_dagrun for example_branch_dop_operator_v3 to 2024-07-03 14:33:00+00:00, run_after=2024-07-03 14:34:00+00:00
[2024-07-03T14:34:30.381+0000] {processor.py:183} INFO - Processing /home/airflow/.local/lib/python3.12/site-packages/airflow/example_dags/example_branch_python_dop_operator_3.py took 0.091 seconds
[2024-07-03T14:35:00.910+0000] {processor.py:161} INFO - Started process (PID=796) to work on /home/airflow/.local/lib/python3.12/site-packages/airflow/example_dags/example_branch_python_dop_operator_3.py
[2024-07-03T14:35:00.917+0000] {processor.py:830} INFO - Processing file /home/airflow/.local/lib/python3.12/site-packages/airflow/example_dags/example_branch_python_dop_operator_3.py for tasks to queue
[2024-07-03T14:35:00.920+0000] {logging_mixin.py:188} INFO - [2024-07-03T14:35:00.920+0000] {dagbag.py:545} INFO - Filling up the DagBag from /home/airflow/.local/lib/python3.12/site-packages/airflow/example_dags/example_branch_python_dop_operator_3.py
[2024-07-03T14:35:00.954+0000] {processor.py:840} INFO - DAG(s) 'example_branch_dop_operator_v3' retrieved from /home/airflow/.local/lib/python3.12/site-packages/airflow/example_dags/example_branch_python_dop_operator_3.py
[2024-07-03T14:35:01.035+0000] {logging_mixin.py:188} INFO - [2024-07-03T14:35:01.032+0000] {dag.py:3096} INFO - Sync 1 DAGs
[2024-07-03T14:35:01.129+0000] {logging_mixin.py:188} INFO - [2024-07-03T14:35:01.129+0000] {dag.py:3954} INFO - Setting next_dagrun for example_branch_dop_operator_v3 to 2024-07-03 14:34:00+00:00, run_after=2024-07-03 14:35:00+00:00
[2024-07-03T14:35:01.220+0000] {processor.py:183} INFO - Processing /home/airflow/.local/lib/python3.12/site-packages/airflow/example_dags/example_branch_python_dop_operator_3.py took 0.327 seconds
