[2024-07-03T14:28:04.285+0000] {processor.py:161} INFO - Started process (PID=57) to work on /home/airflow/.local/lib/python3.12/site-packages/airflow/example_dags/example_external_task_marker_dag.py
[2024-07-03T14:28:04.295+0000] {processor.py:830} INFO - Processing file /home/airflow/.local/lib/python3.12/site-packages/airflow/example_dags/example_external_task_marker_dag.py for tasks to queue
[2024-07-03T14:28:04.308+0000] {logging_mixin.py:188} INFO - [2024-07-03T14:28:04.305+0000] {dagbag.py:545} INFO - Filling up the DagBag from /home/airflow/.local/lib/python3.12/site-packages/airflow/example_dags/example_external_task_marker_dag.py
[2024-07-03T14:28:04.328+0000] {processor.py:840} INFO - DAG(s) 'example_external_task_marker_child', 'example_external_task_marker_parent' retrieved from /home/airflow/.local/lib/python3.12/site-packages/airflow/example_dags/example_external_task_marker_dag.py
[2024-07-03T14:28:04.741+0000] {logging_mixin.py:188} INFO - [2024-07-03T14:28:04.741+0000] {dag.py:3096} INFO - Sync 2 DAGs
[2024-07-03T14:28:04.768+0000] {logging_mixin.py:188} INFO - [2024-07-03T14:28:04.768+0000] {dag.py:3954} INFO - Setting next_dagrun for example_external_task_marker_child to None, run_after=None
[2024-07-03T14:28:04.774+0000] {logging_mixin.py:188} INFO - [2024-07-03T14:28:04.773+0000] {dag.py:3954} INFO - Setting next_dagrun for example_external_task_marker_parent to None, run_after=None
[2024-07-03T14:28:04.829+0000] {processor.py:183} INFO - Processing /home/airflow/.local/lib/python3.12/site-packages/airflow/example_dags/example_external_task_marker_dag.py took 0.550 seconds
[2024-07-03T14:28:35.399+0000] {processor.py:161} INFO - Started process (PID=115) to work on /home/airflow/.local/lib/python3.12/site-packages/airflow/example_dags/example_external_task_marker_dag.py
[2024-07-03T14:28:35.401+0000] {processor.py:830} INFO - Processing file /home/airflow/.local/lib/python3.12/site-packages/airflow/example_dags/example_external_task_marker_dag.py for tasks to queue
[2024-07-03T14:28:35.405+0000] {logging_mixin.py:188} INFO - [2024-07-03T14:28:35.403+0000] {dagbag.py:545} INFO - Filling up the DagBag from /home/airflow/.local/lib/python3.12/site-packages/airflow/example_dags/example_external_task_marker_dag.py
[2024-07-03T14:28:35.418+0000] {processor.py:840} INFO - DAG(s) 'example_external_task_marker_parent', 'example_external_task_marker_child' retrieved from /home/airflow/.local/lib/python3.12/site-packages/airflow/example_dags/example_external_task_marker_dag.py
[2024-07-03T14:28:35.461+0000] {logging_mixin.py:188} INFO - [2024-07-03T14:28:35.461+0000] {dag.py:3096} INFO - Sync 2 DAGs
[2024-07-03T14:28:35.489+0000] {logging_mixin.py:188} INFO - [2024-07-03T14:28:35.486+0000] {dag.py:3954} INFO - Setting next_dagrun for example_external_task_marker_child to None, run_after=None
[2024-07-03T14:28:35.508+0000] {logging_mixin.py:188} INFO - [2024-07-03T14:28:35.507+0000] {dag.py:3954} INFO - Setting next_dagrun for example_external_task_marker_parent to None, run_after=None
[2024-07-03T14:28:35.540+0000] {processor.py:183} INFO - Processing /home/airflow/.local/lib/python3.12/site-packages/airflow/example_dags/example_external_task_marker_dag.py took 0.150 seconds
[2024-07-03T14:29:06.818+0000] {processor.py:161} INFO - Started process (PID=173) to work on /home/airflow/.local/lib/python3.12/site-packages/airflow/example_dags/example_external_task_marker_dag.py
[2024-07-03T14:29:06.822+0000] {processor.py:830} INFO - Processing file /home/airflow/.local/lib/python3.12/site-packages/airflow/example_dags/example_external_task_marker_dag.py for tasks to queue
[2024-07-03T14:29:06.824+0000] {logging_mixin.py:188} INFO - [2024-07-03T14:29:06.824+0000] {dagbag.py:545} INFO - Filling up the DagBag from /home/airflow/.local/lib/python3.12/site-packages/airflow/example_dags/example_external_task_marker_dag.py
[2024-07-03T14:29:06.920+0000] {processor.py:840} INFO - DAG(s) 'example_external_task_marker_child', 'example_external_task_marker_parent' retrieved from /home/airflow/.local/lib/python3.12/site-packages/airflow/example_dags/example_external_task_marker_dag.py
[2024-07-03T14:29:07.135+0000] {logging_mixin.py:188} INFO - [2024-07-03T14:29:07.134+0000] {dag.py:3096} INFO - Sync 2 DAGs
[2024-07-03T14:29:07.158+0000] {logging_mixin.py:188} INFO - [2024-07-03T14:29:07.157+0000] {dag.py:3954} INFO - Setting next_dagrun for example_external_task_marker_child to None, run_after=None
[2024-07-03T14:29:07.163+0000] {logging_mixin.py:188} INFO - [2024-07-03T14:29:07.163+0000] {dag.py:3954} INFO - Setting next_dagrun for example_external_task_marker_parent to None, run_after=None
[2024-07-03T14:29:07.223+0000] {processor.py:183} INFO - Processing /home/airflow/.local/lib/python3.12/site-packages/airflow/example_dags/example_external_task_marker_dag.py took 0.423 seconds
[2024-07-03T14:29:38.244+0000] {processor.py:161} INFO - Started process (PID=231) to work on /home/airflow/.local/lib/python3.12/site-packages/airflow/example_dags/example_external_task_marker_dag.py
[2024-07-03T14:29:38.245+0000] {processor.py:830} INFO - Processing file /home/airflow/.local/lib/python3.12/site-packages/airflow/example_dags/example_external_task_marker_dag.py for tasks to queue
[2024-07-03T14:29:38.254+0000] {logging_mixin.py:188} INFO - [2024-07-03T14:29:38.254+0000] {dagbag.py:545} INFO - Filling up the DagBag from /home/airflow/.local/lib/python3.12/site-packages/airflow/example_dags/example_external_task_marker_dag.py
[2024-07-03T14:29:38.275+0000] {processor.py:840} INFO - DAG(s) 'example_external_task_marker_child', 'example_external_task_marker_parent' retrieved from /home/airflow/.local/lib/python3.12/site-packages/airflow/example_dags/example_external_task_marker_dag.py
[2024-07-03T14:29:38.374+0000] {logging_mixin.py:188} INFO - [2024-07-03T14:29:38.373+0000] {dag.py:3096} INFO - Sync 2 DAGs
[2024-07-03T14:29:38.419+0000] {logging_mixin.py:188} INFO - [2024-07-03T14:29:38.418+0000] {dag.py:3954} INFO - Setting next_dagrun for example_external_task_marker_child to None, run_after=None
[2024-07-03T14:29:38.434+0000] {logging_mixin.py:188} INFO - [2024-07-03T14:29:38.434+0000] {dag.py:3954} INFO - Setting next_dagrun for example_external_task_marker_parent to None, run_after=None
[2024-07-03T14:29:38.477+0000] {processor.py:183} INFO - Processing /home/airflow/.local/lib/python3.12/site-packages/airflow/example_dags/example_external_task_marker_dag.py took 0.250 seconds
[2024-07-03T14:30:08.627+0000] {processor.py:161} INFO - Started process (PID=289) to work on /home/airflow/.local/lib/python3.12/site-packages/airflow/example_dags/example_external_task_marker_dag.py
[2024-07-03T14:30:08.629+0000] {processor.py:830} INFO - Processing file /home/airflow/.local/lib/python3.12/site-packages/airflow/example_dags/example_external_task_marker_dag.py for tasks to queue
[2024-07-03T14:30:08.632+0000] {logging_mixin.py:188} INFO - [2024-07-03T14:30:08.631+0000] {dagbag.py:545} INFO - Filling up the DagBag from /home/airflow/.local/lib/python3.12/site-packages/airflow/example_dags/example_external_task_marker_dag.py
[2024-07-03T14:30:08.642+0000] {processor.py:840} INFO - DAG(s) 'example_external_task_marker_parent', 'example_external_task_marker_child' retrieved from /home/airflow/.local/lib/python3.12/site-packages/airflow/example_dags/example_external_task_marker_dag.py
[2024-07-03T14:30:08.665+0000] {logging_mixin.py:188} INFO - [2024-07-03T14:30:08.665+0000] {dag.py:3096} INFO - Sync 2 DAGs
[2024-07-03T14:30:08.677+0000] {logging_mixin.py:188} INFO - [2024-07-03T14:30:08.677+0000] {dag.py:3954} INFO - Setting next_dagrun for example_external_task_marker_child to None, run_after=None
[2024-07-03T14:30:08.681+0000] {logging_mixin.py:188} INFO - [2024-07-03T14:30:08.681+0000] {dag.py:3954} INFO - Setting next_dagrun for example_external_task_marker_parent to None, run_after=None
[2024-07-03T14:30:08.699+0000] {processor.py:183} INFO - Processing /home/airflow/.local/lib/python3.12/site-packages/airflow/example_dags/example_external_task_marker_dag.py took 0.082 seconds
[2024-07-03T14:30:39.270+0000] {processor.py:161} INFO - Started process (PID=347) to work on /home/airflow/.local/lib/python3.12/site-packages/airflow/example_dags/example_external_task_marker_dag.py
[2024-07-03T14:30:39.272+0000] {processor.py:830} INFO - Processing file /home/airflow/.local/lib/python3.12/site-packages/airflow/example_dags/example_external_task_marker_dag.py for tasks to queue
[2024-07-03T14:30:39.276+0000] {logging_mixin.py:188} INFO - [2024-07-03T14:30:39.275+0000] {dagbag.py:545} INFO - Filling up the DagBag from /home/airflow/.local/lib/python3.12/site-packages/airflow/example_dags/example_external_task_marker_dag.py
[2024-07-03T14:30:39.289+0000] {processor.py:840} INFO - DAG(s) 'example_external_task_marker_child', 'example_external_task_marker_parent' retrieved from /home/airflow/.local/lib/python3.12/site-packages/airflow/example_dags/example_external_task_marker_dag.py
[2024-07-03T14:30:39.314+0000] {logging_mixin.py:188} INFO - [2024-07-03T14:30:39.314+0000] {dag.py:3096} INFO - Sync 2 DAGs
[2024-07-03T14:30:39.328+0000] {logging_mixin.py:188} INFO - [2024-07-03T14:30:39.328+0000] {dag.py:3954} INFO - Setting next_dagrun for example_external_task_marker_child to None, run_after=None
[2024-07-03T14:30:39.334+0000] {logging_mixin.py:188} INFO - [2024-07-03T14:30:39.334+0000] {dag.py:3954} INFO - Setting next_dagrun for example_external_task_marker_parent to None, run_after=None
[2024-07-03T14:30:39.359+0000] {processor.py:183} INFO - Processing /home/airflow/.local/lib/python3.12/site-packages/airflow/example_dags/example_external_task_marker_dag.py took 0.098 seconds
[2024-07-03T14:31:09.438+0000] {processor.py:161} INFO - Started process (PID=405) to work on /home/airflow/.local/lib/python3.12/site-packages/airflow/example_dags/example_external_task_marker_dag.py
[2024-07-03T14:31:09.439+0000] {processor.py:830} INFO - Processing file /home/airflow/.local/lib/python3.12/site-packages/airflow/example_dags/example_external_task_marker_dag.py for tasks to queue
[2024-07-03T14:31:09.442+0000] {logging_mixin.py:188} INFO - [2024-07-03T14:31:09.441+0000] {dagbag.py:545} INFO - Filling up the DagBag from /home/airflow/.local/lib/python3.12/site-packages/airflow/example_dags/example_external_task_marker_dag.py
[2024-07-03T14:31:09.447+0000] {processor.py:840} INFO - DAG(s) 'example_external_task_marker_child', 'example_external_task_marker_parent' retrieved from /home/airflow/.local/lib/python3.12/site-packages/airflow/example_dags/example_external_task_marker_dag.py
[2024-07-03T14:31:09.470+0000] {logging_mixin.py:188} INFO - [2024-07-03T14:31:09.470+0000] {dag.py:3096} INFO - Sync 2 DAGs
[2024-07-03T14:31:09.482+0000] {logging_mixin.py:188} INFO - [2024-07-03T14:31:09.482+0000] {dag.py:3954} INFO - Setting next_dagrun for example_external_task_marker_child to None, run_after=None
[2024-07-03T14:31:09.487+0000] {logging_mixin.py:188} INFO - [2024-07-03T14:31:09.487+0000] {dag.py:3954} INFO - Setting next_dagrun for example_external_task_marker_parent to None, run_after=None
[2024-07-03T14:31:09.514+0000] {processor.py:183} INFO - Processing /home/airflow/.local/lib/python3.12/site-packages/airflow/example_dags/example_external_task_marker_dag.py took 0.081 seconds
[2024-07-03T14:31:39.820+0000] {processor.py:161} INFO - Started process (PID=464) to work on /home/airflow/.local/lib/python3.12/site-packages/airflow/example_dags/example_external_task_marker_dag.py
[2024-07-03T14:31:39.821+0000] {processor.py:830} INFO - Processing file /home/airflow/.local/lib/python3.12/site-packages/airflow/example_dags/example_external_task_marker_dag.py for tasks to queue
[2024-07-03T14:31:39.823+0000] {logging_mixin.py:188} INFO - [2024-07-03T14:31:39.823+0000] {dagbag.py:545} INFO - Filling up the DagBag from /home/airflow/.local/lib/python3.12/site-packages/airflow/example_dags/example_external_task_marker_dag.py
[2024-07-03T14:31:39.831+0000] {processor.py:840} INFO - DAG(s) 'example_external_task_marker_parent', 'example_external_task_marker_child' retrieved from /home/airflow/.local/lib/python3.12/site-packages/airflow/example_dags/example_external_task_marker_dag.py
[2024-07-03T14:31:39.854+0000] {logging_mixin.py:188} INFO - [2024-07-03T14:31:39.854+0000] {dag.py:3096} INFO - Sync 2 DAGs
[2024-07-03T14:31:39.866+0000] {logging_mixin.py:188} INFO - [2024-07-03T14:31:39.866+0000] {dag.py:3954} INFO - Setting next_dagrun for example_external_task_marker_child to None, run_after=None
[2024-07-03T14:31:39.870+0000] {logging_mixin.py:188} INFO - [2024-07-03T14:31:39.870+0000] {dag.py:3954} INFO - Setting next_dagrun for example_external_task_marker_parent to None, run_after=None
[2024-07-03T14:31:39.888+0000] {processor.py:183} INFO - Processing /home/airflow/.local/lib/python3.12/site-packages/airflow/example_dags/example_external_task_marker_dag.py took 0.088 seconds
[2024-07-03T14:32:10.533+0000] {processor.py:161} INFO - Started process (PID=522) to work on /home/airflow/.local/lib/python3.12/site-packages/airflow/example_dags/example_external_task_marker_dag.py
[2024-07-03T14:32:10.534+0000] {processor.py:830} INFO - Processing file /home/airflow/.local/lib/python3.12/site-packages/airflow/example_dags/example_external_task_marker_dag.py for tasks to queue
[2024-07-03T14:32:10.536+0000] {logging_mixin.py:188} INFO - [2024-07-03T14:32:10.536+0000] {dagbag.py:545} INFO - Filling up the DagBag from /home/airflow/.local/lib/python3.12/site-packages/airflow/example_dags/example_external_task_marker_dag.py
[2024-07-03T14:32:10.544+0000] {processor.py:840} INFO - DAG(s) 'example_external_task_marker_parent', 'example_external_task_marker_child' retrieved from /home/airflow/.local/lib/python3.12/site-packages/airflow/example_dags/example_external_task_marker_dag.py
[2024-07-03T14:32:10.577+0000] {logging_mixin.py:188} INFO - [2024-07-03T14:32:10.576+0000] {dag.py:3096} INFO - Sync 2 DAGs
[2024-07-03T14:32:10.596+0000] {logging_mixin.py:188} INFO - [2024-07-03T14:32:10.596+0000] {dag.py:3954} INFO - Setting next_dagrun for example_external_task_marker_child to None, run_after=None
[2024-07-03T14:32:10.602+0000] {logging_mixin.py:188} INFO - [2024-07-03T14:32:10.601+0000] {dag.py:3954} INFO - Setting next_dagrun for example_external_task_marker_parent to None, run_after=None
[2024-07-03T14:32:10.626+0000] {processor.py:183} INFO - Processing /home/airflow/.local/lib/python3.12/site-packages/airflow/example_dags/example_external_task_marker_dag.py took 0.099 seconds
[2024-07-03T14:32:41.742+0000] {processor.py:161} INFO - Started process (PID=580) to work on /home/airflow/.local/lib/python3.12/site-packages/airflow/example_dags/example_external_task_marker_dag.py
[2024-07-03T14:32:41.754+0000] {processor.py:830} INFO - Processing file /home/airflow/.local/lib/python3.12/site-packages/airflow/example_dags/example_external_task_marker_dag.py for tasks to queue
[2024-07-03T14:32:41.756+0000] {logging_mixin.py:188} INFO - [2024-07-03T14:32:41.756+0000] {dagbag.py:545} INFO - Filling up the DagBag from /home/airflow/.local/lib/python3.12/site-packages/airflow/example_dags/example_external_task_marker_dag.py
[2024-07-03T14:32:41.765+0000] {processor.py:840} INFO - DAG(s) 'example_external_task_marker_child', 'example_external_task_marker_parent' retrieved from /home/airflow/.local/lib/python3.12/site-packages/airflow/example_dags/example_external_task_marker_dag.py
[2024-07-03T14:32:41.822+0000] {logging_mixin.py:188} INFO - [2024-07-03T14:32:41.822+0000] {dag.py:3096} INFO - Sync 2 DAGs
[2024-07-03T14:32:41.850+0000] {logging_mixin.py:188} INFO - [2024-07-03T14:32:41.849+0000] {dag.py:3954} INFO - Setting next_dagrun for example_external_task_marker_child to None, run_after=None
[2024-07-03T14:32:41.861+0000] {logging_mixin.py:188} INFO - [2024-07-03T14:32:41.861+0000] {dag.py:3954} INFO - Setting next_dagrun for example_external_task_marker_parent to None, run_after=None
[2024-07-03T14:32:41.911+0000] {processor.py:183} INFO - Processing /home/airflow/.local/lib/python3.12/site-packages/airflow/example_dags/example_external_task_marker_dag.py took 0.175 seconds
[2024-07-03T14:33:12.777+0000] {processor.py:161} INFO - Started process (PID=638) to work on /home/airflow/.local/lib/python3.12/site-packages/airflow/example_dags/example_external_task_marker_dag.py
[2024-07-03T14:33:12.779+0000] {processor.py:830} INFO - Processing file /home/airflow/.local/lib/python3.12/site-packages/airflow/example_dags/example_external_task_marker_dag.py for tasks to queue
[2024-07-03T14:33:12.780+0000] {logging_mixin.py:188} INFO - [2024-07-03T14:33:12.780+0000] {dagbag.py:545} INFO - Filling up the DagBag from /home/airflow/.local/lib/python3.12/site-packages/airflow/example_dags/example_external_task_marker_dag.py
[2024-07-03T14:33:12.791+0000] {processor.py:840} INFO - DAG(s) 'example_external_task_marker_child', 'example_external_task_marker_parent' retrieved from /home/airflow/.local/lib/python3.12/site-packages/airflow/example_dags/example_external_task_marker_dag.py
[2024-07-03T14:33:12.827+0000] {logging_mixin.py:188} INFO - [2024-07-03T14:33:12.827+0000] {dag.py:3096} INFO - Sync 2 DAGs
[2024-07-03T14:33:12.845+0000] {logging_mixin.py:188} INFO - [2024-07-03T14:33:12.844+0000] {dag.py:3954} INFO - Setting next_dagrun for example_external_task_marker_child to None, run_after=None
[2024-07-03T14:33:12.851+0000] {logging_mixin.py:188} INFO - [2024-07-03T14:33:12.851+0000] {dag.py:3954} INFO - Setting next_dagrun for example_external_task_marker_parent to None, run_after=None
[2024-07-03T14:33:12.870+0000] {processor.py:183} INFO - Processing /home/airflow/.local/lib/python3.12/site-packages/airflow/example_dags/example_external_task_marker_dag.py took 0.100 seconds
[2024-07-03T14:34:09.843+0000] {processor.py:161} INFO - Started process (PID=701) to work on /home/airflow/.local/lib/python3.12/site-packages/airflow/example_dags/example_external_task_marker_dag.py
[2024-07-03T14:34:09.847+0000] {processor.py:830} INFO - Processing file /home/airflow/.local/lib/python3.12/site-packages/airflow/example_dags/example_external_task_marker_dag.py for tasks to queue
[2024-07-03T14:34:09.849+0000] {logging_mixin.py:188} INFO - [2024-07-03T14:34:09.849+0000] {dagbag.py:545} INFO - Filling up the DagBag from /home/airflow/.local/lib/python3.12/site-packages/airflow/example_dags/example_external_task_marker_dag.py
[2024-07-03T14:34:09.879+0000] {processor.py:840} INFO - DAG(s) 'example_external_task_marker_child', 'example_external_task_marker_parent' retrieved from /home/airflow/.local/lib/python3.12/site-packages/airflow/example_dags/example_external_task_marker_dag.py
[2024-07-03T14:34:09.943+0000] {logging_mixin.py:188} INFO - [2024-07-03T14:34:09.942+0000] {dag.py:3096} INFO - Sync 2 DAGs
[2024-07-03T14:34:09.979+0000] {logging_mixin.py:188} INFO - [2024-07-03T14:34:09.979+0000] {dag.py:3954} INFO - Setting next_dagrun for example_external_task_marker_child to None, run_after=None
[2024-07-03T14:34:09.988+0000] {logging_mixin.py:188} INFO - [2024-07-03T14:34:09.988+0000] {dag.py:3954} INFO - Setting next_dagrun for example_external_task_marker_parent to None, run_after=None
[2024-07-03T14:34:10.023+0000] {processor.py:183} INFO - Processing /home/airflow/.local/lib/python3.12/site-packages/airflow/example_dags/example_external_task_marker_dag.py took 0.209 seconds
[2024-07-03T14:34:40.504+0000] {processor.py:161} INFO - Started process (PID=760) to work on /home/airflow/.local/lib/python3.12/site-packages/airflow/example_dags/example_external_task_marker_dag.py
[2024-07-03T14:34:40.519+0000] {processor.py:830} INFO - Processing file /home/airflow/.local/lib/python3.12/site-packages/airflow/example_dags/example_external_task_marker_dag.py for tasks to queue
[2024-07-03T14:34:40.521+0000] {logging_mixin.py:188} INFO - [2024-07-03T14:34:40.521+0000] {dagbag.py:545} INFO - Filling up the DagBag from /home/airflow/.local/lib/python3.12/site-packages/airflow/example_dags/example_external_task_marker_dag.py
[2024-07-03T14:34:40.528+0000] {processor.py:840} INFO - DAG(s) 'example_external_task_marker_parent', 'example_external_task_marker_child' retrieved from /home/airflow/.local/lib/python3.12/site-packages/airflow/example_dags/example_external_task_marker_dag.py
[2024-07-03T14:34:40.601+0000] {logging_mixin.py:188} INFO - [2024-07-03T14:34:40.600+0000] {dag.py:3096} INFO - Sync 2 DAGs
[2024-07-03T14:34:40.625+0000] {logging_mixin.py:188} INFO - [2024-07-03T14:34:40.625+0000] {dag.py:3954} INFO - Setting next_dagrun for example_external_task_marker_child to None, run_after=None
[2024-07-03T14:34:40.638+0000] {logging_mixin.py:188} INFO - [2024-07-03T14:34:40.637+0000] {dag.py:3954} INFO - Setting next_dagrun for example_external_task_marker_parent to None, run_after=None
[2024-07-03T14:34:40.688+0000] {processor.py:183} INFO - Processing /home/airflow/.local/lib/python3.12/site-packages/airflow/example_dags/example_external_task_marker_dag.py took 0.203 seconds
[2024-07-03T14:35:11.085+0000] {processor.py:161} INFO - Started process (PID=818) to work on /home/airflow/.local/lib/python3.12/site-packages/airflow/example_dags/example_external_task_marker_dag.py
[2024-07-03T14:35:11.087+0000] {processor.py:830} INFO - Processing file /home/airflow/.local/lib/python3.12/site-packages/airflow/example_dags/example_external_task_marker_dag.py for tasks to queue
[2024-07-03T14:35:11.088+0000] {logging_mixin.py:188} INFO - [2024-07-03T14:35:11.088+0000] {dagbag.py:545} INFO - Filling up the DagBag from /home/airflow/.local/lib/python3.12/site-packages/airflow/example_dags/example_external_task_marker_dag.py
[2024-07-03T14:35:11.096+0000] {processor.py:840} INFO - DAG(s) 'example_external_task_marker_parent', 'example_external_task_marker_child' retrieved from /home/airflow/.local/lib/python3.12/site-packages/airflow/example_dags/example_external_task_marker_dag.py
[2024-07-03T14:35:11.122+0000] {logging_mixin.py:188} INFO - [2024-07-03T14:35:11.122+0000] {dag.py:3096} INFO - Sync 2 DAGs
[2024-07-03T14:35:11.139+0000] {logging_mixin.py:188} INFO - [2024-07-03T14:35:11.139+0000] {dag.py:3954} INFO - Setting next_dagrun for example_external_task_marker_child to None, run_after=None
[2024-07-03T14:35:11.144+0000] {logging_mixin.py:188} INFO - [2024-07-03T14:35:11.144+0000] {dag.py:3954} INFO - Setting next_dagrun for example_external_task_marker_parent to None, run_after=None
[2024-07-03T14:35:11.164+0000] {processor.py:183} INFO - Processing /home/airflow/.local/lib/python3.12/site-packages/airflow/example_dags/example_external_task_marker_dag.py took 0.085 seconds
