[2024-07-03T14:27:53.602+0000] {processor.py:161} INFO - Started process (PID=38) to work on /home/airflow/.local/lib/python3.12/site-packages/airflow/example_dags/example_dag_decorator.py
[2024-07-03T14:27:53.619+0000] {processor.py:830} INFO - Processing file /home/airflow/.local/lib/python3.12/site-packages/airflow/example_dags/example_dag_decorator.py for tasks to queue
[2024-07-03T14:27:53.628+0000] {logging_mixin.py:188} INFO - [2024-07-03T14:27:53.628+0000] {dagbag.py:545} INFO - Filling up the DagBag from /home/airflow/.local/lib/python3.12/site-packages/airflow/example_dags/example_dag_decorator.py
[2024-07-03T14:27:55.034+0000] {processor.py:840} INFO - DAG(s) 'example_dag_decorator' retrieved from /home/airflow/.local/lib/python3.12/site-packages/airflow/example_dags/example_dag_decorator.py
[2024-07-03T14:27:55.439+0000] {logging_mixin.py:188} INFO - [2024-07-03T14:27:55.438+0000] {dag.py:3096} INFO - Sync 1 DAGs
[2024-07-03T14:27:55.521+0000] {logging_mixin.py:188} INFO - [2024-07-03T14:27:55.520+0000] {dag.py:3954} INFO - Setting next_dagrun for example_dag_decorator to None, run_after=None
[2024-07-03T14:27:55.658+0000] {processor.py:183} INFO - Processing /home/airflow/.local/lib/python3.12/site-packages/airflow/example_dags/example_dag_decorator.py took 2.073 seconds
[2024-07-03T14:28:26.039+0000] {processor.py:161} INFO - Started process (PID=97) to work on /home/airflow/.local/lib/python3.12/site-packages/airflow/example_dags/example_dag_decorator.py
[2024-07-03T14:28:26.041+0000] {processor.py:830} INFO - Processing file /home/airflow/.local/lib/python3.12/site-packages/airflow/example_dags/example_dag_decorator.py for tasks to queue
[2024-07-03T14:28:26.043+0000] {logging_mixin.py:188} INFO - [2024-07-03T14:28:26.043+0000] {dagbag.py:545} INFO - Filling up the DagBag from /home/airflow/.local/lib/python3.12/site-packages/airflow/example_dags/example_dag_decorator.py
[2024-07-03T14:28:29.604+0000] {processor.py:840} INFO - DAG(s) 'example_dag_decorator' retrieved from /home/airflow/.local/lib/python3.12/site-packages/airflow/example_dags/example_dag_decorator.py
[2024-07-03T14:28:30.971+0000] {logging_mixin.py:188} INFO - [2024-07-03T14:28:30.971+0000] {dag.py:3096} INFO - Sync 1 DAGs
[2024-07-03T14:28:31.071+0000] {logging_mixin.py:188} INFO - [2024-07-03T14:28:31.071+0000] {dag.py:3954} INFO - Setting next_dagrun for example_dag_decorator to None, run_after=None
[2024-07-03T14:28:31.286+0000] {processor.py:183} INFO - Processing /home/airflow/.local/lib/python3.12/site-packages/airflow/example_dags/example_dag_decorator.py took 5.294 seconds
[2024-07-03T14:29:01.695+0000] {processor.py:161} INFO - Started process (PID=155) to work on /home/airflow/.local/lib/python3.12/site-packages/airflow/example_dags/example_dag_decorator.py
[2024-07-03T14:29:01.697+0000] {processor.py:830} INFO - Processing file /home/airflow/.local/lib/python3.12/site-packages/airflow/example_dags/example_dag_decorator.py for tasks to queue
[2024-07-03T14:29:01.699+0000] {logging_mixin.py:188} INFO - [2024-07-03T14:29:01.698+0000] {dagbag.py:545} INFO - Filling up the DagBag from /home/airflow/.local/lib/python3.12/site-packages/airflow/example_dags/example_dag_decorator.py
[2024-07-03T14:29:01.922+0000] {processor.py:840} INFO - DAG(s) 'example_dag_decorator' retrieved from /home/airflow/.local/lib/python3.12/site-packages/airflow/example_dags/example_dag_decorator.py
[2024-07-03T14:29:02.059+0000] {logging_mixin.py:188} INFO - [2024-07-03T14:29:02.059+0000] {dag.py:3096} INFO - Sync 1 DAGs
[2024-07-03T14:29:02.070+0000] {logging_mixin.py:188} INFO - [2024-07-03T14:29:02.070+0000] {dag.py:3954} INFO - Setting next_dagrun for example_dag_decorator to None, run_after=None
[2024-07-03T14:29:02.117+0000] {processor.py:183} INFO - Processing /home/airflow/.local/lib/python3.12/site-packages/airflow/example_dags/example_dag_decorator.py took 0.427 seconds
[2024-07-03T14:29:32.160+0000] {processor.py:161} INFO - Started process (PID=215) to work on /home/airflow/.local/lib/python3.12/site-packages/airflow/example_dags/example_dag_decorator.py
[2024-07-03T14:29:32.161+0000] {processor.py:830} INFO - Processing file /home/airflow/.local/lib/python3.12/site-packages/airflow/example_dags/example_dag_decorator.py for tasks to queue
[2024-07-03T14:29:32.163+0000] {logging_mixin.py:188} INFO - [2024-07-03T14:29:32.163+0000] {dagbag.py:545} INFO - Filling up the DagBag from /home/airflow/.local/lib/python3.12/site-packages/airflow/example_dags/example_dag_decorator.py
[2024-07-03T14:29:32.292+0000] {processor.py:840} INFO - DAG(s) 'example_dag_decorator' retrieved from /home/airflow/.local/lib/python3.12/site-packages/airflow/example_dags/example_dag_decorator.py
[2024-07-03T14:29:32.411+0000] {logging_mixin.py:188} INFO - [2024-07-03T14:29:32.411+0000] {dag.py:3096} INFO - Sync 1 DAGs
[2024-07-03T14:29:32.421+0000] {logging_mixin.py:188} INFO - [2024-07-03T14:29:32.421+0000] {dag.py:3954} INFO - Setting next_dagrun for example_dag_decorator to None, run_after=None
[2024-07-03T14:29:32.442+0000] {processor.py:183} INFO - Processing /home/airflow/.local/lib/python3.12/site-packages/airflow/example_dags/example_dag_decorator.py took 0.287 seconds
[2024-07-03T14:30:03.443+0000] {processor.py:161} INFO - Started process (PID=273) to work on /home/airflow/.local/lib/python3.12/site-packages/airflow/example_dags/example_dag_decorator.py
[2024-07-03T14:30:03.445+0000] {processor.py:830} INFO - Processing file /home/airflow/.local/lib/python3.12/site-packages/airflow/example_dags/example_dag_decorator.py for tasks to queue
[2024-07-03T14:30:03.447+0000] {logging_mixin.py:188} INFO - [2024-07-03T14:30:03.447+0000] {dagbag.py:545} INFO - Filling up the DagBag from /home/airflow/.local/lib/python3.12/site-packages/airflow/example_dags/example_dag_decorator.py
[2024-07-03T14:30:03.628+0000] {processor.py:840} INFO - DAG(s) 'example_dag_decorator' retrieved from /home/airflow/.local/lib/python3.12/site-packages/airflow/example_dags/example_dag_decorator.py
[2024-07-03T14:30:03.825+0000] {logging_mixin.py:188} INFO - [2024-07-03T14:30:03.825+0000] {dag.py:3096} INFO - Sync 1 DAGs
[2024-07-03T14:30:03.854+0000] {logging_mixin.py:188} INFO - [2024-07-03T14:30:03.853+0000] {dag.py:3954} INFO - Setting next_dagrun for example_dag_decorator to None, run_after=None
[2024-07-03T14:30:03.908+0000] {processor.py:183} INFO - Processing /home/airflow/.local/lib/python3.12/site-packages/airflow/example_dags/example_dag_decorator.py took 0.471 seconds
[2024-07-03T14:30:34.231+0000] {processor.py:161} INFO - Started process (PID=334) to work on /home/airflow/.local/lib/python3.12/site-packages/airflow/example_dags/example_dag_decorator.py
[2024-07-03T14:30:34.233+0000] {processor.py:830} INFO - Processing file /home/airflow/.local/lib/python3.12/site-packages/airflow/example_dags/example_dag_decorator.py for tasks to queue
[2024-07-03T14:30:34.236+0000] {logging_mixin.py:188} INFO - [2024-07-03T14:30:34.235+0000] {dagbag.py:545} INFO - Filling up the DagBag from /home/airflow/.local/lib/python3.12/site-packages/airflow/example_dags/example_dag_decorator.py
[2024-07-03T14:30:34.775+0000] {processor.py:840} INFO - DAG(s) 'example_dag_decorator' retrieved from /home/airflow/.local/lib/python3.12/site-packages/airflow/example_dags/example_dag_decorator.py
[2024-07-03T14:30:35.288+0000] {logging_mixin.py:188} INFO - [2024-07-03T14:30:35.287+0000] {dag.py:3096} INFO - Sync 1 DAGs
[2024-07-03T14:30:35.308+0000] {logging_mixin.py:188} INFO - [2024-07-03T14:30:35.307+0000] {dag.py:3954} INFO - Setting next_dagrun for example_dag_decorator to None, run_after=None
[2024-07-03T14:30:35.383+0000] {processor.py:183} INFO - Processing /home/airflow/.local/lib/python3.12/site-packages/airflow/example_dags/example_dag_decorator.py took 1.159 seconds
[2024-07-03T14:31:05.609+0000] {processor.py:161} INFO - Started process (PID=392) to work on /home/airflow/.local/lib/python3.12/site-packages/airflow/example_dags/example_dag_decorator.py
[2024-07-03T14:31:05.610+0000] {processor.py:830} INFO - Processing file /home/airflow/.local/lib/python3.12/site-packages/airflow/example_dags/example_dag_decorator.py for tasks to queue
[2024-07-03T14:31:05.612+0000] {logging_mixin.py:188} INFO - [2024-07-03T14:31:05.611+0000] {dagbag.py:545} INFO - Filling up the DagBag from /home/airflow/.local/lib/python3.12/site-packages/airflow/example_dags/example_dag_decorator.py
[2024-07-03T14:31:05.731+0000] {processor.py:840} INFO - DAG(s) 'example_dag_decorator' retrieved from /home/airflow/.local/lib/python3.12/site-packages/airflow/example_dags/example_dag_decorator.py
[2024-07-03T14:31:05.844+0000] {logging_mixin.py:188} INFO - [2024-07-03T14:31:05.844+0000] {dag.py:3096} INFO - Sync 1 DAGs
[2024-07-03T14:31:05.854+0000] {logging_mixin.py:188} INFO - [2024-07-03T14:31:05.853+0000] {dag.py:3954} INFO - Setting next_dagrun for example_dag_decorator to None, run_after=None
[2024-07-03T14:31:05.871+0000] {processor.py:183} INFO - Processing /home/airflow/.local/lib/python3.12/site-packages/airflow/example_dags/example_dag_decorator.py took 0.267 seconds
[2024-07-03T14:31:36.019+0000] {processor.py:161} INFO - Started process (PID=451) to work on /home/airflow/.local/lib/python3.12/site-packages/airflow/example_dags/example_dag_decorator.py
[2024-07-03T14:31:36.020+0000] {processor.py:830} INFO - Processing file /home/airflow/.local/lib/python3.12/site-packages/airflow/example_dags/example_dag_decorator.py for tasks to queue
[2024-07-03T14:31:36.022+0000] {logging_mixin.py:188} INFO - [2024-07-03T14:31:36.022+0000] {dagbag.py:545} INFO - Filling up the DagBag from /home/airflow/.local/lib/python3.12/site-packages/airflow/example_dags/example_dag_decorator.py
[2024-07-03T14:31:36.169+0000] {processor.py:840} INFO - DAG(s) 'example_dag_decorator' retrieved from /home/airflow/.local/lib/python3.12/site-packages/airflow/example_dags/example_dag_decorator.py
[2024-07-03T14:31:36.282+0000] {logging_mixin.py:188} INFO - [2024-07-03T14:31:36.282+0000] {dag.py:3096} INFO - Sync 1 DAGs
[2024-07-03T14:31:36.293+0000] {logging_mixin.py:188} INFO - [2024-07-03T14:31:36.293+0000] {dag.py:3954} INFO - Setting next_dagrun for example_dag_decorator to None, run_after=None
[2024-07-03T14:31:36.310+0000] {processor.py:183} INFO - Processing /home/airflow/.local/lib/python3.12/site-packages/airflow/example_dags/example_dag_decorator.py took 0.297 seconds
[2024-07-03T14:32:06.770+0000] {processor.py:161} INFO - Started process (PID=509) to work on /home/airflow/.local/lib/python3.12/site-packages/airflow/example_dags/example_dag_decorator.py
[2024-07-03T14:32:06.772+0000] {processor.py:830} INFO - Processing file /home/airflow/.local/lib/python3.12/site-packages/airflow/example_dags/example_dag_decorator.py for tasks to queue
[2024-07-03T14:32:06.789+0000] {logging_mixin.py:188} INFO - [2024-07-03T14:32:06.788+0000] {dagbag.py:545} INFO - Filling up the DagBag from /home/airflow/.local/lib/python3.12/site-packages/airflow/example_dags/example_dag_decorator.py
[2024-07-03T14:32:07.062+0000] {processor.py:840} INFO - DAG(s) 'example_dag_decorator' retrieved from /home/airflow/.local/lib/python3.12/site-packages/airflow/example_dags/example_dag_decorator.py
[2024-07-03T14:32:07.357+0000] {logging_mixin.py:188} INFO - [2024-07-03T14:32:07.356+0000] {dag.py:3096} INFO - Sync 1 DAGs
[2024-07-03T14:32:07.391+0000] {logging_mixin.py:188} INFO - [2024-07-03T14:32:07.391+0000] {dag.py:3954} INFO - Setting next_dagrun for example_dag_decorator to None, run_after=None
[2024-07-03T14:32:07.445+0000] {processor.py:183} INFO - Processing /home/airflow/.local/lib/python3.12/site-packages/airflow/example_dags/example_dag_decorator.py took 0.798 seconds
[2024-07-03T14:32:37.500+0000] {processor.py:161} INFO - Started process (PID=565) to work on /home/airflow/.local/lib/python3.12/site-packages/airflow/example_dags/example_dag_decorator.py
[2024-07-03T14:32:37.502+0000] {processor.py:830} INFO - Processing file /home/airflow/.local/lib/python3.12/site-packages/airflow/example_dags/example_dag_decorator.py for tasks to queue
[2024-07-03T14:32:37.504+0000] {logging_mixin.py:188} INFO - [2024-07-03T14:32:37.503+0000] {dagbag.py:545} INFO - Filling up the DagBag from /home/airflow/.local/lib/python3.12/site-packages/airflow/example_dags/example_dag_decorator.py
[2024-07-03T14:32:37.628+0000] {processor.py:840} INFO - DAG(s) 'example_dag_decorator' retrieved from /home/airflow/.local/lib/python3.12/site-packages/airflow/example_dags/example_dag_decorator.py
[2024-07-03T14:32:37.734+0000] {logging_mixin.py:188} INFO - [2024-07-03T14:32:37.734+0000] {dag.py:3096} INFO - Sync 1 DAGs
[2024-07-03T14:32:37.744+0000] {logging_mixin.py:188} INFO - [2024-07-03T14:32:37.744+0000] {dag.py:3954} INFO - Setting next_dagrun for example_dag_decorator to None, run_after=None
[2024-07-03T14:32:37.762+0000] {processor.py:183} INFO - Processing /home/airflow/.local/lib/python3.12/site-packages/airflow/example_dags/example_dag_decorator.py took 0.268 seconds
[2024-07-03T14:33:07.848+0000] {processor.py:161} INFO - Started process (PID=625) to work on /home/airflow/.local/lib/python3.12/site-packages/airflow/example_dags/example_dag_decorator.py
[2024-07-03T14:33:07.849+0000] {processor.py:830} INFO - Processing file /home/airflow/.local/lib/python3.12/site-packages/airflow/example_dags/example_dag_decorator.py for tasks to queue
[2024-07-03T14:33:07.850+0000] {logging_mixin.py:188} INFO - [2024-07-03T14:33:07.850+0000] {dagbag.py:545} INFO - Filling up the DagBag from /home/airflow/.local/lib/python3.12/site-packages/airflow/example_dags/example_dag_decorator.py
[2024-07-03T14:33:08.236+0000] {processor.py:840} INFO - DAG(s) 'example_dag_decorator' retrieved from /home/airflow/.local/lib/python3.12/site-packages/airflow/example_dags/example_dag_decorator.py
[2024-07-03T14:33:08.609+0000] {logging_mixin.py:188} INFO - [2024-07-03T14:33:08.609+0000] {dag.py:3096} INFO - Sync 1 DAGs
[2024-07-03T14:33:08.621+0000] {logging_mixin.py:188} INFO - [2024-07-03T14:33:08.621+0000] {dag.py:3954} INFO - Setting next_dagrun for example_dag_decorator to None, run_after=None
[2024-07-03T14:33:09.687+0000] {processor.py:183} INFO - Processing /home/airflow/.local/lib/python3.12/site-packages/airflow/example_dags/example_dag_decorator.py took 1.845 seconds
[2024-07-03T14:34:01.752+0000] {processor.py:161} INFO - Started process (PID=682) to work on /home/airflow/.local/lib/python3.12/site-packages/airflow/example_dags/example_dag_decorator.py
[2024-07-03T14:34:01.756+0000] {processor.py:830} INFO - Processing file /home/airflow/.local/lib/python3.12/site-packages/airflow/example_dags/example_dag_decorator.py for tasks to queue
[2024-07-03T14:34:01.761+0000] {logging_mixin.py:188} INFO - [2024-07-03T14:34:01.761+0000] {dagbag.py:545} INFO - Filling up the DagBag from /home/airflow/.local/lib/python3.12/site-packages/airflow/example_dags/example_dag_decorator.py
[2024-07-03T14:34:05.224+0000] {processor.py:840} INFO - DAG(s) 'example_dag_decorator' retrieved from /home/airflow/.local/lib/python3.12/site-packages/airflow/example_dags/example_dag_decorator.py
[2024-07-03T14:34:05.316+0000] {logging_mixin.py:188} INFO - [2024-07-03T14:34:05.315+0000] {dag.py:3096} INFO - Sync 1 DAGs
[2024-07-03T14:34:05.503+0000] {logging_mixin.py:188} INFO - [2024-07-03T14:34:05.499+0000] {dag.py:3954} INFO - Setting next_dagrun for example_dag_decorator to None, run_after=None
[2024-07-03T14:34:05.640+0000] {processor.py:183} INFO - Processing /home/airflow/.local/lib/python3.12/site-packages/airflow/example_dags/example_dag_decorator.py took 3.924 seconds
[2024-07-03T14:34:35.747+0000] {processor.py:161} INFO - Started process (PID=743) to work on /home/airflow/.local/lib/python3.12/site-packages/airflow/example_dags/example_dag_decorator.py
[2024-07-03T14:34:35.748+0000] {processor.py:830} INFO - Processing file /home/airflow/.local/lib/python3.12/site-packages/airflow/example_dags/example_dag_decorator.py for tasks to queue
[2024-07-03T14:34:35.749+0000] {logging_mixin.py:188} INFO - [2024-07-03T14:34:35.749+0000] {dagbag.py:545} INFO - Filling up the DagBag from /home/airflow/.local/lib/python3.12/site-packages/airflow/example_dags/example_dag_decorator.py
[2024-07-03T14:34:35.869+0000] {processor.py:840} INFO - DAG(s) 'example_dag_decorator' retrieved from /home/airflow/.local/lib/python3.12/site-packages/airflow/example_dags/example_dag_decorator.py
[2024-07-03T14:34:36.111+0000] {logging_mixin.py:188} INFO - [2024-07-03T14:34:36.111+0000] {dag.py:3096} INFO - Sync 1 DAGs
[2024-07-03T14:34:36.119+0000] {logging_mixin.py:188} INFO - [2024-07-03T14:34:36.119+0000] {dag.py:3954} INFO - Setting next_dagrun for example_dag_decorator to None, run_after=None
[2024-07-03T14:34:36.139+0000] {processor.py:183} INFO - Processing /home/airflow/.local/lib/python3.12/site-packages/airflow/example_dags/example_dag_decorator.py took 0.397 seconds
[2024-07-03T14:35:06.910+0000] {processor.py:161} INFO - Started process (PID=803) to work on /home/airflow/.local/lib/python3.12/site-packages/airflow/example_dags/example_dag_decorator.py
[2024-07-03T14:35:06.912+0000] {processor.py:830} INFO - Processing file /home/airflow/.local/lib/python3.12/site-packages/airflow/example_dags/example_dag_decorator.py for tasks to queue
[2024-07-03T14:35:06.924+0000] {logging_mixin.py:188} INFO - [2024-07-03T14:35:06.924+0000] {dagbag.py:545} INFO - Filling up the DagBag from /home/airflow/.local/lib/python3.12/site-packages/airflow/example_dags/example_dag_decorator.py
[2024-07-03T14:35:07.495+0000] {processor.py:840} INFO - DAG(s) 'example_dag_decorator' retrieved from /home/airflow/.local/lib/python3.12/site-packages/airflow/example_dags/example_dag_decorator.py
[2024-07-03T14:35:09.363+0000] {logging_mixin.py:188} INFO - [2024-07-03T14:35:09.362+0000] {dag.py:3096} INFO - Sync 1 DAGs
[2024-07-03T14:35:09.376+0000] {logging_mixin.py:188} INFO - [2024-07-03T14:35:09.376+0000] {dag.py:3954} INFO - Setting next_dagrun for example_dag_decorator to None, run_after=None
[2024-07-03T14:35:09.404+0000] {processor.py:183} INFO - Processing /home/airflow/.local/lib/python3.12/site-packages/airflow/example_dags/example_dag_decorator.py took 2.518 seconds
