[2024-07-03T14:27:52.048+0000] {processor.py:161} INFO - Started process (PID=34) to work on /home/airflow/.local/lib/python3.12/site-packages/airflow/example_dags/example_sla_dag.py
[2024-07-03T14:27:52.049+0000] {processor.py:830} INFO - Processing file /home/airflow/.local/lib/python3.12/site-packages/airflow/example_dags/example_sla_dag.py for tasks to queue
[2024-07-03T14:27:52.061+0000] {logging_mixin.py:188} INFO - [2024-07-03T14:27:52.060+0000] {dagbag.py:545} INFO - Filling up the DagBag from /home/airflow/.local/lib/python3.12/site-packages/airflow/example_dags/example_sla_dag.py
[2024-07-03T14:27:52.084+0000] {processor.py:840} INFO - DAG(s) 'example_sla_dag' retrieved from /home/airflow/.local/lib/python3.12/site-packages/airflow/example_dags/example_sla_dag.py
[2024-07-03T14:27:52.478+0000] {logging_mixin.py:188} INFO - [2024-07-03T14:27:52.478+0000] {dag.py:3096} INFO - Sync 1 DAGs
[2024-07-03T14:27:52.535+0000] {logging_mixin.py:188} INFO - [2024-07-03T14:27:52.535+0000] {dag.py:3954} INFO - Setting next_dagrun for example_sla_dag to 2024-07-03 14:24:00+00:00, run_after=2024-07-03 14:26:00+00:00
[2024-07-03T14:27:52.617+0000] {processor.py:183} INFO - Processing /home/airflow/.local/lib/python3.12/site-packages/airflow/example_dags/example_sla_dag.py took 0.596 seconds
[2024-07-03T14:28:23.035+0000] {processor.py:161} INFO - Started process (PID=92) to work on /home/airflow/.local/lib/python3.12/site-packages/airflow/example_dags/example_sla_dag.py
[2024-07-03T14:28:23.046+0000] {processor.py:830} INFO - Processing file /home/airflow/.local/lib/python3.12/site-packages/airflow/example_dags/example_sla_dag.py for tasks to queue
[2024-07-03T14:28:23.049+0000] {logging_mixin.py:188} INFO - [2024-07-03T14:28:23.049+0000] {dagbag.py:545} INFO - Filling up the DagBag from /home/airflow/.local/lib/python3.12/site-packages/airflow/example_dags/example_sla_dag.py
[2024-07-03T14:28:23.064+0000] {processor.py:840} INFO - DAG(s) 'example_sla_dag' retrieved from /home/airflow/.local/lib/python3.12/site-packages/airflow/example_dags/example_sla_dag.py
[2024-07-03T14:28:23.112+0000] {logging_mixin.py:188} INFO - [2024-07-03T14:28:23.112+0000] {dag.py:3096} INFO - Sync 1 DAGs
[2024-07-03T14:28:23.162+0000] {logging_mixin.py:188} INFO - [2024-07-03T14:28:23.161+0000] {dag.py:3954} INFO - Setting next_dagrun for example_sla_dag to 2024-07-03 14:26:00+00:00, run_after=2024-07-03 14:28:00+00:00
[2024-07-03T14:28:23.197+0000] {processor.py:183} INFO - Processing /home/airflow/.local/lib/python3.12/site-packages/airflow/example_dags/example_sla_dag.py took 0.170 seconds
[2024-07-03T14:28:53.256+0000] {processor.py:161} INFO - Started process (PID=149) to work on /home/airflow/.local/lib/python3.12/site-packages/airflow/example_dags/example_sla_dag.py
[2024-07-03T14:28:53.257+0000] {processor.py:830} INFO - Processing file /home/airflow/.local/lib/python3.12/site-packages/airflow/example_dags/example_sla_dag.py for tasks to queue
[2024-07-03T14:28:53.259+0000] {logging_mixin.py:188} INFO - [2024-07-03T14:28:53.259+0000] {dagbag.py:545} INFO - Filling up the DagBag from /home/airflow/.local/lib/python3.12/site-packages/airflow/example_dags/example_sla_dag.py
[2024-07-03T14:28:53.266+0000] {processor.py:840} INFO - DAG(s) 'example_sla_dag' retrieved from /home/airflow/.local/lib/python3.12/site-packages/airflow/example_dags/example_sla_dag.py
[2024-07-03T14:28:53.286+0000] {logging_mixin.py:188} INFO - [2024-07-03T14:28:53.286+0000] {dag.py:3096} INFO - Sync 1 DAGs
[2024-07-03T14:28:53.312+0000] {logging_mixin.py:188} INFO - [2024-07-03T14:28:53.312+0000] {dag.py:3954} INFO - Setting next_dagrun for example_sla_dag to 2024-07-03 14:26:00+00:00, run_after=2024-07-03 14:28:00+00:00
[2024-07-03T14:28:53.331+0000] {processor.py:183} INFO - Processing /home/airflow/.local/lib/python3.12/site-packages/airflow/example_dags/example_sla_dag.py took 0.080 seconds
[2024-07-03T14:29:23.618+0000] {processor.py:161} INFO - Started process (PID=208) to work on /home/airflow/.local/lib/python3.12/site-packages/airflow/example_dags/example_sla_dag.py
[2024-07-03T14:29:23.619+0000] {processor.py:830} INFO - Processing file /home/airflow/.local/lib/python3.12/site-packages/airflow/example_dags/example_sla_dag.py for tasks to queue
[2024-07-03T14:29:23.625+0000] {logging_mixin.py:188} INFO - [2024-07-03T14:29:23.624+0000] {dagbag.py:545} INFO - Filling up the DagBag from /home/airflow/.local/lib/python3.12/site-packages/airflow/example_dags/example_sla_dag.py
[2024-07-03T14:29:23.636+0000] {processor.py:840} INFO - DAG(s) 'example_sla_dag' retrieved from /home/airflow/.local/lib/python3.12/site-packages/airflow/example_dags/example_sla_dag.py
[2024-07-03T14:29:23.654+0000] {logging_mixin.py:188} INFO - [2024-07-03T14:29:23.654+0000] {dag.py:3096} INFO - Sync 1 DAGs
[2024-07-03T14:29:23.679+0000] {logging_mixin.py:188} INFO - [2024-07-03T14:29:23.678+0000] {dag.py:3954} INFO - Setting next_dagrun for example_sla_dag to 2024-07-03 14:26:00+00:00, run_after=2024-07-03 14:28:00+00:00
[2024-07-03T14:29:23.697+0000] {processor.py:183} INFO - Processing /home/airflow/.local/lib/python3.12/site-packages/airflow/example_dags/example_sla_dag.py took 0.084 seconds
[2024-07-03T14:29:54.018+0000] {processor.py:161} INFO - Started process (PID=266) to work on /home/airflow/.local/lib/python3.12/site-packages/airflow/example_dags/example_sla_dag.py
[2024-07-03T14:29:54.019+0000] {processor.py:830} INFO - Processing file /home/airflow/.local/lib/python3.12/site-packages/airflow/example_dags/example_sla_dag.py for tasks to queue
[2024-07-03T14:29:54.021+0000] {logging_mixin.py:188} INFO - [2024-07-03T14:29:54.021+0000] {dagbag.py:545} INFO - Filling up the DagBag from /home/airflow/.local/lib/python3.12/site-packages/airflow/example_dags/example_sla_dag.py
[2024-07-03T14:29:54.028+0000] {processor.py:840} INFO - DAG(s) 'example_sla_dag' retrieved from /home/airflow/.local/lib/python3.12/site-packages/airflow/example_dags/example_sla_dag.py
[2024-07-03T14:29:54.048+0000] {logging_mixin.py:188} INFO - [2024-07-03T14:29:54.048+0000] {dag.py:3096} INFO - Sync 1 DAGs
[2024-07-03T14:29:54.069+0000] {logging_mixin.py:188} INFO - [2024-07-03T14:29:54.068+0000] {dag.py:3954} INFO - Setting next_dagrun for example_sla_dag to 2024-07-03 14:26:00+00:00, run_after=2024-07-03 14:28:00+00:00
[2024-07-03T14:29:54.092+0000] {processor.py:183} INFO - Processing /home/airflow/.local/lib/python3.12/site-packages/airflow/example_dags/example_sla_dag.py took 0.079 seconds
[2024-07-03T14:30:30.013+0000] {processor.py:161} INFO - Started process (PID=324) to work on /home/airflow/.local/lib/python3.12/site-packages/airflow/example_dags/example_sla_dag.py
[2024-07-03T14:30:30.017+0000] {processor.py:830} INFO - Processing file /home/airflow/.local/lib/python3.12/site-packages/airflow/example_dags/example_sla_dag.py for tasks to queue
[2024-07-03T14:30:30.023+0000] {logging_mixin.py:188} INFO - [2024-07-03T14:30:30.022+0000] {dagbag.py:545} INFO - Filling up the DagBag from /home/airflow/.local/lib/python3.12/site-packages/airflow/example_dags/example_sla_dag.py
[2024-07-03T14:30:30.048+0000] {processor.py:840} INFO - DAG(s) 'example_sla_dag' retrieved from /home/airflow/.local/lib/python3.12/site-packages/airflow/example_dags/example_sla_dag.py
[2024-07-03T14:30:30.092+0000] {logging_mixin.py:188} INFO - [2024-07-03T14:30:30.092+0000] {dag.py:3096} INFO - Sync 1 DAGs
[2024-07-03T14:30:30.191+0000] {logging_mixin.py:188} INFO - [2024-07-03T14:30:30.191+0000] {dag.py:3954} INFO - Setting next_dagrun for example_sla_dag to 2024-07-03 14:28:00+00:00, run_after=2024-07-03 14:30:00+00:00
[2024-07-03T14:30:30.302+0000] {processor.py:183} INFO - Processing /home/airflow/.local/lib/python3.12/site-packages/airflow/example_dags/example_sla_dag.py took 0.301 seconds
[2024-07-03T14:31:00.832+0000] {processor.py:161} INFO - Started process (PID=380) to work on /home/airflow/.local/lib/python3.12/site-packages/airflow/example_dags/example_sla_dag.py
[2024-07-03T14:31:00.854+0000] {processor.py:830} INFO - Processing file /home/airflow/.local/lib/python3.12/site-packages/airflow/example_dags/example_sla_dag.py for tasks to queue
[2024-07-03T14:31:00.861+0000] {logging_mixin.py:188} INFO - [2024-07-03T14:31:00.861+0000] {dagbag.py:545} INFO - Filling up the DagBag from /home/airflow/.local/lib/python3.12/site-packages/airflow/example_dags/example_sla_dag.py
[2024-07-03T14:31:00.894+0000] {processor.py:840} INFO - DAG(s) 'example_sla_dag' retrieved from /home/airflow/.local/lib/python3.12/site-packages/airflow/example_dags/example_sla_dag.py
[2024-07-03T14:31:00.937+0000] {logging_mixin.py:188} INFO - [2024-07-03T14:31:00.936+0000] {dag.py:3096} INFO - Sync 1 DAGs
[2024-07-03T14:31:00.983+0000] {logging_mixin.py:188} INFO - [2024-07-03T14:31:00.983+0000] {dag.py:3954} INFO - Setting next_dagrun for example_sla_dag to 2024-07-03 14:28:00+00:00, run_after=2024-07-03 14:30:00+00:00
[2024-07-03T14:31:01.040+0000] {processor.py:183} INFO - Processing /home/airflow/.local/lib/python3.12/site-packages/airflow/example_dags/example_sla_dag.py took 0.256 seconds
[2024-07-03T14:31:31.942+0000] {processor.py:161} INFO - Started process (PID=439) to work on /home/airflow/.local/lib/python3.12/site-packages/airflow/example_dags/example_sla_dag.py
[2024-07-03T14:31:31.946+0000] {processor.py:830} INFO - Processing file /home/airflow/.local/lib/python3.12/site-packages/airflow/example_dags/example_sla_dag.py for tasks to queue
[2024-07-03T14:31:31.962+0000] {logging_mixin.py:188} INFO - [2024-07-03T14:31:31.961+0000] {dagbag.py:545} INFO - Filling up the DagBag from /home/airflow/.local/lib/python3.12/site-packages/airflow/example_dags/example_sla_dag.py
[2024-07-03T14:31:31.977+0000] {processor.py:840} INFO - DAG(s) 'example_sla_dag' retrieved from /home/airflow/.local/lib/python3.12/site-packages/airflow/example_dags/example_sla_dag.py
[2024-07-03T14:31:32.257+0000] {logging_mixin.py:188} INFO - [2024-07-03T14:31:32.257+0000] {dag.py:3096} INFO - Sync 1 DAGs
[2024-07-03T14:31:32.424+0000] {logging_mixin.py:188} INFO - [2024-07-03T14:31:32.424+0000] {dag.py:3954} INFO - Setting next_dagrun for example_sla_dag to 2024-07-03 14:28:00+00:00, run_after=2024-07-03 14:30:00+00:00
[2024-07-03T14:31:32.624+0000] {processor.py:183} INFO - Processing /home/airflow/.local/lib/python3.12/site-packages/airflow/example_dags/example_sla_dag.py took 0.699 seconds
[2024-07-03T14:32:03.229+0000] {processor.py:161} INFO - Started process (PID=497) to work on /home/airflow/.local/lib/python3.12/site-packages/airflow/example_dags/example_sla_dag.py
[2024-07-03T14:32:03.230+0000] {processor.py:830} INFO - Processing file /home/airflow/.local/lib/python3.12/site-packages/airflow/example_dags/example_sla_dag.py for tasks to queue
[2024-07-03T14:32:03.232+0000] {logging_mixin.py:188} INFO - [2024-07-03T14:32:03.232+0000] {dagbag.py:545} INFO - Filling up the DagBag from /home/airflow/.local/lib/python3.12/site-packages/airflow/example_dags/example_sla_dag.py
[2024-07-03T14:32:03.239+0000] {processor.py:840} INFO - DAG(s) 'example_sla_dag' retrieved from /home/airflow/.local/lib/python3.12/site-packages/airflow/example_dags/example_sla_dag.py
[2024-07-03T14:32:03.263+0000] {logging_mixin.py:188} INFO - [2024-07-03T14:32:03.263+0000] {dag.py:3096} INFO - Sync 1 DAGs
[2024-07-03T14:32:03.305+0000] {logging_mixin.py:188} INFO - [2024-07-03T14:32:03.305+0000] {dag.py:3954} INFO - Setting next_dagrun for example_sla_dag to 2024-07-03 14:30:00+00:00, run_after=2024-07-03 14:32:00+00:00
[2024-07-03T14:32:03.333+0000] {processor.py:183} INFO - Processing /home/airflow/.local/lib/python3.12/site-packages/airflow/example_dags/example_sla_dag.py took 0.110 seconds
[2024-07-03T14:32:33.841+0000] {processor.py:161} INFO - Started process (PID=555) to work on /home/airflow/.local/lib/python3.12/site-packages/airflow/example_dags/example_sla_dag.py
[2024-07-03T14:32:33.842+0000] {processor.py:830} INFO - Processing file /home/airflow/.local/lib/python3.12/site-packages/airflow/example_dags/example_sla_dag.py for tasks to queue
[2024-07-03T14:32:33.844+0000] {logging_mixin.py:188} INFO - [2024-07-03T14:32:33.844+0000] {dagbag.py:545} INFO - Filling up the DagBag from /home/airflow/.local/lib/python3.12/site-packages/airflow/example_dags/example_sla_dag.py
[2024-07-03T14:32:33.855+0000] {processor.py:840} INFO - DAG(s) 'example_sla_dag' retrieved from /home/airflow/.local/lib/python3.12/site-packages/airflow/example_dags/example_sla_dag.py
[2024-07-03T14:32:33.874+0000] {logging_mixin.py:188} INFO - [2024-07-03T14:32:33.874+0000] {dag.py:3096} INFO - Sync 1 DAGs
[2024-07-03T14:32:33.909+0000] {logging_mixin.py:188} INFO - [2024-07-03T14:32:33.908+0000] {dag.py:3954} INFO - Setting next_dagrun for example_sla_dag to 2024-07-03 14:30:00+00:00, run_after=2024-07-03 14:32:00+00:00
[2024-07-03T14:32:33.925+0000] {processor.py:183} INFO - Processing /home/airflow/.local/lib/python3.12/site-packages/airflow/example_dags/example_sla_dag.py took 0.089 seconds
[2024-07-03T14:33:04.699+0000] {processor.py:161} INFO - Started process (PID=613) to work on /home/airflow/.local/lib/python3.12/site-packages/airflow/example_dags/example_sla_dag.py
[2024-07-03T14:33:04.701+0000] {processor.py:830} INFO - Processing file /home/airflow/.local/lib/python3.12/site-packages/airflow/example_dags/example_sla_dag.py for tasks to queue
[2024-07-03T14:33:04.704+0000] {logging_mixin.py:188} INFO - [2024-07-03T14:33:04.702+0000] {dagbag.py:545} INFO - Filling up the DagBag from /home/airflow/.local/lib/python3.12/site-packages/airflow/example_dags/example_sla_dag.py
[2024-07-03T14:33:04.716+0000] {processor.py:840} INFO - DAG(s) 'example_sla_dag' retrieved from /home/airflow/.local/lib/python3.12/site-packages/airflow/example_dags/example_sla_dag.py
[2024-07-03T14:33:04.748+0000] {logging_mixin.py:188} INFO - [2024-07-03T14:33:04.747+0000] {dag.py:3096} INFO - Sync 1 DAGs
[2024-07-03T14:33:04.781+0000] {logging_mixin.py:188} INFO - [2024-07-03T14:33:04.781+0000] {dag.py:3954} INFO - Setting next_dagrun for example_sla_dag to 2024-07-03 14:30:00+00:00, run_after=2024-07-03 14:32:00+00:00
[2024-07-03T14:33:04.801+0000] {processor.py:183} INFO - Processing /home/airflow/.local/lib/python3.12/site-packages/airflow/example_dags/example_sla_dag.py took 0.109 seconds
[2024-07-03T14:33:57.330+0000] {processor.py:161} INFO - Started process (PID=678) to work on /home/airflow/.local/lib/python3.12/site-packages/airflow/example_dags/example_sla_dag.py
[2024-07-03T14:33:57.396+0000] {processor.py:830} INFO - Processing file /home/airflow/.local/lib/python3.12/site-packages/airflow/example_dags/example_sla_dag.py for tasks to queue
[2024-07-03T14:33:57.415+0000] {logging_mixin.py:188} INFO - [2024-07-03T14:33:57.403+0000] {dagbag.py:545} INFO - Filling up the DagBag from /home/airflow/.local/lib/python3.12/site-packages/airflow/example_dags/example_sla_dag.py
[2024-07-03T14:33:57.647+0000] {processor.py:840} INFO - DAG(s) 'example_sla_dag' retrieved from /home/airflow/.local/lib/python3.12/site-packages/airflow/example_dags/example_sla_dag.py
[2024-07-03T14:33:58.060+0000] {logging_mixin.py:188} INFO - [2024-07-03T14:33:58.050+0000] {dag.py:3096} INFO - Sync 1 DAGs
[2024-07-03T14:33:59.072+0000] {logging_mixin.py:188} INFO - [2024-07-03T14:33:59.043+0000] {dag.py:3954} INFO - Setting next_dagrun for example_sla_dag to 2024-07-03 14:30:00+00:00, run_after=2024-07-03 14:32:00+00:00
[2024-07-03T14:33:59.766+0000] {processor.py:183} INFO - Processing /home/airflow/.local/lib/python3.12/site-packages/airflow/example_dags/example_sla_dag.py took 2.658 seconds
[2024-07-03T14:34:30.294+0000] {processor.py:161} INFO - Started process (PID=737) to work on /home/airflow/.local/lib/python3.12/site-packages/airflow/example_dags/example_sla_dag.py
[2024-07-03T14:34:30.295+0000] {processor.py:830} INFO - Processing file /home/airflow/.local/lib/python3.12/site-packages/airflow/example_dags/example_sla_dag.py for tasks to queue
[2024-07-03T14:34:30.297+0000] {logging_mixin.py:188} INFO - [2024-07-03T14:34:30.296+0000] {dagbag.py:545} INFO - Filling up the DagBag from /home/airflow/.local/lib/python3.12/site-packages/airflow/example_dags/example_sla_dag.py
[2024-07-03T14:34:30.306+0000] {processor.py:840} INFO - DAG(s) 'example_sla_dag' retrieved from /home/airflow/.local/lib/python3.12/site-packages/airflow/example_dags/example_sla_dag.py
[2024-07-03T14:34:30.327+0000] {logging_mixin.py:188} INFO - [2024-07-03T14:34:30.327+0000] {dag.py:3096} INFO - Sync 1 DAGs
[2024-07-03T14:34:30.352+0000] {logging_mixin.py:188} INFO - [2024-07-03T14:34:30.351+0000] {dag.py:3954} INFO - Setting next_dagrun for example_sla_dag to 2024-07-03 14:32:00+00:00, run_after=2024-07-03 14:34:00+00:00
[2024-07-03T14:34:30.374+0000] {processor.py:183} INFO - Processing /home/airflow/.local/lib/python3.12/site-packages/airflow/example_dags/example_sla_dag.py took 0.086 seconds
[2024-07-03T14:35:00.902+0000] {processor.py:161} INFO - Started process (PID=795) to work on /home/airflow/.local/lib/python3.12/site-packages/airflow/example_dags/example_sla_dag.py
[2024-07-03T14:35:00.907+0000] {processor.py:830} INFO - Processing file /home/airflow/.local/lib/python3.12/site-packages/airflow/example_dags/example_sla_dag.py for tasks to queue
[2024-07-03T14:35:00.909+0000] {logging_mixin.py:188} INFO - [2024-07-03T14:35:00.908+0000] {dagbag.py:545} INFO - Filling up the DagBag from /home/airflow/.local/lib/python3.12/site-packages/airflow/example_dags/example_sla_dag.py
[2024-07-03T14:35:00.933+0000] {processor.py:840} INFO - DAG(s) 'example_sla_dag' retrieved from /home/airflow/.local/lib/python3.12/site-packages/airflow/example_dags/example_sla_dag.py
[2024-07-03T14:35:01.002+0000] {logging_mixin.py:188} INFO - [2024-07-03T14:35:01.001+0000] {dag.py:3096} INFO - Sync 1 DAGs
[2024-07-03T14:35:01.155+0000] {logging_mixin.py:188} INFO - [2024-07-03T14:35:01.155+0000] {dag.py:3954} INFO - Setting next_dagrun for example_sla_dag to 2024-07-03 14:32:00+00:00, run_after=2024-07-03 14:34:00+00:00
[2024-07-03T14:35:01.210+0000] {processor.py:183} INFO - Processing /home/airflow/.local/lib/python3.12/site-packages/airflow/example_dags/example_sla_dag.py took 0.319 seconds
