[2024-07-03T14:28:06.846+0000] {processor.py:161} INFO - Started process (PID=63) to work on /home/airflow/.local/lib/python3.12/site-packages/airflow/example_dags/example_short_circuit_operator.py
[2024-07-03T14:28:06.856+0000] {processor.py:830} INFO - Processing file /home/airflow/.local/lib/python3.12/site-packages/airflow/example_dags/example_short_circuit_operator.py for tasks to queue
[2024-07-03T14:28:06.864+0000] {logging_mixin.py:188} INFO - [2024-07-03T14:28:06.860+0000] {dagbag.py:545} INFO - Filling up the DagBag from /home/airflow/.local/lib/python3.12/site-packages/airflow/example_dags/example_short_circuit_operator.py
[2024-07-03T14:28:06.893+0000] {processor.py:840} INFO - DAG(s) 'example_short_circuit_operator' retrieved from /home/airflow/.local/lib/python3.12/site-packages/airflow/example_dags/example_short_circuit_operator.py
[2024-07-03T14:28:07.286+0000] {logging_mixin.py:188} INFO - [2024-07-03T14:28:07.286+0000] {dag.py:3096} INFO - Sync 1 DAGs
[2024-07-03T14:28:07.316+0000] {logging_mixin.py:188} INFO - [2024-07-03T14:28:07.315+0000] {dag.py:3954} INFO - Setting next_dagrun for example_short_circuit_operator to 2024-07-02 00:00:00+00:00, run_after=2024-07-03 00:00:00+00:00
[2024-07-03T14:28:07.363+0000] {processor.py:183} INFO - Processing /home/airflow/.local/lib/python3.12/site-packages/airflow/example_dags/example_short_circuit_operator.py took 0.531 seconds
[2024-07-03T14:28:37.905+0000] {processor.py:161} INFO - Started process (PID=121) to work on /home/airflow/.local/lib/python3.12/site-packages/airflow/example_dags/example_short_circuit_operator.py
[2024-07-03T14:28:37.907+0000] {processor.py:830} INFO - Processing file /home/airflow/.local/lib/python3.12/site-packages/airflow/example_dags/example_short_circuit_operator.py for tasks to queue
[2024-07-03T14:28:37.909+0000] {logging_mixin.py:188} INFO - [2024-07-03T14:28:37.909+0000] {dagbag.py:545} INFO - Filling up the DagBag from /home/airflow/.local/lib/python3.12/site-packages/airflow/example_dags/example_short_circuit_operator.py
[2024-07-03T14:28:37.918+0000] {processor.py:840} INFO - DAG(s) 'example_short_circuit_operator' retrieved from /home/airflow/.local/lib/python3.12/site-packages/airflow/example_dags/example_short_circuit_operator.py
[2024-07-03T14:28:37.947+0000] {logging_mixin.py:188} INFO - [2024-07-03T14:28:37.947+0000] {dag.py:3096} INFO - Sync 1 DAGs
[2024-07-03T14:28:37.967+0000] {logging_mixin.py:188} INFO - [2024-07-03T14:28:37.967+0000] {dag.py:3954} INFO - Setting next_dagrun for example_short_circuit_operator to 2024-07-02 00:00:00+00:00, run_after=2024-07-03 00:00:00+00:00
[2024-07-03T14:28:38.008+0000] {processor.py:183} INFO - Processing /home/airflow/.local/lib/python3.12/site-packages/airflow/example_dags/example_short_circuit_operator.py took 0.116 seconds
[2024-07-03T14:29:09.172+0000] {processor.py:161} INFO - Started process (PID=179) to work on /home/airflow/.local/lib/python3.12/site-packages/airflow/example_dags/example_short_circuit_operator.py
[2024-07-03T14:29:09.174+0000] {processor.py:830} INFO - Processing file /home/airflow/.local/lib/python3.12/site-packages/airflow/example_dags/example_short_circuit_operator.py for tasks to queue
[2024-07-03T14:29:09.180+0000] {logging_mixin.py:188} INFO - [2024-07-03T14:29:09.179+0000] {dagbag.py:545} INFO - Filling up the DagBag from /home/airflow/.local/lib/python3.12/site-packages/airflow/example_dags/example_short_circuit_operator.py
[2024-07-03T14:29:09.194+0000] {processor.py:840} INFO - DAG(s) 'example_short_circuit_operator' retrieved from /home/airflow/.local/lib/python3.12/site-packages/airflow/example_dags/example_short_circuit_operator.py
[2024-07-03T14:29:09.247+0000] {logging_mixin.py:188} INFO - [2024-07-03T14:29:09.246+0000] {dag.py:3096} INFO - Sync 1 DAGs
[2024-07-03T14:29:09.316+0000] {logging_mixin.py:188} INFO - [2024-07-03T14:29:09.315+0000] {dag.py:3954} INFO - Setting next_dagrun for example_short_circuit_operator to 2024-07-02 00:00:00+00:00, run_after=2024-07-03 00:00:00+00:00
[2024-07-03T14:29:09.365+0000] {processor.py:183} INFO - Processing /home/airflow/.local/lib/python3.12/site-packages/airflow/example_dags/example_short_circuit_operator.py took 0.205 seconds
[2024-07-03T14:29:41.312+0000] {processor.py:161} INFO - Started process (PID=237) to work on /home/airflow/.local/lib/python3.12/site-packages/airflow/example_dags/example_short_circuit_operator.py
[2024-07-03T14:29:41.335+0000] {processor.py:830} INFO - Processing file /home/airflow/.local/lib/python3.12/site-packages/airflow/example_dags/example_short_circuit_operator.py for tasks to queue
[2024-07-03T14:29:41.346+0000] {logging_mixin.py:188} INFO - [2024-07-03T14:29:41.345+0000] {dagbag.py:545} INFO - Filling up the DagBag from /home/airflow/.local/lib/python3.12/site-packages/airflow/example_dags/example_short_circuit_operator.py
[2024-07-03T14:29:41.367+0000] {processor.py:840} INFO - DAG(s) 'example_short_circuit_operator' retrieved from /home/airflow/.local/lib/python3.12/site-packages/airflow/example_dags/example_short_circuit_operator.py
[2024-07-03T14:29:41.535+0000] {logging_mixin.py:188} INFO - [2024-07-03T14:29:41.533+0000] {dag.py:3096} INFO - Sync 1 DAGs
[2024-07-03T14:29:41.632+0000] {logging_mixin.py:188} INFO - [2024-07-03T14:29:41.632+0000] {dag.py:3954} INFO - Setting next_dagrun for example_short_circuit_operator to 2024-07-02 00:00:00+00:00, run_after=2024-07-03 00:00:00+00:00
[2024-07-03T14:29:41.735+0000] {processor.py:183} INFO - Processing /home/airflow/.local/lib/python3.12/site-packages/airflow/example_dags/example_short_circuit_operator.py took 0.448 seconds
[2024-07-03T14:30:11.894+0000] {processor.py:161} INFO - Started process (PID=295) to work on /home/airflow/.local/lib/python3.12/site-packages/airflow/example_dags/example_short_circuit_operator.py
[2024-07-03T14:30:11.896+0000] {processor.py:830} INFO - Processing file /home/airflow/.local/lib/python3.12/site-packages/airflow/example_dags/example_short_circuit_operator.py for tasks to queue
[2024-07-03T14:30:11.899+0000] {logging_mixin.py:188} INFO - [2024-07-03T14:30:11.898+0000] {dagbag.py:545} INFO - Filling up the DagBag from /home/airflow/.local/lib/python3.12/site-packages/airflow/example_dags/example_short_circuit_operator.py
[2024-07-03T14:30:11.919+0000] {processor.py:840} INFO - DAG(s) 'example_short_circuit_operator' retrieved from /home/airflow/.local/lib/python3.12/site-packages/airflow/example_dags/example_short_circuit_operator.py
[2024-07-03T14:30:11.963+0000] {logging_mixin.py:188} INFO - [2024-07-03T14:30:11.963+0000] {dag.py:3096} INFO - Sync 1 DAGs
[2024-07-03T14:30:11.997+0000] {logging_mixin.py:188} INFO - [2024-07-03T14:30:11.997+0000] {dag.py:3954} INFO - Setting next_dagrun for example_short_circuit_operator to 2024-07-02 00:00:00+00:00, run_after=2024-07-03 00:00:00+00:00
[2024-07-03T14:30:12.037+0000] {processor.py:183} INFO - Processing /home/airflow/.local/lib/python3.12/site-packages/airflow/example_dags/example_short_circuit_operator.py took 0.155 seconds
[2024-07-03T14:30:42.565+0000] {processor.py:161} INFO - Started process (PID=353) to work on /home/airflow/.local/lib/python3.12/site-packages/airflow/example_dags/example_short_circuit_operator.py
[2024-07-03T14:30:42.567+0000] {processor.py:830} INFO - Processing file /home/airflow/.local/lib/python3.12/site-packages/airflow/example_dags/example_short_circuit_operator.py for tasks to queue
[2024-07-03T14:30:42.568+0000] {logging_mixin.py:188} INFO - [2024-07-03T14:30:42.568+0000] {dagbag.py:545} INFO - Filling up the DagBag from /home/airflow/.local/lib/python3.12/site-packages/airflow/example_dags/example_short_circuit_operator.py
[2024-07-03T14:30:42.575+0000] {processor.py:840} INFO - DAG(s) 'example_short_circuit_operator' retrieved from /home/airflow/.local/lib/python3.12/site-packages/airflow/example_dags/example_short_circuit_operator.py
[2024-07-03T14:30:42.598+0000] {logging_mixin.py:188} INFO - [2024-07-03T14:30:42.598+0000] {dag.py:3096} INFO - Sync 1 DAGs
[2024-07-03T14:30:42.620+0000] {logging_mixin.py:188} INFO - [2024-07-03T14:30:42.619+0000] {dag.py:3954} INFO - Setting next_dagrun for example_short_circuit_operator to 2024-07-02 00:00:00+00:00, run_after=2024-07-03 00:00:00+00:00
[2024-07-03T14:30:42.639+0000] {processor.py:183} INFO - Processing /home/airflow/.local/lib/python3.12/site-packages/airflow/example_dags/example_short_circuit_operator.py took 0.079 seconds
[2024-07-03T14:31:12.711+0000] {processor.py:161} INFO - Started process (PID=410) to work on /home/airflow/.local/lib/python3.12/site-packages/airflow/example_dags/example_short_circuit_operator.py
[2024-07-03T14:31:12.713+0000] {processor.py:830} INFO - Processing file /home/airflow/.local/lib/python3.12/site-packages/airflow/example_dags/example_short_circuit_operator.py for tasks to queue
[2024-07-03T14:31:12.715+0000] {logging_mixin.py:188} INFO - [2024-07-03T14:31:12.714+0000] {dagbag.py:545} INFO - Filling up the DagBag from /home/airflow/.local/lib/python3.12/site-packages/airflow/example_dags/example_short_circuit_operator.py
[2024-07-03T14:31:12.722+0000] {processor.py:840} INFO - DAG(s) 'example_short_circuit_operator' retrieved from /home/airflow/.local/lib/python3.12/site-packages/airflow/example_dags/example_short_circuit_operator.py
[2024-07-03T14:31:12.744+0000] {logging_mixin.py:188} INFO - [2024-07-03T14:31:12.743+0000] {dag.py:3096} INFO - Sync 1 DAGs
[2024-07-03T14:31:12.766+0000] {logging_mixin.py:188} INFO - [2024-07-03T14:31:12.765+0000] {dag.py:3954} INFO - Setting next_dagrun for example_short_circuit_operator to 2024-07-02 00:00:00+00:00, run_after=2024-07-03 00:00:00+00:00
[2024-07-03T14:31:12.789+0000] {processor.py:183} INFO - Processing /home/airflow/.local/lib/python3.12/site-packages/airflow/example_dags/example_short_circuit_operator.py took 0.083 seconds
[2024-07-03T14:31:42.990+0000] {processor.py:161} INFO - Started process (PID=469) to work on /home/airflow/.local/lib/python3.12/site-packages/airflow/example_dags/example_short_circuit_operator.py
[2024-07-03T14:31:42.992+0000] {processor.py:830} INFO - Processing file /home/airflow/.local/lib/python3.12/site-packages/airflow/example_dags/example_short_circuit_operator.py for tasks to queue
[2024-07-03T14:31:42.995+0000] {logging_mixin.py:188} INFO - [2024-07-03T14:31:42.994+0000] {dagbag.py:545} INFO - Filling up the DagBag from /home/airflow/.local/lib/python3.12/site-packages/airflow/example_dags/example_short_circuit_operator.py
[2024-07-03T14:31:43.012+0000] {processor.py:840} INFO - DAG(s) 'example_short_circuit_operator' retrieved from /home/airflow/.local/lib/python3.12/site-packages/airflow/example_dags/example_short_circuit_operator.py
[2024-07-03T14:31:43.047+0000] {logging_mixin.py:188} INFO - [2024-07-03T14:31:43.047+0000] {dag.py:3096} INFO - Sync 1 DAGs
[2024-07-03T14:31:43.122+0000] {logging_mixin.py:188} INFO - [2024-07-03T14:31:43.121+0000] {dag.py:3954} INFO - Setting next_dagrun for example_short_circuit_operator to 2024-07-02 00:00:00+00:00, run_after=2024-07-03 00:00:00+00:00
[2024-07-03T14:31:43.200+0000] {processor.py:183} INFO - Processing /home/airflow/.local/lib/python3.12/site-packages/airflow/example_dags/example_short_circuit_operator.py took 0.223 seconds
[2024-07-03T14:32:13.806+0000] {processor.py:161} INFO - Started process (PID=528) to work on /home/airflow/.local/lib/python3.12/site-packages/airflow/example_dags/example_short_circuit_operator.py
[2024-07-03T14:32:13.807+0000] {processor.py:830} INFO - Processing file /home/airflow/.local/lib/python3.12/site-packages/airflow/example_dags/example_short_circuit_operator.py for tasks to queue
[2024-07-03T14:32:13.809+0000] {logging_mixin.py:188} INFO - [2024-07-03T14:32:13.809+0000] {dagbag.py:545} INFO - Filling up the DagBag from /home/airflow/.local/lib/python3.12/site-packages/airflow/example_dags/example_short_circuit_operator.py
[2024-07-03T14:32:13.816+0000] {processor.py:840} INFO - DAG(s) 'example_short_circuit_operator' retrieved from /home/airflow/.local/lib/python3.12/site-packages/airflow/example_dags/example_short_circuit_operator.py
[2024-07-03T14:32:13.841+0000] {logging_mixin.py:188} INFO - [2024-07-03T14:32:13.841+0000] {dag.py:3096} INFO - Sync 1 DAGs
[2024-07-03T14:32:13.861+0000] {logging_mixin.py:188} INFO - [2024-07-03T14:32:13.861+0000] {dag.py:3954} INFO - Setting next_dagrun for example_short_circuit_operator to 2024-07-02 00:00:00+00:00, run_after=2024-07-03 00:00:00+00:00
[2024-07-03T14:32:13.878+0000] {processor.py:183} INFO - Processing /home/airflow/.local/lib/python3.12/site-packages/airflow/example_dags/example_short_circuit_operator.py took 0.078 seconds
[2024-07-03T14:32:44.559+0000] {processor.py:161} INFO - Started process (PID=586) to work on /home/airflow/.local/lib/python3.12/site-packages/airflow/example_dags/example_short_circuit_operator.py
[2024-07-03T14:32:44.562+0000] {processor.py:830} INFO - Processing file /home/airflow/.local/lib/python3.12/site-packages/airflow/example_dags/example_short_circuit_operator.py for tasks to queue
[2024-07-03T14:32:44.567+0000] {logging_mixin.py:188} INFO - [2024-07-03T14:32:44.566+0000] {dagbag.py:545} INFO - Filling up the DagBag from /home/airflow/.local/lib/python3.12/site-packages/airflow/example_dags/example_short_circuit_operator.py
[2024-07-03T14:32:44.643+0000] {processor.py:840} INFO - DAG(s) 'example_short_circuit_operator' retrieved from /home/airflow/.local/lib/python3.12/site-packages/airflow/example_dags/example_short_circuit_operator.py
[2024-07-03T14:32:44.890+0000] {logging_mixin.py:188} INFO - [2024-07-03T14:32:44.889+0000] {dag.py:3096} INFO - Sync 1 DAGs
[2024-07-03T14:32:45.363+0000] {logging_mixin.py:188} INFO - [2024-07-03T14:32:45.363+0000] {dag.py:3954} INFO - Setting next_dagrun for example_short_circuit_operator to 2024-07-02 00:00:00+00:00, run_after=2024-07-03 00:00:00+00:00
[2024-07-03T14:32:45.583+0000] {processor.py:183} INFO - Processing /home/airflow/.local/lib/python3.12/site-packages/airflow/example_dags/example_short_circuit_operator.py took 1.065 seconds
[2024-07-03T14:33:16.199+0000] {processor.py:161} INFO - Started process (PID=644) to work on /home/airflow/.local/lib/python3.12/site-packages/airflow/example_dags/example_short_circuit_operator.py
[2024-07-03T14:33:16.201+0000] {processor.py:830} INFO - Processing file /home/airflow/.local/lib/python3.12/site-packages/airflow/example_dags/example_short_circuit_operator.py for tasks to queue
[2024-07-03T14:33:16.202+0000] {logging_mixin.py:188} INFO - [2024-07-03T14:33:16.202+0000] {dagbag.py:545} INFO - Filling up the DagBag from /home/airflow/.local/lib/python3.12/site-packages/airflow/example_dags/example_short_circuit_operator.py
[2024-07-03T14:33:16.229+0000] {processor.py:840} INFO - DAG(s) 'example_short_circuit_operator' retrieved from /home/airflow/.local/lib/python3.12/site-packages/airflow/example_dags/example_short_circuit_operator.py
[2024-07-03T14:33:16.299+0000] {logging_mixin.py:188} INFO - [2024-07-03T14:33:16.299+0000] {dag.py:3096} INFO - Sync 1 DAGs
[2024-07-03T14:33:16.374+0000] {logging_mixin.py:188} INFO - [2024-07-03T14:33:16.374+0000] {dag.py:3954} INFO - Setting next_dagrun for example_short_circuit_operator to 2024-07-02 00:00:00+00:00, run_after=2024-07-03 00:00:00+00:00
[2024-07-03T14:33:16.424+0000] {processor.py:183} INFO - Processing /home/airflow/.local/lib/python3.12/site-packages/airflow/example_dags/example_short_circuit_operator.py took 0.236 seconds
[2024-07-03T14:34:10.632+0000] {processor.py:161} INFO - Started process (PID=707) to work on /home/airflow/.local/lib/python3.12/site-packages/airflow/example_dags/example_short_circuit_operator.py
[2024-07-03T14:34:10.634+0000] {processor.py:830} INFO - Processing file /home/airflow/.local/lib/python3.12/site-packages/airflow/example_dags/example_short_circuit_operator.py for tasks to queue
[2024-07-03T14:34:10.635+0000] {logging_mixin.py:188} INFO - [2024-07-03T14:34:10.635+0000] {dagbag.py:545} INFO - Filling up the DagBag from /home/airflow/.local/lib/python3.12/site-packages/airflow/example_dags/example_short_circuit_operator.py
[2024-07-03T14:34:10.646+0000] {processor.py:840} INFO - DAG(s) 'example_short_circuit_operator' retrieved from /home/airflow/.local/lib/python3.12/site-packages/airflow/example_dags/example_short_circuit_operator.py
[2024-07-03T14:34:10.683+0000] {logging_mixin.py:188} INFO - [2024-07-03T14:34:10.683+0000] {dag.py:3096} INFO - Sync 1 DAGs
[2024-07-03T14:34:10.706+0000] {logging_mixin.py:188} INFO - [2024-07-03T14:34:10.706+0000] {dag.py:3954} INFO - Setting next_dagrun for example_short_circuit_operator to 2024-07-02 00:00:00+00:00, run_after=2024-07-03 00:00:00+00:00
[2024-07-03T14:34:10.727+0000] {processor.py:183} INFO - Processing /home/airflow/.local/lib/python3.12/site-packages/airflow/example_dags/example_short_circuit_operator.py took 0.104 seconds
[2024-07-03T14:34:41.175+0000] {processor.py:161} INFO - Started process (PID=767) to work on /home/airflow/.local/lib/python3.12/site-packages/airflow/example_dags/example_short_circuit_operator.py
[2024-07-03T14:34:41.183+0000] {processor.py:830} INFO - Processing file /home/airflow/.local/lib/python3.12/site-packages/airflow/example_dags/example_short_circuit_operator.py for tasks to queue
[2024-07-03T14:34:41.185+0000] {logging_mixin.py:188} INFO - [2024-07-03T14:34:41.184+0000] {dagbag.py:545} INFO - Filling up the DagBag from /home/airflow/.local/lib/python3.12/site-packages/airflow/example_dags/example_short_circuit_operator.py
[2024-07-03T14:34:41.196+0000] {processor.py:840} INFO - DAG(s) 'example_short_circuit_operator' retrieved from /home/airflow/.local/lib/python3.12/site-packages/airflow/example_dags/example_short_circuit_operator.py
[2024-07-03T14:34:41.250+0000] {logging_mixin.py:188} INFO - [2024-07-03T14:34:41.250+0000] {dag.py:3096} INFO - Sync 1 DAGs
[2024-07-03T14:34:41.298+0000] {logging_mixin.py:188} INFO - [2024-07-03T14:34:41.298+0000] {dag.py:3954} INFO - Setting next_dagrun for example_short_circuit_operator to 2024-07-02 00:00:00+00:00, run_after=2024-07-03 00:00:00+00:00
[2024-07-03T14:34:41.351+0000] {processor.py:183} INFO - Processing /home/airflow/.local/lib/python3.12/site-packages/airflow/example_dags/example_short_circuit_operator.py took 0.181 seconds
[2024-07-03T14:35:11.947+0000] {processor.py:161} INFO - Started process (PID=825) to work on /home/airflow/.local/lib/python3.12/site-packages/airflow/example_dags/example_short_circuit_operator.py
[2024-07-03T14:35:11.950+0000] {processor.py:830} INFO - Processing file /home/airflow/.local/lib/python3.12/site-packages/airflow/example_dags/example_short_circuit_operator.py for tasks to queue
[2024-07-03T14:35:11.954+0000] {logging_mixin.py:188} INFO - [2024-07-03T14:35:11.954+0000] {dagbag.py:545} INFO - Filling up the DagBag from /home/airflow/.local/lib/python3.12/site-packages/airflow/example_dags/example_short_circuit_operator.py
[2024-07-03T14:35:11.963+0000] {processor.py:840} INFO - DAG(s) 'example_short_circuit_operator' retrieved from /home/airflow/.local/lib/python3.12/site-packages/airflow/example_dags/example_short_circuit_operator.py
[2024-07-03T14:35:12.023+0000] {logging_mixin.py:188} INFO - [2024-07-03T14:35:12.023+0000] {dag.py:3096} INFO - Sync 1 DAGs
[2024-07-03T14:35:12.071+0000] {logging_mixin.py:188} INFO - [2024-07-03T14:35:12.070+0000] {dag.py:3954} INFO - Setting next_dagrun for example_short_circuit_operator to 2024-07-02 00:00:00+00:00, run_after=2024-07-03 00:00:00+00:00
[2024-07-03T14:35:12.127+0000] {processor.py:183} INFO - Processing /home/airflow/.local/lib/python3.12/site-packages/airflow/example_dags/example_short_circuit_operator.py took 0.185 seconds
