[2024-07-03T14:28:09.460+0000] {processor.py:161} INFO - Started process (PID=72) to work on /home/airflow/.local/lib/python3.12/site-packages/airflow/example_dags/example_subdag_operator.py
[2024-07-03T14:28:09.462+0000] {processor.py:830} INFO - Processing file /home/airflow/.local/lib/python3.12/site-packages/airflow/example_dags/example_subdag_operator.py for tasks to queue
[2024-07-03T14:28:09.466+0000] {logging_mixin.py:188} INFO - [2024-07-03T14:28:09.465+0000] {dagbag.py:545} INFO - Filling up the DagBag from /home/airflow/.local/lib/python3.12/site-packages/airflow/example_dags/example_subdag_operator.py
[2024-07-03T14:28:09.563+0000] {processor.py:840} INFO - DAG(s) 'example_subdag_operator.section-1', 'example_subdag_operator.section-2', 'example_subdag_operator' retrieved from /home/airflow/.local/lib/python3.12/site-packages/airflow/example_dags/example_subdag_operator.py
[2024-07-03T14:28:09.896+0000] {logging_mixin.py:188} INFO - [2024-07-03T14:28:09.896+0000] {dag.py:3096} INFO - Sync 3 DAGs
[2024-07-03T14:28:09.946+0000] {logging_mixin.py:188} INFO - [2024-07-03T14:28:09.946+0000] {dag.py:3954} INFO - Setting next_dagrun for example_subdag_operator to 2022-01-01 00:00:00+00:00, run_after=2022-01-01 00:00:00+00:00
[2024-07-03T14:28:09.961+0000] {logging_mixin.py:188} INFO - [2024-07-03T14:28:09.961+0000] {dag.py:3954} INFO - Setting next_dagrun for example_subdag_operator.section-1 to None, run_after=None
[2024-07-03T14:28:09.964+0000] {logging_mixin.py:188} INFO - [2024-07-03T14:28:09.963+0000] {dag.py:3954} INFO - Setting next_dagrun for example_subdag_operator.section-2 to None, run_after=None
[2024-07-03T14:28:09.989+0000] {logging_mixin.py:188} INFO - [2024-07-03T14:28:09.989+0000] {dag.py:3096} INFO - Sync 2 DAGs
[2024-07-03T14:28:09.994+0000] {logging_mixin.py:188} INFO - [2024-07-03T14:28:09.994+0000] {dag.py:3954} INFO - Setting next_dagrun for example_subdag_operator.section-1 to None, run_after=None
[2024-07-03T14:28:09.995+0000] {logging_mixin.py:188} INFO - [2024-07-03T14:28:09.995+0000] {dag.py:3954} INFO - Setting next_dagrun for example_subdag_operator.section-2 to None, run_after=None
[2024-07-03T14:28:10.008+0000] {processor.py:183} INFO - Processing /home/airflow/.local/lib/python3.12/site-packages/airflow/example_dags/example_subdag_operator.py took 0.557 seconds
[2024-07-03T14:28:40.561+0000] {processor.py:161} INFO - Started process (PID=130) to work on /home/airflow/.local/lib/python3.12/site-packages/airflow/example_dags/example_subdag_operator.py
[2024-07-03T14:28:40.563+0000] {processor.py:830} INFO - Processing file /home/airflow/.local/lib/python3.12/site-packages/airflow/example_dags/example_subdag_operator.py for tasks to queue
[2024-07-03T14:28:40.565+0000] {logging_mixin.py:188} INFO - [2024-07-03T14:28:40.564+0000] {dagbag.py:545} INFO - Filling up the DagBag from /home/airflow/.local/lib/python3.12/site-packages/airflow/example_dags/example_subdag_operator.py
[2024-07-03T14:28:40.596+0000] {processor.py:840} INFO - DAG(s) 'example_subdag_operator.section-1', 'example_subdag_operator.section-2', 'example_subdag_operator' retrieved from /home/airflow/.local/lib/python3.12/site-packages/airflow/example_dags/example_subdag_operator.py
[2024-07-03T14:28:40.612+0000] {logging_mixin.py:188} INFO - [2024-07-03T14:28:40.611+0000] {dag.py:3096} INFO - Sync 3 DAGs
[2024-07-03T14:28:40.635+0000] {logging_mixin.py:188} INFO - [2024-07-03T14:28:40.635+0000] {dag.py:3954} INFO - Setting next_dagrun for example_subdag_operator to 2022-01-01 00:00:00+00:00, run_after=2022-01-01 00:00:00+00:00
[2024-07-03T14:28:40.640+0000] {logging_mixin.py:188} INFO - [2024-07-03T14:28:40.640+0000] {dag.py:3954} INFO - Setting next_dagrun for example_subdag_operator.section-1 to None, run_after=None
[2024-07-03T14:28:40.642+0000] {logging_mixin.py:188} INFO - [2024-07-03T14:28:40.642+0000] {dag.py:3954} INFO - Setting next_dagrun for example_subdag_operator.section-2 to None, run_after=None
[2024-07-03T14:28:40.649+0000] {logging_mixin.py:188} INFO - [2024-07-03T14:28:40.649+0000] {dag.py:3096} INFO - Sync 2 DAGs
[2024-07-03T14:28:40.655+0000] {logging_mixin.py:188} INFO - [2024-07-03T14:28:40.655+0000] {dag.py:3954} INFO - Setting next_dagrun for example_subdag_operator.section-1 to None, run_after=None
[2024-07-03T14:28:40.656+0000] {logging_mixin.py:188} INFO - [2024-07-03T14:28:40.656+0000] {dag.py:3954} INFO - Setting next_dagrun for example_subdag_operator.section-2 to None, run_after=None
[2024-07-03T14:28:40.670+0000] {processor.py:183} INFO - Processing /home/airflow/.local/lib/python3.12/site-packages/airflow/example_dags/example_subdag_operator.py took 0.114 seconds
[2024-07-03T14:29:11.342+0000] {processor.py:161} INFO - Started process (PID=188) to work on /home/airflow/.local/lib/python3.12/site-packages/airflow/example_dags/example_subdag_operator.py
[2024-07-03T14:29:11.344+0000] {processor.py:830} INFO - Processing file /home/airflow/.local/lib/python3.12/site-packages/airflow/example_dags/example_subdag_operator.py for tasks to queue
[2024-07-03T14:29:11.349+0000] {logging_mixin.py:188} INFO - [2024-07-03T14:29:11.347+0000] {dagbag.py:545} INFO - Filling up the DagBag from /home/airflow/.local/lib/python3.12/site-packages/airflow/example_dags/example_subdag_operator.py
[2024-07-03T14:29:11.399+0000] {processor.py:840} INFO - DAG(s) 'example_subdag_operator.section-1', 'example_subdag_operator.section-2', 'example_subdag_operator' retrieved from /home/airflow/.local/lib/python3.12/site-packages/airflow/example_dags/example_subdag_operator.py
[2024-07-03T14:29:11.449+0000] {logging_mixin.py:188} INFO - [2024-07-03T14:29:11.448+0000] {dag.py:3096} INFO - Sync 3 DAGs
[2024-07-03T14:29:11.602+0000] {logging_mixin.py:188} INFO - [2024-07-03T14:29:11.601+0000] {dag.py:3954} INFO - Setting next_dagrun for example_subdag_operator to 2022-01-01 00:00:00+00:00, run_after=2022-01-01 00:00:00+00:00
[2024-07-03T14:29:11.631+0000] {logging_mixin.py:188} INFO - [2024-07-03T14:29:11.621+0000] {dag.py:3954} INFO - Setting next_dagrun for example_subdag_operator.section-1 to None, run_after=None
[2024-07-03T14:29:11.638+0000] {logging_mixin.py:188} INFO - [2024-07-03T14:29:11.637+0000] {dag.py:3954} INFO - Setting next_dagrun for example_subdag_operator.section-2 to None, run_after=None
[2024-07-03T14:29:11.669+0000] {logging_mixin.py:188} INFO - [2024-07-03T14:29:11.668+0000] {dag.py:3096} INFO - Sync 2 DAGs
[2024-07-03T14:29:11.694+0000] {logging_mixin.py:188} INFO - [2024-07-03T14:29:11.694+0000] {dag.py:3954} INFO - Setting next_dagrun for example_subdag_operator.section-1 to None, run_after=None
[2024-07-03T14:29:11.697+0000] {logging_mixin.py:188} INFO - [2024-07-03T14:29:11.696+0000] {dag.py:3954} INFO - Setting next_dagrun for example_subdag_operator.section-2 to None, run_after=None
[2024-07-03T14:29:11.735+0000] {processor.py:183} INFO - Processing /home/airflow/.local/lib/python3.12/site-packages/airflow/example_dags/example_subdag_operator.py took 0.406 seconds
[2024-07-03T14:29:46.117+0000] {processor.py:161} INFO - Started process (PID=252) to work on /home/airflow/.local/lib/python3.12/site-packages/airflow/example_dags/example_subdag_operator.py
[2024-07-03T14:29:46.130+0000] {processor.py:830} INFO - Processing file /home/airflow/.local/lib/python3.12/site-packages/airflow/example_dags/example_subdag_operator.py for tasks to queue
[2024-07-03T14:29:46.134+0000] {logging_mixin.py:188} INFO - [2024-07-03T14:29:46.134+0000] {dagbag.py:545} INFO - Filling up the DagBag from /home/airflow/.local/lib/python3.12/site-packages/airflow/example_dags/example_subdag_operator.py
[2024-07-03T14:29:46.318+0000] {processor.py:840} INFO - DAG(s) 'example_subdag_operator.section-1', 'example_subdag_operator.section-2', 'example_subdag_operator' retrieved from /home/airflow/.local/lib/python3.12/site-packages/airflow/example_dags/example_subdag_operator.py
[2024-07-03T14:29:46.462+0000] {logging_mixin.py:188} INFO - [2024-07-03T14:29:46.462+0000] {dag.py:3096} INFO - Sync 3 DAGs
[2024-07-03T14:29:46.640+0000] {logging_mixin.py:188} INFO - [2024-07-03T14:29:46.639+0000] {dag.py:3954} INFO - Setting next_dagrun for example_subdag_operator to 2022-01-01 00:00:00+00:00, run_after=2022-01-01 00:00:00+00:00
[2024-07-03T14:29:46.663+0000] {logging_mixin.py:188} INFO - [2024-07-03T14:29:46.662+0000] {dag.py:3954} INFO - Setting next_dagrun for example_subdag_operator.section-1 to None, run_after=None
[2024-07-03T14:29:46.671+0000] {logging_mixin.py:188} INFO - [2024-07-03T14:29:46.670+0000] {dag.py:3954} INFO - Setting next_dagrun for example_subdag_operator.section-2 to None, run_after=None
[2024-07-03T14:29:46.718+0000] {logging_mixin.py:188} INFO - [2024-07-03T14:29:46.718+0000] {dag.py:3096} INFO - Sync 2 DAGs
[2024-07-03T14:29:46.757+0000] {logging_mixin.py:188} INFO - [2024-07-03T14:29:46.757+0000] {dag.py:3954} INFO - Setting next_dagrun for example_subdag_operator.section-1 to None, run_after=None
[2024-07-03T14:29:46.759+0000] {logging_mixin.py:188} INFO - [2024-07-03T14:29:46.758+0000] {dag.py:3954} INFO - Setting next_dagrun for example_subdag_operator.section-2 to None, run_after=None
[2024-07-03T14:29:46.838+0000] {processor.py:183} INFO - Processing /home/airflow/.local/lib/python3.12/site-packages/airflow/example_dags/example_subdag_operator.py took 0.753 seconds
[2024-07-03T14:30:17.088+0000] {processor.py:161} INFO - Started process (PID=310) to work on /home/airflow/.local/lib/python3.12/site-packages/airflow/example_dags/example_subdag_operator.py
[2024-07-03T14:30:17.090+0000] {processor.py:830} INFO - Processing file /home/airflow/.local/lib/python3.12/site-packages/airflow/example_dags/example_subdag_operator.py for tasks to queue
[2024-07-03T14:30:17.094+0000] {logging_mixin.py:188} INFO - [2024-07-03T14:30:17.093+0000] {dagbag.py:545} INFO - Filling up the DagBag from /home/airflow/.local/lib/python3.12/site-packages/airflow/example_dags/example_subdag_operator.py
[2024-07-03T14:30:17.259+0000] {processor.py:840} INFO - DAG(s) 'example_subdag_operator.section-1', 'example_subdag_operator.section-2', 'example_subdag_operator' retrieved from /home/airflow/.local/lib/python3.12/site-packages/airflow/example_dags/example_subdag_operator.py
[2024-07-03T14:30:17.320+0000] {logging_mixin.py:188} INFO - [2024-07-03T14:30:17.319+0000] {dag.py:3096} INFO - Sync 3 DAGs
[2024-07-03T14:30:17.384+0000] {logging_mixin.py:188} INFO - [2024-07-03T14:30:17.384+0000] {dag.py:3954} INFO - Setting next_dagrun for example_subdag_operator to 2022-01-01 00:00:00+00:00, run_after=2022-01-01 00:00:00+00:00
[2024-07-03T14:30:17.400+0000] {logging_mixin.py:188} INFO - [2024-07-03T14:30:17.400+0000] {dag.py:3954} INFO - Setting next_dagrun for example_subdag_operator.section-1 to None, run_after=None
[2024-07-03T14:30:17.404+0000] {logging_mixin.py:188} INFO - [2024-07-03T14:30:17.403+0000] {dag.py:3954} INFO - Setting next_dagrun for example_subdag_operator.section-2 to None, run_after=None
[2024-07-03T14:30:17.422+0000] {logging_mixin.py:188} INFO - [2024-07-03T14:30:17.421+0000] {dag.py:3096} INFO - Sync 2 DAGs
[2024-07-03T14:30:17.441+0000] {logging_mixin.py:188} INFO - [2024-07-03T14:30:17.441+0000] {dag.py:3954} INFO - Setting next_dagrun for example_subdag_operator.section-1 to None, run_after=None
[2024-07-03T14:30:17.444+0000] {logging_mixin.py:188} INFO - [2024-07-03T14:30:17.444+0000] {dag.py:3954} INFO - Setting next_dagrun for example_subdag_operator.section-2 to None, run_after=None
[2024-07-03T14:30:17.485+0000] {processor.py:183} INFO - Processing /home/airflow/.local/lib/python3.12/site-packages/airflow/example_dags/example_subdag_operator.py took 0.409 seconds
[2024-07-03T14:30:48.148+0000] {processor.py:161} INFO - Started process (PID=368) to work on /home/airflow/.local/lib/python3.12/site-packages/airflow/example_dags/example_subdag_operator.py
[2024-07-03T14:30:48.149+0000] {processor.py:830} INFO - Processing file /home/airflow/.local/lib/python3.12/site-packages/airflow/example_dags/example_subdag_operator.py for tasks to queue
[2024-07-03T14:30:48.151+0000] {logging_mixin.py:188} INFO - [2024-07-03T14:30:48.150+0000] {dagbag.py:545} INFO - Filling up the DagBag from /home/airflow/.local/lib/python3.12/site-packages/airflow/example_dags/example_subdag_operator.py
[2024-07-03T14:30:48.173+0000] {processor.py:840} INFO - DAG(s) 'example_subdag_operator.section-1', 'example_subdag_operator.section-2', 'example_subdag_operator' retrieved from /home/airflow/.local/lib/python3.12/site-packages/airflow/example_dags/example_subdag_operator.py
[2024-07-03T14:30:48.188+0000] {logging_mixin.py:188} INFO - [2024-07-03T14:30:48.187+0000] {dag.py:3096} INFO - Sync 3 DAGs
[2024-07-03T14:30:48.207+0000] {logging_mixin.py:188} INFO - [2024-07-03T14:30:48.207+0000] {dag.py:3954} INFO - Setting next_dagrun for example_subdag_operator to 2022-01-01 00:00:00+00:00, run_after=2022-01-01 00:00:00+00:00
[2024-07-03T14:30:48.212+0000] {logging_mixin.py:188} INFO - [2024-07-03T14:30:48.211+0000] {dag.py:3954} INFO - Setting next_dagrun for example_subdag_operator.section-1 to None, run_after=None
[2024-07-03T14:30:48.213+0000] {logging_mixin.py:188} INFO - [2024-07-03T14:30:48.213+0000] {dag.py:3954} INFO - Setting next_dagrun for example_subdag_operator.section-2 to None, run_after=None
[2024-07-03T14:30:48.219+0000] {logging_mixin.py:188} INFO - [2024-07-03T14:30:48.219+0000] {dag.py:3096} INFO - Sync 2 DAGs
[2024-07-03T14:30:48.225+0000] {logging_mixin.py:188} INFO - [2024-07-03T14:30:48.224+0000] {dag.py:3954} INFO - Setting next_dagrun for example_subdag_operator.section-1 to None, run_after=None
[2024-07-03T14:30:48.226+0000] {logging_mixin.py:188} INFO - [2024-07-03T14:30:48.225+0000] {dag.py:3954} INFO - Setting next_dagrun for example_subdag_operator.section-2 to None, run_after=None
[2024-07-03T14:30:48.241+0000] {processor.py:183} INFO - Processing /home/airflow/.local/lib/python3.12/site-packages/airflow/example_dags/example_subdag_operator.py took 0.098 seconds
[2024-07-03T14:31:18.341+0000] {processor.py:161} INFO - Started process (PID=427) to work on /home/airflow/.local/lib/python3.12/site-packages/airflow/example_dags/example_subdag_operator.py
[2024-07-03T14:31:18.342+0000] {processor.py:830} INFO - Processing file /home/airflow/.local/lib/python3.12/site-packages/airflow/example_dags/example_subdag_operator.py for tasks to queue
[2024-07-03T14:31:18.348+0000] {logging_mixin.py:188} INFO - [2024-07-03T14:31:18.347+0000] {dagbag.py:545} INFO - Filling up the DagBag from /home/airflow/.local/lib/python3.12/site-packages/airflow/example_dags/example_subdag_operator.py
[2024-07-03T14:31:18.378+0000] {processor.py:840} INFO - DAG(s) 'example_subdag_operator.section-1', 'example_subdag_operator.section-2', 'example_subdag_operator' retrieved from /home/airflow/.local/lib/python3.12/site-packages/airflow/example_dags/example_subdag_operator.py
[2024-07-03T14:31:18.400+0000] {logging_mixin.py:188} INFO - [2024-07-03T14:31:18.400+0000] {dag.py:3096} INFO - Sync 3 DAGs
[2024-07-03T14:31:18.420+0000] {logging_mixin.py:188} INFO - [2024-07-03T14:31:18.420+0000] {dag.py:3954} INFO - Setting next_dagrun for example_subdag_operator to 2022-01-01 00:00:00+00:00, run_after=2022-01-01 00:00:00+00:00
[2024-07-03T14:31:18.426+0000] {logging_mixin.py:188} INFO - [2024-07-03T14:31:18.425+0000] {dag.py:3954} INFO - Setting next_dagrun for example_subdag_operator.section-1 to None, run_after=None
[2024-07-03T14:31:18.429+0000] {logging_mixin.py:188} INFO - [2024-07-03T14:31:18.428+0000] {dag.py:3954} INFO - Setting next_dagrun for example_subdag_operator.section-2 to None, run_after=None
[2024-07-03T14:31:18.440+0000] {logging_mixin.py:188} INFO - [2024-07-03T14:31:18.439+0000] {dag.py:3096} INFO - Sync 2 DAGs
[2024-07-03T14:31:18.447+0000] {logging_mixin.py:188} INFO - [2024-07-03T14:31:18.446+0000] {dag.py:3954} INFO - Setting next_dagrun for example_subdag_operator.section-1 to None, run_after=None
[2024-07-03T14:31:18.448+0000] {logging_mixin.py:188} INFO - [2024-07-03T14:31:18.448+0000] {dag.py:3954} INFO - Setting next_dagrun for example_subdag_operator.section-2 to None, run_after=None
[2024-07-03T14:31:18.475+0000] {processor.py:183} INFO - Processing /home/airflow/.local/lib/python3.12/site-packages/airflow/example_dags/example_subdag_operator.py took 0.139 seconds
[2024-07-03T14:31:48.611+0000] {processor.py:161} INFO - Started process (PID=485) to work on /home/airflow/.local/lib/python3.12/site-packages/airflow/example_dags/example_subdag_operator.py
[2024-07-03T14:31:48.612+0000] {processor.py:830} INFO - Processing file /home/airflow/.local/lib/python3.12/site-packages/airflow/example_dags/example_subdag_operator.py for tasks to queue
[2024-07-03T14:31:48.614+0000] {logging_mixin.py:188} INFO - [2024-07-03T14:31:48.613+0000] {dagbag.py:545} INFO - Filling up the DagBag from /home/airflow/.local/lib/python3.12/site-packages/airflow/example_dags/example_subdag_operator.py
[2024-07-03T14:31:48.636+0000] {processor.py:840} INFO - DAG(s) 'example_subdag_operator.section-1', 'example_subdag_operator.section-2', 'example_subdag_operator' retrieved from /home/airflow/.local/lib/python3.12/site-packages/airflow/example_dags/example_subdag_operator.py
[2024-07-03T14:31:48.662+0000] {logging_mixin.py:188} INFO - [2024-07-03T14:31:48.661+0000] {dag.py:3096} INFO - Sync 3 DAGs
[2024-07-03T14:31:48.686+0000] {logging_mixin.py:188} INFO - [2024-07-03T14:31:48.686+0000] {dag.py:3954} INFO - Setting next_dagrun for example_subdag_operator to 2022-01-01 00:00:00+00:00, run_after=2022-01-01 00:00:00+00:00
[2024-07-03T14:31:48.690+0000] {logging_mixin.py:188} INFO - [2024-07-03T14:31:48.690+0000] {dag.py:3954} INFO - Setting next_dagrun for example_subdag_operator.section-1 to None, run_after=None
[2024-07-03T14:31:48.692+0000] {logging_mixin.py:188} INFO - [2024-07-03T14:31:48.692+0000] {dag.py:3954} INFO - Setting next_dagrun for example_subdag_operator.section-2 to None, run_after=None
[2024-07-03T14:31:48.700+0000] {logging_mixin.py:188} INFO - [2024-07-03T14:31:48.700+0000] {dag.py:3096} INFO - Sync 2 DAGs
[2024-07-03T14:31:48.706+0000] {logging_mixin.py:188} INFO - [2024-07-03T14:31:48.706+0000] {dag.py:3954} INFO - Setting next_dagrun for example_subdag_operator.section-1 to None, run_after=None
[2024-07-03T14:31:48.707+0000] {logging_mixin.py:188} INFO - [2024-07-03T14:31:48.707+0000] {dag.py:3954} INFO - Setting next_dagrun for example_subdag_operator.section-2 to None, run_after=None
[2024-07-03T14:31:48.720+0000] {processor.py:183} INFO - Processing /home/airflow/.local/lib/python3.12/site-packages/airflow/example_dags/example_subdag_operator.py took 0.116 seconds
[2024-07-03T14:32:19.306+0000] {processor.py:161} INFO - Started process (PID=543) to work on /home/airflow/.local/lib/python3.12/site-packages/airflow/example_dags/example_subdag_operator.py
[2024-07-03T14:32:19.307+0000] {processor.py:830} INFO - Processing file /home/airflow/.local/lib/python3.12/site-packages/airflow/example_dags/example_subdag_operator.py for tasks to queue
[2024-07-03T14:32:19.309+0000] {logging_mixin.py:188} INFO - [2024-07-03T14:32:19.309+0000] {dagbag.py:545} INFO - Filling up the DagBag from /home/airflow/.local/lib/python3.12/site-packages/airflow/example_dags/example_subdag_operator.py
[2024-07-03T14:32:19.345+0000] {processor.py:840} INFO - DAG(s) 'example_subdag_operator.section-1', 'example_subdag_operator.section-2', 'example_subdag_operator' retrieved from /home/airflow/.local/lib/python3.12/site-packages/airflow/example_dags/example_subdag_operator.py
[2024-07-03T14:32:19.360+0000] {logging_mixin.py:188} INFO - [2024-07-03T14:32:19.360+0000] {dag.py:3096} INFO - Sync 3 DAGs
[2024-07-03T14:32:19.386+0000] {logging_mixin.py:188} INFO - [2024-07-03T14:32:19.386+0000] {dag.py:3954} INFO - Setting next_dagrun for example_subdag_operator to 2022-01-01 00:00:00+00:00, run_after=2022-01-01 00:00:00+00:00
[2024-07-03T14:32:19.393+0000] {logging_mixin.py:188} INFO - [2024-07-03T14:32:19.393+0000] {dag.py:3954} INFO - Setting next_dagrun for example_subdag_operator.section-1 to None, run_after=None
[2024-07-03T14:32:19.399+0000] {logging_mixin.py:188} INFO - [2024-07-03T14:32:19.398+0000] {dag.py:3954} INFO - Setting next_dagrun for example_subdag_operator.section-2 to None, run_after=None
[2024-07-03T14:32:19.407+0000] {logging_mixin.py:188} INFO - [2024-07-03T14:32:19.406+0000] {dag.py:3096} INFO - Sync 2 DAGs
[2024-07-03T14:32:19.414+0000] {logging_mixin.py:188} INFO - [2024-07-03T14:32:19.414+0000] {dag.py:3954} INFO - Setting next_dagrun for example_subdag_operator.section-1 to None, run_after=None
[2024-07-03T14:32:19.415+0000] {logging_mixin.py:188} INFO - [2024-07-03T14:32:19.415+0000] {dag.py:3954} INFO - Setting next_dagrun for example_subdag_operator.section-2 to None, run_after=None
[2024-07-03T14:32:19.427+0000] {processor.py:183} INFO - Processing /home/airflow/.local/lib/python3.12/site-packages/airflow/example_dags/example_subdag_operator.py took 0.126 seconds
[2024-07-03T14:32:49.963+0000] {processor.py:161} INFO - Started process (PID=601) to work on /home/airflow/.local/lib/python3.12/site-packages/airflow/example_dags/example_subdag_operator.py
[2024-07-03T14:32:49.973+0000] {processor.py:830} INFO - Processing file /home/airflow/.local/lib/python3.12/site-packages/airflow/example_dags/example_subdag_operator.py for tasks to queue
[2024-07-03T14:32:49.974+0000] {logging_mixin.py:188} INFO - [2024-07-03T14:32:49.974+0000] {dagbag.py:545} INFO - Filling up the DagBag from /home/airflow/.local/lib/python3.12/site-packages/airflow/example_dags/example_subdag_operator.py
[2024-07-03T14:32:50.007+0000] {processor.py:840} INFO - DAG(s) 'example_subdag_operator.section-1', 'example_subdag_operator.section-2', 'example_subdag_operator' retrieved from /home/airflow/.local/lib/python3.12/site-packages/airflow/example_dags/example_subdag_operator.py
[2024-07-03T14:32:50.047+0000] {logging_mixin.py:188} INFO - [2024-07-03T14:32:50.045+0000] {dag.py:3096} INFO - Sync 3 DAGs
[2024-07-03T14:32:50.102+0000] {logging_mixin.py:188} INFO - [2024-07-03T14:32:50.101+0000] {dag.py:3954} INFO - Setting next_dagrun for example_subdag_operator to 2022-01-01 00:00:00+00:00, run_after=2022-01-01 00:00:00+00:00
[2024-07-03T14:32:50.121+0000] {logging_mixin.py:188} INFO - [2024-07-03T14:32:50.120+0000] {dag.py:3954} INFO - Setting next_dagrun for example_subdag_operator.section-1 to None, run_after=None
[2024-07-03T14:32:50.123+0000] {logging_mixin.py:188} INFO - [2024-07-03T14:32:50.122+0000] {dag.py:3954} INFO - Setting next_dagrun for example_subdag_operator.section-2 to None, run_after=None
[2024-07-03T14:32:50.131+0000] {logging_mixin.py:188} INFO - [2024-07-03T14:32:50.131+0000] {dag.py:3096} INFO - Sync 2 DAGs
[2024-07-03T14:32:50.144+0000] {logging_mixin.py:188} INFO - [2024-07-03T14:32:50.144+0000] {dag.py:3954} INFO - Setting next_dagrun for example_subdag_operator.section-1 to None, run_after=None
[2024-07-03T14:32:50.145+0000] {logging_mixin.py:188} INFO - [2024-07-03T14:32:50.145+0000] {dag.py:3954} INFO - Setting next_dagrun for example_subdag_operator.section-2 to None, run_after=None
[2024-07-03T14:32:50.164+0000] {processor.py:183} INFO - Processing /home/airflow/.local/lib/python3.12/site-packages/airflow/example_dags/example_subdag_operator.py took 0.216 seconds
[2024-07-03T14:33:20.650+0000] {processor.py:161} INFO - Started process (PID=660) to work on /home/airflow/.local/lib/python3.12/site-packages/airflow/example_dags/example_subdag_operator.py
[2024-07-03T14:33:20.666+0000] {processor.py:830} INFO - Processing file /home/airflow/.local/lib/python3.12/site-packages/airflow/example_dags/example_subdag_operator.py for tasks to queue
[2024-07-03T14:33:20.668+0000] {logging_mixin.py:188} INFO - [2024-07-03T14:33:20.667+0000] {dagbag.py:545} INFO - Filling up the DagBag from /home/airflow/.local/lib/python3.12/site-packages/airflow/example_dags/example_subdag_operator.py
[2024-07-03T14:33:20.800+0000] {processor.py:840} INFO - DAG(s) 'example_subdag_operator.section-1', 'example_subdag_operator.section-2', 'example_subdag_operator' retrieved from /home/airflow/.local/lib/python3.12/site-packages/airflow/example_dags/example_subdag_operator.py
[2024-07-03T14:33:20.867+0000] {logging_mixin.py:188} INFO - [2024-07-03T14:33:20.867+0000] {dag.py:3096} INFO - Sync 3 DAGs
[2024-07-03T14:33:21.017+0000] {logging_mixin.py:188} INFO - [2024-07-03T14:33:21.017+0000] {dag.py:3954} INFO - Setting next_dagrun for example_subdag_operator to 2022-01-01 00:00:00+00:00, run_after=2022-01-01 00:00:00+00:00
[2024-07-03T14:33:21.031+0000] {logging_mixin.py:188} INFO - [2024-07-03T14:33:21.030+0000] {dag.py:3954} INFO - Setting next_dagrun for example_subdag_operator.section-1 to None, run_after=None
[2024-07-03T14:33:21.047+0000] {logging_mixin.py:188} INFO - [2024-07-03T14:33:21.046+0000] {dag.py:3954} INFO - Setting next_dagrun for example_subdag_operator.section-2 to None, run_after=None
[2024-07-03T14:33:21.101+0000] {logging_mixin.py:188} INFO - [2024-07-03T14:33:21.100+0000] {dag.py:3096} INFO - Sync 2 DAGs
[2024-07-03T14:33:21.140+0000] {logging_mixin.py:188} INFO - [2024-07-03T14:33:21.140+0000] {dag.py:3954} INFO - Setting next_dagrun for example_subdag_operator.section-1 to None, run_after=None
[2024-07-03T14:33:21.143+0000] {logging_mixin.py:188} INFO - [2024-07-03T14:33:21.142+0000] {dag.py:3954} INFO - Setting next_dagrun for example_subdag_operator.section-2 to None, run_after=None
[2024-07-03T14:33:21.248+0000] {processor.py:183} INFO - Processing /home/airflow/.local/lib/python3.12/site-packages/airflow/example_dags/example_subdag_operator.py took 0.628 seconds
[2024-07-03T14:34:11.761+0000] {processor.py:161} INFO - Started process (PID=719) to work on /home/airflow/.local/lib/python3.12/site-packages/airflow/example_dags/example_subdag_operator.py
[2024-07-03T14:34:11.763+0000] {processor.py:830} INFO - Processing file /home/airflow/.local/lib/python3.12/site-packages/airflow/example_dags/example_subdag_operator.py for tasks to queue
[2024-07-03T14:34:11.764+0000] {logging_mixin.py:188} INFO - [2024-07-03T14:34:11.763+0000] {dagbag.py:545} INFO - Filling up the DagBag from /home/airflow/.local/lib/python3.12/site-packages/airflow/example_dags/example_subdag_operator.py
[2024-07-03T14:34:11.788+0000] {processor.py:840} INFO - DAG(s) 'example_subdag_operator.section-1', 'example_subdag_operator.section-2', 'example_subdag_operator' retrieved from /home/airflow/.local/lib/python3.12/site-packages/airflow/example_dags/example_subdag_operator.py
[2024-07-03T14:34:11.805+0000] {logging_mixin.py:188} INFO - [2024-07-03T14:34:11.805+0000] {dag.py:3096} INFO - Sync 3 DAGs
[2024-07-03T14:34:11.827+0000] {logging_mixin.py:188} INFO - [2024-07-03T14:34:11.827+0000] {dag.py:3954} INFO - Setting next_dagrun for example_subdag_operator to 2022-01-01 00:00:00+00:00, run_after=2022-01-01 00:00:00+00:00
[2024-07-03T14:34:11.832+0000] {logging_mixin.py:188} INFO - [2024-07-03T14:34:11.832+0000] {dag.py:3954} INFO - Setting next_dagrun for example_subdag_operator.section-1 to None, run_after=None
[2024-07-03T14:34:11.834+0000] {logging_mixin.py:188} INFO - [2024-07-03T14:34:11.834+0000] {dag.py:3954} INFO - Setting next_dagrun for example_subdag_operator.section-2 to None, run_after=None
[2024-07-03T14:34:11.841+0000] {logging_mixin.py:188} INFO - [2024-07-03T14:34:11.841+0000] {dag.py:3096} INFO - Sync 2 DAGs
[2024-07-03T14:34:11.849+0000] {logging_mixin.py:188} INFO - [2024-07-03T14:34:11.848+0000] {dag.py:3954} INFO - Setting next_dagrun for example_subdag_operator.section-1 to None, run_after=None
[2024-07-03T14:34:11.850+0000] {logging_mixin.py:188} INFO - [2024-07-03T14:34:11.849+0000] {dag.py:3954} INFO - Setting next_dagrun for example_subdag_operator.section-2 to None, run_after=None
[2024-07-03T14:34:11.860+0000] {processor.py:183} INFO - Processing /home/airflow/.local/lib/python3.12/site-packages/airflow/example_dags/example_subdag_operator.py took 0.106 seconds
[2024-07-03T14:34:42.145+0000] {processor.py:161} INFO - Started process (PID=776) to work on /home/airflow/.local/lib/python3.12/site-packages/airflow/example_dags/example_subdag_operator.py
[2024-07-03T14:34:42.146+0000] {processor.py:830} INFO - Processing file /home/airflow/.local/lib/python3.12/site-packages/airflow/example_dags/example_subdag_operator.py for tasks to queue
[2024-07-03T14:34:42.147+0000] {logging_mixin.py:188} INFO - [2024-07-03T14:34:42.147+0000] {dagbag.py:545} INFO - Filling up the DagBag from /home/airflow/.local/lib/python3.12/site-packages/airflow/example_dags/example_subdag_operator.py
[2024-07-03T14:34:42.171+0000] {processor.py:840} INFO - DAG(s) 'example_subdag_operator.section-1', 'example_subdag_operator.section-2', 'example_subdag_operator' retrieved from /home/airflow/.local/lib/python3.12/site-packages/airflow/example_dags/example_subdag_operator.py
[2024-07-03T14:34:42.188+0000] {logging_mixin.py:188} INFO - [2024-07-03T14:34:42.188+0000] {dag.py:3096} INFO - Sync 3 DAGs
[2024-07-03T14:34:42.223+0000] {logging_mixin.py:188} INFO - [2024-07-03T14:34:42.223+0000] {dag.py:3954} INFO - Setting next_dagrun for example_subdag_operator to 2022-01-01 00:00:00+00:00, run_after=2022-01-01 00:00:00+00:00
[2024-07-03T14:34:42.227+0000] {logging_mixin.py:188} INFO - [2024-07-03T14:34:42.227+0000] {dag.py:3954} INFO - Setting next_dagrun for example_subdag_operator.section-1 to None, run_after=None
[2024-07-03T14:34:42.229+0000] {logging_mixin.py:188} INFO - [2024-07-03T14:34:42.229+0000] {dag.py:3954} INFO - Setting next_dagrun for example_subdag_operator.section-2 to None, run_after=None
[2024-07-03T14:34:42.246+0000] {logging_mixin.py:188} INFO - [2024-07-03T14:34:42.246+0000] {dag.py:3096} INFO - Sync 2 DAGs
[2024-07-03T14:34:42.258+0000] {logging_mixin.py:188} INFO - [2024-07-03T14:34:42.258+0000] {dag.py:3954} INFO - Setting next_dagrun for example_subdag_operator.section-1 to None, run_after=None
[2024-07-03T14:34:42.261+0000] {logging_mixin.py:188} INFO - [2024-07-03T14:34:42.261+0000] {dag.py:3954} INFO - Setting next_dagrun for example_subdag_operator.section-2 to None, run_after=None
[2024-07-03T14:34:42.290+0000] {processor.py:183} INFO - Processing /home/airflow/.local/lib/python3.12/site-packages/airflow/example_dags/example_subdag_operator.py took 0.151 seconds
[2024-07-03T14:35:13.383+0000] {processor.py:161} INFO - Started process (PID=834) to work on /home/airflow/.local/lib/python3.12/site-packages/airflow/example_dags/example_subdag_operator.py
[2024-07-03T14:35:13.394+0000] {processor.py:830} INFO - Processing file /home/airflow/.local/lib/python3.12/site-packages/airflow/example_dags/example_subdag_operator.py for tasks to queue
[2024-07-03T14:35:13.403+0000] {logging_mixin.py:188} INFO - [2024-07-03T14:35:13.402+0000] {dagbag.py:545} INFO - Filling up the DagBag from /home/airflow/.local/lib/python3.12/site-packages/airflow/example_dags/example_subdag_operator.py
[2024-07-03T14:35:13.458+0000] {processor.py:840} INFO - DAG(s) 'example_subdag_operator.section-1', 'example_subdag_operator.section-2', 'example_subdag_operator' retrieved from /home/airflow/.local/lib/python3.12/site-packages/airflow/example_dags/example_subdag_operator.py
[2024-07-03T14:35:13.505+0000] {logging_mixin.py:188} INFO - [2024-07-03T14:35:13.505+0000] {dag.py:3096} INFO - Sync 3 DAGs
[2024-07-03T14:35:13.609+0000] {logging_mixin.py:188} INFO - [2024-07-03T14:35:13.609+0000] {dag.py:3954} INFO - Setting next_dagrun for example_subdag_operator to 2022-01-01 00:00:00+00:00, run_after=2022-01-01 00:00:00+00:00
[2024-07-03T14:35:13.617+0000] {logging_mixin.py:188} INFO - [2024-07-03T14:35:13.617+0000] {dag.py:3954} INFO - Setting next_dagrun for example_subdag_operator.section-1 to None, run_after=None
[2024-07-03T14:35:13.633+0000] {logging_mixin.py:188} INFO - [2024-07-03T14:35:13.632+0000] {dag.py:3954} INFO - Setting next_dagrun for example_subdag_operator.section-2 to None, run_after=None
[2024-07-03T14:35:13.655+0000] {logging_mixin.py:188} INFO - [2024-07-03T14:35:13.646+0000] {dag.py:3096} INFO - Sync 2 DAGs
[2024-07-03T14:35:13.677+0000] {logging_mixin.py:188} INFO - [2024-07-03T14:35:13.676+0000] {dag.py:3954} INFO - Setting next_dagrun for example_subdag_operator.section-1 to None, run_after=None
[2024-07-03T14:35:13.678+0000] {logging_mixin.py:188} INFO - [2024-07-03T14:35:13.677+0000] {dag.py:3954} INFO - Setting next_dagrun for example_subdag_operator.section-2 to None, run_after=None
[2024-07-03T14:35:13.722+0000] {processor.py:183} INFO - Processing /home/airflow/.local/lib/python3.12/site-packages/airflow/example_dags/example_subdag_operator.py took 0.360 seconds
