[2024-07-03T14:28:07.619+0000] {processor.py:161} INFO - Started process (PID=66) to work on /home/airflow/.local/lib/python3.12/site-packages/airflow/example_dags/tutorial.py
[2024-07-03T14:28:07.636+0000] {processor.py:830} INFO - Processing file /home/airflow/.local/lib/python3.12/site-packages/airflow/example_dags/tutorial.py for tasks to queue
[2024-07-03T14:28:07.638+0000] {logging_mixin.py:188} INFO - [2024-07-03T14:28:07.638+0000] {dagbag.py:545} INFO - Filling up the DagBag from /home/airflow/.local/lib/python3.12/site-packages/airflow/example_dags/tutorial.py
[2024-07-03T14:28:07.664+0000] {processor.py:840} INFO - DAG(s) 'tutorial' retrieved from /home/airflow/.local/lib/python3.12/site-packages/airflow/example_dags/tutorial.py
[2024-07-03T14:28:07.972+0000] {logging_mixin.py:188} INFO - [2024-07-03T14:28:07.972+0000] {dag.py:3096} INFO - Sync 1 DAGs
[2024-07-03T14:28:08.021+0000] {logging_mixin.py:188} INFO - [2024-07-03T14:28:08.020+0000] {dag.py:3954} INFO - Setting next_dagrun for tutorial to 2024-07-02 00:00:00+00:00, run_after=2024-07-03 00:00:00+00:00
[2024-07-03T14:28:08.078+0000] {processor.py:183} INFO - Processing /home/airflow/.local/lib/python3.12/site-packages/airflow/example_dags/tutorial.py took 0.465 seconds
[2024-07-03T14:28:39.064+0000] {processor.py:161} INFO - Started process (PID=124) to work on /home/airflow/.local/lib/python3.12/site-packages/airflow/example_dags/tutorial.py
[2024-07-03T14:28:39.066+0000] {processor.py:830} INFO - Processing file /home/airflow/.local/lib/python3.12/site-packages/airflow/example_dags/tutorial.py for tasks to queue
[2024-07-03T14:28:39.068+0000] {logging_mixin.py:188} INFO - [2024-07-03T14:28:39.067+0000] {dagbag.py:545} INFO - Filling up the DagBag from /home/airflow/.local/lib/python3.12/site-packages/airflow/example_dags/tutorial.py
[2024-07-03T14:28:39.073+0000] {processor.py:840} INFO - DAG(s) 'tutorial' retrieved from /home/airflow/.local/lib/python3.12/site-packages/airflow/example_dags/tutorial.py
[2024-07-03T14:28:39.093+0000] {logging_mixin.py:188} INFO - [2024-07-03T14:28:39.092+0000] {dag.py:3096} INFO - Sync 1 DAGs
[2024-07-03T14:28:39.115+0000] {logging_mixin.py:188} INFO - [2024-07-03T14:28:39.115+0000] {dag.py:3954} INFO - Setting next_dagrun for tutorial to 2024-07-02 00:00:00+00:00, run_after=2024-07-03 00:00:00+00:00
[2024-07-03T14:28:39.137+0000] {processor.py:183} INFO - Processing /home/airflow/.local/lib/python3.12/site-packages/airflow/example_dags/tutorial.py took 0.078 seconds
[2024-07-03T14:29:09.870+0000] {processor.py:161} INFO - Started process (PID=182) to work on /home/airflow/.local/lib/python3.12/site-packages/airflow/example_dags/tutorial.py
[2024-07-03T14:29:09.874+0000] {processor.py:830} INFO - Processing file /home/airflow/.local/lib/python3.12/site-packages/airflow/example_dags/tutorial.py for tasks to queue
[2024-07-03T14:29:09.899+0000] {logging_mixin.py:188} INFO - [2024-07-03T14:29:09.896+0000] {dagbag.py:545} INFO - Filling up the DagBag from /home/airflow/.local/lib/python3.12/site-packages/airflow/example_dags/tutorial.py
[2024-07-03T14:29:09.964+0000] {processor.py:840} INFO - DAG(s) 'tutorial' retrieved from /home/airflow/.local/lib/python3.12/site-packages/airflow/example_dags/tutorial.py
[2024-07-03T14:29:10.124+0000] {logging_mixin.py:188} INFO - [2024-07-03T14:29:10.118+0000] {dag.py:3096} INFO - Sync 1 DAGs
[2024-07-03T14:29:10.301+0000] {logging_mixin.py:188} INFO - [2024-07-03T14:29:10.300+0000] {dag.py:3954} INFO - Setting next_dagrun for tutorial to 2024-07-02 00:00:00+00:00, run_after=2024-07-03 00:00:00+00:00
[2024-07-03T14:29:10.366+0000] {processor.py:183} INFO - Processing /home/airflow/.local/lib/python3.12/site-packages/airflow/example_dags/tutorial.py took 0.539 seconds
[2024-07-03T14:29:42.217+0000] {processor.py:161} INFO - Started process (PID=240) to work on /home/airflow/.local/lib/python3.12/site-packages/airflow/example_dags/tutorial.py
[2024-07-03T14:29:42.220+0000] {processor.py:830} INFO - Processing file /home/airflow/.local/lib/python3.12/site-packages/airflow/example_dags/tutorial.py for tasks to queue
[2024-07-03T14:29:42.224+0000] {logging_mixin.py:188} INFO - [2024-07-03T14:29:42.223+0000] {dagbag.py:545} INFO - Filling up the DagBag from /home/airflow/.local/lib/python3.12/site-packages/airflow/example_dags/tutorial.py
[2024-07-03T14:29:42.242+0000] {processor.py:840} INFO - DAG(s) 'tutorial' retrieved from /home/airflow/.local/lib/python3.12/site-packages/airflow/example_dags/tutorial.py
[2024-07-03T14:29:42.344+0000] {logging_mixin.py:188} INFO - [2024-07-03T14:29:42.340+0000] {dag.py:3096} INFO - Sync 1 DAGs
[2024-07-03T14:29:42.525+0000] {logging_mixin.py:188} INFO - [2024-07-03T14:29:42.524+0000] {dag.py:3954} INFO - Setting next_dagrun for tutorial to 2024-07-02 00:00:00+00:00, run_after=2024-07-03 00:00:00+00:00
[2024-07-03T14:29:42.949+0000] {processor.py:183} INFO - Processing /home/airflow/.local/lib/python3.12/site-packages/airflow/example_dags/tutorial.py took 0.759 seconds
[2024-07-03T14:30:13.304+0000] {processor.py:161} INFO - Started process (PID=298) to work on /home/airflow/.local/lib/python3.12/site-packages/airflow/example_dags/tutorial.py
[2024-07-03T14:30:13.306+0000] {processor.py:830} INFO - Processing file /home/airflow/.local/lib/python3.12/site-packages/airflow/example_dags/tutorial.py for tasks to queue
[2024-07-03T14:30:13.309+0000] {logging_mixin.py:188} INFO - [2024-07-03T14:30:13.309+0000] {dagbag.py:545} INFO - Filling up the DagBag from /home/airflow/.local/lib/python3.12/site-packages/airflow/example_dags/tutorial.py
[2024-07-03T14:30:13.325+0000] {processor.py:840} INFO - DAG(s) 'tutorial' retrieved from /home/airflow/.local/lib/python3.12/site-packages/airflow/example_dags/tutorial.py
[2024-07-03T14:30:13.363+0000] {logging_mixin.py:188} INFO - [2024-07-03T14:30:13.362+0000] {dag.py:3096} INFO - Sync 1 DAGs
[2024-07-03T14:30:13.410+0000] {logging_mixin.py:188} INFO - [2024-07-03T14:30:13.410+0000] {dag.py:3954} INFO - Setting next_dagrun for tutorial to 2024-07-02 00:00:00+00:00, run_after=2024-07-03 00:00:00+00:00
[2024-07-03T14:30:13.444+0000] {processor.py:183} INFO - Processing /home/airflow/.local/lib/python3.12/site-packages/airflow/example_dags/tutorial.py took 0.152 seconds
[2024-07-03T14:30:43.781+0000] {processor.py:161} INFO - Started process (PID=356) to work on /home/airflow/.local/lib/python3.12/site-packages/airflow/example_dags/tutorial.py
[2024-07-03T14:30:43.782+0000] {processor.py:830} INFO - Processing file /home/airflow/.local/lib/python3.12/site-packages/airflow/example_dags/tutorial.py for tasks to queue
[2024-07-03T14:30:43.784+0000] {logging_mixin.py:188} INFO - [2024-07-03T14:30:43.783+0000] {dagbag.py:545} INFO - Filling up the DagBag from /home/airflow/.local/lib/python3.12/site-packages/airflow/example_dags/tutorial.py
[2024-07-03T14:30:43.789+0000] {processor.py:840} INFO - DAG(s) 'tutorial' retrieved from /home/airflow/.local/lib/python3.12/site-packages/airflow/example_dags/tutorial.py
[2024-07-03T14:30:43.808+0000] {logging_mixin.py:188} INFO - [2024-07-03T14:30:43.808+0000] {dag.py:3096} INFO - Sync 1 DAGs
[2024-07-03T14:30:43.829+0000] {logging_mixin.py:188} INFO - [2024-07-03T14:30:43.829+0000] {dag.py:3954} INFO - Setting next_dagrun for tutorial to 2024-07-02 00:00:00+00:00, run_after=2024-07-03 00:00:00+00:00
[2024-07-03T14:30:43.850+0000] {processor.py:183} INFO - Processing /home/airflow/.local/lib/python3.12/site-packages/airflow/example_dags/tutorial.py took 0.075 seconds
[2024-07-03T14:31:13.936+0000] {processor.py:161} INFO - Started process (PID=414) to work on /home/airflow/.local/lib/python3.12/site-packages/airflow/example_dags/tutorial.py
[2024-07-03T14:31:13.937+0000] {processor.py:830} INFO - Processing file /home/airflow/.local/lib/python3.12/site-packages/airflow/example_dags/tutorial.py for tasks to queue
[2024-07-03T14:31:13.939+0000] {logging_mixin.py:188} INFO - [2024-07-03T14:31:13.939+0000] {dagbag.py:545} INFO - Filling up the DagBag from /home/airflow/.local/lib/python3.12/site-packages/airflow/example_dags/tutorial.py
[2024-07-03T14:31:13.945+0000] {processor.py:840} INFO - DAG(s) 'tutorial' retrieved from /home/airflow/.local/lib/python3.12/site-packages/airflow/example_dags/tutorial.py
[2024-07-03T14:31:13.965+0000] {logging_mixin.py:188} INFO - [2024-07-03T14:31:13.965+0000] {dag.py:3096} INFO - Sync 1 DAGs
[2024-07-03T14:31:13.986+0000] {logging_mixin.py:188} INFO - [2024-07-03T14:31:13.986+0000] {dag.py:3954} INFO - Setting next_dagrun for tutorial to 2024-07-02 00:00:00+00:00, run_after=2024-07-03 00:00:00+00:00
[2024-07-03T14:31:14.007+0000] {processor.py:183} INFO - Processing /home/airflow/.local/lib/python3.12/site-packages/airflow/example_dags/tutorial.py took 0.077 seconds
[2024-07-03T14:31:44.545+0000] {processor.py:161} INFO - Started process (PID=473) to work on /home/airflow/.local/lib/python3.12/site-packages/airflow/example_dags/tutorial.py
[2024-07-03T14:31:44.555+0000] {processor.py:830} INFO - Processing file /home/airflow/.local/lib/python3.12/site-packages/airflow/example_dags/tutorial.py for tasks to queue
[2024-07-03T14:31:44.559+0000] {logging_mixin.py:188} INFO - [2024-07-03T14:31:44.557+0000] {dagbag.py:545} INFO - Filling up the DagBag from /home/airflow/.local/lib/python3.12/site-packages/airflow/example_dags/tutorial.py
[2024-07-03T14:31:44.636+0000] {processor.py:840} INFO - DAG(s) 'tutorial' retrieved from /home/airflow/.local/lib/python3.12/site-packages/airflow/example_dags/tutorial.py
[2024-07-03T14:31:44.750+0000] {logging_mixin.py:188} INFO - [2024-07-03T14:31:44.749+0000] {dag.py:3096} INFO - Sync 1 DAGs
[2024-07-03T14:31:44.842+0000] {logging_mixin.py:188} INFO - [2024-07-03T14:31:44.842+0000] {dag.py:3954} INFO - Setting next_dagrun for tutorial to 2024-07-02 00:00:00+00:00, run_after=2024-07-03 00:00:00+00:00
[2024-07-03T14:31:44.917+0000] {processor.py:183} INFO - Processing /home/airflow/.local/lib/python3.12/site-packages/airflow/example_dags/tutorial.py took 0.379 seconds
[2024-07-03T14:32:15.025+0000] {processor.py:161} INFO - Started process (PID=531) to work on /home/airflow/.local/lib/python3.12/site-packages/airflow/example_dags/tutorial.py
[2024-07-03T14:32:15.026+0000] {processor.py:830} INFO - Processing file /home/airflow/.local/lib/python3.12/site-packages/airflow/example_dags/tutorial.py for tasks to queue
[2024-07-03T14:32:15.028+0000] {logging_mixin.py:188} INFO - [2024-07-03T14:32:15.027+0000] {dagbag.py:545} INFO - Filling up the DagBag from /home/airflow/.local/lib/python3.12/site-packages/airflow/example_dags/tutorial.py
[2024-07-03T14:32:15.033+0000] {processor.py:840} INFO - DAG(s) 'tutorial' retrieved from /home/airflow/.local/lib/python3.12/site-packages/airflow/example_dags/tutorial.py
[2024-07-03T14:32:15.049+0000] {logging_mixin.py:188} INFO - [2024-07-03T14:32:15.048+0000] {dag.py:3096} INFO - Sync 1 DAGs
[2024-07-03T14:32:15.069+0000] {logging_mixin.py:188} INFO - [2024-07-03T14:32:15.069+0000] {dag.py:3954} INFO - Setting next_dagrun for tutorial to 2024-07-02 00:00:00+00:00, run_after=2024-07-03 00:00:00+00:00
[2024-07-03T14:32:15.088+0000] {processor.py:183} INFO - Processing /home/airflow/.local/lib/python3.12/site-packages/airflow/example_dags/tutorial.py took 0.068 seconds
[2024-07-03T14:32:46.394+0000] {processor.py:161} INFO - Started process (PID=589) to work on /home/airflow/.local/lib/python3.12/site-packages/airflow/example_dags/tutorial.py
[2024-07-03T14:32:46.404+0000] {processor.py:830} INFO - Processing file /home/airflow/.local/lib/python3.12/site-packages/airflow/example_dags/tutorial.py for tasks to queue
[2024-07-03T14:32:46.418+0000] {logging_mixin.py:188} INFO - [2024-07-03T14:32:46.418+0000] {dagbag.py:545} INFO - Filling up the DagBag from /home/airflow/.local/lib/python3.12/site-packages/airflow/example_dags/tutorial.py
[2024-07-03T14:32:46.459+0000] {processor.py:840} INFO - DAG(s) 'tutorial' retrieved from /home/airflow/.local/lib/python3.12/site-packages/airflow/example_dags/tutorial.py
[2024-07-03T14:32:46.687+0000] {logging_mixin.py:188} INFO - [2024-07-03T14:32:46.683+0000] {dag.py:3096} INFO - Sync 1 DAGs
[2024-07-03T14:32:47.126+0000] {logging_mixin.py:188} INFO - [2024-07-03T14:32:47.126+0000] {dag.py:3954} INFO - Setting next_dagrun for tutorial to 2024-07-02 00:00:00+00:00, run_after=2024-07-03 00:00:00+00:00
[2024-07-03T14:32:47.342+0000] {processor.py:183} INFO - Processing /home/airflow/.local/lib/python3.12/site-packages/airflow/example_dags/tutorial.py took 0.973 seconds
[2024-07-03T14:33:17.806+0000] {processor.py:161} INFO - Started process (PID=647) to work on /home/airflow/.local/lib/python3.12/site-packages/airflow/example_dags/tutorial.py
[2024-07-03T14:33:17.814+0000] {processor.py:830} INFO - Processing file /home/airflow/.local/lib/python3.12/site-packages/airflow/example_dags/tutorial.py for tasks to queue
[2024-07-03T14:33:17.815+0000] {logging_mixin.py:188} INFO - [2024-07-03T14:33:17.814+0000] {dagbag.py:545} INFO - Filling up the DagBag from /home/airflow/.local/lib/python3.12/site-packages/airflow/example_dags/tutorial.py
[2024-07-03T14:33:17.828+0000] {processor.py:840} INFO - DAG(s) 'tutorial' retrieved from /home/airflow/.local/lib/python3.12/site-packages/airflow/example_dags/tutorial.py
[2024-07-03T14:33:17.866+0000] {logging_mixin.py:188} INFO - [2024-07-03T14:33:17.865+0000] {dag.py:3096} INFO - Sync 1 DAGs
[2024-07-03T14:33:17.939+0000] {logging_mixin.py:188} INFO - [2024-07-03T14:33:17.939+0000] {dag.py:3954} INFO - Setting next_dagrun for tutorial to 2024-07-02 00:00:00+00:00, run_after=2024-07-03 00:00:00+00:00
[2024-07-03T14:33:17.974+0000] {processor.py:183} INFO - Processing /home/airflow/.local/lib/python3.12/site-packages/airflow/example_dags/tutorial.py took 0.197 seconds
[2024-07-03T14:34:10.981+0000] {processor.py:161} INFO - Started process (PID=712) to work on /home/airflow/.local/lib/python3.12/site-packages/airflow/example_dags/tutorial.py
[2024-07-03T14:34:10.983+0000] {processor.py:830} INFO - Processing file /home/airflow/.local/lib/python3.12/site-packages/airflow/example_dags/tutorial.py for tasks to queue
[2024-07-03T14:34:10.984+0000] {logging_mixin.py:188} INFO - [2024-07-03T14:34:10.983+0000] {dagbag.py:545} INFO - Filling up the DagBag from /home/airflow/.local/lib/python3.12/site-packages/airflow/example_dags/tutorial.py
[2024-07-03T14:34:10.991+0000] {processor.py:840} INFO - DAG(s) 'tutorial' retrieved from /home/airflow/.local/lib/python3.12/site-packages/airflow/example_dags/tutorial.py
[2024-07-03T14:34:11.011+0000] {logging_mixin.py:188} INFO - [2024-07-03T14:34:11.011+0000] {dag.py:3096} INFO - Sync 1 DAGs
[2024-07-03T14:34:11.035+0000] {logging_mixin.py:188} INFO - [2024-07-03T14:34:11.035+0000] {dag.py:3954} INFO - Setting next_dagrun for tutorial to 2024-07-02 00:00:00+00:00, run_after=2024-07-03 00:00:00+00:00
[2024-07-03T14:34:11.055+0000] {processor.py:183} INFO - Processing /home/airflow/.local/lib/python3.12/site-packages/airflow/example_dags/tutorial.py took 0.079 seconds
[2024-07-03T14:34:41.474+0000] {processor.py:161} INFO - Started process (PID=770) to work on /home/airflow/.local/lib/python3.12/site-packages/airflow/example_dags/tutorial.py
[2024-07-03T14:34:41.488+0000] {processor.py:830} INFO - Processing file /home/airflow/.local/lib/python3.12/site-packages/airflow/example_dags/tutorial.py for tasks to queue
[2024-07-03T14:34:41.489+0000] {logging_mixin.py:188} INFO - [2024-07-03T14:34:41.489+0000] {dagbag.py:545} INFO - Filling up the DagBag from /home/airflow/.local/lib/python3.12/site-packages/airflow/example_dags/tutorial.py
[2024-07-03T14:34:41.497+0000] {processor.py:840} INFO - DAG(s) 'tutorial' retrieved from /home/airflow/.local/lib/python3.12/site-packages/airflow/example_dags/tutorial.py
[2024-07-03T14:34:41.550+0000] {logging_mixin.py:188} INFO - [2024-07-03T14:34:41.550+0000] {dag.py:3096} INFO - Sync 1 DAGs
[2024-07-03T14:34:41.619+0000] {logging_mixin.py:188} INFO - [2024-07-03T14:34:41.619+0000] {dag.py:3954} INFO - Setting next_dagrun for tutorial to 2024-07-02 00:00:00+00:00, run_after=2024-07-03 00:00:00+00:00
[2024-07-03T14:34:41.655+0000] {processor.py:183} INFO - Processing /home/airflow/.local/lib/python3.12/site-packages/airflow/example_dags/tutorial.py took 0.191 seconds
[2024-07-03T14:35:12.214+0000] {processor.py:161} INFO - Started process (PID=828) to work on /home/airflow/.local/lib/python3.12/site-packages/airflow/example_dags/tutorial.py
[2024-07-03T14:35:12.219+0000] {processor.py:830} INFO - Processing file /home/airflow/.local/lib/python3.12/site-packages/airflow/example_dags/tutorial.py for tasks to queue
[2024-07-03T14:35:12.220+0000] {logging_mixin.py:188} INFO - [2024-07-03T14:35:12.220+0000] {dagbag.py:545} INFO - Filling up the DagBag from /home/airflow/.local/lib/python3.12/site-packages/airflow/example_dags/tutorial.py
[2024-07-03T14:35:12.227+0000] {processor.py:840} INFO - DAG(s) 'tutorial' retrieved from /home/airflow/.local/lib/python3.12/site-packages/airflow/example_dags/tutorial.py
[2024-07-03T14:35:12.298+0000] {logging_mixin.py:188} INFO - [2024-07-03T14:35:12.298+0000] {dag.py:3096} INFO - Sync 1 DAGs
[2024-07-03T14:35:12.356+0000] {logging_mixin.py:188} INFO - [2024-07-03T14:35:12.356+0000] {dag.py:3954} INFO - Setting next_dagrun for tutorial to 2024-07-02 00:00:00+00:00, run_after=2024-07-03 00:00:00+00:00
[2024-07-03T14:35:12.544+0000] {processor.py:183} INFO - Processing /home/airflow/.local/lib/python3.12/site-packages/airflow/example_dags/tutorial.py took 0.336 seconds
